2024-10-30 14:26:30,267 - Unable to initialize backend 'rocm': module 'jaxlib.xla_extension' has no attribute 'GpuAllocatorConfig'
2024-10-30 14:26:30,269 - Unable to initialize backend 'tpu': INTERNAL: Failed to open libtpu.so: libtpu.so: cannot open shared object file: No such file or directory
2024-10-30 14:26:30,287 - gpu
2024-10-30 14:30:36,912 - 1000: loss 1.296 time 242.81
2024-10-30 14:34:28,621 - 2000: loss 1.294 time 231.71
2024-10-30 14:38:20,776 - 3000: loss 1.288 time 232.16
2024-10-30 14:42:13,149 - 4000: loss 1.291 time 232.37
2024-10-30 14:46:04,580 - 5000: loss 1.289 time 231.43
2024-10-30 14:49:56,926 - 6000: loss 1.284 time 232.35
2024-10-30 14:53:49,121 - 7000: loss 1.289 time 232.19
2024-10-30 14:57:40,967 - 8000: loss 1.284 time 231.85
2024-10-30 15:01:32,840 - 9000: loss 1.287 time 231.87
2024-10-30 15:05:25,491 - 10000: loss 1.288 time 232.65
2024-10-30 15:09:17,420 - 11000: loss 1.286 time 231.93
2024-10-30 15:13:10,000 - 12000: loss 1.284 time 232.58
2024-10-30 15:17:02,910 - 13000: loss 1.286 time 232.91
2024-10-30 15:20:55,659 - 14000: loss 1.287 time 232.75
2024-10-30 15:24:48,559 - 15000: loss 1.288 time 232.90
2024-10-30 15:28:41,352 - 16000: loss 1.284 time 232.79
2024-10-30 15:32:34,000 - 17000: loss 1.287 time 232.65
2024-10-30 15:36:27,458 - 18000: loss 1.286 time 233.46
2024-10-30 15:40:20,452 - 19000: loss 1.290 time 232.99
2024-10-30 15:44:13,128 - 20000: loss 1.285 time 232.68
2024-10-30 15:48:06,232 - 21000: loss 1.286 time 233.10
2024-10-30 15:51:58,647 - 22000: loss 1.286 time 232.42
2024-10-30 15:55:52,046 - 23000: loss 1.283 time 233.40
2024-10-30 15:59:45,240 - 24000: loss 1.285 time 233.19
2024-10-30 16:03:38,096 - 25000: loss 1.284 time 232.86
2024-10-30 16:07:31,772 - 26000: loss 1.287 time 233.68
2024-10-30 16:11:25,096 - 27000: loss 1.286 time 233.32
2024-10-30 16:15:18,923 - 28000: loss 1.286 time 233.83
2024-10-30 16:19:12,731 - 29000: loss 1.285 time 233.81
2024-10-30 16:23:06,676 - 30000: loss 1.284 time 233.94
2024-10-30 16:27:00,791 - 31000: loss 1.285 time 234.12
2024-10-30 16:30:55,418 - 32000: loss 1.285 time 234.63
2024-10-30 16:34:49,971 - 33000: loss 1.283 time 234.55
2024-10-30 16:38:44,795 - 34000: loss 1.284 time 234.82
2024-10-30 16:42:39,036 - 35000: loss 1.285 time 234.24
2024-10-30 16:46:33,493 - 36000: loss 1.285 time 234.46
2024-10-30 16:50:27,933 - 37000: loss 1.286 time 234.44
2024-10-30 16:54:21,770 - 38000: loss 1.285 time 233.84
2024-10-30 16:58:16,442 - 39000: loss 1.286 time 234.67
2024-10-30 17:02:10,785 - 40000: loss 1.284 time 234.34
2024-10-30 17:06:05,270 - 41000: loss 1.285 time 234.49
2024-10-30 17:09:59,125 - 42000: loss 1.285 time 233.85
2024-10-30 17:13:54,138 - 43000: loss 1.285 time 235.01
2024-10-30 17:17:49,194 - 44000: loss 1.284 time 235.06
2024-10-30 17:21:43,207 - 45000: loss 1.286 time 234.01
2024-10-30 17:25:38,591 - 46000: loss 1.284 time 235.38
2024-10-30 17:29:32,736 - 47000: loss 1.284 time 234.14
2024-10-30 17:33:27,839 - 48000: loss 1.284 time 235.10
2024-10-30 17:37:22,550 - 49000: loss 1.283 time 234.71
2024-10-30 17:41:18,040 - 50000: loss 1.281 time 235.49
2024-10-30 17:45:13,197 - 51000: loss 1.281 time 235.16
2024-10-30 17:49:08,948 - 52000: loss 1.286 time 235.75
2024-10-30 17:53:04,565 - 53000: loss 1.283 time 235.62
2024-10-30 17:57:00,201 - 54000: loss 1.284 time 235.64
2024-10-30 18:00:56,266 - 55000: loss 1.287 time 236.07
2024-10-30 18:04:52,062 - 56000: loss 1.284 time 235.80
2024-10-30 18:08:47,940 - 57000: loss 1.286 time 235.88
2024-10-30 18:12:43,678 - 58000: loss 1.283 time 235.74
2024-10-30 18:16:39,723 - 59000: loss 1.284 time 236.05
2024-10-30 18:20:35,945 - 60000: loss 1.284 time 236.22
2024-10-30 18:24:32,858 - 61000: loss 1.283 time 236.91
2024-10-30 18:28:29,695 - 62000: loss 1.283 time 236.84
2024-10-30 18:32:26,348 - 63000: loss 1.284 time 236.65
2024-10-30 18:36:22,305 - 64000: loss 1.286 time 235.96
2024-10-30 18:40:18,662 - 65000: loss 1.284 time 236.36
2024-10-30 18:44:14,722 - 66000: loss 1.280 time 236.06
2024-10-30 18:48:11,232 - 67000: loss 1.281 time 236.51
2024-10-30 18:52:08,664 - 68000: loss 1.284 time 237.43
2024-10-30 18:56:05,505 - 69000: loss 1.286 time 236.84
2024-10-30 19:00:02,510 - 70000: loss 1.286 time 237.01
2024-10-30 19:03:59,369 - 71000: loss 1.283 time 236.86
2024-10-30 19:07:56,403 - 72000: loss 1.282 time 237.03
2024-10-30 19:11:53,282 - 73000: loss 1.283 time 236.88
2024-10-30 19:15:50,732 - 74000: loss 1.285 time 237.45
2024-10-30 19:19:47,743 - 75000: loss 1.287 time 237.01
2024-10-30 19:23:45,284 - 76000: loss 1.284 time 237.54
2024-10-30 19:27:42,256 - 77000: loss 1.280 time 236.97
2024-10-30 19:31:39,249 - 78000: loss 1.285 time 236.99
2024-10-30 19:35:37,443 - 79000: loss 1.285 time 238.19
2024-10-30 19:39:35,574 - 80000: loss 1.281 time 238.13
2024-10-30 19:43:32,929 - 81000: loss 1.284 time 237.36
2024-10-30 19:47:31,064 - 82000: loss 1.282 time 238.14
2024-10-30 19:51:29,375 - 83000: loss 1.287 time 238.31
2024-10-30 19:55:27,826 - 84000: loss 1.284 time 238.45
2024-10-30 19:59:26,311 - 85000: loss 1.283 time 238.48
2024-10-30 20:03:25,001 - 86000: loss 1.283 time 238.69
2024-10-30 20:07:23,439 - 87000: loss 1.282 time 238.44
2024-10-30 20:11:22,712 - 88000: loss 1.287 time 239.27
2024-10-30 20:15:20,896 - 89000: loss 1.289 time 238.18
2024-10-30 20:19:20,014 - 90000: loss 1.285 time 239.12
2024-10-30 20:23:18,445 - 91000: loss 1.283 time 238.43
2024-10-30 20:27:17,569 - 92000: loss 1.282 time 239.12
2024-10-30 20:31:16,903 - 93000: loss 1.282 time 239.33
2024-10-30 20:35:16,163 - 94000: loss 1.285 time 239.26
2024-10-30 20:39:15,568 - 95000: loss 1.283 time 239.41
2024-10-30 20:43:14,880 - 96000: loss 1.281 time 239.31
2024-10-30 20:47:14,171 - 97000: loss 1.287 time 239.29
2024-10-30 20:51:13,724 - 98000: loss 1.285 time 239.55
2024-10-30 20:55:12,786 - 99000: loss 1.286 time 239.06
2024-10-30 20:59:12,394 - 100000: loss 1.284 time 239.61
2024-10-30 21:03:11,670 - 101000: loss 1.287 time 239.28
2024-10-30 21:07:11,615 - 102000: loss 1.283 time 239.94
2024-10-30 21:11:11,948 - 103000: loss 1.284 time 240.33
2024-10-30 21:15:11,711 - 104000: loss 1.285 time 239.76
2024-10-30 21:19:12,239 - 105000: loss 1.283 time 240.53
2024-10-30 21:23:11,769 - 106000: loss 1.283 time 239.53
2024-10-30 21:27:11,826 - 107000: loss 1.281 time 240.06
2024-10-30 21:31:12,701 - 108000: loss 1.282 time 240.88
2024-10-30 21:35:12,548 - 109000: loss 1.283 time 239.85
2024-10-30 21:39:13,411 - 110000: loss 1.283 time 240.86
2024-10-30 21:43:13,647 - 111000: loss 1.284 time 240.24
2024-10-30 21:47:14,110 - 112000: loss 1.285 time 240.46
2024-10-30 21:51:15,024 - 113000: loss 1.283 time 240.91
2024-10-30 21:55:16,160 - 114000: loss 1.284 time 241.14
2024-10-30 21:59:17,819 - 115000: loss 1.287 time 241.66
2024-10-30 22:03:19,112 - 116000: loss 1.284 time 241.29
2024-10-30 22:07:20,339 - 117000: loss 1.284 time 241.23
2024-10-30 22:11:22,211 - 118000: loss 1.282 time 241.87
2024-10-30 22:15:23,256 - 119000: loss 1.283 time 241.05
2024-10-30 22:19:24,440 - 120000: loss 1.282 time 241.18
2024-10-30 22:23:25,886 - 121000: loss 1.283 time 241.45
2024-10-30 22:27:27,434 - 122000: loss 1.284 time 241.55
2024-10-30 22:31:29,011 - 123000: loss 1.284 time 241.58
2024-10-30 22:35:30,963 - 124000: loss 1.284 time 241.95
2024-10-30 22:39:32,968 - 125000: loss 1.286 time 242.00
2024-10-30 22:43:35,483 - 126000: loss 1.284 time 242.51
2024-10-30 22:47:37,269 - 127000: loss 1.280 time 241.79
2024-10-30 22:51:39,789 - 128000: loss 1.285 time 242.52
2024-10-30 22:55:42,561 - 129000: loss 1.284 time 242.77
2024-10-30 22:59:45,161 - 130000: loss 1.283 time 242.60
2024-10-30 23:03:47,538 - 131000: loss 1.283 time 242.38
2024-10-30 23:07:49,873 - 132000: loss 1.284 time 242.33
2024-10-30 23:11:52,839 - 133000: loss 1.282 time 242.97
2024-10-30 23:15:56,044 - 134000: loss 1.283 time 243.20
2024-10-30 23:19:59,264 - 135000: loss 1.285 time 243.22
2024-10-30 23:24:02,442 - 136000: loss 1.283 time 243.18
2024-10-30 23:28:05,054 - 137000: loss 1.283 time 242.61
2024-10-30 23:32:07,674 - 138000: loss 1.281 time 242.62
2024-10-30 23:36:11,412 - 139000: loss 1.283 time 243.74
2024-10-30 23:40:14,410 - 140000: loss 1.284 time 243.00
2024-10-30 23:44:17,891 - 141000: loss 1.282 time 243.48
2024-10-30 23:48:21,812 - 142000: loss 1.279 time 243.92
2024-10-30 23:52:25,362 - 143000: loss 1.282 time 243.55
2024-10-30 23:56:29,231 - 144000: loss 1.285 time 243.87
2024-10-31 00:00:33,478 - 145000: loss 1.285 time 244.25
2024-10-31 00:04:37,164 - 146000: loss 1.284 time 243.69
2024-10-31 00:08:41,017 - 147000: loss 1.284 time 243.85
2024-10-31 00:12:45,178 - 148000: loss 1.284 time 244.16
2024-10-31 00:16:49,350 - 149000: loss 1.283 time 244.17
2024-10-31 00:20:52,630 - 150000: loss 1.283 time 243.28
2024-10-31 00:24:56,796 - 151000: loss 1.282 time 244.17
2024-10-31 00:29:00,744 - 152000: loss 1.286 time 243.95
2024-10-31 00:33:06,193 - 153000: loss 1.285 time 245.45
2024-10-31 00:37:11,353 - 154000: loss 1.281 time 245.16
2024-10-31 00:41:16,045 - 155000: loss 1.281 time 244.69
2024-10-31 00:45:20,872 - 156000: loss 1.283 time 244.83
2024-10-31 00:49:25,782 - 157000: loss 1.285 time 244.91
2024-10-31 00:53:30,220 - 158000: loss 1.281 time 244.44
2024-10-31 00:57:35,733 - 159000: loss 1.284 time 245.51
2024-10-31 01:01:40,693 - 160000: loss 1.287 time 244.96
2024-10-31 01:05:45,862 - 161000: loss 1.283 time 245.17
2024-10-31 01:09:50,113 - 162000: loss 1.285 time 244.25
2024-10-31 01:13:55,820 - 163000: loss 1.282 time 245.71
2024-10-31 01:18:01,296 - 164000: loss 1.281 time 245.48
2024-10-31 01:22:06,236 - 165000: loss 1.280 time 244.94
2024-10-31 01:26:11,817 - 166000: loss 1.285 time 245.58
2024-10-31 01:30:18,342 - 167000: loss 1.284 time 246.53
2024-10-31 01:34:24,452 - 168000: loss 1.282 time 246.11
2024-10-31 01:38:30,722 - 169000: loss 1.282 time 246.27
2024-10-31 01:42:37,268 - 170000: loss 1.286 time 246.55
2024-10-31 01:46:42,716 - 171000: loss 1.284 time 245.45
2024-10-31 01:50:48,877 - 172000: loss 1.281 time 246.16
2024-10-31 01:54:56,190 - 173000: loss 1.282 time 247.31
2024-10-31 01:59:02,411 - 174000: loss 1.283 time 246.22
2024-10-31 02:03:09,009 - 175000: loss 1.276 time 246.60
2024-10-31 02:07:15,694 - 176000: loss 1.281 time 246.68
2024-10-31 02:11:21,307 - 177000: loss 1.284 time 245.61
2024-10-31 02:15:28,239 - 178000: loss 1.281 time 246.93
2024-10-31 02:19:34,678 - 179000: loss 1.279 time 246.44
2024-10-31 02:23:41,130 - 180000: loss 1.281 time 246.45
2024-10-31 02:27:48,496 - 181000: loss 1.280 time 247.37
2024-10-31 02:31:55,714 - 182000: loss 1.283 time 247.22
2024-10-31 02:36:02,530 - 183000: loss 1.284 time 246.82
2024-10-31 02:40:08,457 - 184000: loss 1.282 time 245.93
2024-10-31 02:44:15,996 - 185000: loss 1.284 time 247.54
2024-10-31 02:48:23,317 - 186000: loss 1.281 time 247.32
2024-10-31 02:52:30,620 - 187000: loss 1.284 time 247.30
2024-10-31 02:56:38,422 - 188000: loss 1.284 time 247.80
2024-10-31 03:00:46,296 - 189000: loss 1.281 time 247.87
2024-10-31 03:04:53,832 - 190000: loss 1.281 time 247.54
2024-10-31 03:09:00,597 - 191000: loss 1.281 time 246.77
2024-10-31 03:13:08,472 - 192000: loss 1.280 time 247.87
2024-10-31 03:17:17,345 - 193000: loss 1.284 time 248.87
2024-10-31 03:21:25,427 - 194000: loss 1.284 time 248.08
2024-10-31 03:25:33,741 - 195000: loss 1.286 time 248.31
2024-10-31 03:29:41,994 - 196000: loss 1.281 time 248.25
2024-10-31 03:33:50,266 - 197000: loss 1.281 time 248.27
2024-10-31 03:37:58,767 - 198000: loss 1.278 time 248.50
2024-10-31 03:42:06,712 - 199000: loss 1.282 time 247.94
2024-10-31 03:46:14,092 - 200000: loss 1.282 time 247.38
2024-10-31 03:46:18,192 - m = [-1.7911071758268415, 0.7498094853229986, -0.40564710867382675, 1.826955047497064, 0.294440018873756, -1.102080843038192, -0.8995345699528797, 0.19166914569000812, 1.3507666738519737, -0.8648204890581048, -0.5169735363578013, -0.18817825580372835, -0.017441454603433798, 0.0541314426057917, 0.7332672982678569, 1.4157831853976617]
2024-10-31 03:53:38,146 - 0.01314607821404934, 0.009301100857555866
2024-10-31 03:53:38,300 - Note: NumExpr detected 40 cores but "NUMEXPR_MAX_THREADS" not set, so enforcing safe limit of 8.
2024-10-31 03:53:38,300 - NumExpr defaulting to 8 threads.
2024-11-01 15:30:38,414 - Unable to initialize backend 'rocm': module 'jaxlib.xla_extension' has no attribute 'GpuAllocatorConfig'
2024-11-01 15:30:38,415 - Unable to initialize backend 'tpu': INTERNAL: Failed to open libtpu.so: libtpu.so: cannot open shared object file: No such file or directory
2024-11-01 15:30:38,434 - gpu
2024-11-01 15:30:49,479 - Note: NumExpr detected 40 cores but "NUMEXPR_MAX_THREADS" not set, so enforcing safe limit of 8.
2024-11-01 15:30:49,479 - NumExpr defaulting to 8 threads.
2024-11-01 15:34:51,569 - 1000: loss 1.311 time 249.43
2024-11-01 15:38:49,614 - 2000: loss 1.313 time 238.04
2024-11-01 15:42:48,646 - 3000: loss 1.308 time 239.03
2024-11-01 15:46:47,434 - 4000: loss 1.310 time 238.79
2024-11-01 15:50:46,676 - 5000: loss 1.309 time 239.24
2024-11-01 15:54:46,491 - 6000: loss 2.011 time 239.81
2024-11-01 15:58:45,542 - 7000: loss 2.012 time 239.05
2024-11-01 16:02:44,857 - 8000: loss 2.008 time 239.31
2024-11-01 16:06:43,847 - 9000: loss 2.009 time 238.99
2024-11-01 16:10:42,238 - 10000: loss 2.009 time 238.39
2024-11-01 16:14:42,410 - 11000: loss 2.013 time 240.17
2024-11-01 16:18:42,459 - 12000: loss 2.008 time 240.05
2024-11-01 16:22:42,309 - 13000: loss 2.008 time 239.85
2024-11-01 16:26:42,518 - 14000: loss 2.007 time 240.21
2024-11-01 16:30:42,049 - 15000: loss 2.008 time 239.53
2024-11-01 16:34:41,644 - 16000: loss 2.008 time 239.60
2024-11-01 16:38:41,497 - 17000: loss 2.012 time 239.85
2024-11-01 16:42:40,648 - 18000: loss 2.008 time 239.15
2024-11-01 16:46:40,767 - 19000: loss 2.013 time 240.12
2024-11-01 16:50:41,306 - 20000: loss 2.009 time 240.54
2024-11-01 16:54:42,001 - 21000: loss 2.013 time 240.70
2024-11-01 16:58:42,505 - 22000: loss 2.011 time 240.50
2024-11-01 17:02:42,707 - 23000: loss 2.011 time 240.20
2024-11-01 17:06:43,119 - 24000: loss 2.009 time 240.41
2024-11-01 17:10:43,744 - 25000: loss 2.009 time 240.63
2024-11-01 17:14:44,209 - 26000: loss 2.011 time 240.46
2024-11-01 17:18:45,043 - 27000: loss 2.011 time 240.83
2024-11-01 17:22:45,614 - 28000: loss 2.008 time 240.57
2024-11-01 17:26:46,577 - 29000: loss 2.004 time 240.96
2024-11-01 17:30:47,055 - 30000: loss 2.007 time 240.48
2024-11-01 17:34:48,685 - 31000: loss 2.012 time 241.63
2024-11-01 17:38:50,597 - 32000: loss 2.012 time 241.91
2024-11-01 17:42:52,435 - 33000: loss 2.011 time 241.84
2024-11-01 17:46:54,177 - 34000: loss 2.012 time 241.74
2024-11-01 17:50:55,951 - 35000: loss 2.013 time 241.77
2024-11-01 17:54:57,347 - 36000: loss 2.011 time 241.40
2024-11-01 17:58:58,683 - 37000: loss 2.012 time 241.34
2024-11-01 18:04:59,205 - Unable to initialize backend 'rocm': module 'jaxlib.xla_extension' has no attribute 'GpuAllocatorConfig'
2024-11-01 18:04:59,207 - Unable to initialize backend 'tpu': INTERNAL: Failed to open libtpu.so: libtpu.so: cannot open shared object file: No such file or directory
2024-11-01 18:04:59,226 - gpu
2024-11-01 18:05:10,421 - Note: NumExpr detected 40 cores but "NUMEXPR_MAX_THREADS" not set, so enforcing safe limit of 8.
2024-11-01 18:05:10,421 - NumExpr defaulting to 8 threads.
2024-11-01 18:09:08,920 - Unable to initialize backend 'rocm': module 'jaxlib.xla_extension' has no attribute 'GpuAllocatorConfig'
2024-11-01 18:09:08,921 - Unable to initialize backend 'tpu': INTERNAL: Failed to open libtpu.so: libtpu.so: cannot open shared object file: No such file or directory
2024-11-01 18:09:08,942 - gpu
2024-11-01 18:13:22,570 - 1000: loss 1.300 time 249.84
2024-11-01 18:17:20,656 - 2000: loss 1.296 time 238.09
2024-11-01 18:21:19,077 - 3000: loss 1.290 time 238.42
2024-11-01 18:25:18,082 - 4000: loss 1.292 time 239.01
2024-11-01 18:29:17,270 - 5000: loss 1.290 time 239.19
2024-11-01 18:33:16,859 - 6000: loss 1.284 time 239.59
2024-11-01 18:37:16,377 - 7000: loss 1.288 time 239.52
2024-11-01 18:41:15,673 - 8000: loss 1.284 time 239.30
2024-11-01 18:45:14,724 - 9000: loss 1.286 time 239.05
2024-11-01 18:49:13,532 - 10000: loss 1.288 time 238.81
2024-11-01 18:53:13,434 - 11000: loss 1.285 time 239.90
2024-11-01 18:57:12,668 - 12000: loss 1.283 time 239.23
2024-11-01 19:01:12,716 - 13000: loss 1.285 time 240.05
2024-11-01 19:05:12,699 - 14000: loss 1.286 time 239.98
2024-11-01 19:09:11,977 - 15000: loss 1.288 time 239.28
2024-11-01 19:13:11,719 - 16000: loss 1.283 time 239.74
2024-11-01 19:17:10,707 - 17000: loss 1.287 time 238.99
2024-11-01 19:21:10,912 - 18000: loss 1.285 time 240.20
2024-11-01 19:25:11,471 - 19000: loss 1.289 time 240.56
2024-11-01 19:29:11,954 - 20000: loss 1.284 time 240.48
2024-11-01 19:33:11,734 - 21000: loss 1.284 time 239.78
2024-11-01 19:37:10,970 - 22000: loss 1.284 time 239.24
2024-11-01 19:41:10,743 - 23000: loss 1.281 time 239.77
2024-11-01 19:45:11,238 - 24000: loss 1.284 time 240.50
2024-11-01 19:49:10,727 - 25000: loss 1.283 time 239.49
2024-11-01 19:53:10,441 - 26000: loss 1.285 time 239.71
2024-11-01 19:57:10,091 - 27000: loss 1.284 time 239.65
2024-11-01 20:01:10,413 - 28000: loss 1.284 time 240.32
2024-11-01 20:05:10,958 - 29000: loss 1.284 time 240.54
2024-11-01 20:09:11,434 - 30000: loss 1.283 time 240.48
2024-11-01 20:13:12,596 - 31000: loss 1.283 time 241.16
2024-11-01 20:17:13,122 - 32000: loss 1.284 time 240.53
2024-11-01 20:21:13,323 - 33000: loss 1.282 time 240.20
2024-11-01 20:25:14,255 - 34000: loss 1.283 time 240.93
2024-11-01 20:29:15,259 - 35000: loss 1.284 time 241.00
2024-11-01 20:33:16,337 - 36000: loss 1.282 time 241.08
2024-11-01 20:37:16,981 - 37000: loss 1.284 time 240.64
2024-11-01 20:41:18,505 - 38000: loss 1.283 time 241.52
2024-11-01 20:45:19,843 - 39000: loss 1.284 time 241.34
2024-11-01 20:49:20,619 - 40000: loss 1.282 time 240.78
2024-11-01 20:53:21,930 - 41000: loss 1.283 time 241.31
2024-11-01 20:57:23,628 - 42000: loss 1.284 time 241.70
2024-11-01 21:01:25,277 - 43000: loss 1.283 time 241.65
2024-11-01 21:05:26,090 - 44000: loss 1.282 time 240.81
2024-11-01 21:09:28,446 - 45000: loss 1.284 time 242.36
2024-11-01 21:13:30,491 - 46000: loss 1.283 time 242.05
2024-11-01 21:17:33,099 - 47000: loss 1.282 time 242.61
2024-11-01 21:21:35,428 - 48000: loss 1.283 time 242.33
2024-11-01 21:25:37,752 - 49000: loss 1.281 time 242.32
2024-11-01 21:29:40,354 - 50000: loss 1.280 time 242.60
2024-11-01 21:33:43,794 - 51000: loss 1.280 time 243.44
2024-11-01 21:37:46,309 - 52000: loss 1.284 time 242.52
2024-11-01 21:41:48,243 - 53000: loss 1.280 time 241.93
2024-11-01 21:45:50,237 - 54000: loss 1.281 time 241.99
2024-11-01 21:49:52,795 - 55000: loss 1.286 time 242.56
2024-11-01 21:53:55,296 - 56000: loss 1.282 time 242.50
2024-11-01 21:57:58,032 - 57000: loss 1.284 time 242.74
2024-11-01 22:02:01,088 - 58000: loss 1.281 time 243.06
2024-11-01 22:06:04,400 - 59000: loss 1.282 time 243.31
2024-11-01 22:10:06,362 - 60000: loss 1.283 time 241.96
2024-11-01 22:14:09,152 - 61000: loss 1.281 time 242.79
2024-11-01 22:18:12,185 - 62000: loss 1.281 time 243.03
2024-11-01 22:22:15,181 - 63000: loss 1.282 time 243.00
2024-11-01 22:26:18,463 - 64000: loss 1.284 time 243.28
2024-11-01 22:30:21,805 - 65000: loss 1.282 time 243.34
2024-11-01 22:34:25,700 - 66000: loss 1.278 time 243.89
2024-11-01 22:38:29,181 - 67000: loss 1.280 time 243.48
2024-11-01 22:42:32,968 - 68000: loss 1.281 time 243.79
2024-11-01 22:46:36,938 - 69000: loss 1.284 time 243.97
2024-11-01 22:50:40,378 - 70000: loss 1.283 time 243.44
2024-11-01 22:54:43,284 - 71000: loss 1.281 time 242.91
2024-11-01 22:58:46,913 - 72000: loss 1.280 time 243.63
2024-11-01 23:02:51,120 - 73000: loss 1.281 time 244.21
2024-11-01 23:06:55,283 - 74000: loss 1.283 time 244.16
2024-11-01 23:10:59,273 - 75000: loss 1.285 time 243.99
2024-11-01 23:15:03,587 - 76000: loss 1.282 time 244.31
2024-11-01 23:19:08,115 - 77000: loss 1.278 time 244.53
2024-11-01 23:23:12,497 - 78000: loss 1.283 time 244.38
2024-11-01 23:27:16,534 - 79000: loss 1.282 time 244.04
2024-11-01 23:31:21,054 - 80000: loss 1.280 time 244.52
2024-11-01 23:35:25,862 - 81000: loss 1.282 time 244.81
2024-11-01 23:39:30,968 - 82000: loss 1.280 time 245.11
2024-11-01 23:43:36,076 - 83000: loss 1.285 time 245.11
2024-11-01 23:47:41,888 - 84000: loss 1.282 time 245.81
2024-11-01 23:51:46,759 - 85000: loss 1.281 time 244.87
2024-11-01 23:55:52,218 - 86000: loss 1.282 time 245.46
2024-11-01 23:59:57,887 - 87000: loss 1.280 time 245.67
2024-11-02 00:04:03,573 - 88000: loss 1.286 time 245.69
2024-11-02 00:08:08,409 - 89000: loss 1.286 time 244.84
2024-11-02 00:12:13,699 - 90000: loss 1.283 time 245.29
2024-11-02 00:16:19,536 - 91000: loss 1.280 time 245.84
2024-11-02 00:20:25,466 - 92000: loss 1.280 time 245.93
2024-11-02 00:24:31,369 - 93000: loss 1.279 time 245.90
2024-11-02 00:28:36,760 - 94000: loss 1.283 time 245.39
2024-11-02 00:32:43,092 - 95000: loss 1.281 time 246.33
2024-11-02 00:36:49,524 - 96000: loss 1.279 time 246.43
2024-11-02 00:40:55,718 - 97000: loss 1.284 time 246.19
2024-11-02 00:45:01,673 - 98000: loss 1.283 time 245.95
2024-11-02 00:49:07,505 - 99000: loss 1.284 time 245.83
2024-11-02 00:53:12,964 - 100000: loss 1.281 time 245.46
2024-11-02 00:57:19,501 - 101000: loss 1.285 time 246.54
2024-11-02 01:01:26,091 - 102000: loss 1.281 time 246.59
2024-11-02 01:05:32,693 - 103000: loss 1.281 time 246.60
2024-11-02 01:09:32,404 - 104000: loss 1.282 time 239.71
2024-11-02 01:13:39,919 - 105000: loss 1.281 time 247.52
2024-11-02 01:17:46,517 - 106000: loss 1.281 time 246.60
2024-11-02 01:21:53,833 - 107000: loss 1.279 time 247.32
2024-11-02 01:26:01,447 - 108000: loss 1.279 time 247.61
2024-11-02 01:30:08,953 - 109000: loss 1.281 time 247.51
2024-11-02 01:34:16,367 - 110000: loss 1.281 time 247.41
2024-11-02 01:38:24,121 - 111000: loss 1.282 time 247.75
2024-11-02 01:42:31,968 - 112000: loss 1.282 time 247.85
2024-11-02 01:46:40,133 - 113000: loss 1.281 time 248.16
2024-11-02 01:50:47,700 - 114000: loss 1.282 time 247.57
2024-11-02 01:54:55,608 - 115000: loss 1.286 time 247.91
2024-11-02 01:59:03,528 - 116000: loss 1.283 time 247.92
2024-11-02 02:03:11,024 - 117000: loss 1.282 time 247.50
2024-11-02 02:07:18,816 - 118000: loss 1.279 time 247.79
2024-11-02 02:11:26,861 - 119000: loss 1.281 time 248.04
2024-11-02 02:15:35,384 - 120000: loss 1.280 time 248.52
2024-11-02 02:19:44,015 - 121000: loss 1.281 time 248.63
2024-11-02 02:23:52,107 - 122000: loss 1.282 time 248.09
2024-11-02 02:28:00,814 - 123000: loss 1.282 time 248.71
2024-11-02 02:32:09,745 - 124000: loss 1.282 time 248.93
2024-11-02 02:36:17,539 - 125000: loss 1.284 time 247.79
2024-11-02 02:40:26,689 - 126000: loss 1.282 time 249.15
2024-11-02 02:44:35,977 - 127000: loss 1.278 time 249.29
2024-11-02 02:48:44,339 - 128000: loss 1.282 time 248.36
2024-11-02 02:52:53,728 - 129000: loss 1.282 time 249.39
2024-11-02 02:57:02,806 - 130000: loss 1.281 time 249.08
2024-11-02 03:01:12,706 - 131000: loss 1.280 time 249.90
2024-11-02 03:05:21,626 - 132000: loss 1.282 time 248.92
2024-11-02 03:09:31,300 - 133000: loss 1.280 time 249.67
2024-11-02 03:13:40,244 - 134000: loss 1.281 time 248.94
2024-11-02 03:17:50,648 - 135000: loss 1.283 time 250.40
2024-11-02 03:22:00,369 - 136000: loss 1.280 time 249.72
2024-11-02 03:26:10,999 - 137000: loss 1.281 time 250.63
2024-11-02 03:30:20,793 - 138000: loss 1.279 time 249.79
2024-11-02 03:34:30,522 - 139000: loss 1.281 time 249.73
2024-11-02 03:38:40,006 - 140000: loss 1.282 time 249.48
2024-11-02 03:42:50,731 - 141000: loss 1.280 time 250.72
2024-11-02 03:47:00,476 - 142000: loss 1.277 time 249.75
2024-11-02 03:51:11,212 - 143000: loss 1.281 time 250.74
2024-11-02 03:55:22,043 - 144000: loss 1.283 time 250.83
2024-11-02 03:59:33,017 - 145000: loss 1.283 time 250.97
2024-11-02 04:03:43,945 - 146000: loss 1.282 time 250.93
2024-11-02 04:07:55,224 - 147000: loss 1.282 time 251.28
2024-11-02 04:12:06,092 - 148000: loss 1.281 time 250.87
2024-11-02 04:16:16,048 - 149000: loss 1.281 time 249.96
2024-11-02 04:20:27,209 - 150000: loss 1.280 time 251.16
2024-11-02 04:24:38,594 - 151000: loss 1.280 time 251.38
2024-11-02 04:28:50,127 - 152000: loss 1.283 time 251.53
2024-11-02 04:33:01,827 - 153000: loss 1.282 time 251.70
2024-11-02 04:37:13,433 - 154000: loss 1.279 time 251.61
2024-11-02 04:41:25,917 - 155000: loss 1.279 time 252.48
2024-11-02 04:45:37,420 - 156000: loss 1.281 time 251.50
2024-11-02 04:49:50,183 - 157000: loss 1.282 time 252.76
2024-11-02 04:54:02,213 - 158000: loss 1.279 time 252.03
2024-11-02 04:58:14,668 - 159000: loss 1.282 time 252.46
2024-11-02 05:02:26,905 - 160000: loss 1.284 time 252.24
2024-11-02 05:06:39,829 - 161000: loss 1.280 time 252.92
2024-11-02 05:10:52,778 - 162000: loss 1.282 time 252.95
2024-11-02 05:15:04,884 - 163000: loss 1.280 time 252.11
2024-11-02 05:19:17,788 - 164000: loss 1.279 time 252.90
2024-11-02 05:23:30,303 - 165000: loss 1.278 time 252.51
2024-11-02 05:27:42,801 - 166000: loss 1.283 time 252.50
2024-11-02 05:31:55,807 - 167000: loss 1.281 time 253.01
2024-11-02 05:36:08,760 - 168000: loss 1.280 time 252.95
2024-11-02 05:40:22,363 - 169000: loss 1.281 time 253.60
2024-11-02 05:44:35,577 - 170000: loss 1.283 time 253.21
2024-11-02 05:48:49,411 - 171000: loss 1.282 time 253.83
2024-11-02 05:53:03,405 - 172000: loss 1.279 time 253.99
2024-11-02 05:57:16,047 - 173000: loss 1.279 time 252.64
2024-11-02 06:01:29,909 - 174000: loss 1.280 time 253.86
2024-11-02 06:05:42,966 - 175000: loss 1.274 time 253.06
2024-11-02 06:09:57,111 - 176000: loss 1.278 time 254.14
2024-11-02 06:14:11,374 - 177000: loss 1.282 time 254.26
2024-11-02 06:18:25,487 - 178000: loss 1.279 time 254.11
2024-11-02 06:22:39,184 - 179000: loss 1.277 time 253.70
2024-11-02 06:26:53,312 - 180000: loss 1.279 time 254.13
2024-11-02 06:31:06,739 - 181000: loss 1.278 time 253.43
2024-11-02 06:35:12,311 - 182000: loss 1.280 time 245.57
2024-11-02 06:39:20,520 - 183000: loss 1.282 time 248.21
2024-11-02 06:43:28,434 - 184000: loss 1.280 time 247.91
2024-11-02 06:47:35,901 - 185000: loss 1.281 time 247.47
2024-11-02 06:51:45,372 - 186000: loss 1.279 time 249.47
2024-11-02 06:55:51,617 - 187000: loss 1.282 time 246.24
2024-11-02 07:00:01,151 - 188000: loss 1.281 time 249.53
2024-11-02 07:04:10,051 - 189000: loss 1.279 time 248.90
2024-11-02 07:08:17,812 - 190000: loss 1.279 time 247.76
2024-11-02 07:12:25,382 - 191000: loss 1.279 time 247.57
2024-11-02 07:16:34,582 - 192000: loss 1.278 time 249.20
2024-11-02 07:20:44,134 - 193000: loss 1.282 time 249.55
2024-11-02 07:24:52,978 - 194000: loss 1.281 time 248.84
2024-11-02 07:29:00,921 - 195000: loss 1.283 time 247.94
2024-11-02 07:33:10,610 - 196000: loss 1.278 time 249.69
2024-11-02 07:37:19,888 - 197000: loss 1.279 time 249.28
2024-11-02 07:41:29,736 - 198000: loss 1.276 time 249.85
2024-11-02 07:45:40,558 - 199000: loss 1.280 time 250.82
2024-11-02 07:49:49,289 - 200000: loss 1.280 time 248.73
2024-11-02 07:49:53,264 - m = [0.29279717653105597, -0.25423687542594203, -2.028743782991406, 0.23758342066986432, 0.14213527377181884, -0.9095562165941269, 0.10272030266975599, -1.1367179403498162, 1.7908990852600664, 0.514803782578321, 2.4385926172650296, 1.1039338229690778, -0.07229624053382301, -1.3822101322768787, 1.3820905775409815, -0.7160685813656482]
2024-11-02 12:02:50,321 - 0.4386669993400574, 0.2786807715892792
2024-11-02 12:02:50,477 - Note: NumExpr detected 40 cores but "NUMEXPR_MAX_THREADS" not set, so enforcing safe limit of 8.
2024-11-02 12:02:50,477 - NumExpr defaulting to 8 threads.
