2024-10-20 18:48:21,757 - Unable to initialize backend 'rocm': module 'jaxlib.xla_extension' has no attribute 'GpuAllocatorConfig'
2024-10-20 18:48:21,760 - Unable to initialize backend 'tpu': INTERNAL: Failed to open libtpu.so: libtpu.so: cannot open shared object file: No such file or directory
2024-10-20 18:48:21,777 - gpu
2024-10-20 18:48:38,283 - 1000: loss 0.012 time 12.82
2024-10-20 18:48:46,621 - 2000: loss 0.009 time 21.16
2024-10-20 18:48:55,132 - 3000: loss 0.011 time 29.67
2024-10-20 18:49:03,483 - 4000: loss 0.011 time 38.02
2024-10-20 18:49:12,031 - 5000: loss 0.006 time 46.57
2024-10-20 18:49:20,503 - 6000: loss 0.005 time 55.04
2024-10-20 18:49:29,005 - 7000: loss 0.006 time 63.54
2024-10-20 18:49:37,361 - 8000: loss 0.006 time 71.90
2024-10-20 18:49:45,649 - 9000: loss 0.005 time 80.19
2024-10-20 18:49:53,783 - 10000: loss 0.006 time 88.32
2024-10-20 18:50:02,031 - 11000: loss 0.005 time 96.57
2024-10-20 18:50:10,227 - 12000: loss 0.006 time 104.77
2024-10-20 18:50:18,557 - 13000: loss 0.004 time 113.10
2024-10-20 18:50:27,024 - 14000: loss 0.003 time 121.56
2024-10-20 18:50:35,322 - 15000: loss 0.003 time 129.86
2024-10-20 18:50:43,413 - 16000: loss 0.003 time 137.95
2024-10-20 18:50:51,785 - 17000: loss 0.003 time 146.32
2024-10-20 18:51:00,097 - 18000: loss 0.005 time 154.64
2024-10-20 18:51:08,391 - 19000: loss 0.003 time 162.93
2024-10-20 18:51:16,735 - 20000: loss 0.005 time 171.27
2024-10-20 18:51:25,383 - 21000: loss 0.002 time 179.92
2024-10-20 18:51:33,881 - 22000: loss 0.002 time 188.42
2024-10-20 18:51:42,541 - 23000: loss 0.004 time 197.08
2024-10-20 18:51:51,095 - 24000: loss 0.002 time 205.63
2024-10-20 18:51:59,518 - 25000: loss 0.004 time 214.06
2024-10-20 18:52:08,000 - 26000: loss 0.002 time 222.54
2024-10-20 18:52:16,404 - 27000: loss 0.001 time 230.94
2024-10-20 18:52:24,583 - 28000: loss 0.002 time 239.12
2024-10-20 18:52:32,811 - 29000: loss 0.003 time 247.35
2024-10-20 18:52:41,134 - 30000: loss 0.002 time 255.67
2024-10-20 18:52:49,492 - 31000: loss 0.002 time 264.03
2024-10-20 18:52:57,932 - 32000: loss 0.002 time 272.47
2024-10-20 18:53:06,253 - 33000: loss 0.002 time 280.79
2024-10-20 18:53:14,556 - 34000: loss 0.004 time 289.10
2024-10-20 18:53:22,924 - 35000: loss 0.002 time 297.46
2024-10-20 18:53:31,297 - 36000: loss 0.003 time 305.84
2024-10-20 18:53:39,729 - 37000: loss 0.002 time 314.27
2024-10-20 18:53:48,198 - 38000: loss 0.002 time 322.74
2024-10-20 18:53:56,238 - 39000: loss 0.003 time 330.78
2024-10-20 18:54:04,222 - 40000: loss 0.002 time 338.76
2024-10-20 18:54:12,214 - 41000: loss 0.002 time 346.75
2024-10-20 18:54:20,461 - 42000: loss 0.002 time 355.00
2024-10-20 18:54:28,898 - 43000: loss 0.001 time 363.44
2024-10-20 18:54:37,380 - 44000: loss 0.003 time 371.92
2024-10-20 18:54:45,323 - 45000: loss 0.001 time 379.86
2024-10-20 18:54:53,329 - 46000: loss 0.001 time 387.87
2024-10-20 18:55:01,223 - 47000: loss 0.001 time 395.76
2024-10-20 18:55:09,052 - 48000: loss 0.002 time 403.59
2024-10-20 18:55:17,038 - 49000: loss 0.002 time 411.58
2024-10-20 18:55:25,423 - 50000: loss 0.002 time 419.96
2024-10-20 18:55:33,881 - 51000: loss 0.002 time 428.42
2024-10-20 18:55:42,630 - 52000: loss 0.008 time 437.17
2024-10-20 18:55:51,340 - 53000: loss 0.002 time 445.88
2024-10-20 18:55:59,999 - 54000: loss 0.003 time 454.54
2024-10-20 18:56:08,550 - 55000: loss 0.002 time 463.09
2024-10-20 18:56:16,973 - 56000: loss 0.001 time 471.51
2024-10-20 18:56:25,327 - 57000: loss 0.001 time 479.87
2024-10-20 18:56:33,717 - 58000: loss 0.001 time 488.26
2024-10-20 18:56:42,206 - 59000: loss 0.002 time 496.75
2024-10-20 18:56:50,581 - 60000: loss 0.004 time 505.12
2024-10-20 18:56:58,924 - 61000: loss 0.001 time 513.46
2024-10-20 18:57:07,366 - 62000: loss 0.002 time 521.91
2024-10-20 18:57:15,883 - 63000: loss 0.004 time 530.42
2024-10-20 18:57:24,270 - 64000: loss 0.002 time 538.81
2024-10-20 18:57:32,680 - 65000: loss 0.001 time 547.22
2024-10-20 18:57:41,151 - 66000: loss 0.002 time 555.69
2024-10-20 18:57:49,477 - 67000: loss 0.002 time 564.02
2024-10-20 18:57:57,810 - 68000: loss 0.002 time 572.35
2024-10-20 18:58:06,063 - 69000: loss 0.002 time 580.60
2024-10-20 18:58:14,631 - 70000: loss 0.001 time 589.17
2024-10-20 18:58:23,028 - 71000: loss 0.002 time 597.57
2024-10-20 18:58:31,419 - 72000: loss 0.003 time 605.96
2024-10-20 18:58:39,841 - 73000: loss 0.001 time 614.38
2024-10-20 18:58:48,384 - 74000: loss 0.002 time 622.92
2024-10-20 18:58:56,883 - 75000: loss 0.001 time 631.42
2024-10-20 18:59:05,252 - 76000: loss 0.001 time 639.79
2024-10-20 18:59:13,615 - 77000: loss 0.002 time 648.15
2024-10-20 18:59:21,963 - 78000: loss 0.001 time 656.50
2024-10-20 18:59:30,437 - 79000: loss 0.002 time 664.98
2024-10-20 18:59:38,648 - 80000: loss 0.001 time 673.19
2024-10-20 18:59:47,083 - 81000: loss 0.001 time 681.62
2024-10-20 18:59:55,299 - 82000: loss 0.000 time 689.84
2024-10-20 19:00:03,683 - 83000: loss 0.002 time 698.22
2024-10-20 19:00:12,185 - 84000: loss 0.002 time 706.72
2024-10-20 19:00:20,639 - 85000: loss 0.001 time 715.18
2024-10-20 19:00:28,949 - 86000: loss 0.001 time 723.49
2024-10-20 19:00:37,195 - 87000: loss 0.002 time 731.73
2024-10-20 19:00:45,667 - 88000: loss 0.004 time 740.21
2024-10-20 19:00:53,938 - 89000: loss 0.003 time 748.48
2024-10-20 19:01:02,039 - 90000: loss 0.001 time 756.58
2024-10-20 19:01:10,350 - 91000: loss 0.002 time 764.89
2024-10-20 19:01:18,660 - 92000: loss 0.001 time 773.20
2024-10-20 19:01:26,759 - 93000: loss 0.002 time 781.30
2024-10-20 19:01:35,339 - 94000: loss 0.002 time 789.88
2024-10-20 19:01:43,260 - 95000: loss 0.000 time 797.80
2024-10-20 19:01:51,755 - 96000: loss 0.001 time 806.29
2024-10-20 19:02:00,460 - 97000: loss 0.001 time 815.00
2024-10-20 19:02:08,551 - 98000: loss 0.001 time 823.09
2024-10-20 19:02:16,829 - 99000: loss 0.001 time 831.37
2024-10-20 19:02:25,242 - 100000: loss 0.002 time 839.78
2024-10-20 19:02:33,734 - 101000: loss 0.002 time 848.27
2024-10-20 19:02:42,438 - 102000: loss 0.004 time 856.98
2024-10-20 19:02:50,940 - 103000: loss 0.001 time 865.48
2024-10-20 19:02:59,320 - 104000: loss 0.001 time 873.86
2024-10-20 19:03:07,908 - 105000: loss 0.001 time 882.45
2024-10-20 19:03:16,582 - 106000: loss 0.000 time 891.12
2024-10-20 19:03:25,251 - 107000: loss 0.002 time 899.79
2024-10-20 19:03:33,837 - 108000: loss 0.001 time 908.38
2024-10-20 19:03:42,573 - 109000: loss 0.001 time 917.11
2024-10-20 19:03:51,382 - 110000: loss 0.001 time 925.92
2024-10-20 19:04:00,008 - 111000: loss 0.001 time 934.55
2024-10-20 19:04:08,581 - 112000: loss 0.002 time 943.12
2024-10-20 19:04:16,983 - 113000: loss 0.001 time 951.52
2024-10-20 19:04:25,545 - 114000: loss 0.001 time 960.08
2024-10-20 19:04:34,023 - 115000: loss 0.001 time 968.56
2024-10-20 19:04:42,440 - 116000: loss 0.001 time 976.98
2024-10-20 19:04:50,931 - 117000: loss 0.002 time 985.47
2024-10-20 19:04:59,539 - 118000: loss 0.001 time 994.08
2024-10-20 19:05:08,069 - 119000: loss 0.002 time 1002.61
2024-10-20 19:05:16,425 - 120000: loss 0.002 time 1010.96
2024-10-20 19:05:24,833 - 121000: loss 0.000 time 1019.37
2024-10-20 19:05:33,150 - 122000: loss 0.000 time 1027.69
2024-10-20 19:05:41,661 - 123000: loss 0.002 time 1036.20
2024-10-20 19:05:50,086 - 124000: loss 0.001 time 1044.63
2024-10-20 19:05:58,073 - 125000: loss 0.001 time 1052.61
2024-10-20 19:06:06,106 - 126000: loss 0.001 time 1060.65
2024-10-20 19:06:14,550 - 127000: loss 0.002 time 1069.09
2024-10-20 19:06:22,985 - 128000: loss 0.000 time 1077.52
2024-10-20 19:06:30,951 - 129000: loss 0.001 time 1085.49
2024-10-20 19:06:39,275 - 130000: loss 0.001 time 1093.81
2024-10-20 19:06:47,582 - 131000: loss 0.000 time 1102.12
2024-10-20 19:06:56,032 - 132000: loss 0.001 time 1110.57
2024-10-20 19:07:04,516 - 133000: loss 0.001 time 1119.06
2024-10-20 19:07:12,937 - 134000: loss 0.002 time 1127.48
2024-10-20 19:07:21,123 - 135000: loss 0.001 time 1135.66
2024-10-20 19:07:29,432 - 136000: loss 0.001 time 1143.97
2024-10-20 19:07:37,889 - 137000: loss 0.001 time 1152.43
2024-10-20 19:07:46,558 - 138000: loss 0.002 time 1161.10
2024-10-20 19:07:55,082 - 139000: loss 0.001 time 1169.62
2024-10-20 19:08:03,664 - 140000: loss 0.002 time 1178.20
2024-10-20 19:08:11,909 - 141000: loss 0.001 time 1186.45
2024-10-20 19:08:20,240 - 142000: loss 0.001 time 1194.78
2024-10-20 19:08:28,429 - 143000: loss 0.002 time 1202.97
2024-10-20 19:08:36,786 - 144000: loss 0.001 time 1211.33
2024-10-20 19:08:45,065 - 145000: loss 0.001 time 1219.60
2024-10-20 19:08:53,828 - 146000: loss 0.002 time 1228.37
2024-10-20 19:09:02,380 - 147000: loss 0.001 time 1236.92
2024-10-20 19:09:10,776 - 148000: loss 0.002 time 1245.32
2024-10-20 19:09:19,243 - 149000: loss 0.001 time 1253.78
2024-10-20 19:09:27,609 - 150000: loss 0.002 time 1262.15
2024-10-20 19:09:35,930 - 151000: loss 0.000 time 1270.47
2024-10-20 19:09:43,934 - 152000: loss 0.000 time 1278.47
2024-10-20 19:09:52,196 - 153000: loss 0.004 time 1286.74
2024-10-20 19:10:00,282 - 154000: loss 0.001 time 1294.82
2024-10-20 19:10:08,747 - 155000: loss 0.004 time 1303.29
2024-10-20 19:10:16,964 - 156000: loss 0.001 time 1311.50
2024-10-20 19:10:25,182 - 157000: loss 0.001 time 1319.72
2024-10-20 19:10:33,400 - 158000: loss 0.002 time 1327.94
2024-10-20 19:10:41,735 - 159000: loss 0.001 time 1336.27
2024-10-20 19:10:49,971 - 160000: loss 0.001 time 1344.51
2024-10-20 19:10:58,367 - 161000: loss 0.000 time 1352.91
2024-10-20 19:11:06,711 - 162000: loss 0.000 time 1361.25
2024-10-20 19:11:15,175 - 163000: loss 0.001 time 1369.71
2024-10-20 19:11:23,690 - 164000: loss 0.001 time 1378.23
2024-10-20 19:11:32,383 - 165000: loss 0.001 time 1386.92
2024-10-20 19:11:40,993 - 166000: loss 0.000 time 1395.53
2024-10-20 19:11:49,243 - 167000: loss 0.000 time 1403.78
2024-10-20 19:11:57,550 - 168000: loss 0.002 time 1412.09
2024-10-20 19:12:05,728 - 169000: loss 0.001 time 1420.27
2024-10-20 19:12:14,313 - 170000: loss 0.001 time 1428.85
2024-10-20 19:12:22,605 - 171000: loss 0.001 time 1437.14
2024-10-20 19:12:30,821 - 172000: loss 0.001 time 1445.36
2024-10-20 19:12:39,033 - 173000: loss 0.001 time 1453.57
2024-10-20 19:12:47,250 - 174000: loss 0.001 time 1461.79
2024-10-20 19:12:55,616 - 175000: loss 0.001 time 1470.16
2024-10-20 19:13:03,883 - 176000: loss 0.002 time 1478.42
2024-10-20 19:13:12,266 - 177000: loss 0.000 time 1486.80
2024-10-20 19:13:20,421 - 178000: loss 0.001 time 1494.96
2024-10-20 19:13:28,806 - 179000: loss 0.001 time 1503.35
2024-10-20 19:13:37,253 - 180000: loss 0.002 time 1511.79
2024-10-20 19:13:45,522 - 181000: loss 0.002 time 1520.06
2024-10-20 19:13:53,839 - 182000: loss 0.000 time 1528.38
2024-10-20 19:14:02,262 - 183000: loss 0.001 time 1536.80
2024-10-20 19:14:10,596 - 184000: loss 0.001 time 1545.14
2024-10-20 19:14:19,050 - 185000: loss 0.001 time 1553.59
2024-10-20 19:14:27,322 - 186000: loss 0.000 time 1561.86
2024-10-20 19:14:35,744 - 187000: loss 0.001 time 1570.28
2024-10-20 19:14:43,825 - 188000: loss 0.002 time 1578.36
2024-10-20 19:14:52,043 - 189000: loss 0.001 time 1586.58
2024-10-20 19:15:00,497 - 190000: loss 0.001 time 1595.04
2024-10-20 19:15:08,767 - 191000: loss 0.003 time 1603.31
2024-10-20 19:15:17,130 - 192000: loss 0.000 time 1611.67
2024-10-20 19:15:25,425 - 193000: loss 0.000 time 1619.96
2024-10-20 19:15:33,592 - 194000: loss 0.001 time 1628.13
2024-10-20 19:15:42,017 - 195000: loss 0.002 time 1636.56
2024-10-20 19:15:50,493 - 196000: loss 0.000 time 1645.03
2024-10-20 19:15:58,685 - 197000: loss 0.000 time 1653.22
2024-10-20 19:16:07,064 - 198000: loss 0.000 time 1661.60
2024-10-20 19:16:15,311 - 199000: loss 0.004 time 1669.85
2024-10-20 19:16:23,500 - 200000: loss 0.001 time 1678.04
2024-10-20 19:17:22,802 - errors: 0.0016418019221854736, 0.001022985397715211
2024-10-20 19:17:22,803 - m: 0.20077716534907925, 0.0017714476271741787
2024-10-20 19:17:22,803 - d err: 0.0014883947885952012, 0.000926651833275907
