2024-11-05 20:05:59,425 - Unable to initialize backend 'rocm': module 'jaxlib.xla_extension' has no attribute 'GpuAllocatorConfig'
2024-11-05 20:05:59,427 - Unable to initialize backend 'tpu': INTERNAL: Failed to open libtpu.so: libtpu.so: cannot open shared object file: No such file or directory
2024-11-05 20:05:59,445 - gpu
2024-11-05 20:08:06,619 - Unable to initialize backend 'rocm': module 'jaxlib.xla_extension' has no attribute 'GpuAllocatorConfig'
2024-11-05 20:08:06,621 - Unable to initialize backend 'tpu': INTERNAL: Failed to open libtpu.so: libtpu.so: cannot open shared object file: No such file or directory
2024-11-05 20:08:06,641 - gpu
2024-11-05 20:08:42,807 - Unable to initialize backend 'rocm': module 'jaxlib.xla_extension' has no attribute 'GpuAllocatorConfig'
2024-11-05 20:08:42,809 - Unable to initialize backend 'tpu': INTERNAL: Failed to open libtpu.so: libtpu.so: cannot open shared object file: No such file or directory
2024-11-05 20:08:42,825 - gpu
2024-11-05 20:09:17,390 - 1000: loss 0.332 time 31.02
2024-11-05 20:09:38,562 - 2000: loss 0.329 time 21.17
2024-11-05 20:10:00,041 - 3000: loss 0.329 time 21.48
2024-11-05 20:10:35,640 - Unable to initialize backend 'rocm': module 'jaxlib.xla_extension' has no attribute 'GpuAllocatorConfig'
2024-11-05 20:10:35,642 - Unable to initialize backend 'tpu': INTERNAL: Failed to open libtpu.so: libtpu.so: cannot open shared object file: No such file or directory
2024-11-05 20:10:35,663 - gpu
2024-11-05 20:11:09,673 - 1000: loss 0.332 time 30.43
2024-11-05 20:11:31,062 - 2000: loss 0.329 time 21.39
2024-11-05 20:11:52,409 - 3000: loss 0.329 time 21.35
2024-11-05 20:12:13,784 - 4000: loss 0.325 time 21.37
2024-11-05 20:12:35,494 - 5000: loss 0.321 time 21.71
2024-11-05 20:12:57,108 - 6000: loss 0.324 time 21.61
2024-11-05 20:13:18,794 - 7000: loss 0.320 time 21.69
2024-11-05 20:13:40,589 - 8000: loss 0.320 time 21.80
2024-11-05 20:14:02,340 - 9000: loss 0.319 time 21.75
2024-11-05 20:14:24,696 - 10000: loss 0.317 time 22.36
2024-11-05 20:14:46,672 - 11000: loss 0.317 time 21.98
2024-11-05 20:15:09,054 - 12000: loss 0.317 time 22.38
2024-11-05 20:15:31,165 - 13000: loss 0.317 time 22.11
2024-11-05 20:15:53,397 - 14000: loss 0.315 time 22.23
2024-11-05 20:16:15,658 - 15000: loss 0.314 time 22.26
2024-11-05 20:16:38,118 - 16000: loss 0.313 time 22.46
2024-11-05 20:17:00,132 - 17000: loss 0.312 time 22.01
2024-11-05 20:17:20,887 - 18000: loss 0.311 time 20.76
2024-11-05 20:17:41,648 - 19000: loss 0.311 time 20.76
2024-11-05 20:18:03,832 - 20000: loss 0.311 time 22.18
2024-11-05 20:18:26,273 - 21000: loss 0.310 time 22.44
2024-11-05 20:18:48,941 - 22000: loss 0.312 time 22.67
2024-11-05 20:19:11,596 - 23000: loss 0.310 time 22.66
2024-11-05 20:19:34,311 - 24000: loss 0.310 time 22.72
2024-11-05 20:19:57,028 - 25000: loss 0.308 time 22.72
2024-11-05 20:20:19,835 - 26000: loss 0.310 time 22.81
2024-11-05 20:20:42,911 - 27000: loss 0.309 time 23.08
2024-11-05 20:21:05,671 - 28000: loss 0.308 time 22.76
2024-11-05 20:21:28,566 - 29000: loss 0.310 time 22.89
2024-11-05 20:21:51,409 - 30000: loss 0.309 time 22.84
2024-11-05 20:22:14,127 - 31000: loss 0.309 time 22.72
2024-11-05 20:22:37,203 - 32000: loss 0.309 time 23.08
2024-11-05 20:23:00,896 - 33000: loss 0.308 time 23.69
2024-11-05 20:23:24,439 - 34000: loss 0.309 time 23.54
2024-11-05 20:23:47,804 - 35000: loss 0.309 time 23.37
2024-11-05 20:24:11,726 - 36000: loss 0.308 time 23.92
2024-11-05 20:24:35,357 - 37000: loss 0.310 time 23.63
2024-11-05 20:24:59,259 - 38000: loss 0.309 time 23.90
2024-11-05 20:25:23,173 - 39000: loss 0.310 time 23.91
2024-11-05 20:25:47,230 - 40000: loss 0.309 time 24.06
2024-11-05 20:26:11,260 - 41000: loss 0.308 time 24.03
2024-11-05 20:26:35,543 - 42000: loss 0.306 time 24.28
2024-11-05 20:27:00,173 - 43000: loss 0.311 time 24.63
2024-11-05 20:27:24,172 - 44000: loss 0.310 time 24.00
2024-11-05 20:27:48,552 - 45000: loss 0.307 time 24.38
2024-11-05 20:28:13,083 - 46000: loss 0.308 time 24.53
2024-11-05 20:28:37,334 - 47000: loss 0.311 time 24.25
2024-11-05 20:29:02,013 - 48000: loss 0.308 time 24.68
2024-11-05 20:29:26,956 - 49000: loss 0.306 time 24.94
2024-11-05 20:29:51,738 - 50000: loss 0.307 time 24.78
2024-11-05 20:30:16,526 - 51000: loss 0.307 time 24.79
2024-11-05 20:30:41,109 - 52000: loss 0.306 time 24.58
2024-11-05 20:31:06,236 - 53000: loss 0.309 time 25.13
2024-11-05 20:31:31,601 - 54000: loss 0.308 time 25.37
2024-11-05 20:31:56,672 - 55000: loss 0.307 time 25.07
2024-11-05 20:32:21,251 - 56000: loss 0.307 time 24.58
2024-11-05 20:32:46,649 - 57000: loss 0.306 time 25.40
2024-11-05 20:33:11,759 - 58000: loss 0.307 time 25.11
2024-11-05 20:33:36,320 - 59000: loss 0.306 time 24.56
2024-11-05 20:34:01,689 - 60000: loss 0.307 time 25.37
2024-11-05 20:34:27,534 - 61000: loss 0.307 time 25.85
2024-11-05 20:34:53,056 - 62000: loss 0.306 time 25.52
2024-11-05 20:35:18,526 - 63000: loss 0.306 time 25.47
2024-11-05 20:35:43,594 - 64000: loss 0.306 time 25.07
2024-11-05 20:36:09,083 - 65000: loss 0.308 time 25.49
2024-11-05 20:36:35,072 - 66000: loss 0.305 time 25.99
2024-11-05 20:37:00,952 - 67000: loss 0.306 time 25.88
2024-11-05 20:37:27,058 - 68000: loss 0.305 time 26.11
2024-11-05 20:37:53,167 - 69000: loss 0.309 time 26.11
2024-11-05 20:38:19,320 - 70000: loss 0.307 time 26.15
2024-11-05 20:38:45,606 - 71000: loss 0.308 time 26.29
2024-11-05 20:39:12,053 - 72000: loss 0.306 time 26.45
2024-11-05 20:39:38,015 - 73000: loss 0.306 time 25.96
2024-11-05 20:40:04,461 - 74000: loss 0.306 time 26.45
2024-11-05 20:40:31,223 - 75000: loss 0.307 time 26.76
2024-11-05 20:40:58,039 - 76000: loss 0.306 time 26.82
2024-11-05 20:41:24,731 - 77000: loss 0.311 time 26.69
2024-11-05 20:41:51,683 - 78000: loss 0.307 time 26.95
2024-11-05 20:42:18,831 - 79000: loss 0.306 time 27.15
2024-11-05 20:42:45,847 - 80000: loss 0.306 time 27.02
2024-11-05 20:43:13,083 - 81000: loss 0.305 time 27.24
2024-11-05 20:43:39,924 - 82000: loss 0.305 time 26.84
2024-11-05 20:44:07,620 - 83000: loss 0.305 time 27.70
2024-11-05 20:44:34,786 - 84000: loss 0.306 time 27.17
2024-11-05 20:45:01,963 - 85000: loss 0.309 time 27.18
2024-11-05 20:45:29,626 - 86000: loss 0.305 time 27.66
2024-11-05 20:45:56,638 - 87000: loss 0.306 time 27.01
2024-11-05 20:46:24,405 - 88000: loss 0.307 time 27.77
2024-11-05 20:46:52,051 - 89000: loss 0.306 time 27.65
2024-11-05 20:47:19,466 - 90000: loss 0.307 time 27.41
2024-11-05 20:47:47,387 - 91000: loss 0.306 time 27.92
2024-11-05 20:48:15,010 - 92000: loss 0.306 time 27.62
2024-11-05 20:48:43,187 - 93000: loss 0.305 time 28.18
2024-11-05 20:49:11,223 - 94000: loss 0.306 time 28.04
2024-11-05 20:49:39,531 - 95000: loss 0.306 time 28.31
2024-11-05 20:50:07,697 - 96000: loss 0.306 time 28.17
2024-11-05 20:50:36,121 - 97000: loss 0.306 time 28.42
2024-11-05 20:51:04,531 - 98000: loss 0.306 time 28.41
2024-11-05 20:51:32,741 - 99000: loss 0.307 time 28.21
2024-11-05 20:52:01,618 - 100000: loss 0.304 time 28.88
2024-11-05 20:52:30,083 - 101000: loss 0.307 time 28.47
2024-11-05 20:52:58,987 - 102000: loss 0.306 time 28.90
2024-11-05 20:53:28,119 - 103000: loss 0.305 time 29.13
2024-11-05 20:53:57,316 - 104000: loss 0.305 time 29.20
2024-11-05 20:54:26,449 - 105000: loss 0.307 time 29.13
2024-11-05 20:54:55,910 - 106000: loss 0.306 time 29.46
2024-11-05 20:55:25,293 - 107000: loss 0.305 time 29.38
2024-11-05 20:55:55,001 - 108000: loss 0.304 time 29.71
2024-11-05 20:56:24,915 - 109000: loss 0.304 time 29.91
2024-11-05 20:56:54,680 - 110000: loss 0.308 time 29.76
2024-11-05 20:57:24,486 - 111000: loss 0.306 time 29.81
2024-11-05 20:57:54,303 - 112000: loss 0.306 time 29.82
2024-11-05 20:58:24,546 - 113000: loss 0.305 time 30.24
2024-11-05 20:58:54,627 - 114000: loss 0.303 time 30.08
2024-11-05 20:59:25,097 - 115000: loss 0.306 time 30.47
2024-11-05 20:59:55,143 - 116000: loss 0.305 time 30.05
2024-11-05 21:00:25,885 - 117000: loss 0.305 time 30.74
2024-11-05 21:00:55,947 - 118000: loss 0.305 time 30.06
2024-11-05 21:01:26,496 - 119000: loss 0.305 time 30.55
2024-11-05 21:01:56,984 - 120000: loss 0.305 time 30.49
2024-11-05 21:02:27,785 - 121000: loss 0.304 time 30.80
2024-11-05 21:02:57,353 - 122000: loss 0.304 time 29.57
2024-11-05 21:03:27,711 - 123000: loss 0.305 time 30.36
2024-11-05 21:03:58,321 - 124000: loss 0.306 time 30.61
2024-11-05 21:04:29,137 - 125000: loss 0.303 time 30.82
2024-11-05 21:04:59,668 - 126000: loss 0.305 time 30.53
2024-11-05 21:05:31,063 - 127000: loss 0.305 time 31.40
2024-11-05 21:06:01,310 - 128000: loss 0.306 time 30.25
2024-11-05 21:06:31,841 - 129000: loss 0.305 time 30.53
2024-11-05 21:07:03,528 - 130000: loss 0.305 time 31.69
2024-11-05 21:07:35,106 - 131000: loss 0.305 time 31.58
2024-11-05 21:08:05,767 - 132000: loss 0.304 time 30.66
2024-11-05 21:08:36,828 - 133000: loss 0.306 time 31.06
2024-11-05 21:09:08,253 - 134000: loss 0.305 time 31.43
2024-11-05 21:09:39,736 - 135000: loss 0.306 time 31.48
2024-11-05 21:10:11,081 - 136000: loss 0.303 time 31.34
2024-11-05 21:10:43,019 - 137000: loss 0.304 time 31.94
2024-11-05 21:11:14,949 - 138000: loss 0.306 time 31.93
2024-11-05 21:11:46,940 - 139000: loss 0.305 time 31.99
2024-11-05 21:12:18,954 - 140000: loss 0.308 time 32.01
2024-11-05 21:12:51,087 - 141000: loss 0.304 time 32.13
2024-11-05 21:13:23,522 - 142000: loss 0.305 time 32.44
2024-11-05 21:13:55,868 - 143000: loss 0.305 time 32.35
2024-11-05 21:14:28,294 - 144000: loss 0.304 time 32.43
2024-11-05 21:15:00,715 - 145000: loss 0.305 time 32.42
2024-11-05 21:15:33,003 - 146000: loss 0.305 time 32.29
2024-11-05 21:16:05,589 - 147000: loss 0.305 time 32.59
2024-11-05 21:16:38,411 - 148000: loss 0.306 time 32.82
2024-11-05 21:17:11,455 - 149000: loss 0.302 time 33.04
2024-11-05 21:17:44,373 - 150000: loss 0.304 time 32.92
2024-11-05 21:18:17,238 - 151000: loss 0.306 time 32.87
2024-11-05 21:18:50,566 - 152000: loss 0.305 time 33.33
2024-11-05 21:19:24,187 - 153000: loss 0.304 time 33.62
2024-11-05 21:19:57,743 - 154000: loss 0.305 time 33.56
2024-11-05 21:20:31,312 - 155000: loss 0.306 time 33.57
2024-11-05 21:21:05,030 - 156000: loss 0.305 time 33.72
2024-11-05 21:21:39,018 - 157000: loss 0.305 time 33.99
2024-11-05 21:22:13,280 - 158000: loss 0.304 time 34.26
2024-11-05 21:22:47,531 - 159000: loss 0.304 time 34.25
2024-11-05 21:23:21,404 - 160000: loss 0.304 time 33.87
2024-11-05 21:23:55,574 - 161000: loss 0.304 time 34.17
2024-11-05 21:24:29,981 - 162000: loss 0.305 time 34.41
2024-11-05 21:25:04,534 - 163000: loss 0.307 time 34.55
2024-11-05 21:25:38,840 - 164000: loss 0.302 time 34.31
2024-11-05 21:26:13,337 - 165000: loss 0.304 time 34.50
2024-11-05 21:26:47,967 - 166000: loss 0.306 time 34.63
2024-11-05 21:27:22,928 - 167000: loss 0.305 time 34.96
2024-11-05 21:27:57,818 - 168000: loss 0.305 time 34.89
2024-11-05 21:28:32,518 - 169000: loss 0.303 time 34.70
2024-11-05 21:29:07,562 - 170000: loss 0.306 time 35.04
2024-11-05 21:29:42,148 - 171000: loss 0.304 time 34.59
2024-11-05 21:30:17,323 - 172000: loss 0.303 time 35.18
2024-11-05 21:30:52,636 - 173000: loss 0.304 time 35.31
2024-11-05 21:31:27,696 - 174000: loss 0.306 time 35.06
2024-11-05 21:32:02,062 - 175000: loss 0.303 time 34.37
2024-11-05 21:32:37,228 - 176000: loss 0.304 time 35.17
2024-11-05 21:33:12,285 - 177000: loss 0.303 time 35.06
2024-11-05 21:33:47,668 - 178000: loss 0.304 time 35.38
2024-11-05 21:34:22,514 - 179000: loss 0.303 time 34.85
2024-11-05 21:34:58,189 - 180000: loss 0.305 time 35.68
2024-11-05 21:35:33,162 - 181000: loss 0.306 time 34.97
2024-11-05 21:36:08,907 - 182000: loss 0.304 time 35.74
2024-11-05 21:36:43,479 - 183000: loss 0.305 time 34.57
2024-11-05 21:37:18,721 - 184000: loss 0.305 time 35.24
2024-11-05 21:37:53,899 - 185000: loss 0.307 time 35.18
2024-11-05 21:38:29,564 - 186000: loss 0.301 time 35.67
2024-11-05 21:39:05,276 - 187000: loss 0.304 time 35.71
2024-11-05 21:39:40,944 - 188000: loss 0.303 time 35.67
2024-11-05 21:40:16,811 - 189000: loss 0.304 time 35.87
2024-11-05 21:40:52,924 - 190000: loss 0.305 time 36.11
2024-11-05 21:41:28,414 - 191000: loss 0.305 time 35.49
2024-11-05 21:42:04,503 - 192000: loss 0.304 time 36.09
2024-11-05 21:42:40,713 - 193000: loss 0.303 time 36.21
2024-11-05 21:43:16,357 - 194000: loss 0.304 time 35.64
2024-11-05 21:43:52,781 - 195000: loss 0.306 time 36.42
2024-11-05 21:44:29,311 - 196000: loss 0.305 time 36.53
2024-11-05 21:45:05,765 - 197000: loss 0.304 time 36.45
2024-11-05 21:45:41,501 - 198000: loss 0.306 time 35.74
2024-11-05 21:46:18,370 - 199000: loss 0.306 time 36.87
2024-11-05 21:46:55,708 - 200000: loss 0.304 time 37.34
2024-11-05 21:47:00,520 - m = [-1.6388428919870468, 0.9789703997511524, 0.2542715578064137, -0.09037963831893427, -0.535826006235963, -0.13345130116451903, -1.4486900268223557, -0.13221146347242815, -0.15330754219269216, 0.18762685517292968, -0.7600828278369159, -2.0125703617031743, -0.6219286418521877, 1.0960190648543668, 1.1181612047338214, 1.1216189967186694]
2024-11-05 21:47:03,548 - Note: NumExpr detected 40 cores but "NUMEXPR_MAX_THREADS" not set, so enforcing safe limit of 8.
2024-11-05 21:47:03,548 - NumExpr defaulting to 8 threads.
2024-11-05 21:47:48,081 - 0.010226649232208729, 0.004451259970664978
