2024-11-05 22:24:54,217 - Unable to initialize backend 'rocm': module 'jaxlib.xla_extension' has no attribute 'GpuAllocatorConfig'
2024-11-05 22:24:54,219 - Unable to initialize backend 'tpu': INTERNAL: Failed to open libtpu.so: libtpu.so: cannot open shared object file: No such file or directory
2024-11-05 22:24:54,238 - gpu
2024-11-05 22:25:27,889 - 1000: loss 0.332 time 30.10
2024-11-05 22:25:49,052 - 2000: loss 0.329 time 21.16
2024-11-05 22:26:10,331 - 3000: loss 0.329 time 21.28
2024-11-05 22:26:31,475 - 4000: loss 0.325 time 21.14
2024-11-05 22:26:52,962 - 5000: loss 0.321 time 21.49
2024-11-05 22:27:14,313 - 6000: loss 0.324 time 21.35
2024-11-05 22:27:35,765 - 7000: loss 0.320 time 21.45
2024-11-05 22:27:57,290 - 8000: loss 0.320 time 21.52
2024-11-05 22:28:19,012 - 9000: loss 0.319 time 21.72
2024-11-05 22:28:40,736 - 10000: loss 0.317 time 21.72
2024-11-05 22:29:02,503 - 11000: loss 0.317 time 21.77
2024-11-05 22:29:24,099 - 12000: loss 0.317 time 21.60
2024-11-05 22:29:45,771 - 13000: loss 0.317 time 21.67
2024-11-05 22:30:07,670 - 14000: loss 0.315 time 21.90
2024-11-05 22:30:29,807 - 15000: loss 0.314 time 22.14
2024-11-05 22:30:51,966 - 16000: loss 0.313 time 22.16
2024-11-05 22:31:14,290 - 17000: loss 0.312 time 22.32
2024-11-05 22:31:36,648 - 18000: loss 0.311 time 22.36
2024-11-05 22:31:58,645 - 19000: loss 0.311 time 22.00
2024-11-05 22:32:21,034 - 20000: loss 0.311 time 22.39
2024-11-05 22:32:43,596 - 21000: loss 0.310 time 22.56
2024-11-05 22:33:05,993 - 22000: loss 0.312 time 22.40
2024-11-05 22:33:28,776 - 23000: loss 0.310 time 22.78
2024-11-05 22:33:51,278 - 24000: loss 0.310 time 22.50
2024-11-05 22:34:13,569 - 25000: loss 0.308 time 22.29
2024-11-05 22:34:36,173 - 26000: loss 0.310 time 22.60
2024-11-05 22:34:58,910 - 27000: loss 0.309 time 22.74
2024-11-05 22:35:21,866 - 28000: loss 0.308 time 22.96
2024-11-05 22:35:44,848 - 29000: loss 0.310 time 22.98
2024-11-05 22:36:07,875 - 30000: loss 0.309 time 23.03
2024-11-05 22:36:30,825 - 31000: loss 0.309 time 22.95
2024-11-05 22:36:53,791 - 32000: loss 0.309 time 22.97
2024-11-05 22:37:16,925 - 33000: loss 0.308 time 23.13
2024-11-05 22:37:40,227 - 34000: loss 0.309 time 23.30
2024-11-05 22:38:03,435 - 35000: loss 0.309 time 23.21
2024-11-05 22:38:26,686 - 36000: loss 0.308 time 23.25
2024-11-05 22:38:50,184 - 37000: loss 0.310 time 23.50
2024-11-05 22:39:13,383 - 38000: loss 0.309 time 23.20
2024-11-05 22:39:37,182 - 39000: loss 0.310 time 23.80
2024-11-05 22:40:00,815 - 40000: loss 0.309 time 23.63
2024-11-05 22:40:24,777 - 41000: loss 0.308 time 23.96
2024-11-05 22:40:48,776 - 42000: loss 0.306 time 24.00
2024-11-05 22:41:12,482 - 43000: loss 0.311 time 23.71
2024-11-05 22:41:36,594 - 44000: loss 0.310 time 24.11
2024-11-05 22:42:01,119 - 45000: loss 0.307 time 24.52
2024-11-05 22:42:25,580 - 46000: loss 0.308 time 24.46
2024-11-05 22:42:49,853 - 47000: loss 0.311 time 24.27
2024-11-05 22:43:14,358 - 48000: loss 0.308 time 24.51
2024-11-05 22:43:38,182 - 49000: loss 0.306 time 23.82
2024-11-05 22:44:02,919 - 50000: loss 0.307 time 24.74
2024-11-05 22:44:27,533 - 51000: loss 0.307 time 24.61
2024-11-05 22:44:52,044 - 52000: loss 0.306 time 24.51
2024-11-05 22:45:16,983 - 53000: loss 0.309 time 24.94
2024-11-05 22:45:41,937 - 54000: loss 0.308 time 24.95
2024-11-05 22:46:06,876 - 55000: loss 0.307 time 24.94
2024-11-05 22:46:31,460 - 56000: loss 0.307 time 24.58
2024-11-05 22:46:56,389 - 57000: loss 0.306 time 24.93
2024-11-05 22:47:21,414 - 58000: loss 0.307 time 25.02
2024-11-05 22:47:46,431 - 59000: loss 0.306 time 25.02
2024-11-05 22:48:11,640 - 60000: loss 0.307 time 25.21
2024-11-05 22:48:37,330 - 61000: loss 0.307 time 25.69
2024-11-05 22:49:03,121 - 62000: loss 0.306 time 25.79
2024-11-05 22:49:28,924 - 63000: loss 0.306 time 25.80
2024-11-05 22:49:54,221 - 64000: loss 0.306 time 25.30
2024-11-05 22:50:20,025 - 65000: loss 0.308 time 25.80
2024-11-05 22:50:45,867 - 66000: loss 0.305 time 25.84
2024-11-05 22:51:11,735 - 67000: loss 0.306 time 25.87
2024-11-05 22:51:37,814 - 68000: loss 0.305 time 26.08
2024-11-05 22:52:04,347 - 69000: loss 0.309 time 26.53
2024-11-05 22:52:30,338 - 70000: loss 0.307 time 25.99
2024-11-05 22:52:56,534 - 71000: loss 0.308 time 26.20
2024-11-05 22:53:22,714 - 72000: loss 0.306 time 26.18
2024-11-05 22:53:49,187 - 73000: loss 0.306 time 26.47
2024-11-05 22:54:15,528 - 74000: loss 0.306 time 26.34
2024-11-05 22:54:42,215 - 75000: loss 0.307 time 26.69
2024-11-05 22:55:08,739 - 76000: loss 0.306 time 26.52
2024-11-05 22:55:35,479 - 77000: loss 0.311 time 26.74
2024-11-05 22:56:02,305 - 78000: loss 0.307 time 26.83
2024-11-05 22:56:29,393 - 79000: loss 0.306 time 27.09
2024-11-05 22:56:56,416 - 80000: loss 0.306 time 27.02
2024-11-05 22:57:23,451 - 81000: loss 0.305 time 27.04
2024-11-05 22:57:50,504 - 82000: loss 0.305 time 27.05
2024-11-05 22:58:17,917 - 83000: loss 0.305 time 27.41
2024-11-05 22:58:45,216 - 84000: loss 0.306 time 27.30
2024-11-05 22:59:12,683 - 85000: loss 0.309 time 27.47
2024-11-05 22:59:40,323 - 86000: loss 0.305 time 27.64
2024-11-05 23:00:08,152 - 87000: loss 0.306 time 27.83
2024-11-05 23:00:35,549 - 88000: loss 0.307 time 27.40
2024-11-05 23:01:03,262 - 89000: loss 0.306 time 27.71
2024-11-05 23:01:30,694 - 90000: loss 0.307 time 27.43
2024-11-05 23:01:58,441 - 91000: loss 0.306 time 27.75
2024-11-05 23:02:26,591 - 92000: loss 0.306 time 28.15
2024-11-05 23:02:54,504 - 93000: loss 0.305 time 27.91
2024-11-05 23:03:22,400 - 94000: loss 0.306 time 27.90
2024-11-05 23:03:50,333 - 95000: loss 0.306 time 27.93
2024-11-05 23:04:17,943 - 96000: loss 0.306 time 27.61
2024-11-05 23:04:46,334 - 97000: loss 0.306 time 28.39
2024-11-05 23:05:14,141 - 98000: loss 0.306 time 27.81
2024-11-05 23:05:42,747 - 99000: loss 0.307 time 28.61
2024-11-05 23:06:11,234 - 100000: loss 0.304 time 28.49
2024-11-05 23:06:39,789 - 101000: loss 0.307 time 28.56
2024-11-05 23:07:08,691 - 102000: loss 0.306 time 28.90
2024-11-05 23:07:37,906 - 103000: loss 0.305 time 29.21
2024-11-05 23:08:07,262 - 104000: loss 0.305 time 29.36
2024-11-05 23:08:36,357 - 105000: loss 0.307 time 29.09
2024-11-05 23:09:05,713 - 106000: loss 0.306 time 29.36
2024-11-05 23:09:35,379 - 107000: loss 0.305 time 29.67
2024-11-05 23:10:04,971 - 108000: loss 0.304 time 29.59
2024-11-05 23:10:34,713 - 109000: loss 0.304 time 29.74
2024-11-05 23:11:04,718 - 110000: loss 0.308 time 30.00
2024-11-05 23:11:34,368 - 111000: loss 0.306 time 29.65
2024-11-05 23:12:03,918 - 112000: loss 0.306 time 29.55
2024-11-05 23:12:34,135 - 113000: loss 0.305 time 30.22
2024-11-05 23:13:03,931 - 114000: loss 0.303 time 29.80
2024-11-05 23:13:33,890 - 115000: loss 0.306 time 29.96
2024-11-05 23:14:04,484 - 116000: loss 0.305 time 30.59
2024-11-05 23:14:34,896 - 117000: loss 0.305 time 30.41
2024-11-05 23:15:05,086 - 118000: loss 0.305 time 30.19
2024-11-05 23:15:35,658 - 119000: loss 0.305 time 30.57
2024-11-05 23:16:06,165 - 120000: loss 0.305 time 30.51
2024-11-05 23:16:36,510 - 121000: loss 0.304 time 30.34
2024-11-05 23:17:07,087 - 122000: loss 0.304 time 30.58
2024-11-05 23:17:37,486 - 123000: loss 0.305 time 30.40
2024-11-05 23:18:08,381 - 124000: loss 0.306 time 30.89
2024-11-05 23:18:39,409 - 125000: loss 0.303 time 31.03
2024-11-05 23:19:10,278 - 126000: loss 0.305 time 30.87
2024-11-05 23:19:41,323 - 127000: loss 0.305 time 31.05
2024-11-05 23:20:12,313 - 128000: loss 0.306 time 30.99
2024-11-05 23:20:42,699 - 129000: loss 0.305 time 30.39
2024-11-05 23:21:13,752 - 130000: loss 0.305 time 31.05
2024-11-05 23:21:44,856 - 131000: loss 0.305 time 31.10
2024-11-05 23:22:16,018 - 132000: loss 0.304 time 31.16
2024-11-05 23:22:47,661 - 133000: loss 0.306 time 31.64
2024-11-05 23:23:19,001 - 134000: loss 0.305 time 31.34
2024-11-05 23:23:50,571 - 135000: loss 0.306 time 31.57
2024-11-05 23:24:21,947 - 136000: loss 0.303 time 31.38
2024-11-05 23:24:53,266 - 137000: loss 0.304 time 31.32
2024-11-05 23:25:25,158 - 138000: loss 0.306 time 31.89
2024-11-05 23:25:55,866 - 139000: loss 0.305 time 30.71
2024-11-05 23:26:27,415 - 140000: loss 0.308 time 31.55
2024-11-05 23:26:59,334 - 141000: loss 0.304 time 31.92
2024-11-05 23:27:31,320 - 142000: loss 0.305 time 31.99
2024-11-05 23:28:03,744 - 143000: loss 0.305 time 32.42
2024-11-05 23:28:35,895 - 144000: loss 0.304 time 32.15
2024-11-05 23:29:07,698 - 145000: loss 0.305 time 31.80
2024-11-05 23:29:40,392 - 146000: loss 0.305 time 32.69
2024-11-05 23:30:13,011 - 147000: loss 0.305 time 32.62
2024-11-05 23:30:45,862 - 148000: loss 0.306 time 32.85
2024-11-05 23:31:18,865 - 149000: loss 0.302 time 33.00
2024-11-05 23:31:51,835 - 150000: loss 0.304 time 32.97
2024-11-05 23:32:24,879 - 151000: loss 0.306 time 33.04
2024-11-05 23:32:57,942 - 152000: loss 0.305 time 33.06
2024-11-05 23:33:31,306 - 153000: loss 0.304 time 33.36
2024-11-05 23:34:04,629 - 154000: loss 0.305 time 33.32
2024-11-05 23:34:37,905 - 155000: loss 0.306 time 33.28
2024-11-05 23:35:10,524 - 156000: loss 0.305 time 32.62
2024-11-05 23:35:44,138 - 157000: loss 0.305 time 33.61
2024-11-05 23:36:17,724 - 158000: loss 0.304 time 33.59
2024-11-05 23:36:51,567 - 159000: loss 0.304 time 33.84
2024-11-05 23:37:24,972 - 160000: loss 0.304 time 33.40
2024-11-05 23:37:59,235 - 161000: loss 0.304 time 34.26
2024-11-05 23:38:33,522 - 162000: loss 0.305 time 34.29
2024-11-05 23:39:07,545 - 163000: loss 0.307 time 34.02
2024-11-05 23:39:41,647 - 164000: loss 0.302 time 34.10
2024-11-05 23:40:15,601 - 165000: loss 0.304 time 33.95
2024-11-05 23:40:49,894 - 166000: loss 0.306 time 34.29
2024-11-05 23:41:24,287 - 167000: loss 0.305 time 34.39
2024-11-05 23:41:58,726 - 168000: loss 0.305 time 34.44
2024-11-05 23:42:33,446 - 169000: loss 0.303 time 34.72
2024-11-05 23:43:08,247 - 170000: loss 0.306 time 34.80
2024-11-05 23:43:42,967 - 171000: loss 0.304 time 34.72
2024-11-05 23:44:17,918 - 172000: loss 0.303 time 34.95
2024-11-05 23:44:53,098 - 173000: loss 0.304 time 35.18
2024-11-05 23:45:27,762 - 174000: loss 0.306 time 34.66
2024-11-05 23:46:02,462 - 175000: loss 0.303 time 34.70
2024-11-05 23:46:37,628 - 176000: loss 0.304 time 35.17
2024-11-05 23:47:13,026 - 177000: loss 0.303 time 35.40
2024-11-05 23:47:48,582 - 178000: loss 0.304 time 35.56
2024-11-05 23:48:23,557 - 179000: loss 0.303 time 34.97
2024-11-05 23:48:59,005 - 180000: loss 0.305 time 35.45
2024-11-05 23:49:34,418 - 181000: loss 0.306 time 35.41
2024-11-05 23:50:09,831 - 182000: loss 0.304 time 35.41
2024-11-05 23:50:45,188 - 183000: loss 0.305 time 35.36
2024-11-05 23:51:20,769 - 184000: loss 0.305 time 35.58
2024-11-05 23:51:56,166 - 185000: loss 0.307 time 35.40
2024-11-05 23:52:31,853 - 186000: loss 0.301 time 35.69
2024-11-05 23:53:07,789 - 187000: loss 0.304 time 35.94
2024-11-05 23:53:43,574 - 188000: loss 0.303 time 35.79
2024-11-05 23:54:18,244 - 189000: loss 0.304 time 34.67
2024-11-05 23:54:54,032 - 190000: loss 0.305 time 35.79
2024-11-05 23:55:29,581 - 191000: loss 0.305 time 35.55
2024-11-05 23:56:04,943 - 192000: loss 0.304 time 35.36
2024-11-05 23:56:40,831 - 193000: loss 0.303 time 35.89
2024-11-05 23:57:16,985 - 194000: loss 0.304 time 36.15
2024-11-05 23:57:53,187 - 195000: loss 0.306 time 36.20
2024-11-05 23:58:29,613 - 196000: loss 0.305 time 36.43
2024-11-05 23:59:06,233 - 197000: loss 0.304 time 36.62
2024-11-05 23:59:42,711 - 198000: loss 0.306 time 36.48
2024-11-06 00:00:18,933 - 199000: loss 0.306 time 36.22
2024-11-06 00:00:55,336 - 200000: loss 0.304 time 36.40
2024-11-06 00:01:32,336 - 201000: loss 0.304 time 37.00
2024-11-06 00:02:08,686 - 202000: loss 0.304 time 36.35
2024-11-06 00:02:45,837 - 203000: loss 0.305 time 37.15
2024-11-06 00:03:22,765 - 204000: loss 0.304 time 36.93
2024-11-06 00:03:59,480 - 205000: loss 0.304 time 36.71
2024-11-06 00:04:35,828 - 206000: loss 0.303 time 36.35
2024-11-06 00:05:13,070 - 207000: loss 0.305 time 37.24
2024-11-06 00:05:50,402 - 208000: loss 0.303 time 37.33
2024-11-06 00:06:27,748 - 209000: loss 0.304 time 37.35
2024-11-06 00:07:03,917 - 210000: loss 0.304 time 36.17
2024-11-06 00:07:41,374 - 211000: loss 0.303 time 37.46
2024-11-06 00:08:19,209 - 212000: loss 0.302 time 37.84
2024-11-06 00:08:56,885 - 213000: loss 0.303 time 37.68
2024-11-06 00:09:34,982 - 214000: loss 0.304 time 38.10
2024-11-06 00:10:13,137 - 215000: loss 0.305 time 38.16
2024-11-06 00:10:51,392 - 216000: loss 0.304 time 38.25
2024-11-06 00:11:29,732 - 217000: loss 0.306 time 38.34
2024-11-06 00:12:07,877 - 218000: loss 0.305 time 38.15
2024-11-06 00:12:46,018 - 219000: loss 0.304 time 38.14
2024-11-06 00:13:24,385 - 220000: loss 0.306 time 38.37
2024-11-06 00:14:02,564 - 221000: loss 0.303 time 38.18
2024-11-06 00:14:41,435 - 222000: loss 0.305 time 38.87
2024-11-06 00:15:20,410 - 223000: loss 0.303 time 38.97
2024-11-06 00:15:59,364 - 224000: loss 0.303 time 38.95
2024-11-06 00:16:38,461 - 225000: loss 0.303 time 39.10
2024-11-06 00:17:17,117 - 226000: loss 0.307 time 38.66
2024-11-06 00:17:56,515 - 227000: loss 0.303 time 39.40
2024-11-06 00:18:35,863 - 228000: loss 0.302 time 39.35
2024-11-06 00:19:15,413 - 229000: loss 0.304 time 39.55
2024-11-06 00:19:54,975 - 230000: loss 0.304 time 39.56
2024-11-06 00:20:34,644 - 231000: loss 0.303 time 39.67
2024-11-06 00:21:13,964 - 232000: loss 0.305 time 39.32
2024-11-06 00:21:53,888 - 233000: loss 0.305 time 39.92
2024-11-06 00:22:34,063 - 234000: loss 0.305 time 40.18
2024-11-06 00:23:14,083 - 235000: loss 0.304 time 40.02
2024-11-06 00:23:53,847 - 236000: loss 0.305 time 39.76
2024-11-06 00:24:33,705 - 237000: loss 0.305 time 39.86
2024-11-06 00:25:13,776 - 238000: loss 0.306 time 40.07
2024-11-06 00:25:54,901 - 239000: loss 0.304 time 41.12
2024-11-06 00:26:35,388 - 240000: loss 0.304 time 40.49
2024-11-06 00:27:16,289 - 241000: loss 0.304 time 40.90
2024-11-06 00:27:57,363 - 242000: loss 0.303 time 41.07
2024-11-06 00:28:37,087 - 243000: loss 0.305 time 39.72
2024-11-06 00:29:17,862 - 244000: loss 0.304 time 40.78
2024-11-06 00:29:57,952 - 245000: loss 0.306 time 40.09
2024-11-06 00:30:38,719 - 246000: loss 0.303 time 40.77
2024-11-06 00:31:19,766 - 247000: loss 0.303 time 41.05
2024-11-06 00:32:00,913 - 248000: loss 0.303 time 41.15
2024-11-06 00:32:42,576 - 249000: loss 0.304 time 41.66
2024-11-06 00:33:24,152 - 250000: loss 0.304 time 41.58
2024-11-06 00:34:05,040 - 251000: loss 0.304 time 40.89
2024-11-06 00:34:46,448 - 252000: loss 0.303 time 41.41
2024-11-06 00:35:27,857 - 253000: loss 0.304 time 41.41
2024-11-06 00:36:09,532 - 254000: loss 0.305 time 41.67
2024-11-06 00:36:51,503 - 255000: loss 0.303 time 41.97
2024-11-06 00:37:33,521 - 256000: loss 0.304 time 42.02
2024-11-06 00:38:14,590 - 257000: loss 0.304 time 41.07
2024-11-06 00:38:56,704 - 258000: loss 0.303 time 42.11
2024-11-06 00:39:38,992 - 259000: loss 0.305 time 42.29
2024-11-06 00:40:21,439 - 260000: loss 0.303 time 42.45
2024-11-06 00:41:03,623 - 261000: loss 0.304 time 42.18
2024-11-06 00:41:45,948 - 262000: loss 0.303 time 42.32
2024-11-06 00:42:28,676 - 263000: loss 0.304 time 42.73
2024-11-06 00:43:11,012 - 264000: loss 0.303 time 42.34
2024-11-06 00:43:53,790 - 265000: loss 0.304 time 42.78
2024-11-06 00:44:36,333 - 266000: loss 0.302 time 42.54
2024-11-06 00:45:19,031 - 267000: loss 0.305 time 42.70
2024-11-06 00:46:02,187 - 268000: loss 0.304 time 43.16
2024-11-06 00:46:45,047 - 269000: loss 0.305 time 42.86
2024-11-06 00:47:28,048 - 270000: loss 0.304 time 43.00
2024-11-06 00:48:10,902 - 271000: loss 0.303 time 42.85
2024-11-06 00:48:53,706 - 272000: loss 0.303 time 42.80
2024-11-06 00:49:36,966 - 273000: loss 0.305 time 43.26
2024-11-06 00:50:20,182 - 274000: loss 0.304 time 43.22
2024-11-06 00:51:03,228 - 275000: loss 0.302 time 43.05
2024-11-06 00:51:46,207 - 276000: loss 0.303 time 42.98
2024-11-06 00:52:29,527 - 277000: loss 0.304 time 43.32
2024-11-06 00:53:12,426 - 278000: loss 0.305 time 42.90
2024-11-06 00:53:55,862 - 279000: loss 0.302 time 43.44
2024-11-06 00:54:38,728 - 280000: loss 0.305 time 42.87
2024-11-06 00:55:22,136 - 281000: loss 0.304 time 43.41
2024-11-06 00:56:06,104 - 282000: loss 0.304 time 43.97
2024-11-06 00:56:50,199 - 283000: loss 0.304 time 44.10
2024-11-06 00:57:33,067 - 284000: loss 0.304 time 42.87
2024-11-06 00:58:17,580 - 285000: loss 0.303 time 44.51
2024-11-06 00:59:02,162 - 286000: loss 0.305 time 44.58
2024-11-06 00:59:46,446 - 287000: loss 0.302 time 44.28
2024-11-06 01:00:31,092 - 288000: loss 0.305 time 44.65
2024-11-06 01:01:15,653 - 289000: loss 0.305 time 44.56
2024-11-06 01:01:59,452 - 290000: loss 0.303 time 43.80
2024-11-06 01:02:44,126 - 291000: loss 0.303 time 44.67
2024-11-06 01:03:29,068 - 292000: loss 0.304 time 44.94
2024-11-06 01:04:14,555 - 293000: loss 0.306 time 45.49
2024-11-06 01:04:59,514 - 294000: loss 0.304 time 44.96
2024-11-06 01:05:44,638 - 295000: loss 0.304 time 45.12
2024-11-06 01:06:29,906 - 296000: loss 0.304 time 45.27
2024-11-06 01:07:13,832 - 297000: loss 0.303 time 43.93
2024-11-06 01:07:58,889 - 298000: loss 0.304 time 45.06
2024-11-06 01:08:43,906 - 299000: loss 0.303 time 45.02
2024-11-06 01:09:28,802 - 300000: loss 0.306 time 44.90
2024-11-06 01:10:12,940 - 301000: loss 0.304 time 44.14
2024-11-06 01:10:57,854 - 302000: loss 0.302 time 44.91
2024-11-06 01:11:43,204 - 303000: loss 0.304 time 45.35
2024-11-06 01:12:29,226 - 304000: loss 0.303 time 46.02
2024-11-06 01:13:15,609 - 305000: loss 0.303 time 46.38
2024-11-06 01:14:01,845 - 306000: loss 0.308 time 46.24
2024-11-06 01:14:48,346 - 307000: loss 0.303 time 46.50
2024-11-06 01:15:35,188 - 308000: loss 0.304 time 46.84
2024-11-06 01:16:21,408 - 309000: loss 0.301 time 46.22
2024-11-06 01:17:08,192 - 310000: loss 0.306 time 46.78
2024-11-06 01:17:55,064 - 311000: loss 0.303 time 46.87
2024-11-06 01:18:40,831 - 312000: loss 0.306 time 45.77
2024-11-06 01:19:27,380 - 313000: loss 0.304 time 46.55
2024-11-06 01:20:13,054 - 314000: loss 0.303 time 45.67
2024-11-06 01:21:00,056 - 315000: loss 0.303 time 47.00
2024-11-06 01:21:46,837 - 316000: loss 0.304 time 46.78
2024-11-06 01:22:33,732 - 317000: loss 0.304 time 46.89
2024-11-06 01:23:20,698 - 318000: loss 0.303 time 46.97
2024-11-06 01:24:07,947 - 319000: loss 0.302 time 47.25
2024-11-06 01:24:55,183 - 320000: loss 0.303 time 47.24
2024-11-06 01:25:41,936 - 321000: loss 0.304 time 46.75
2024-11-06 01:26:28,361 - 322000: loss 0.304 time 46.42
2024-11-06 01:27:15,125 - 323000: loss 0.305 time 46.76
2024-11-06 01:28:02,837 - 324000: loss 0.302 time 47.71
2024-11-06 01:28:50,728 - 325000: loss 0.302 time 47.89
2024-11-06 01:29:38,474 - 326000: loss 0.305 time 47.75
2024-11-06 01:30:26,034 - 327000: loss 0.306 time 47.56
2024-11-06 01:31:14,022 - 328000: loss 0.302 time 47.99
2024-11-06 01:32:01,443 - 329000: loss 0.304 time 47.42
2024-11-06 01:32:49,439 - 330000: loss 0.304 time 48.00
2024-11-06 01:33:36,888 - 331000: loss 0.303 time 47.45
2024-11-06 01:34:25,215 - 332000: loss 0.304 time 48.33
2024-11-06 01:35:12,990 - 333000: loss 0.304 time 47.77
2024-11-06 01:36:01,045 - 334000: loss 0.303 time 48.06
2024-11-06 01:36:49,201 - 335000: loss 0.304 time 48.16
2024-11-06 01:37:37,675 - 336000: loss 0.304 time 48.47
2024-11-06 01:38:25,890 - 337000: loss 0.303 time 48.21
2024-11-06 01:39:13,930 - 338000: loss 0.305 time 48.04
2024-11-06 01:40:01,913 - 339000: loss 0.303 time 47.98
2024-11-06 01:40:50,646 - 340000: loss 0.304 time 48.73
2024-11-06 01:41:37,428 - 341000: loss 0.304 time 46.78
2024-11-06 01:42:25,531 - 342000: loss 0.304 time 48.10
2024-11-06 01:43:14,153 - 343000: loss 0.303 time 48.62
2024-11-06 01:44:03,332 - 344000: loss 0.306 time 49.18
2024-11-06 01:44:52,360 - 345000: loss 0.305 time 49.03
2024-11-06 01:45:41,502 - 346000: loss 0.305 time 49.14
2024-11-06 01:46:31,012 - 347000: loss 0.303 time 49.51
2024-11-06 01:47:20,069 - 348000: loss 0.308 time 49.06
2024-11-06 01:48:09,005 - 349000: loss 0.304 time 48.94
2024-11-06 01:48:59,127 - 350000: loss 0.304 time 50.12
2024-11-06 01:49:48,756 - 351000: loss 0.308 time 49.63
2024-11-06 01:50:37,060 - 352000: loss 0.305 time 48.30
2024-11-06 01:51:26,591 - 353000: loss 0.303 time 49.53
2024-11-06 01:52:15,850 - 354000: loss 0.304 time 49.26
2024-11-06 01:53:05,497 - 355000: loss 0.303 time 49.65
2024-11-06 01:53:55,313 - 356000: loss 0.303 time 49.82
2024-11-06 01:54:45,633 - 357000: loss 0.304 time 50.32
2024-11-06 01:55:35,593 - 358000: loss 0.304 time 49.96
2024-11-06 01:56:26,396 - 359000: loss 0.304 time 50.80
2024-11-06 01:57:17,473 - 360000: loss 0.303 time 51.08
2024-11-06 01:58:07,594 - 361000: loss 0.305 time 50.12
2024-11-06 01:58:58,006 - 362000: loss 0.304 time 50.41
2024-11-06 01:59:48,506 - 363000: loss 0.304 time 50.50
2024-11-06 02:00:39,116 - 364000: loss 0.303 time 50.61
2024-11-06 02:01:29,693 - 365000: loss 0.305 time 50.58
2024-11-06 02:02:21,136 - 366000: loss 0.303 time 51.44
2024-11-06 02:03:11,859 - 367000: loss 0.303 time 50.72
2024-11-06 02:04:03,887 - 368000: loss 0.303 time 52.03
2024-11-06 02:04:55,676 - 369000: loss 0.303 time 51.79
2024-11-06 02:05:47,138 - 370000: loss 0.304 time 51.46
2024-11-06 02:06:39,387 - 371000: loss 0.304 time 52.25
2024-11-06 02:07:31,997 - 372000: loss 0.303 time 52.61
2024-11-06 02:08:24,651 - 373000: loss 0.304 time 52.65
2024-11-06 02:09:16,455 - 374000: loss 0.304 time 51.80
2024-11-06 02:10:09,172 - 375000: loss 0.302 time 52.72
2024-11-06 02:11:01,340 - 376000: loss 0.303 time 52.17
2024-11-06 02:11:54,054 - 377000: loss 0.302 time 52.71
2024-11-06 02:12:46,333 - 378000: loss 0.303 time 52.28
2024-11-06 02:13:39,566 - 379000: loss 0.303 time 53.23
2024-11-06 02:14:32,662 - 380000: loss 0.304 time 53.10
2024-11-06 02:15:25,451 - 381000: loss 0.304 time 52.79
2024-11-06 02:16:18,595 - 382000: loss 0.304 time 53.14
2024-11-06 02:17:12,281 - 383000: loss 0.303 time 53.69
2024-11-06 02:18:04,808 - 384000: loss 0.304 time 52.53
2024-11-06 02:18:58,703 - 385000: loss 0.302 time 53.90
2024-11-06 02:19:52,797 - 386000: loss 0.303 time 54.09
2024-11-06 02:20:46,780 - 387000: loss 0.304 time 53.98
2024-11-06 02:21:40,910 - 388000: loss 0.304 time 54.13
2024-11-06 02:22:34,707 - 389000: loss 0.304 time 53.80
2024-11-06 02:23:28,721 - 390000: loss 0.304 time 54.01
2024-11-06 02:24:22,091 - 391000: loss 0.303 time 53.37
2024-11-06 02:25:16,207 - 392000: loss 0.305 time 54.12
2024-11-06 02:26:10,262 - 393000: loss 0.304 time 54.06
2024-11-06 02:27:04,215 - 394000: loss 0.303 time 53.95
2024-11-06 02:27:58,840 - 395000: loss 0.302 time 54.63
2024-11-06 02:28:53,827 - 396000: loss 0.303 time 54.99
2024-11-06 02:29:48,336 - 397000: loss 0.303 time 54.51
2024-11-06 02:30:42,520 - 398000: loss 0.301 time 54.18
2024-11-06 02:31:36,142 - 399000: loss 0.305 time 53.62
2024-11-06 02:32:30,596 - 400000: loss 0.303 time 54.45
2024-11-06 02:33:25,523 - 401000: loss 0.304 time 54.93
2024-11-06 02:34:20,249 - 402000: loss 0.302 time 54.73
2024-11-06 02:35:14,627 - 403000: loss 0.304 time 54.38
2024-11-06 02:36:09,197 - 404000: loss 0.305 time 54.57
2024-11-06 02:37:03,485 - 405000: loss 0.305 time 54.29
2024-11-06 02:37:58,675 - 406000: loss 0.303 time 55.19
2024-11-06 02:38:53,329 - 407000: loss 0.303 time 54.65
2024-11-06 02:39:48,869 - 408000: loss 0.305 time 55.54
2024-11-06 02:40:43,799 - 409000: loss 0.301 time 54.93
2024-11-06 02:41:39,483 - 410000: loss 0.302 time 55.68
2024-11-06 02:42:34,329 - 411000: loss 0.304 time 54.85
2024-11-06 02:43:29,605 - 412000: loss 0.306 time 55.28
2024-11-06 02:44:25,078 - 413000: loss 0.305 time 55.47
2024-11-06 02:45:20,306 - 414000: loss 0.303 time 55.23
2024-11-06 02:46:15,650 - 415000: loss 0.304 time 55.34
2024-11-06 02:47:11,534 - 416000: loss 0.305 time 55.88
2024-11-06 02:48:06,761 - 417000: loss 0.306 time 55.23
2024-11-06 02:49:01,986 - 418000: loss 0.303 time 55.22
2024-11-06 02:49:57,926 - 419000: loss 0.303 time 55.94
2024-11-06 02:50:53,645 - 420000: loss 0.303 time 55.72
2024-11-06 02:51:50,109 - 421000: loss 0.303 time 56.46
2024-11-06 02:52:47,032 - 422000: loss 0.304 time 56.92
2024-11-06 02:53:44,094 - 423000: loss 0.304 time 57.06
2024-11-06 02:54:40,869 - 424000: loss 0.303 time 56.77
2024-11-06 02:55:38,009 - 425000: loss 0.305 time 57.14
2024-11-06 02:56:35,021 - 426000: loss 0.303 time 57.01
2024-11-06 02:57:31,615 - 427000: loss 0.303 time 56.59
2024-11-06 02:58:28,175 - 428000: loss 0.307 time 56.56
2024-11-06 02:59:25,728 - 429000: loss 0.303 time 57.55
2024-11-06 03:00:23,159 - 430000: loss 0.303 time 57.43
2024-11-06 03:01:21,194 - 431000: loss 0.303 time 58.04
2024-11-06 03:02:18,628 - 432000: loss 0.302 time 57.43
2024-11-06 03:03:16,192 - 433000: loss 0.304 time 57.56
2024-11-06 03:04:13,899 - 434000: loss 0.305 time 57.71
2024-11-06 03:05:11,608 - 435000: loss 0.304 time 57.71
2024-11-06 03:06:09,287 - 436000: loss 0.304 time 57.68
2024-11-06 03:07:07,353 - 437000: loss 0.304 time 58.07
2024-11-06 03:08:05,460 - 438000: loss 0.304 time 58.11
2024-11-06 03:09:03,376 - 439000: loss 0.303 time 57.92
2024-11-06 03:10:00,864 - 440000: loss 0.302 time 57.49
2024-11-06 03:10:58,300 - 441000: loss 0.305 time 57.44
2024-11-06 03:11:57,193 - 442000: loss 0.304 time 58.89
2024-11-06 03:12:55,670 - 443000: loss 0.303 time 58.48
2024-11-06 03:13:54,112 - 444000: loss 0.304 time 58.44
2024-11-06 03:14:51,582 - 445000: loss 0.304 time 57.47
2024-11-06 03:15:50,543 - 446000: loss 0.304 time 58.96
2024-11-06 03:16:49,457 - 447000: loss 0.304 time 58.91
2024-11-06 03:17:48,110 - 448000: loss 0.305 time 58.65
2024-11-06 03:18:46,323 - 449000: loss 0.304 time 58.21
2024-11-06 03:19:45,058 - 450000: loss 0.304 time 58.73
2024-11-06 03:20:42,612 - 451000: loss 0.303 time 57.55
2024-11-06 03:21:41,570 - 452000: loss 0.302 time 58.96
2024-11-06 03:22:40,887 - 453000: loss 0.304 time 59.32
2024-11-06 03:23:40,153 - 454000: loss 0.306 time 59.27
2024-11-06 03:24:39,631 - 455000: loss 0.305 time 59.48
2024-11-06 03:25:38,971 - 456000: loss 0.304 time 59.34
2024-11-06 03:26:37,962 - 457000: loss 0.303 time 58.99
2024-11-06 03:27:37,475 - 458000: loss 0.303 time 59.51
2024-11-06 03:28:36,122 - 459000: loss 0.304 time 58.65
2024-11-06 03:29:35,408 - 460000: loss 0.302 time 59.29
2024-11-06 03:30:35,384 - 461000: loss 0.303 time 59.98
2024-11-06 03:31:34,994 - 462000: loss 0.304 time 59.61
2024-11-06 03:32:34,798 - 463000: loss 0.304 time 59.80
2024-11-06 03:33:34,450 - 464000: loss 0.304 time 59.65
2024-11-06 03:34:34,182 - 465000: loss 0.303 time 59.73
2024-11-06 03:35:33,096 - 466000: loss 0.301 time 58.91
2024-11-06 03:36:32,420 - 467000: loss 0.301 time 59.32
2024-11-06 03:37:32,066 - 468000: loss 0.302 time 59.65
2024-11-06 03:38:32,126 - 469000: loss 0.305 time 60.06
2024-11-06 03:39:32,226 - 470000: loss 0.303 time 60.10
2024-11-06 03:40:32,476 - 471000: loss 0.303 time 60.25
2024-11-06 03:41:32,779 - 472000: loss 0.303 time 60.30
2024-11-06 03:42:33,399 - 473000: loss 0.303 time 60.62
2024-11-06 03:43:34,334 - 474000: loss 0.305 time 60.94
2024-11-06 03:44:34,741 - 475000: loss 0.302 time 60.41
2024-11-06 03:45:35,238 - 476000: loss 0.304 time 60.50
2024-11-06 03:46:34,746 - 477000: loss 0.303 time 59.51
2024-11-06 03:47:35,447 - 478000: loss 0.304 time 60.70
2024-11-06 03:48:36,187 - 479000: loss 0.303 time 60.74
2024-11-06 03:49:35,875 - 480000: loss 0.302 time 59.69
2024-11-06 03:50:37,010 - 481000: loss 0.303 time 61.14
2024-11-06 03:51:38,034 - 482000: loss 0.303 time 61.02
2024-11-06 03:52:39,418 - 483000: loss 0.304 time 61.38
2024-11-06 03:53:40,470 - 484000: loss 0.305 time 61.05
2024-11-06 03:54:42,338 - 485000: loss 0.302 time 61.87
2024-11-06 03:55:43,865 - 486000: loss 0.303 time 61.53
2024-11-06 03:56:43,943 - 487000: loss 0.303 time 60.08
2024-11-06 03:57:45,587 - 488000: loss 0.303 time 61.64
2024-11-06 03:58:47,084 - 489000: loss 0.304 time 61.50
2024-11-06 03:59:48,437 - 490000: loss 0.303 time 61.35
2024-11-06 04:00:50,473 - 491000: loss 0.304 time 62.04
2024-11-06 04:01:51,636 - 492000: loss 0.302 time 61.16
2024-11-06 04:02:53,445 - 493000: loss 0.303 time 61.81
2024-11-06 04:03:55,138 - 494000: loss 0.302 time 61.69
2024-11-06 04:04:57,492 - 495000: loss 0.303 time 62.35
2024-11-06 04:05:59,110 - 496000: loss 0.303 time 61.62
2024-11-06 04:07:00,626 - 497000: loss 0.302 time 61.52
2024-11-06 04:08:03,067 - 498000: loss 0.302 time 62.44
2024-11-06 04:09:04,640 - 499000: loss 0.304 time 61.57
2024-11-06 04:10:06,979 - 500000: loss 0.303 time 62.34
2024-11-06 04:11:08,887 - 501000: loss 0.304 time 61.91
2024-11-06 04:12:11,249 - 502000: loss 0.303 time 62.36
2024-11-06 04:13:14,904 - 503000: loss 0.303 time 63.65
2024-11-06 04:14:17,961 - 504000: loss 0.303 time 63.06
2024-11-06 04:15:21,355 - 505000: loss 0.306 time 63.39
2024-11-06 04:16:25,354 - 506000: loss 0.303 time 64.00
2024-11-06 04:17:29,019 - 507000: loss 0.302 time 63.66
2024-11-06 04:18:32,781 - 508000: loss 0.303 time 63.76
2024-11-06 04:19:34,734 - 509000: loss 0.302 time 61.95
2024-11-06 04:20:39,394 - 510000: loss 0.303 time 64.66
2024-11-06 04:21:43,076 - 511000: loss 0.302 time 63.68
2024-11-06 04:22:46,668 - 512000: loss 0.304 time 63.59
2024-11-06 04:23:50,996 - 513000: loss 0.302 time 64.33
2024-11-06 04:24:54,450 - 514000: loss 0.303 time 63.45
2024-11-06 04:25:59,448 - 515000: loss 0.303 time 65.00
2024-11-06 04:27:04,329 - 516000: loss 0.302 time 64.88
2024-11-06 04:28:08,684 - 517000: loss 0.302 time 64.35
2024-11-06 04:29:13,295 - 518000: loss 0.301 time 64.61
2024-11-06 04:30:18,657 - 519000: loss 0.304 time 65.36
2024-11-06 04:31:22,605 - 520000: loss 0.304 time 63.95
2024-11-06 04:32:27,807 - 521000: loss 0.302 time 65.20
2024-11-06 04:33:33,247 - 522000: loss 0.305 time 65.44
2024-11-06 04:34:38,451 - 523000: loss 0.305 time 65.20
2024-11-06 04:35:44,055 - 524000: loss 0.304 time 65.60
2024-11-06 04:36:49,836 - 525000: loss 0.305 time 65.78
2024-11-06 04:37:55,720 - 526000: loss 0.301 time 65.88
2024-11-06 04:39:00,818 - 527000: loss 0.301 time 65.10
2024-11-06 04:40:06,288 - 528000: loss 0.302 time 65.47
2024-11-06 04:41:11,932 - 529000: loss 0.304 time 65.64
2024-11-06 04:42:17,571 - 530000: loss 0.303 time 65.64
2024-11-06 04:43:23,665 - 531000: loss 0.303 time 66.09
2024-11-06 04:44:30,012 - 532000: loss 0.303 time 66.35
2024-11-06 04:45:35,833 - 533000: loss 0.303 time 65.82
2024-11-06 04:46:42,292 - 534000: loss 0.303 time 66.46
2024-11-06 04:47:48,061 - 535000: loss 0.305 time 65.77
2024-11-06 04:48:53,392 - 536000: loss 0.303 time 65.33
2024-11-06 04:50:00,162 - 537000: loss 0.303 time 66.77
2024-11-06 04:51:07,156 - 538000: loss 0.302 time 66.99
2024-11-06 04:52:14,310 - 539000: loss 0.303 time 67.15
2024-11-06 04:53:20,332 - 540000: loss 0.303 time 66.02
2024-11-06 04:54:26,205 - 541000: loss 0.304 time 65.87
2024-11-06 04:55:32,095 - 542000: loss 0.303 time 65.89
2024-11-06 04:56:38,274 - 543000: loss 0.302 time 66.18
2024-11-06 04:57:45,444 - 544000: loss 0.304 time 67.17
2024-11-06 04:58:52,086 - 545000: loss 0.304 time 66.64
2024-11-06 04:59:59,265 - 546000: loss 0.303 time 67.18
2024-11-06 05:01:05,897 - 547000: loss 0.303 time 66.63
2024-11-06 05:02:13,408 - 548000: loss 0.302 time 67.51
2024-11-06 05:03:20,276 - 549000: loss 0.304 time 66.87
2024-11-06 05:04:27,288 - 550000: loss 0.302 time 67.01
2024-11-06 05:05:34,325 - 551000: loss 0.303 time 67.04
2024-11-06 05:06:42,177 - 552000: loss 0.304 time 67.85
2024-11-06 05:07:49,479 - 553000: loss 0.306 time 67.30
2024-11-06 05:08:55,807 - 554000: loss 0.307 time 66.33
2024-11-06 05:10:02,273 - 555000: loss 0.305 time 66.47
2024-11-06 05:11:08,211 - 556000: loss 0.304 time 65.94
2024-11-06 05:12:16,362 - 557000: loss 0.304 time 68.15
2024-11-06 05:13:24,118 - 558000: loss 0.303 time 67.76
2024-11-06 05:14:33,235 - 559000: loss 0.303 time 69.12
2024-11-06 05:15:41,345 - 560000: loss 0.305 time 68.11
2024-11-06 05:16:46,714 - 561000: loss 0.302 time 65.37
2024-11-06 05:17:51,501 - 562000: loss 0.304 time 64.79
2024-11-06 05:18:57,089 - 563000: loss 0.301 time 65.59
2024-11-06 05:20:01,225 - 564000: loss 0.303 time 64.14
2024-11-06 05:21:05,334 - 565000: loss 0.304 time 64.11
2024-11-06 05:22:09,495 - 566000: loss 0.303 time 64.16
2024-11-06 05:23:15,340 - 567000: loss 0.303 time 65.84
2024-11-06 05:24:20,763 - 568000: loss 0.302 time 65.42
2024-11-06 05:25:24,259 - 569000: loss 0.303 time 63.50
2024-11-06 05:26:28,453 - 570000: loss 0.303 time 64.19
2024-11-06 05:27:34,547 - 571000: loss 0.304 time 66.09
2024-11-06 05:28:41,373 - 572000: loss 0.302 time 66.83
2024-11-06 05:29:45,146 - 573000: loss 0.303 time 63.77
2024-11-06 05:30:50,513 - 574000: loss 0.303 time 65.37
2024-11-06 05:31:55,055 - 575000: loss 0.304 time 64.54
2024-11-06 05:33:01,126 - 576000: loss 0.304 time 66.07
2024-11-06 05:34:07,364 - 577000: loss 0.304 time 66.24
2024-11-06 05:35:12,723 - 578000: loss 0.302 time 65.36
2024-11-06 05:36:19,297 - 579000: loss 0.302 time 66.57
2024-11-06 05:37:25,798 - 580000: loss 0.304 time 66.50
2024-11-06 05:38:33,384 - 581000: loss 0.304 time 67.59
2024-11-06 05:39:41,636 - 582000: loss 0.304 time 68.25
2024-11-06 05:40:49,620 - 583000: loss 0.302 time 67.98
2024-11-06 05:41:58,612 - 584000: loss 0.305 time 68.99
2024-11-06 05:43:06,174 - 585000: loss 0.304 time 67.56
2024-11-06 05:44:13,245 - 586000: loss 0.303 time 67.07
2024-11-06 05:45:20,082 - 587000: loss 0.302 time 66.84
2024-11-06 05:46:27,785 - 588000: loss 0.302 time 67.70
2024-11-06 05:47:36,186 - 589000: loss 0.301 time 68.40
2024-11-06 05:48:44,985 - 590000: loss 0.302 time 68.80
2024-11-06 05:49:53,353 - 591000: loss 0.303 time 68.37
2024-11-06 05:51:02,625 - 592000: loss 0.303 time 69.27
2024-11-06 05:52:11,013 - 593000: loss 0.305 time 68.39
2024-11-06 05:53:19,627 - 594000: loss 0.303 time 68.61
2024-11-06 05:54:27,389 - 595000: loss 0.302 time 67.76
2024-11-06 05:55:32,956 - 596000: loss 0.301 time 65.57
2024-11-06 05:56:38,851 - 597000: loss 0.304 time 65.89
2024-11-06 05:57:47,558 - 598000: loss 0.302 time 68.71
2024-11-06 05:58:56,145 - 599000: loss 0.303 time 68.59
2024-11-06 06:00:05,303 - 600000: loss 0.303 time 69.16
2024-11-06 06:01:13,033 - 601000: loss 0.303 time 67.73
2024-11-06 06:02:20,918 - 602000: loss 0.304 time 67.89
2024-11-06 06:03:29,689 - 603000: loss 0.304 time 68.77
2024-11-06 06:04:38,887 - 604000: loss 0.303 time 69.20
2024-11-06 06:05:45,643 - 605000: loss 0.304 time 66.76
2024-11-06 06:06:54,573 - 606000: loss 0.303 time 68.93
2024-11-06 06:08:02,920 - 607000: loss 0.303 time 68.35
2024-11-06 06:09:12,089 - 608000: loss 0.304 time 69.17
2024-11-06 06:10:20,323 - 609000: loss 0.302 time 68.23
2024-11-06 06:11:29,619 - 610000: loss 0.302 time 69.30
2024-11-06 06:12:38,772 - 611000: loss 0.301 time 69.15
2024-11-06 06:13:44,972 - 612000: loss 0.304 time 66.20
2024-11-06 06:14:56,177 - 613000: loss 0.303 time 71.21
2024-11-06 06:16:07,016 - 614000: loss 0.302 time 70.84
2024-11-06 06:17:18,650 - 615000: loss 0.303 time 71.63
2024-11-06 06:18:29,122 - 616000: loss 0.305 time 70.47
2024-11-06 06:19:39,990 - 617000: loss 0.306 time 70.87
2024-11-06 06:20:47,952 - 618000: loss 0.302 time 67.96
2024-11-06 06:21:59,309 - 619000: loss 0.305 time 71.36
2024-11-06 06:23:07,572 - 620000: loss 0.301 time 68.26
2024-11-06 06:24:18,688 - 621000: loss 0.302 time 71.12
2024-11-06 06:25:28,400 - 622000: loss 0.302 time 69.71
2024-11-06 06:26:40,843 - 623000: loss 0.302 time 72.44
2024-11-06 06:27:52,187 - 624000: loss 0.303 time 71.34
2024-11-06 06:29:03,643 - 625000: loss 0.300 time 71.46
2024-11-06 06:30:14,107 - 626000: loss 0.303 time 70.46
2024-11-06 06:31:23,602 - 627000: loss 0.303 time 69.50
2024-11-06 06:32:34,577 - 628000: loss 0.302 time 70.98
2024-11-06 06:33:43,274 - 629000: loss 0.303 time 68.70
2024-11-06 06:34:53,258 - 630000: loss 0.303 time 69.98
2024-11-06 06:36:00,382 - 631000: loss 0.303 time 67.12
2024-11-06 06:37:10,311 - 632000: loss 0.303 time 69.93
2024-11-06 06:38:21,332 - 633000: loss 0.304 time 71.02
2024-11-06 06:39:34,082 - 634000: loss 0.304 time 72.75
2024-11-06 06:40:44,024 - 635000: loss 0.303 time 69.94
2024-11-06 06:41:54,252 - 636000: loss 0.303 time 70.23
2024-11-06 06:43:07,585 - 637000: loss 0.303 time 73.33
2024-11-06 06:44:19,766 - 638000: loss 0.304 time 72.18
2024-11-06 06:45:28,311 - 639000: loss 0.305 time 68.54
2024-11-06 06:46:39,645 - 640000: loss 0.306 time 71.33
2024-11-06 06:47:50,296 - 641000: loss 0.304 time 70.65
2024-11-06 06:49:00,893 - 642000: loss 0.303 time 70.60
2024-11-06 06:50:14,070 - 643000: loss 0.303 time 73.18
2024-11-06 06:51:24,254 - 644000: loss 0.302 time 70.18
2024-11-06 06:52:36,326 - 645000: loss 0.302 time 72.07
2024-11-06 06:53:48,744 - 646000: loss 0.303 time 72.42
2024-11-06 06:55:00,644 - 647000: loss 0.302 time 71.90
2024-11-06 06:56:12,980 - 648000: loss 0.302 time 72.34
2024-11-06 06:57:24,834 - 649000: loss 0.302 time 71.85
2024-11-06 06:58:38,090 - 650000: loss 0.302 time 73.26
2024-11-06 06:59:49,551 - 651000: loss 0.303 time 71.46
2024-11-06 07:01:01,888 - 652000: loss 0.304 time 72.34
2024-11-06 07:02:14,969 - 653000: loss 0.302 time 73.08
2024-11-06 07:03:29,131 - 654000: loss 0.303 time 74.16
2024-11-06 07:04:41,137 - 655000: loss 0.302 time 72.01
2024-11-06 07:05:55,009 - 656000: loss 0.303 time 73.87
2024-11-06 07:07:05,609 - 657000: loss 0.302 time 70.60
2024-11-06 07:08:17,617 - 658000: loss 0.304 time 72.01
2024-11-06 07:09:31,832 - 659000: loss 0.304 time 74.22
2024-11-06 07:10:45,236 - 660000: loss 0.300 time 73.40
2024-11-06 07:11:58,343 - 661000: loss 0.304 time 73.11
2024-11-06 07:13:12,192 - 662000: loss 0.303 time 73.85
2024-11-06 07:14:25,307 - 663000: loss 0.302 time 73.11
2024-11-06 07:15:37,354 - 664000: loss 0.302 time 72.05
2024-11-06 07:16:53,217 - 665000: loss 0.302 time 75.86
2024-11-06 07:18:04,806 - 666000: loss 0.303 time 71.59
2024-11-06 07:19:18,542 - 667000: loss 0.303 time 73.74
2024-11-06 07:20:32,923 - 668000: loss 0.304 time 74.38
2024-11-06 07:21:47,057 - 669000: loss 0.304 time 74.13
2024-11-06 07:23:01,344 - 670000: loss 0.305 time 74.29
2024-11-06 07:24:15,626 - 671000: loss 0.303 time 74.28
2024-11-06 07:25:30,650 - 672000: loss 0.302 time 75.02
2024-11-06 07:26:44,609 - 673000: loss 0.302 time 73.96
2024-11-06 07:27:58,224 - 674000: loss 0.302 time 73.61
2024-11-06 07:29:12,137 - 675000: loss 0.303 time 73.91
2024-11-06 07:30:25,143 - 676000: loss 0.302 time 73.01
2024-11-06 07:31:38,984 - 677000: loss 0.303 time 73.84
2024-11-06 07:32:54,402 - 678000: loss 0.302 time 75.42
2024-11-06 07:34:11,355 - 679000: loss 0.304 time 76.95
2024-11-06 07:35:28,136 - 680000: loss 0.303 time 76.78
2024-11-06 07:36:41,373 - 681000: loss 0.301 time 73.24
2024-11-06 07:37:56,606 - 682000: loss 0.302 time 75.23
2024-11-06 07:39:08,595 - 683000: loss 0.303 time 71.99
2024-11-06 07:40:21,428 - 684000: loss 0.304 time 72.83
2024-11-06 07:41:32,785 - 685000: loss 0.304 time 71.36
2024-11-06 07:42:48,347 - 686000: loss 0.303 time 75.56
2024-11-06 07:44:03,014 - 687000: loss 0.304 time 74.67
2024-11-06 07:45:20,791 - 688000: loss 0.303 time 77.78
2024-11-06 07:46:35,852 - 689000: loss 0.305 time 75.06
2024-11-06 07:47:52,143 - 690000: loss 0.302 time 76.29
2024-11-06 07:49:06,405 - 691000: loss 0.301 time 74.26
2024-11-06 07:50:20,705 - 692000: loss 0.302 time 74.30
2024-11-06 07:51:36,316 - 693000: loss 0.303 time 75.61
2024-11-06 07:52:52,500 - 694000: loss 0.304 time 76.18
2024-11-06 07:54:07,972 - 695000: loss 0.303 time 75.47
2024-11-06 07:55:24,154 - 696000: loss 0.304 time 76.18
2024-11-06 07:56:40,222 - 697000: loss 0.301 time 76.07
2024-11-06 07:57:56,114 - 698000: loss 0.304 time 75.89
2024-11-06 07:59:15,566 - 699000: loss 0.304 time 79.45
2024-11-06 08:00:30,158 - 700000: loss 0.302 time 74.59
2024-11-06 08:01:47,467 - 701000: loss 0.301 time 77.31
2024-11-06 08:03:02,637 - 702000: loss 0.301 time 75.17
2024-11-06 08:04:17,098 - 703000: loss 0.304 time 74.46
2024-11-06 08:05:34,789 - 704000: loss 0.302 time 77.69
2024-11-06 08:06:51,176 - 705000: loss 0.303 time 76.39
2024-11-06 08:08:10,759 - 706000: loss 0.302 time 79.58
2024-11-06 08:09:28,502 - 707000: loss 0.302 time 77.74
2024-11-06 08:10:46,141 - 708000: loss 0.304 time 77.64
2024-11-06 08:11:59,532 - 709000: loss 0.301 time 73.39
2024-11-06 08:13:14,942 - 710000: loss 0.303 time 75.41
2024-11-06 08:14:34,243 - 711000: loss 0.303 time 79.30
2024-11-06 08:15:53,762 - 712000: loss 0.303 time 79.52
2024-11-06 08:17:13,689 - 713000: loss 0.302 time 79.93
2024-11-06 08:18:31,511 - 714000: loss 0.303 time 77.82
2024-11-06 08:19:48,979 - 715000: loss 0.303 time 77.47
2024-11-06 08:21:09,235 - 716000: loss 0.302 time 80.26
2024-11-06 08:22:26,934 - 717000: loss 0.301 time 77.70
2024-11-06 08:23:46,002 - 718000: loss 0.303 time 79.07
2024-11-06 08:25:05,018 - 719000: loss 0.303 time 79.02
2024-11-06 08:26:24,198 - 720000: loss 0.302 time 79.18
2024-11-06 08:27:44,140 - 721000: loss 0.301 time 79.94
2024-11-06 08:29:02,308 - 722000: loss 0.304 time 78.17
2024-11-06 08:30:21,947 - 723000: loss 0.304 time 79.64
2024-11-06 08:31:39,824 - 724000: loss 0.303 time 77.88
2024-11-06 08:32:56,217 - 725000: loss 0.304 time 76.39
2024-11-06 08:34:16,095 - 726000: loss 0.300 time 79.88
2024-11-06 08:35:35,472 - 727000: loss 0.302 time 79.38
2024-11-06 08:36:54,935 - 728000: loss 0.306 time 79.46
