2024-10-21 22:23:46,064 - Unable to initialize backend 'rocm': module 'jaxlib.xla_extension' has no attribute 'GpuAllocatorConfig'
2024-10-21 22:23:46,067 - Unable to initialize backend 'tpu': INTERNAL: Failed to open libtpu.so: libtpu.so: cannot open shared object file: No such file or directory
2024-10-21 22:23:46,083 - gpu
2024-10-21 22:24:09,372 - 1000: loss 0.113 time 16.07
2024-10-21 22:24:19,853 - 2000: loss 0.099 time 26.55
2024-10-21 22:24:30,162 - 3000: loss 0.089 time 36.86
2024-10-21 22:24:40,425 - 4000: loss 0.088 time 47.12
2024-10-21 22:24:50,898 - 5000: loss 0.076 time 57.60
2024-10-21 22:25:01,282 - 6000: loss 0.075 time 67.98
2024-10-21 22:25:11,689 - 7000: loss 0.076 time 78.39
2024-10-21 22:25:21,867 - 8000: loss 0.071 time 88.57
2024-10-21 22:25:31,730 - 9000: loss 0.069 time 98.43
2024-10-21 22:25:41,458 - 10000: loss 0.068 time 108.16
2024-10-21 22:25:51,657 - 11000: loss 0.067 time 118.36
2024-10-21 22:26:01,788 - 12000: loss 0.066 time 128.49
2024-10-21 22:26:11,995 - 13000: loss 0.063 time 138.69
2024-10-21 22:26:22,113 - 14000: loss 0.064 time 148.81
2024-10-21 22:26:32,068 - 15000: loss 0.060 time 158.77
2024-10-21 22:26:42,132 - 16000: loss 0.060 time 168.83
2024-10-21 22:26:52,230 - 17000: loss 0.060 time 178.93
2024-10-21 22:27:02,215 - 18000: loss 0.060 time 188.91
2024-10-21 22:27:12,227 - 19000: loss 0.059 time 198.93
2024-10-21 22:27:22,103 - 20000: loss 0.060 time 208.80
2024-10-21 22:27:32,093 - 21000: loss 0.057 time 218.79
2024-10-21 22:27:42,108 - 22000: loss 0.055 time 228.81
2024-10-21 22:27:52,222 - 23000: loss 0.056 time 238.92
2024-10-21 22:28:02,326 - 24000: loss 0.054 time 249.02
2024-10-21 22:28:12,178 - 25000: loss 0.057 time 258.88
2024-10-21 22:28:22,130 - 26000: loss 0.054 time 268.83
2024-10-21 22:28:32,364 - 27000: loss 0.056 time 279.06
2024-10-21 22:28:42,450 - 28000: loss 0.054 time 289.15
2024-10-21 22:28:52,393 - 29000: loss 0.055 time 299.09
2024-10-21 22:29:02,235 - 30000: loss 0.053 time 308.93
2024-10-21 22:29:12,347 - 31000: loss 0.052 time 319.05
2024-10-21 22:29:22,636 - 32000: loss 0.054 time 329.33
2024-10-21 22:29:32,578 - 33000: loss 0.052 time 339.28
2024-10-21 22:29:42,493 - 34000: loss 0.053 time 349.19
2024-10-21 22:29:52,628 - 35000: loss 0.051 time 359.33
2024-10-21 22:30:02,679 - 36000: loss 0.054 time 369.38
2024-10-21 22:30:12,737 - 37000: loss 0.052 time 379.44
2024-10-21 22:30:22,707 - 38000: loss 0.053 time 389.41
2024-10-21 22:30:32,806 - 39000: loss 0.051 time 399.50
2024-10-21 22:30:42,927 - 40000: loss 0.051 time 409.63
2024-10-21 22:30:53,009 - 41000: loss 0.052 time 419.71
2024-10-21 22:31:03,065 - 42000: loss 0.051 time 429.76
2024-10-21 22:31:13,140 - 43000: loss 0.050 time 439.84
2024-10-21 22:31:23,254 - 44000: loss 0.049 time 449.95
2024-10-21 22:31:33,301 - 45000: loss 0.049 time 460.00
2024-10-21 22:31:43,303 - 46000: loss 0.049 time 470.00
2024-10-21 22:31:53,458 - 47000: loss 0.052 time 480.16
2024-10-21 22:32:03,498 - 48000: loss 0.050 time 490.20
2024-10-21 22:32:13,276 - 49000: loss 0.049 time 499.97
2024-10-21 22:32:23,328 - 50000: loss 0.047 time 510.03
2024-10-21 22:32:33,144 - 51000: loss 0.048 time 519.84
2024-10-21 22:32:43,221 - 52000: loss 0.049 time 529.92
2024-10-21 22:32:53,348 - 53000: loss 0.048 time 540.05
2024-10-21 22:33:03,348 - 54000: loss 0.047 time 550.05
2024-10-21 22:33:13,328 - 55000: loss 0.051 time 560.03
2024-10-21 22:33:23,392 - 56000: loss 0.048 time 570.09
2024-10-21 22:33:33,487 - 57000: loss 0.047 time 580.19
2024-10-21 22:33:43,559 - 58000: loss 0.049 time 590.26
2024-10-21 22:33:53,631 - 59000: loss 0.048 time 600.33
2024-10-21 22:34:03,704 - 60000: loss 0.046 time 610.40
2024-10-21 22:34:13,775 - 61000: loss 0.047 time 620.47
2024-10-21 22:34:23,848 - 62000: loss 0.050 time 630.55
2024-10-21 22:34:33,762 - 63000: loss 0.047 time 640.46
2024-10-21 22:34:43,780 - 64000: loss 0.047 time 650.48
2024-10-21 22:34:53,670 - 65000: loss 0.048 time 660.37
2024-10-21 22:35:03,612 - 66000: loss 0.048 time 670.31
2024-10-21 22:35:13,823 - 67000: loss 0.046 time 680.52
2024-10-21 22:35:23,828 - 68000: loss 0.046 time 690.53
2024-10-21 22:35:34,008 - 69000: loss 0.046 time 700.71
2024-10-21 22:35:43,958 - 70000: loss 0.046 time 710.66
2024-10-21 22:35:53,979 - 71000: loss 0.044 time 720.68
2024-10-21 22:36:04,111 - 72000: loss 0.046 time 730.81
2024-10-21 22:36:14,321 - 73000: loss 0.045 time 741.02
2024-10-21 22:36:24,285 - 74000: loss 0.048 time 750.98
2024-10-21 22:36:34,295 - 75000: loss 0.047 time 760.99
2024-10-21 22:36:44,347 - 76000: loss 0.045 time 771.05
2024-10-21 22:36:54,477 - 77000: loss 0.046 time 781.18
2024-10-21 22:37:04,544 - 78000: loss 0.046 time 791.24
2024-10-21 22:37:14,606 - 79000: loss 0.045 time 801.30
2024-10-21 22:37:24,730 - 80000: loss 0.047 time 811.43
2024-10-21 22:37:34,863 - 81000: loss 0.045 time 821.56
2024-10-21 22:37:45,065 - 82000: loss 0.044 time 831.76
2024-10-21 22:37:55,102 - 83000: loss 0.046 time 841.80
2024-10-21 22:38:05,332 - 84000: loss 0.049 time 852.03
2024-10-21 22:38:15,208 - 85000: loss 0.045 time 861.91
2024-10-21 22:38:25,344 - 86000: loss 0.046 time 872.04
2024-10-21 22:38:35,287 - 87000: loss 0.045 time 881.99
2024-10-21 22:38:45,296 - 88000: loss 0.048 time 891.99
2024-10-21 22:38:55,215 - 89000: loss 0.044 time 901.91
2024-10-21 22:39:05,247 - 90000: loss 0.044 time 911.95
2024-10-21 22:39:15,234 - 91000: loss 0.045 time 921.93
2024-10-21 22:39:25,374 - 92000: loss 0.044 time 932.07
2024-10-21 22:39:35,483 - 93000: loss 0.045 time 942.18
2024-10-21 22:39:45,400 - 94000: loss 0.044 time 952.10
2024-10-21 22:39:55,518 - 95000: loss 0.044 time 962.22
2024-10-21 22:40:05,521 - 96000: loss 0.053 time 972.22
2024-10-21 22:40:15,388 - 97000: loss 0.045 time 982.09
2024-10-21 22:40:25,293 - 98000: loss 0.044 time 991.99
2024-10-21 22:40:35,475 - 99000: loss 0.045 time 1002.17
2024-10-21 22:40:45,479 - 100000: loss 0.044 time 1012.18
2024-10-21 22:40:55,590 - 101000: loss 0.044 time 1022.29
2024-10-21 22:41:05,658 - 102000: loss 0.045 time 1032.36
2024-10-21 22:41:15,942 - 103000: loss 0.044 time 1042.64
2024-10-21 22:41:26,043 - 104000: loss 0.044 time 1052.74
2024-10-21 22:41:36,188 - 105000: loss 0.043 time 1062.89
2024-10-21 22:41:46,364 - 106000: loss 0.043 time 1073.06
2024-10-21 22:41:56,476 - 107000: loss 0.043 time 1083.17
2024-10-21 22:42:06,508 - 108000: loss 0.044 time 1093.21
2024-10-21 22:42:16,422 - 109000: loss 0.045 time 1103.12
2024-10-21 22:42:26,295 - 110000: loss 0.043 time 1112.99
2024-10-21 22:42:36,071 - 111000: loss 0.044 time 1122.77
2024-10-21 22:42:46,200 - 112000: loss 0.045 time 1132.90
2024-10-21 22:42:56,198 - 113000: loss 0.043 time 1142.90
2024-10-21 22:43:06,229 - 114000: loss 0.043 time 1152.93
2024-10-21 22:43:16,447 - 115000: loss 0.044 time 1163.15
2024-10-21 22:43:26,467 - 116000: loss 0.043 time 1173.17
2024-10-21 22:43:36,625 - 117000: loss 0.042 time 1183.32
2024-10-21 22:43:46,658 - 118000: loss 0.044 time 1193.36
2024-10-21 22:43:56,638 - 119000: loss 0.043 time 1203.34
2024-10-21 22:44:06,714 - 120000: loss 0.043 time 1213.41
2024-10-21 22:44:16,575 - 121000: loss 0.042 time 1223.27
2024-10-21 22:44:26,599 - 122000: loss 0.043 time 1233.30
2024-10-21 22:44:36,663 - 123000: loss 0.043 time 1243.36
2024-10-21 22:44:46,818 - 124000: loss 0.044 time 1253.52
2024-10-21 22:44:56,942 - 125000: loss 0.042 time 1263.64
2024-10-21 22:45:07,140 - 126000: loss 0.044 time 1273.84
2024-10-21 22:45:17,151 - 127000: loss 0.043 time 1283.85
2024-10-21 22:45:27,266 - 128000: loss 0.042 time 1293.96
2024-10-21 22:45:37,397 - 129000: loss 0.043 time 1304.10
2024-10-21 22:45:47,368 - 130000: loss 0.042 time 1314.07
2024-10-21 22:45:57,347 - 131000: loss 0.044 time 1324.05
2024-10-21 22:46:07,181 - 132000: loss 0.040 time 1333.88
2024-10-21 22:46:17,302 - 133000: loss 0.044 time 1344.00
2024-10-21 22:46:27,419 - 134000: loss 0.042 time 1354.12
2024-10-21 22:46:37,454 - 135000: loss 0.043 time 1364.15
2024-10-21 22:46:47,587 - 136000: loss 0.042 time 1374.29
2024-10-21 22:46:57,795 - 137000: loss 0.042 time 1384.49
2024-10-21 22:47:08,004 - 138000: loss 0.042 time 1394.70
2024-10-21 22:47:17,992 - 139000: loss 0.043 time 1404.69
2024-10-21 22:47:28,021 - 140000: loss 0.041 time 1414.72
2024-10-21 22:47:37,852 - 141000: loss 0.042 time 1424.55
2024-10-21 22:47:47,805 - 142000: loss 0.043 time 1434.50
2024-10-21 22:47:57,933 - 143000: loss 0.043 time 1444.63
2024-10-21 22:48:07,975 - 144000: loss 0.043 time 1454.67
2024-10-21 22:48:18,002 - 145000: loss 0.042 time 1464.70
2024-10-21 22:48:28,110 - 146000: loss 0.041 time 1474.81
2024-10-21 22:48:38,127 - 147000: loss 0.042 time 1484.83
2024-10-21 22:48:48,042 - 148000: loss 0.041 time 1494.74
2024-10-21 22:48:58,061 - 149000: loss 0.044 time 1504.76
2024-10-21 22:49:08,039 - 150000: loss 0.042 time 1514.74
2024-10-21 22:49:17,774 - 151000: loss 0.042 time 1524.47
2024-10-21 22:49:27,707 - 152000: loss 0.044 time 1534.41
2024-10-21 22:49:37,540 - 153000: loss 0.042 time 1544.24
2024-10-21 22:49:47,679 - 154000: loss 0.041 time 1554.38
2024-10-21 22:49:57,802 - 155000: loss 0.042 time 1564.50
2024-10-21 22:50:07,815 - 156000: loss 0.042 time 1574.51
2024-10-21 22:50:17,470 - 157000: loss 0.043 time 1584.17
2024-10-21 22:50:27,511 - 158000: loss 0.041 time 1594.21
2024-10-21 22:50:37,615 - 159000: loss 0.040 time 1604.31
2024-10-21 22:50:47,522 - 160000: loss 0.042 time 1614.22
2024-10-21 22:50:57,608 - 161000: loss 0.040 time 1624.31
2024-10-21 22:51:07,736 - 162000: loss 0.041 time 1634.43
2024-10-21 22:51:17,712 - 163000: loss 0.042 time 1644.41
2024-10-21 22:51:27,641 - 164000: loss 0.041 time 1654.34
2024-10-21 22:51:37,641 - 165000: loss 0.042 time 1664.34
2024-10-21 22:51:47,743 - 166000: loss 0.041 time 1674.44
2024-10-21 22:51:57,600 - 167000: loss 0.041 time 1684.30
2024-10-21 22:52:07,772 - 168000: loss 0.042 time 1694.47
2024-10-21 22:52:17,790 - 169000: loss 0.042 time 1704.49
2024-10-21 22:52:27,876 - 170000: loss 0.041 time 1714.57
2024-10-21 22:52:37,946 - 171000: loss 0.043 time 1724.64
2024-10-21 22:52:47,770 - 172000: loss 0.040 time 1734.47
2024-10-21 22:52:57,799 - 173000: loss 0.043 time 1744.50
2024-10-21 22:53:07,586 - 174000: loss 0.040 time 1754.28
2024-10-21 22:53:17,608 - 175000: loss 0.042 time 1764.31
2024-10-21 22:53:27,565 - 176000: loss 0.041 time 1774.26
2024-10-21 22:53:37,573 - 177000: loss 0.045 time 1784.27
2024-10-21 22:53:47,510 - 178000: loss 0.043 time 1794.21
2024-10-21 22:53:57,550 - 179000: loss 0.040 time 1804.25
2024-10-21 22:54:07,325 - 180000: loss 0.043 time 1814.02
2024-10-21 22:54:17,467 - 181000: loss 0.040 time 1824.17
2024-10-21 22:54:27,561 - 182000: loss 0.042 time 1834.26
2024-10-21 22:54:37,605 - 183000: loss 0.041 time 1844.30
2024-10-21 22:54:47,709 - 184000: loss 0.043 time 1854.41
2024-10-21 22:54:57,802 - 185000: loss 0.040 time 1864.50
2024-10-21 22:55:07,955 - 186000: loss 0.042 time 1874.65
2024-10-21 22:55:18,116 - 187000: loss 0.042 time 1884.81
2024-10-21 22:55:28,077 - 188000: loss 0.040 time 1894.78
2024-10-21 22:55:38,109 - 189000: loss 0.041 time 1904.81
2024-10-21 22:55:48,176 - 190000: loss 0.041 time 1914.87
2024-10-21 22:55:58,325 - 191000: loss 0.040 time 1925.02
2024-10-21 22:56:08,446 - 192000: loss 0.041 time 1935.14
2024-10-21 22:56:18,502 - 193000: loss 0.040 time 1945.20
2024-10-21 22:56:28,591 - 194000: loss 0.039 time 1955.29
2024-10-21 22:56:38,638 - 195000: loss 0.041 time 1965.34
2024-10-21 22:56:48,683 - 196000: loss 0.040 time 1975.38
2024-10-21 22:56:58,634 - 197000: loss 0.041 time 1985.33
2024-10-21 22:57:08,666 - 198000: loss 0.041 time 1995.36
2024-10-21 22:57:18,804 - 199000: loss 0.040 time 2005.50
2024-10-21 22:57:28,811 - 200000: loss 0.041 time 2015.51
2024-10-21 22:57:39,012 - 201000: loss 0.041 time 2025.71
2024-10-21 22:57:49,213 - 202000: loss 0.039 time 2035.91
2024-10-21 22:57:59,059 - 203000: loss 0.043 time 2045.76
2024-10-21 22:58:09,145 - 204000: loss 0.041 time 2055.84
2024-10-21 22:58:19,208 - 205000: loss 0.040 time 2065.91
2024-10-21 22:58:29,312 - 206000: loss 0.041 time 2076.01
2024-10-21 22:58:39,373 - 207000: loss 0.039 time 2086.07
2024-10-21 22:58:49,554 - 208000: loss 0.041 time 2096.25
2024-10-21 22:58:59,418 - 209000: loss 0.041 time 2106.12
2024-10-21 22:59:09,550 - 210000: loss 0.041 time 2116.25
2024-10-21 22:59:19,750 - 211000: loss 0.041 time 2126.45
2024-10-21 22:59:29,953 - 212000: loss 0.041 time 2136.65
2024-10-21 22:59:40,079 - 213000: loss 0.040 time 2146.78
2024-10-21 22:59:50,194 - 214000: loss 0.040 time 2156.89
2024-10-21 23:00:00,266 - 215000: loss 0.039 time 2166.96
2024-10-21 23:00:10,406 - 216000: loss 0.041 time 2177.10
2024-10-21 23:00:20,461 - 217000: loss 0.040 time 2187.16
2024-10-21 23:00:30,591 - 218000: loss 0.040 time 2197.29
2024-10-21 23:00:40,684 - 219000: loss 0.040 time 2207.38
2024-10-21 23:00:50,894 - 220000: loss 0.040 time 2217.59
2024-10-21 23:01:00,851 - 221000: loss 0.041 time 2227.55
2024-10-21 23:01:11,033 - 222000: loss 0.039 time 2237.73
2024-10-21 23:01:21,064 - 223000: loss 0.041 time 2247.76
2024-10-21 23:01:31,179 - 224000: loss 0.039 time 2257.88
2024-10-21 23:01:40,900 - 225000: loss 0.038 time 2267.60
2024-10-21 23:01:50,992 - 226000: loss 0.041 time 2277.69
2024-10-21 23:02:00,828 - 227000: loss 0.039 time 2287.53
2024-10-21 23:02:10,901 - 228000: loss 0.040 time 2297.60
2024-10-21 23:02:21,071 - 229000: loss 0.039 time 2307.77
2024-10-21 23:02:31,246 - 230000: loss 0.039 time 2317.94
2024-10-21 23:02:41,469 - 231000: loss 0.040 time 2328.17
2024-10-21 23:02:51,648 - 232000: loss 0.039 time 2338.35
2024-10-21 23:03:01,818 - 233000: loss 0.039 time 2348.52
2024-10-21 23:03:11,717 - 234000: loss 0.041 time 2358.42
2024-10-21 23:03:21,632 - 235000: loss 0.040 time 2368.33
2024-10-21 23:03:31,843 - 236000: loss 0.040 time 2378.54
2024-10-21 23:03:42,023 - 237000: loss 0.040 time 2388.72
2024-10-21 23:03:52,028 - 238000: loss 0.042 time 2398.73
2024-10-21 23:04:02,169 - 239000: loss 0.041 time 2408.87
2024-10-21 23:04:12,244 - 240000: loss 0.040 time 2418.94
2024-10-21 23:04:22,316 - 241000: loss 0.039 time 2429.01
2024-10-21 23:04:32,322 - 242000: loss 0.040 time 2439.02
2024-10-21 23:04:42,414 - 243000: loss 0.039 time 2449.11
2024-10-21 23:04:52,481 - 244000: loss 0.039 time 2459.18
2024-10-21 23:05:02,461 - 245000: loss 0.039 time 2469.16
2024-10-21 23:05:12,602 - 246000: loss 0.040 time 2479.30
2024-10-21 23:05:22,769 - 247000: loss 0.039 time 2489.47
2024-10-21 23:05:32,552 - 248000: loss 0.040 time 2499.25
2024-10-21 23:05:42,503 - 249000: loss 0.040 time 2509.20
2024-10-21 23:05:52,752 - 250000: loss 0.039 time 2519.45
2024-10-21 23:06:02,893 - 251000: loss 0.040 time 2529.59
2024-10-21 23:06:13,199 - 252000: loss 0.042 time 2539.90
2024-10-21 23:06:23,348 - 253000: loss 0.039 time 2550.05
2024-10-21 23:06:33,414 - 254000: loss 0.040 time 2560.11
2024-10-21 23:06:43,129 - 255000: loss 0.038 time 2569.83
2024-10-21 23:06:53,286 - 256000: loss 0.042 time 2579.98
2024-10-21 23:07:03,371 - 257000: loss 0.039 time 2590.07
2024-10-21 23:07:13,345 - 258000: loss 0.041 time 2600.04
2024-10-21 23:07:23,421 - 259000: loss 0.040 time 2610.12
2024-10-21 23:07:33,537 - 260000: loss 0.039 time 2620.24
2024-10-21 23:07:43,654 - 261000: loss 0.039 time 2630.35
2024-10-21 23:07:53,790 - 262000: loss 0.040 time 2640.49
2024-10-21 23:08:03,830 - 263000: loss 0.040 time 2650.53
2024-10-21 23:08:13,906 - 264000: loss 0.039 time 2660.60
2024-10-21 23:08:24,061 - 265000: loss 0.039 time 2670.76
2024-10-21 23:08:34,158 - 266000: loss 0.039 time 2680.86
2024-10-21 23:08:44,290 - 267000: loss 0.039 time 2690.99
2024-10-21 23:08:54,102 - 268000: loss 0.040 time 2700.80
2024-10-21 23:09:04,175 - 269000: loss 0.039 time 2710.87
2024-10-21 23:09:14,315 - 270000: loss 0.041 time 2721.01
2024-10-21 23:09:24,420 - 271000: loss 0.038 time 2731.12
2024-10-21 23:09:34,393 - 272000: loss 0.039 time 2741.09
2024-10-21 23:09:44,425 - 273000: loss 0.039 time 2751.12
2024-10-21 23:09:54,389 - 274000: loss 0.040 time 2761.09
2024-10-21 23:10:04,515 - 275000: loss 0.040 time 2771.21
2024-10-21 23:10:14,617 - 276000: loss 0.041 time 2781.32
2024-10-21 23:10:24,609 - 277000: loss 0.040 time 2791.31
2024-10-21 23:10:34,722 - 278000: loss 0.038 time 2801.42
2024-10-21 23:10:44,770 - 279000: loss 0.040 time 2811.47
2024-10-21 23:10:54,838 - 280000: loss 0.039 time 2821.54
2024-10-21 23:11:04,990 - 281000: loss 0.039 time 2831.69
2024-10-21 23:11:15,160 - 282000: loss 0.040 time 2841.86
2024-10-21 23:11:25,315 - 283000: loss 0.039 time 2852.01
2024-10-21 23:11:35,433 - 284000: loss 0.040 time 2862.13
2024-10-21 23:11:45,528 - 285000: loss 0.039 time 2872.23
2024-10-21 23:11:55,620 - 286000: loss 0.040 time 2882.32
2024-10-21 23:12:05,684 - 287000: loss 0.039 time 2892.38
2024-10-21 23:12:15,801 - 288000: loss 0.040 time 2902.50
2024-10-21 23:12:25,900 - 289000: loss 0.039 time 2912.60
2024-10-21 23:12:35,939 - 290000: loss 0.039 time 2922.64
2024-10-21 23:12:45,997 - 291000: loss 0.040 time 2932.70
2024-10-21 23:12:56,222 - 292000: loss 0.039 time 2942.92
2024-10-21 23:13:06,301 - 293000: loss 0.041 time 2953.00
2024-10-21 23:13:16,347 - 294000: loss 0.039 time 2963.05
2024-10-21 23:13:26,388 - 295000: loss 0.040 time 2973.09
2024-10-21 23:13:36,424 - 296000: loss 0.041 time 2983.12
2024-10-21 23:13:46,405 - 297000: loss 0.040 time 2993.10
2024-10-21 23:13:56,512 - 298000: loss 0.039 time 3003.21
2024-10-21 23:14:06,573 - 299000: loss 0.040 time 3013.27
2024-10-21 23:14:16,608 - 300000: loss 0.040 time 3023.31
2024-10-21 23:14:26,726 - 301000: loss 0.040 time 3033.42
2024-10-21 23:14:36,790 - 302000: loss 0.039 time 3043.49
2024-10-21 23:14:46,693 - 303000: loss 0.039 time 3053.39
2024-10-21 23:14:56,452 - 304000: loss 0.038 time 3063.15
2024-10-21 23:15:06,565 - 305000: loss 0.039 time 3073.26
2024-10-21 23:15:16,689 - 306000: loss 0.039 time 3083.39
2024-10-21 23:15:26,791 - 307000: loss 0.039 time 3093.49
2024-10-21 23:15:36,915 - 308000: loss 0.039 time 3103.61
2024-10-21 23:15:46,860 - 309000: loss 0.038 time 3113.56
2024-10-21 23:15:56,933 - 310000: loss 0.039 time 3123.63
2024-10-21 23:16:07,033 - 311000: loss 0.039 time 3133.73
2024-10-21 23:16:17,052 - 312000: loss 0.039 time 3143.75
2024-10-21 23:16:27,172 - 313000: loss 0.039 time 3153.87
2024-10-21 23:16:37,285 - 314000: loss 0.038 time 3163.98
2024-10-21 23:16:47,338 - 315000: loss 0.041 time 3174.04
2024-10-21 23:16:57,484 - 316000: loss 0.038 time 3184.18
2024-10-21 23:17:07,438 - 317000: loss 0.039 time 3194.14
2024-10-21 23:17:17,391 - 318000: loss 0.040 time 3204.09
2024-10-21 23:17:27,543 - 319000: loss 0.039 time 3214.24
2024-10-21 23:17:37,675 - 320000: loss 0.040 time 3224.37
2024-10-21 23:17:47,633 - 321000: loss 0.041 time 3234.33
2024-10-21 23:17:57,479 - 322000: loss 0.038 time 3244.18
2024-10-21 23:18:07,501 - 323000: loss 0.038 time 3254.20
2024-10-21 23:18:17,319 - 324000: loss 0.039 time 3264.02
2024-10-21 23:18:27,142 - 325000: loss 0.038 time 3273.84
2024-10-21 23:18:37,205 - 326000: loss 0.039 time 3283.90
2024-10-21 23:18:47,260 - 327000: loss 0.040 time 3293.96
2024-10-21 23:18:57,340 - 328000: loss 0.038 time 3304.04
2024-10-21 23:19:07,562 - 329000: loss 0.039 time 3314.26
2024-10-21 23:19:17,648 - 330000: loss 0.038 time 3324.35
2024-10-21 23:19:27,761 - 331000: loss 0.038 time 3334.46
2024-10-21 23:19:37,902 - 332000: loss 0.039 time 3344.60
2024-10-21 23:19:47,982 - 333000: loss 0.039 time 3354.68
2024-10-21 23:19:57,988 - 334000: loss 0.038 time 3364.69
2024-10-21 23:20:07,939 - 335000: loss 0.038 time 3374.64
2024-10-21 23:20:18,000 - 336000: loss 0.038 time 3384.70
2024-10-21 23:20:28,088 - 337000: loss 0.038 time 3394.79
2024-10-21 23:20:38,051 - 338000: loss 0.040 time 3404.75
2024-10-21 23:20:47,408 - 339000: loss 0.039 time 3414.11
2024-10-21 23:20:57,344 - 340000: loss 0.038 time 3424.04
2024-10-21 23:21:06,972 - 341000: loss 0.039 time 3433.67
2024-10-21 23:21:16,750 - 342000: loss 0.039 time 3443.45
2024-10-21 23:21:26,866 - 343000: loss 0.039 time 3453.56
2024-10-21 23:21:36,964 - 344000: loss 0.039 time 3463.66
2024-10-21 23:21:46,967 - 345000: loss 0.039 time 3473.67
2024-10-21 23:21:56,965 - 346000: loss 0.037 time 3483.66
2024-10-21 23:22:07,119 - 347000: loss 0.040 time 3493.82
2024-10-21 23:22:17,129 - 348000: loss 0.038 time 3503.83
2024-10-21 23:22:27,118 - 349000: loss 0.037 time 3513.82
2024-10-21 23:22:37,145 - 350000: loss 0.038 time 3523.84
2024-10-21 23:22:47,135 - 351000: loss 0.040 time 3533.83
2024-10-21 23:22:57,213 - 352000: loss 0.039 time 3543.91
2024-10-21 23:23:07,427 - 353000: loss 0.041 time 3554.13
2024-10-21 23:23:17,560 - 354000: loss 0.038 time 3564.26
2024-10-21 23:23:27,431 - 355000: loss 0.037 time 3574.13
2024-10-21 23:23:37,623 - 356000: loss 0.040 time 3584.32
2024-10-21 23:23:47,632 - 357000: loss 0.040 time 3594.33
2024-10-21 23:23:57,506 - 358000: loss 0.039 time 3604.20
2024-10-21 23:24:07,638 - 359000: loss 0.038 time 3614.34
2024-10-21 23:24:17,643 - 360000: loss 0.039 time 3624.34
2024-10-21 23:24:27,657 - 361000: loss 0.038 time 3634.36
2024-10-21 23:24:37,762 - 362000: loss 0.040 time 3644.46
2024-10-21 23:24:47,827 - 363000: loss 0.039 time 3654.53
2024-10-21 23:24:57,963 - 364000: loss 0.038 time 3664.66
2024-10-21 23:25:07,892 - 365000: loss 0.037 time 3674.59
2024-10-21 23:25:17,819 - 366000: loss 0.038 time 3684.52
2024-10-21 23:25:27,995 - 367000: loss 0.039 time 3694.69
2024-10-21 23:25:38,130 - 368000: loss 0.038 time 3704.83
2024-10-21 23:25:48,335 - 369000: loss 0.040 time 3715.03
2024-10-21 23:25:58,476 - 370000: loss 0.038 time 3725.17
2024-10-21 23:26:08,739 - 371000: loss 0.038 time 3735.44
2024-10-21 23:26:18,841 - 372000: loss 0.037 time 3745.54
2024-10-21 23:26:29,057 - 373000: loss 0.038 time 3755.76
2024-10-21 23:26:38,976 - 374000: loss 0.041 time 3765.67
2024-10-21 23:26:48,828 - 375000: loss 0.038 time 3775.53
2024-10-21 23:26:58,639 - 376000: loss 0.038 time 3785.34
2024-10-21 23:27:08,805 - 377000: loss 0.039 time 3795.50
2024-10-21 23:27:18,923 - 378000: loss 0.039 time 3805.62
2024-10-21 23:27:28,841 - 379000: loss 0.038 time 3815.54
2024-10-21 23:27:38,938 - 380000: loss 0.037 time 3825.64
2024-10-21 23:27:48,995 - 381000: loss 0.038 time 3835.69
2024-10-21 23:27:59,070 - 382000: loss 0.038 time 3845.77
2024-10-21 23:28:09,021 - 383000: loss 0.040 time 3855.72
2024-10-21 23:28:19,027 - 384000: loss 0.040 time 3865.73
2024-10-21 23:28:29,224 - 385000: loss 0.039 time 3875.92
2024-10-21 23:28:39,286 - 386000: loss 0.038 time 3885.98
2024-10-21 23:28:49,193 - 387000: loss 0.039 time 3895.89
2024-10-21 23:28:59,142 - 388000: loss 0.041 time 3905.84
2024-10-21 23:29:09,092 - 389000: loss 0.039 time 3915.79
2024-10-21 23:29:19,074 - 390000: loss 0.038 time 3925.77
2024-10-21 23:29:29,236 - 391000: loss 0.039 time 3935.93
2024-10-21 23:29:39,138 - 392000: loss 0.038 time 3945.84
2024-10-21 23:29:49,369 - 393000: loss 0.040 time 3956.07
2024-10-21 23:29:59,480 - 394000: loss 0.037 time 3966.18
2024-10-21 23:30:09,657 - 395000: loss 0.038 time 3976.36
2024-10-21 23:30:19,747 - 396000: loss 0.038 time 3986.45
2024-10-21 23:30:29,934 - 397000: loss 0.038 time 3996.63
2024-10-21 23:30:39,861 - 398000: loss 0.040 time 4006.56
2024-10-21 23:30:49,871 - 399000: loss 0.039 time 4016.57
2024-10-21 23:30:59,749 - 400000: loss 0.039 time 4026.45
2024-10-21 23:31:00,538 - m_pred = [0.52708161 0.29672775 0.00954461 0.40071891 0.49089605 0.91118092]
2024-10-21 23:31:00,538 - d = [[ 1.4814678  10.1681795  21.746716   24.874071    0.05899492  0.54789436
   4.5900397  14.810197  ]]
2024-10-21 23:31:00,539 - d_pred = [ 1.51788195 10.41062105 21.75182112 24.55316979  0.06187094  0.58156389
  4.75728235 15.14546258]
2024-10-21 23:31:00,539 - diff norm = 0.014554961584508419
2024-10-21 23:32:26,525 - Note: NumExpr detected 40 cores but "NUMEXPR_MAX_THREADS" not set, so enforcing safe limit of 8.
2024-10-21 23:32:26,525 - NumExpr defaulting to 8 threads.
2024-10-21 23:32:28,213 - 0.028834762051701546, 0.015341837890446186
