2024-11-05 12:46:57,417 - Unable to initialize backend 'rocm': module 'jaxlib.xla_extension' has no attribute 'GpuAllocatorConfig'
2024-11-05 12:46:57,419 - Unable to initialize backend 'tpu': INTERNAL: Failed to open libtpu.so: libtpu.so: cannot open shared object file: No such file or directory
2024-11-05 12:46:57,439 - gpu
2024-11-05 12:47:31,318 - 1000: loss 0.388 time 30.26
2024-11-05 12:47:52,076 - 2000: loss 0.385 time 20.76
2024-11-05 12:48:12,892 - 3000: loss 0.383 time 20.82
2024-11-05 12:48:33,605 - 4000: loss 0.382 time 20.71
2024-11-05 12:48:54,685 - 5000: loss 0.379 time 21.08
2024-11-05 12:49:15,967 - 6000: loss 0.385 time 21.28
2024-11-05 12:49:37,184 - 7000: loss 0.377 time 21.22
2024-11-05 12:49:58,262 - 8000: loss 0.380 time 21.08
2024-11-05 12:50:19,605 - 9000: loss 0.379 time 21.34
2024-11-05 12:50:41,044 - 10000: loss 0.377 time 21.44
2024-11-05 12:51:02,473 - 11000: loss 0.380 time 21.43
2024-11-05 12:51:24,055 - 12000: loss 0.377 time 21.58
2024-11-05 12:51:45,482 - 13000: loss 0.377 time 21.43
2024-11-05 12:52:07,284 - 14000: loss 0.378 time 21.80
2024-11-05 12:52:29,026 - 15000: loss 0.377 time 21.74
2024-11-05 12:52:51,073 - 16000: loss 0.376 time 22.05
2024-11-05 12:53:12,995 - 17000: loss 0.376 time 21.92
2024-11-05 12:53:35,122 - 18000: loss 0.375 time 22.13
2024-11-05 12:53:57,157 - 19000: loss 0.376 time 22.03
2024-11-05 12:54:19,307 - 20000: loss 0.376 time 22.15
2024-11-05 12:54:23,237 - m = [1.0177245660152656, -0.5707573853589248, -1.0616913691776715, 2.1965442510684055, 0.5915064231508663, 0.3738095454633232, 1.1003541366762801, 0.14897959033333408, 1.1683505131405418, 2.1473861837414447, -0.647111519163895, 0.22300595879486626, -0.38785808086283, -0.6698463770958358, -0.6960801247692192, 0.04013913257460758]
2024-11-05 12:54:26,843 - Note: NumExpr detected 40 cores but "NUMEXPR_MAX_THREADS" not set, so enforcing safe limit of 8.
2024-11-05 12:54:26,843 - NumExpr defaulting to 8 threads.
2024-11-05 13:16:01,541 - 0.0991276279091835, 0.054123345762491226
