2024-11-03 21:48:43,433 - Unable to initialize backend 'rocm': module 'jaxlib.xla_extension' has no attribute 'GpuAllocatorConfig'
2024-11-03 21:48:43,434 - Unable to initialize backend 'tpu': INTERNAL: Failed to open libtpu.so: libtpu.so: cannot open shared object file: No such file or directory
2024-11-03 21:48:43,450 - gpu
2024-11-03 21:50:40,723 - Unable to initialize backend 'rocm': module 'jaxlib.xla_extension' has no attribute 'GpuAllocatorConfig'
2024-11-03 21:50:40,725 - Unable to initialize backend 'tpu': INTERNAL: Failed to open libtpu.so: libtpu.so: cannot open shared object file: No such file or directory
2024-11-03 21:50:40,744 - gpu
2024-11-03 21:54:56,626 - 1000: loss 0.379 time 252.12
2024-11-03 21:59:00,225 - 2000: loss 0.376 time 243.60
2024-11-03 22:03:03,274 - 3000: loss 0.373 time 243.05
2024-11-03 22:07:06,607 - 4000: loss 0.375 time 243.33
2024-11-03 22:11:09,798 - 5000: loss 0.370 time 243.19
2024-11-03 22:15:13,697 - 6000: loss 0.370 time 243.90
2024-11-03 22:19:16,992 - 7000: loss 0.369 time 243.29
2024-11-03 22:23:20,108 - 8000: loss 0.369 time 243.12
2024-11-03 22:27:23,014 - 9000: loss 0.368 time 242.91
2024-11-03 22:31:26,637 - 10000: loss 0.365 time 243.62
2024-11-03 22:35:29,751 - 11000: loss 0.364 time 243.11
2024-11-03 22:39:32,457 - 12000: loss 0.363 time 242.71
2024-11-03 22:43:35,497 - 13000: loss 0.365 time 243.04
2024-11-03 22:47:38,928 - 14000: loss 0.365 time 243.43
2024-11-03 22:51:42,184 - 15000: loss 0.364 time 243.26
2024-11-03 22:55:45,330 - 16000: loss 0.363 time 243.15
2024-11-03 22:59:48,914 - 17000: loss 0.362 time 243.58
2024-11-03 23:03:52,534 - 18000: loss 0.363 time 243.62
2024-11-03 23:07:55,520 - 19000: loss 0.364 time 242.99
2024-11-03 23:11:59,314 - 20000: loss 0.363 time 243.79
2024-11-03 23:12:03,710 - m = [0.6395389182516406, -1.444749623655145, 1.3337743991048807, -0.7178784731126776, 1.1389835539201196, 1.0772652778424314, -0.5017693844923677, -1.3145532189095697, 0.18719040478962487, 1.500068230952536, 1.003106721390211, -1.5365752039713203, 0.8959416966119251, -2.907319869118652, -0.6529133713668633, -0.49438925876491785]
2024-11-03 23:12:06,929 - Note: NumExpr detected 40 cores but "NUMEXPR_MAX_THREADS" not set, so enforcing safe limit of 8.
2024-11-03 23:12:06,929 - NumExpr defaulting to 8 threads.
2024-11-03 23:19:05,383 - 0.010340596549212933, 0.005915428511798382
