2024-10-29 15:06:23,707 - Unable to initialize backend 'rocm': module 'jaxlib.xla_extension' has no attribute 'GpuAllocatorConfig'
2024-10-29 15:06:23,709 - Unable to initialize backend 'tpu': INTERNAL: Failed to open libtpu.so: libtpu.so: cannot open shared object file: No such file or directory
2024-10-29 15:06:23,727 - gpu
2024-10-29 15:10:31,161 - 1000: loss 1.296 time 243.65
2024-10-29 15:14:24,529 - 2000: loss 1.294 time 233.37
2024-10-29 15:18:18,625 - 3000: loss 1.288 time 234.10
2024-10-29 15:22:11,878 - 4000: loss 1.291 time 233.25
2024-10-29 15:26:05,079 - 5000: loss 1.289 time 233.20
2024-10-29 15:29:58,441 - 6000: loss 1.284 time 233.36
2024-10-29 15:33:51,894 - 7000: loss 1.289 time 233.45
2024-10-29 15:37:45,591 - 8000: loss 1.284 time 233.70
2024-10-29 15:41:39,471 - 9000: loss 1.287 time 233.88
2024-10-29 15:45:33,597 - 10000: loss 1.288 time 234.13
2024-10-29 15:49:26,982 - 11000: loss 1.286 time 233.38
2024-10-29 15:53:20,899 - 12000: loss 1.284 time 233.92
2024-10-29 15:57:15,094 - 13000: loss 1.286 time 234.20
2024-10-29 16:01:09,009 - 14000: loss 1.287 time 233.91
2024-10-29 16:05:03,613 - 15000: loss 1.288 time 234.60
2024-10-29 16:08:57,426 - 16000: loss 1.284 time 233.81
2024-10-29 16:12:51,459 - 17000: loss 1.287 time 234.03
2024-10-29 16:16:45,446 - 18000: loss 1.286 time 233.99
2024-10-29 16:20:39,847 - 19000: loss 1.290 time 234.40
2024-10-29 16:24:34,210 - 20000: loss 1.285 time 234.36
2024-10-29 16:24:38,596 - m = [-1.0076060147814154, -0.9066761417084689, -0.7182923184751692, 1.1961531752618777, -1.6856261116249933, -0.3375656891589235, 0.5263542488524591, 0.04383344792001516, 0.9057557926601747, -1.0762071646272713, -0.4705956994035732, -0.6105915335267803, 1.4101700012447356, 0.571568937564655, 1.82782975200958, 0.045039773082537975]
2024-10-29 16:33:40,493 - 0.010930569842457771, 0.007752066478133202
2024-10-29 16:33:40,648 - Note: NumExpr detected 40 cores but "NUMEXPR_MAX_THREADS" not set, so enforcing safe limit of 8.
2024-10-29 16:33:40,648 - NumExpr defaulting to 8 threads.
