2024-11-05 14:55:57,327 - Unable to initialize backend 'rocm': module 'jaxlib.xla_extension' has no attribute 'GpuAllocatorConfig'
2024-11-05 14:55:57,329 - Unable to initialize backend 'tpu': INTERNAL: Failed to open libtpu.so: libtpu.so: cannot open shared object file: No such file or directory
2024-11-05 14:55:57,348 - gpu
2024-11-05 14:56:31,170 - 1000: loss 0.332 time 30.26
2024-11-05 14:56:52,063 - 2000: loss 0.329 time 20.89
2024-11-05 14:57:12,836 - 3000: loss 0.329 time 20.77
2024-11-05 14:57:34,059 - 4000: loss 0.325 time 21.22
2024-11-05 14:57:55,380 - 5000: loss 0.321 time 21.32
2024-11-05 14:58:16,719 - 6000: loss 0.324 time 21.34
2024-11-05 14:58:38,179 - 7000: loss 0.320 time 21.46
2024-11-05 14:58:59,551 - 8000: loss 0.320 time 21.37
2024-11-05 14:59:21,078 - 9000: loss 0.319 time 21.53
2024-11-05 14:59:42,800 - 10000: loss 0.317 time 21.72
2024-11-05 15:00:02,592 - 11000: loss 0.317 time 19.79
2024-11-05 15:00:22,702 - 12000: loss 0.317 time 20.11
2024-11-05 15:00:42,886 - 13000: loss 0.317 time 20.18
2024-11-05 15:01:03,139 - 14000: loss 0.315 time 20.25
2024-11-05 15:01:23,836 - 15000: loss 0.314 time 20.70
2024-11-05 15:01:45,483 - 16000: loss 0.313 time 21.65
2024-11-05 15:02:07,930 - 17000: loss 0.312 time 22.45
2024-11-05 15:02:29,844 - 18000: loss 0.311 time 21.91
2024-11-05 15:02:51,670 - 19000: loss 0.311 time 21.83
2024-11-05 15:03:13,941 - 20000: loss 0.311 time 22.27
2024-11-05 15:03:36,378 - 21000: loss 0.310 time 22.44
2024-11-05 15:03:59,112 - 22000: loss 0.312 time 22.73
2024-11-05 15:04:21,716 - 23000: loss 0.310 time 22.60
2024-11-05 15:04:44,397 - 24000: loss 0.310 time 22.68
2024-11-05 15:05:07,333 - 25000: loss 0.308 time 22.94
2024-11-05 15:05:30,176 - 26000: loss 0.310 time 22.84
2024-11-05 15:05:52,979 - 27000: loss 0.309 time 22.80
2024-11-05 15:06:15,464 - 28000: loss 0.308 time 22.48
2024-11-05 15:06:38,363 - 29000: loss 0.310 time 22.90
2024-11-05 15:07:01,201 - 30000: loss 0.309 time 22.84
2024-11-05 15:07:24,292 - 31000: loss 0.309 time 23.09
2024-11-05 15:07:47,154 - 32000: loss 0.309 time 22.86
2024-11-05 15:08:10,022 - 33000: loss 0.308 time 22.87
2024-11-05 15:08:33,137 - 34000: loss 0.309 time 23.12
2024-11-05 15:08:56,548 - 35000: loss 0.309 time 23.41
2024-11-05 15:09:19,723 - 36000: loss 0.308 time 23.17
2024-11-05 15:09:43,458 - 37000: loss 0.310 time 23.73
2024-11-05 15:10:06,981 - 38000: loss 0.309 time 23.52
2024-11-05 15:10:30,534 - 39000: loss 0.310 time 23.55
2024-11-05 15:10:54,566 - 40000: loss 0.309 time 24.03
2024-11-05 15:11:18,625 - 41000: loss 0.308 time 24.06
2024-11-05 15:11:42,478 - 42000: loss 0.306 time 23.85
2024-11-05 15:12:06,427 - 43000: loss 0.311 time 23.95
2024-11-05 15:12:30,172 - 44000: loss 0.310 time 23.74
2024-11-05 15:12:54,707 - 45000: loss 0.307 time 24.53
2024-11-05 15:13:19,050 - 46000: loss 0.308 time 24.34
2024-11-05 15:13:43,826 - 47000: loss 0.311 time 24.78
2024-11-05 15:14:08,128 - 48000: loss 0.308 time 24.30
2024-11-05 15:14:32,831 - 49000: loss 0.306 time 24.70
2024-11-05 15:14:57,058 - 50000: loss 0.307 time 24.23
2024-11-05 15:15:21,416 - 51000: loss 0.307 time 24.36
2024-11-05 15:15:46,141 - 52000: loss 0.306 time 24.73
2024-11-05 15:16:11,040 - 53000: loss 0.309 time 24.90
2024-11-05 15:16:36,291 - 54000: loss 0.308 time 25.25
2024-11-05 15:17:01,228 - 55000: loss 0.307 time 24.94
2024-11-05 15:17:26,314 - 56000: loss 0.307 time 25.09
2024-11-05 15:17:51,223 - 57000: loss 0.306 time 24.91
2024-11-05 15:18:16,657 - 58000: loss 0.307 time 25.43
2024-11-05 15:18:41,460 - 59000: loss 0.306 time 24.80
2024-11-05 15:19:06,489 - 60000: loss 0.307 time 25.03
2024-11-05 15:19:32,318 - 61000: loss 0.307 time 25.83
2024-11-05 15:19:57,865 - 62000: loss 0.306 time 25.55
2024-11-05 15:20:23,928 - 63000: loss 0.306 time 26.06
2024-11-05 15:20:49,508 - 64000: loss 0.306 time 25.58
2024-11-05 15:21:15,467 - 65000: loss 0.308 time 25.96
2024-11-05 15:21:41,550 - 66000: loss 0.305 time 26.08
2024-11-05 15:22:07,322 - 67000: loss 0.306 time 25.77
2024-11-05 15:22:33,357 - 68000: loss 0.305 time 26.03
2024-11-05 15:22:59,334 - 69000: loss 0.309 time 25.98
2024-11-05 15:23:25,573 - 70000: loss 0.307 time 26.24
2024-11-05 15:23:52,093 - 71000: loss 0.308 time 26.52
2024-11-05 15:24:18,036 - 72000: loss 0.306 time 25.94
2024-11-05 15:24:44,141 - 73000: loss 0.306 time 26.11
2024-11-05 15:25:10,845 - 74000: loss 0.306 time 26.70
2024-11-05 15:25:37,734 - 75000: loss 0.307 time 26.89
2024-11-05 15:26:04,649 - 76000: loss 0.306 time 26.92
2024-11-05 15:26:31,479 - 77000: loss 0.311 time 26.83
2024-11-05 15:26:58,812 - 78000: loss 0.307 time 27.33
2024-11-05 15:27:25,816 - 79000: loss 0.306 time 27.00
2024-11-05 15:27:52,672 - 80000: loss 0.306 time 26.86
2024-11-05 15:28:19,896 - 81000: loss 0.305 time 27.22
2024-11-05 15:28:47,366 - 82000: loss 0.305 time 27.47
2024-11-05 15:29:14,428 - 83000: loss 0.305 time 27.06
2024-11-05 15:29:41,609 - 84000: loss 0.306 time 27.18
2024-11-05 15:30:09,297 - 85000: loss 0.309 time 27.69
2024-11-05 15:30:36,696 - 86000: loss 0.305 time 27.40
2024-11-05 15:31:04,419 - 87000: loss 0.306 time 27.72
2024-11-05 15:31:31,852 - 88000: loss 0.307 time 27.43
2024-11-05 15:31:59,266 - 89000: loss 0.306 time 27.41
2024-11-05 15:32:27,048 - 90000: loss 0.307 time 27.78
2024-11-05 15:32:54,890 - 91000: loss 0.306 time 27.84
2024-11-05 15:33:22,750 - 92000: loss 0.306 time 27.86
2024-11-05 15:33:50,379 - 93000: loss 0.305 time 27.63
2024-11-05 15:34:18,221 - 94000: loss 0.306 time 27.84
2024-11-05 15:34:46,161 - 95000: loss 0.306 time 27.94
2024-11-05 15:35:14,224 - 96000: loss 0.306 time 28.06
2024-11-05 15:35:42,194 - 97000: loss 0.306 time 27.97
2024-11-05 15:36:10,463 - 98000: loss 0.306 time 28.27
2024-11-05 15:36:38,704 - 99000: loss 0.307 time 28.24
2024-11-05 15:37:07,256 - 100000: loss 0.304 time 28.55
2024-11-05 15:37:35,898 - 101000: loss 0.307 time 28.64
2024-11-05 15:38:04,576 - 102000: loss 0.306 time 28.68
2024-11-05 15:38:33,341 - 103000: loss 0.305 time 28.76
2024-11-05 15:39:02,621 - 104000: loss 0.305 time 29.28
2024-11-05 15:39:31,311 - 105000: loss 0.307 time 28.69
2024-11-05 15:40:00,415 - 106000: loss 0.306 time 29.10
2024-11-05 15:40:30,070 - 107000: loss 0.305 time 29.66
2024-11-05 15:40:59,408 - 108000: loss 0.304 time 29.34
2024-11-05 15:41:29,267 - 109000: loss 0.304 time 29.86
2024-11-05 15:41:58,992 - 110000: loss 0.308 time 29.72
2024-11-05 15:42:28,859 - 111000: loss 0.306 time 29.87
2024-11-05 15:42:58,811 - 112000: loss 0.306 time 29.95
2024-11-05 15:43:28,284 - 113000: loss 0.305 time 29.47
2024-11-05 15:43:58,413 - 114000: loss 0.303 time 30.13
2024-11-05 15:44:27,955 - 115000: loss 0.306 time 29.54
2024-11-05 15:44:58,127 - 116000: loss 0.305 time 30.17
2024-11-05 15:45:28,106 - 117000: loss 0.305 time 29.98
2024-11-05 15:45:58,215 - 118000: loss 0.305 time 30.11
2024-11-05 15:46:28,235 - 119000: loss 0.305 time 30.02
2024-11-05 15:46:58,033 - 120000: loss 0.305 time 29.80
2024-11-05 15:47:28,337 - 121000: loss 0.304 time 30.30
2024-11-05 15:47:59,051 - 122000: loss 0.304 time 30.71
2024-11-05 15:48:29,525 - 123000: loss 0.305 time 30.47
2024-11-05 15:49:00,072 - 124000: loss 0.306 time 30.55
2024-11-05 15:49:30,705 - 125000: loss 0.303 time 30.63
2024-11-05 15:50:01,924 - 126000: loss 0.305 time 31.22
2024-11-05 15:50:31,927 - 127000: loss 0.305 time 30.00
2024-11-05 15:51:02,464 - 128000: loss 0.306 time 30.54
2024-11-05 15:51:32,967 - 129000: loss 0.305 time 30.50
2024-11-05 15:52:03,437 - 130000: loss 0.305 time 30.47
2024-11-05 15:52:33,274 - 131000: loss 0.305 time 29.84
2024-11-05 15:53:04,453 - 132000: loss 0.304 time 31.18
2024-11-05 15:53:35,182 - 133000: loss 0.306 time 30.73
2024-11-05 15:54:05,113 - 134000: loss 0.305 time 29.93
2024-11-05 15:54:36,389 - 135000: loss 0.306 time 31.28
2024-11-05 15:55:07,890 - 136000: loss 0.303 time 31.50
2024-11-05 15:55:39,230 - 137000: loss 0.304 time 31.34
2024-11-05 15:56:10,721 - 138000: loss 0.306 time 31.49
2024-11-05 15:56:42,598 - 139000: loss 0.305 time 31.88
2024-11-05 15:57:14,805 - 140000: loss 0.308 time 32.21
2024-11-05 15:57:46,776 - 141000: loss 0.304 time 31.97
2024-11-05 15:58:19,154 - 142000: loss 0.305 time 32.38
2024-11-05 15:58:51,416 - 143000: loss 0.305 time 32.26
2024-11-05 15:59:23,576 - 144000: loss 0.304 time 32.16
2024-11-05 15:59:55,427 - 145000: loss 0.305 time 31.85
2024-11-05 16:00:27,646 - 146000: loss 0.305 time 32.22
2024-11-05 16:00:59,756 - 147000: loss 0.305 time 32.11
2024-11-05 16:01:32,654 - 148000: loss 0.306 time 32.90
2024-11-05 16:02:05,564 - 149000: loss 0.302 time 32.91
2024-11-05 16:02:38,278 - 150000: loss 0.304 time 32.71
2024-11-05 16:03:10,703 - 151000: loss 0.306 time 32.42
2024-11-05 16:03:43,612 - 152000: loss 0.305 time 32.91
2024-11-05 16:04:16,836 - 153000: loss 0.304 time 33.22
2024-11-05 16:04:50,123 - 154000: loss 0.305 time 33.29
2024-11-05 16:05:23,099 - 155000: loss 0.306 time 32.98
2024-11-05 16:05:56,441 - 156000: loss 0.305 time 33.34
2024-11-05 16:06:29,984 - 157000: loss 0.305 time 33.54
2024-11-05 16:07:03,727 - 158000: loss 0.304 time 33.74
2024-11-05 16:07:37,574 - 159000: loss 0.304 time 33.85
2024-11-05 16:08:11,547 - 160000: loss 0.304 time 33.97
2024-11-05 16:08:45,505 - 161000: loss 0.304 time 33.96
2024-11-05 16:09:19,192 - 162000: loss 0.305 time 33.69
2024-11-05 16:09:53,438 - 163000: loss 0.307 time 34.25
2024-11-05 16:10:27,702 - 164000: loss 0.302 time 34.26
2024-11-05 16:11:02,028 - 165000: loss 0.304 time 34.33
2024-11-05 16:11:35,938 - 166000: loss 0.306 time 33.91
2024-11-05 16:12:09,939 - 167000: loss 0.305 time 34.00
2024-11-05 16:12:44,267 - 168000: loss 0.305 time 34.33
2024-11-05 16:13:19,025 - 169000: loss 0.303 time 34.76
2024-11-05 16:13:53,515 - 170000: loss 0.306 time 34.49
2024-11-05 16:14:28,138 - 171000: loss 0.304 time 34.62
2024-11-05 16:15:03,043 - 172000: loss 0.303 time 34.91
2024-11-05 16:15:37,676 - 173000: loss 0.304 time 34.63
2024-11-05 16:16:12,552 - 174000: loss 0.306 time 34.88
2024-11-05 16:16:47,694 - 175000: loss 0.303 time 35.14
2024-11-05 16:17:22,405 - 176000: loss 0.304 time 34.71
2024-11-05 16:17:57,473 - 177000: loss 0.303 time 35.07
2024-11-05 16:18:32,377 - 178000: loss 0.304 time 34.90
2024-11-05 16:19:07,789 - 179000: loss 0.303 time 35.41
2024-11-05 16:19:43,261 - 180000: loss 0.305 time 35.47
2024-11-05 16:20:18,395 - 181000: loss 0.306 time 35.13
2024-11-05 16:20:53,251 - 182000: loss 0.304 time 34.86
2024-11-05 16:21:27,980 - 183000: loss 0.305 time 34.73
2024-11-05 16:22:03,524 - 184000: loss 0.305 time 35.54
2024-11-05 16:22:38,563 - 185000: loss 0.307 time 35.04
2024-11-05 16:23:13,754 - 186000: loss 0.301 time 35.19
2024-11-05 16:23:48,663 - 187000: loss 0.304 time 34.91
2024-11-05 16:24:24,089 - 188000: loss 0.303 time 35.43
2024-11-05 16:24:59,887 - 189000: loss 0.304 time 35.80
2024-11-05 16:25:35,770 - 190000: loss 0.305 time 35.88
2024-11-05 16:26:11,693 - 191000: loss 0.305 time 35.92
2024-11-05 16:26:47,680 - 192000: loss 0.304 time 35.99
2024-11-05 16:27:23,880 - 193000: loss 0.303 time 36.20
2024-11-05 16:28:00,084 - 194000: loss 0.304 time 36.20
2024-11-05 16:28:36,069 - 195000: loss 0.306 time 35.99
2024-11-05 16:29:11,780 - 196000: loss 0.305 time 35.71
2024-11-05 16:29:47,999 - 197000: loss 0.304 time 36.22
2024-11-05 16:30:24,685 - 198000: loss 0.306 time 36.69
2024-11-05 16:31:00,911 - 199000: loss 0.306 time 36.23
2024-11-05 16:31:37,706 - 200000: loss 0.304 time 36.79
2024-11-05 16:31:42,082 - m = [0.8493131566574721, 0.5342825683695528, -0.06976888046658891, -0.06144476296240763, -0.6479717683554815, 0.39801406355026153, 3.0526994027106324, -0.32563758816441885, 0.15526076687423715, 1.1477857485947105, 0.3045913501830467, -0.7295942995197879, -1.3476287458810818, -2.300088643839391, -0.2717782859450562, 0.5805156539036269]
2024-11-05 16:31:45,273 - Note: NumExpr detected 40 cores but "NUMEXPR_MAX_THREADS" not set, so enforcing safe limit of 8.
2024-11-05 16:31:45,273 - NumExpr defaulting to 8 threads.
2024-11-05 16:32:45,445 - 0.015083182603120804, 0.009463353082537651
