2024-10-20 18:57:05,487 - Unable to initialize backend 'rocm': module 'jaxlib.xla_extension' has no attribute 'GpuAllocatorConfig'
2024-10-20 18:57:05,489 - Unable to initialize backend 'tpu': INTERNAL: Failed to open libtpu.so: libtpu.so: cannot open shared object file: No such file or directory
2024-10-20 18:57:05,505 - gpu
2024-10-20 19:28:19,452 - Unable to initialize backend 'rocm': module 'jaxlib.xla_extension' has no attribute 'GpuAllocatorConfig'
2024-10-20 19:28:19,455 - Unable to initialize backend 'tpu': INTERNAL: Failed to open libtpu.so: libtpu.so: cannot open shared object file: No such file or directory
2024-10-20 19:28:19,472 - gpu
2024-10-20 19:28:42,742 - 1000: loss 0.116 time 16.05
2024-10-20 19:28:52,769 - 2000: loss 0.108 time 26.07
2024-10-20 19:29:02,596 - 3000: loss 0.099 time 35.90
2024-10-20 19:29:12,591 - 4000: loss 0.094 time 45.90
2024-10-20 19:29:22,557 - 5000: loss 0.107 time 55.86
2024-10-20 19:29:32,483 - 6000: loss 0.096 time 65.79
2024-10-20 19:29:42,349 - 7000: loss 0.092 time 75.65
2024-10-20 19:29:52,308 - 8000: loss 0.085 time 85.61
2024-10-20 19:30:02,231 - 9000: loss 0.080 time 95.54
2024-10-20 19:30:11,899 - 10000: loss 0.077 time 105.20
2024-10-20 19:30:21,963 - 11000: loss 0.074 time 115.27
2024-10-20 19:30:31,941 - 12000: loss 0.073 time 125.25
2024-10-20 19:30:41,828 - 13000: loss 0.073 time 135.13
2024-10-20 19:30:51,685 - 14000: loss 0.073 time 144.99
2024-10-20 19:31:01,455 - 15000: loss 0.071 time 154.76
2024-10-20 19:31:11,462 - 16000: loss 0.068 time 164.77
2024-10-20 19:31:21,052 - 17000: loss 0.072 time 174.36
2024-10-20 19:31:30,938 - 18000: loss 0.067 time 184.24
2024-10-20 19:31:40,749 - 19000: loss 0.066 time 194.05
2024-10-20 19:31:50,407 - 20000: loss 0.064 time 203.71
2024-10-20 19:31:51,132 - m_pred = [-0.97433318  2.99941583 -1.54047838  0.43954964  0.50410705  0.30673221]
2024-10-20 19:31:51,133 - d = [[ 1.4814678  10.1681795  21.746716   24.874071    0.05899492  0.54789436
   4.5900397  14.810197  ]]
2024-10-20 19:31:51,134 - d_pred = [-0.02810525 -0.00128095 -0.00996567 -0.01155778 -0.00804025 -0.00492554
 -0.00329577 -0.00563877]
2024-10-20 19:31:51,134 - diff norm = 1.0004597902297974, 0.000262226
2024-10-20 19:32:53,360 - Note: NumExpr detected 40 cores but "NUMEXPR_MAX_THREADS" not set, so enforcing safe limit of 8.
2024-10-20 19:32:53,360 - NumExpr defaulting to 8 threads.
2024-10-20 21:14:54,160 - Unable to initialize backend 'rocm': module 'jaxlib.xla_extension' has no attribute 'GpuAllocatorConfig'
2024-10-20 21:14:54,163 - Unable to initialize backend 'tpu': INTERNAL: Failed to open libtpu.so: libtpu.so: cannot open shared object file: No such file or directory
2024-10-20 21:14:54,180 - gpu
2024-10-20 21:15:16,644 - 1000: loss 0.147 time 15.26
2024-10-20 21:15:26,671 - 2000: loss 0.137 time 25.29
2024-10-20 21:15:36,563 - 3000: loss 0.128 time 35.18
2024-10-20 21:15:45,941 - 4000: loss 0.122 time 44.56
2024-10-20 21:15:55,568 - 5000: loss 0.102 time 54.19
2024-10-20 21:16:04,948 - 6000: loss 0.105 time 63.57
2024-10-20 21:16:14,485 - 7000: loss 0.101 time 73.10
2024-10-20 21:16:24,195 - 8000: loss 0.090 time 82.81
2024-10-20 21:16:33,807 - 9000: loss 0.091 time 92.42
2024-10-20 21:16:43,387 - 10000: loss 0.070 time 102.00
2024-10-20 21:16:53,071 - 11000: loss 0.086 time 111.69
2024-10-20 21:17:02,841 - 12000: loss 0.082 time 121.46
2024-10-20 21:17:12,667 - 13000: loss 0.077 time 131.28
2024-10-20 21:17:22,361 - 14000: loss 0.076 time 140.98
2024-10-20 21:17:31,964 - 15000: loss 0.071 time 150.58
2024-10-20 21:17:41,119 - 16000: loss 0.075 time 159.74
2024-10-20 21:17:50,793 - 17000: loss 0.072 time 169.41
2024-10-20 21:18:00,238 - 18000: loss 0.067 time 178.86
2024-10-20 21:18:09,752 - 19000: loss 0.061 time 188.37
2024-10-20 21:18:19,611 - 20000: loss 0.068 time 198.23
2024-10-20 21:18:29,406 - 21000: loss 0.064 time 208.02
2024-10-20 21:18:38,669 - 22000: loss 0.070 time 217.29
2024-10-20 21:18:48,348 - 23000: loss 0.067 time 226.97
2024-10-20 21:18:58,127 - 24000: loss 0.069 time 236.74
2024-10-20 21:19:07,599 - 25000: loss 0.069 time 246.22
2024-10-20 21:19:17,409 - 26000: loss 0.084 time 256.03
2024-10-20 21:19:27,112 - 27000: loss 0.070 time 265.73
2024-10-20 21:19:36,687 - 28000: loss 0.070 time 275.30
2024-10-20 21:19:46,436 - 29000: loss 0.061 time 285.05
2024-10-20 21:19:55,963 - 30000: loss 0.070 time 294.58
2024-10-20 21:20:05,631 - 31000: loss 0.064 time 304.25
2024-10-20 21:20:15,158 - 32000: loss 0.060 time 313.78
2024-10-20 21:20:25,004 - 33000: loss 0.066 time 323.62
2024-10-20 21:20:34,726 - 34000: loss 0.062 time 333.34
2024-10-20 21:20:44,436 - 35000: loss 0.068 time 343.05
2024-10-20 21:20:54,254 - 36000: loss 0.066 time 352.87
2024-10-20 21:21:03,881 - 37000: loss 0.056 time 362.50
2024-10-20 21:21:13,615 - 38000: loss 0.065 time 372.23
2024-10-20 21:21:23,193 - 39000: loss 0.064 time 381.81
2024-10-20 21:21:32,858 - 40000: loss 0.061 time 391.48
2024-10-20 21:21:42,440 - 41000: loss 0.059 time 401.06
2024-10-20 21:21:52,136 - 42000: loss 0.051 time 410.75
2024-10-20 21:22:01,719 - 43000: loss 0.057 time 420.34
2024-10-20 21:22:11,271 - 44000: loss 0.055 time 429.89
2024-10-20 21:22:20,988 - 45000: loss 0.061 time 439.61
2024-10-20 21:22:30,710 - 46000: loss 0.064 time 449.33
2024-10-20 21:22:40,252 - 47000: loss 0.059 time 458.87
2024-10-20 21:22:49,706 - 48000: loss 0.063 time 468.32
2024-10-20 21:22:59,535 - 49000: loss 0.057 time 478.15
2024-10-20 21:23:09,329 - 50000: loss 0.059 time 487.95
2024-10-20 21:23:18,681 - 51000: loss 0.063 time 497.30
2024-10-20 21:23:28,349 - 52000: loss 0.054 time 506.97
2024-10-20 21:23:38,166 - 53000: loss 0.057 time 516.78
2024-10-20 21:23:47,654 - 54000: loss 0.061 time 526.27
2024-10-20 21:23:57,291 - 55000: loss 0.066 time 535.91
2024-10-20 21:24:07,012 - 56000: loss 0.067 time 545.63
2024-10-20 21:24:16,657 - 57000: loss 0.059 time 555.27
2024-10-20 21:24:26,441 - 58000: loss 0.071 time 565.06
2024-10-20 21:24:36,126 - 59000: loss 0.065 time 574.74
2024-10-20 21:24:45,650 - 60000: loss 0.065 time 584.27
2024-10-20 21:24:55,458 - 61000: loss 0.053 time 594.08
2024-10-20 21:25:05,025 - 62000: loss 0.052 time 603.64
2024-10-20 21:25:14,622 - 63000: loss 0.055 time 613.24
2024-10-20 21:25:24,205 - 64000: loss 0.056 time 622.82
2024-10-20 21:25:33,849 - 65000: loss 0.051 time 632.47
2024-10-20 21:25:43,672 - 66000: loss 0.068 time 642.29
2024-10-20 21:25:53,289 - 67000: loss 0.058 time 651.91
2024-10-20 21:26:03,060 - 68000: loss 0.051 time 661.68
2024-10-20 21:26:12,596 - 69000: loss 0.072 time 671.21
2024-10-20 21:26:22,319 - 70000: loss 0.059 time 680.94
2024-10-20 21:26:31,913 - 71000: loss 0.058 time 690.53
2024-10-20 21:26:41,851 - 72000: loss 0.057 time 700.47
2024-10-20 21:26:51,605 - 73000: loss 0.055 time 710.22
2024-10-20 21:27:01,264 - 74000: loss 0.054 time 719.88
2024-10-20 21:27:10,981 - 75000: loss 0.050 time 729.60
2024-10-20 21:27:20,633 - 76000: loss 0.056 time 739.25
2024-10-20 21:27:30,584 - 77000: loss 0.065 time 749.20
2024-10-20 21:27:40,256 - 78000: loss 0.050 time 758.87
2024-10-20 21:27:49,928 - 79000: loss 0.054 time 768.55
2024-10-20 21:27:59,564 - 80000: loss 0.054 time 778.18
2024-10-20 21:28:09,061 - 81000: loss 0.060 time 787.68
2024-10-20 21:28:18,787 - 82000: loss 0.056 time 797.40
2024-10-20 21:28:28,640 - 83000: loss 0.054 time 807.26
2024-10-20 21:28:38,377 - 84000: loss 0.054 time 816.99
2024-10-20 21:28:48,144 - 85000: loss 0.058 time 826.76
2024-10-20 21:28:57,902 - 86000: loss 0.053 time 836.52
2024-10-20 21:29:07,318 - 87000: loss 0.057 time 845.94
2024-10-20 21:29:16,538 - 88000: loss 0.059 time 855.16
2024-10-20 21:29:26,207 - 89000: loss 0.057 time 864.82
2024-10-20 21:29:35,970 - 90000: loss 0.060 time 874.59
2024-10-20 21:29:45,605 - 91000: loss 0.052 time 884.22
2024-10-20 21:29:55,375 - 92000: loss 0.052 time 893.99
2024-10-20 21:30:05,127 - 93000: loss 0.058 time 903.74
2024-10-20 21:30:14,836 - 94000: loss 0.057 time 913.45
2024-10-20 21:30:24,463 - 95000: loss 0.047 time 923.08
2024-10-20 21:30:34,032 - 96000: loss 0.069 time 932.65
2024-10-20 21:30:43,714 - 97000: loss 0.065 time 942.33
2024-10-20 21:30:53,392 - 98000: loss 0.055 time 952.01
2024-10-20 21:31:03,116 - 99000: loss 0.059 time 961.73
2024-10-20 21:31:12,344 - 100000: loss 0.062 time 970.96
2024-10-20 21:31:21,888 - 101000: loss 0.057 time 980.51
2024-10-20 21:31:31,372 - 102000: loss 0.057 time 989.99
2024-10-20 21:31:41,125 - 103000: loss 0.052 time 999.74
2024-10-20 21:31:50,958 - 104000: loss 0.058 time 1009.58
2024-10-20 21:32:00,414 - 105000: loss 0.057 time 1019.03
2024-10-20 21:32:09,893 - 106000: loss 0.057 time 1028.51
2024-10-20 21:32:19,629 - 107000: loss 0.074 time 1038.25
2024-10-20 21:32:29,286 - 108000: loss 0.050 time 1047.90
2024-10-20 21:32:38,551 - 109000: loss 0.063 time 1057.17
2024-10-20 21:32:48,309 - 110000: loss 0.061 time 1066.93
2024-10-20 21:32:57,543 - 111000: loss 0.054 time 1076.16
2024-10-20 21:33:07,220 - 112000: loss 0.058 time 1085.84
2024-10-20 21:33:16,455 - 113000: loss 0.058 time 1095.07
2024-10-20 21:33:25,849 - 114000: loss 0.051 time 1104.47
2024-10-20 21:33:35,307 - 115000: loss 0.050 time 1113.92
2024-10-20 21:33:45,093 - 116000: loss 0.053 time 1123.71
2024-10-20 21:33:54,924 - 117000: loss 0.047 time 1133.54
2024-10-20 21:34:04,647 - 118000: loss 0.053 time 1143.26
2024-10-20 21:34:14,203 - 119000: loss 0.055 time 1152.82
2024-10-20 21:34:23,756 - 120000: loss 0.064 time 1162.37
2024-10-20 21:34:33,230 - 121000: loss 0.070 time 1171.85
2024-10-20 21:34:43,074 - 122000: loss 0.057 time 1181.69
2024-10-20 21:34:52,552 - 123000: loss 0.054 time 1191.17
2024-10-20 21:35:02,246 - 124000: loss 0.048 time 1200.86
2024-10-20 21:35:11,714 - 125000: loss 0.059 time 1210.33
2024-10-20 21:35:21,401 - 126000: loss 0.048 time 1220.02
2024-10-20 21:35:31,024 - 127000: loss 0.055 time 1229.64
2024-10-20 21:35:40,725 - 128000: loss 0.054 time 1239.34
2024-10-20 21:35:50,280 - 129000: loss 0.047 time 1248.90
2024-10-20 21:35:59,776 - 130000: loss 0.067 time 1258.39
2024-10-20 21:36:09,552 - 131000: loss 0.055 time 1268.17
2024-10-20 21:36:19,187 - 132000: loss 0.056 time 1277.80
2024-10-20 21:36:28,867 - 133000: loss 0.065 time 1287.48
2024-10-20 21:36:38,557 - 134000: loss 0.051 time 1297.17
2024-10-20 21:36:48,252 - 135000: loss 0.053 time 1306.87
2024-10-20 21:36:57,885 - 136000: loss 0.046 time 1316.50
2024-10-20 21:37:07,339 - 137000: loss 0.045 time 1325.96
2024-10-20 21:37:17,222 - 138000: loss 0.049 time 1335.84
2024-10-20 21:37:26,952 - 139000: loss 0.053 time 1345.57
2024-10-20 21:37:36,584 - 140000: loss 0.051 time 1355.20
2024-10-20 21:37:46,306 - 141000: loss 0.053 time 1364.92
2024-10-20 21:37:56,091 - 142000: loss 0.059 time 1374.71
2024-10-20 21:38:05,724 - 143000: loss 0.050 time 1384.34
2024-10-20 21:38:15,384 - 144000: loss 0.046 time 1394.00
2024-10-20 21:38:24,795 - 145000: loss 0.054 time 1403.41
2024-10-20 21:38:34,470 - 146000: loss 0.062 time 1413.09
2024-10-20 21:38:44,054 - 147000: loss 0.063 time 1422.67
2024-10-20 21:38:53,799 - 148000: loss 0.048 time 1432.42
2024-10-20 21:39:03,635 - 149000: loss 0.049 time 1442.25
2024-10-20 21:39:13,489 - 150000: loss 0.053 time 1452.11
2024-10-20 21:39:23,301 - 151000: loss 0.053 time 1461.92
2024-10-20 21:39:32,983 - 152000: loss 0.048 time 1471.60
2024-10-20 21:39:42,883 - 153000: loss 0.048 time 1481.50
2024-10-20 21:39:52,436 - 154000: loss 0.062 time 1491.05
2024-10-20 21:40:02,064 - 155000: loss 0.057 time 1500.68
2024-10-20 21:40:11,852 - 156000: loss 0.050 time 1510.47
2024-10-20 21:40:21,642 - 157000: loss 0.043 time 1520.26
2024-10-20 21:40:31,220 - 158000: loss 0.048 time 1529.84
2024-10-20 21:40:40,798 - 159000: loss 0.062 time 1539.42
2024-10-20 21:40:50,569 - 160000: loss 0.064 time 1549.19
2024-10-20 21:41:00,048 - 161000: loss 0.045 time 1558.67
2024-10-20 21:41:09,708 - 162000: loss 0.053 time 1568.33
2024-10-20 21:41:19,261 - 163000: loss 0.047 time 1577.88
2024-10-20 21:41:28,586 - 164000: loss 0.051 time 1587.20
2024-10-20 21:41:38,149 - 165000: loss 0.067 time 1596.77
2024-10-20 21:41:47,744 - 166000: loss 0.059 time 1606.36
2024-10-20 21:41:57,274 - 167000: loss 0.059 time 1615.89
2024-10-20 21:42:06,719 - 168000: loss 0.057 time 1625.34
2024-10-20 21:42:16,491 - 169000: loss 0.059 time 1635.11
2024-10-20 21:42:26,203 - 170000: loss 0.055 time 1644.82
2024-10-20 21:42:35,889 - 171000: loss 0.051 time 1654.51
2024-10-20 21:42:45,670 - 172000: loss 0.051 time 1664.29
2024-10-20 21:42:55,494 - 173000: loss 0.048 time 1674.11
2024-10-20 21:43:05,153 - 174000: loss 0.061 time 1683.77
2024-10-20 21:43:14,687 - 175000: loss 0.058 time 1693.30
2024-10-20 21:43:24,150 - 176000: loss 0.047 time 1702.77
2024-10-20 21:43:33,781 - 177000: loss 0.050 time 1712.40
2024-10-20 21:43:43,547 - 178000: loss 0.050 time 1722.16
2024-10-20 21:43:53,361 - 179000: loss 0.051 time 1731.98
2024-10-20 21:44:02,945 - 180000: loss 0.052 time 1741.56
2024-10-20 21:44:12,631 - 181000: loss 0.063 time 1751.25
2024-10-20 21:44:22,373 - 182000: loss 0.049 time 1760.99
2024-10-20 21:44:31,877 - 183000: loss 0.056 time 1770.49
2024-10-20 21:44:41,545 - 184000: loss 0.051 time 1780.16
2024-10-20 21:44:51,202 - 185000: loss 0.048 time 1789.82
2024-10-20 21:45:00,871 - 186000: loss 0.047 time 1799.49
2024-10-20 21:45:10,217 - 187000: loss 0.049 time 1808.83
2024-10-20 21:45:19,901 - 188000: loss 0.055 time 1818.52
2024-10-20 21:45:29,624 - 189000: loss 0.046 time 1828.24
2024-10-20 21:45:39,403 - 190000: loss 0.057 time 1838.02
2024-10-20 21:45:49,152 - 191000: loss 0.069 time 1847.77
2024-10-20 21:45:58,911 - 192000: loss 0.052 time 1857.53
2024-10-20 21:46:08,435 - 193000: loss 0.046 time 1867.05
2024-10-20 21:46:18,199 - 194000: loss 0.051 time 1876.82
2024-10-20 21:46:27,824 - 195000: loss 0.059 time 1886.44
2024-10-20 21:46:37,384 - 196000: loss 0.045 time 1896.00
2024-10-20 21:46:46,971 - 197000: loss 0.053 time 1905.59
2024-10-20 21:46:56,653 - 198000: loss 0.049 time 1915.27
2024-10-20 21:47:06,242 - 199000: loss 0.054 time 1924.86
2024-10-20 21:47:15,977 - 200000: loss 0.050 time 1934.59
2024-10-20 21:47:16,820 - m_pred = [0.39944713 0.30973164 0.11396915 0.33229952 0.19131793 0.83768272]
2024-10-20 21:47:16,821 - d = [[ 1.4814678  10.1681795  21.746716   24.874071    0.05899492  0.54789436
   4.5900397  14.810197  ]]
2024-10-20 21:47:16,822 - d_pred = [ 1.47059756 10.01508468 21.49622898 24.34902474  0.07629731  0.69740761
  5.20261894 16.01878287]
2024-10-20 21:47:16,822 - diff norm = 0.03929716348648071
2024-10-20 21:48:30,305 - Note: NumExpr detected 40 cores but "NUMEXPR_MAX_THREADS" not set, so enforcing safe limit of 8.
2024-10-20 21:48:30,305 - NumExpr defaulting to 8 threads.
