2024-10-21 19:10:25,096 - Unable to initialize backend 'rocm': module 'jaxlib.xla_extension' has no attribute 'GpuAllocatorConfig'
2024-10-21 19:10:25,099 - Unable to initialize backend 'tpu': INTERNAL: Failed to open libtpu.so: libtpu.so: cannot open shared object file: No such file or directory
2024-10-21 19:10:25,117 - gpu
2024-10-21 19:10:43,508 - Unable to initialize backend 'rocm': module 'jaxlib.xla_extension' has no attribute 'GpuAllocatorConfig'
2024-10-21 19:10:43,512 - Unable to initialize backend 'tpu': INTERNAL: Failed to open libtpu.so: libtpu.so: cannot open shared object file: No such file or directory
2024-10-21 19:10:43,530 - gpu
2024-10-21 19:11:05,149 - 1000: loss 0.138 time 14.83
2024-10-21 19:11:15,258 - 2000: loss 0.133 time 24.94
2024-10-21 19:11:25,258 - 3000: loss 0.116 time 34.94
2024-10-21 19:11:35,081 - 4000: loss 0.119 time 44.77
2024-10-21 19:11:44,982 - 5000: loss 0.102 time 54.67
2024-10-21 19:11:54,794 - 6000: loss 0.100 time 64.48
2024-10-21 19:12:04,613 - 7000: loss 0.100 time 74.30
2024-10-21 19:12:14,477 - 8000: loss 0.098 time 84.16
2024-10-21 19:12:24,545 - 9000: loss 0.091 time 94.23
2024-10-21 19:12:34,315 - 10000: loss 0.092 time 104.00
2024-10-21 19:12:44,145 - 11000: loss 0.097 time 113.83
2024-10-21 19:12:53,896 - 12000: loss 0.111 time 123.58
2024-10-21 19:13:03,697 - 13000: loss 0.087 time 133.38
2024-10-21 19:13:13,558 - 14000: loss 0.095 time 143.24
2024-10-21 19:13:23,404 - 15000: loss 0.080 time 153.09
2024-10-21 19:13:33,323 - 16000: loss 0.087 time 163.01
2024-10-21 19:13:42,949 - 17000: loss 0.096 time 172.63
2024-10-21 19:13:52,747 - 18000: loss 0.092 time 182.43
2024-10-21 19:14:02,549 - 19000: loss 0.080 time 192.23
2024-10-21 19:14:12,225 - 20000: loss 0.086 time 201.91
2024-10-21 19:14:12,965 - m_pred = [0.32066588 0.33660758 0.5482542  0.00371109 0.19505393 0.61001587]
2024-10-21 19:14:12,966 - d = [[ 1.4814678  10.1681795  21.746716   24.874071    0.05899492  0.54789436
   4.5900397  14.810197  ]]
2024-10-21 19:14:12,966 - d_pred = [ 1.20684884  7.77515712 19.1266815  22.2079534   0.08717617  0.70122357
  5.50853797 17.49441474]
2024-10-21 19:14:12,966 - diff norm = 0.13916318118572235
2024-10-21 19:15:06,281 - Note: NumExpr detected 40 cores but "NUMEXPR_MAX_THREADS" not set, so enforcing safe limit of 8.
2024-10-21 19:15:06,282 - NumExpr defaulting to 8 threads.
2024-10-21 19:15:08,126 - 0.34851470589637756, 0.19260600209236145
2024-10-21 20:16:13,989 - Unable to initialize backend 'rocm': module 'jaxlib.xla_extension' has no attribute 'GpuAllocatorConfig'
2024-10-21 20:16:13,992 - Unable to initialize backend 'tpu': INTERNAL: Failed to open libtpu.so: libtpu.so: cannot open shared object file: No such file or directory
2024-10-21 20:16:14,009 - gpu
2024-10-21 20:16:36,305 - 1000: loss 0.126 time 15.51
2024-10-21 20:16:46,347 - 2000: loss 0.107 time 25.56
2024-10-21 20:16:56,450 - 3000: loss 0.097 time 35.66
2024-10-21 20:17:06,681 - 4000: loss 0.093 time 45.89
2024-10-21 20:17:16,787 - 5000: loss 0.092 time 56.00
2024-10-21 20:17:26,855 - 6000: loss 0.086 time 66.06
2024-10-21 20:17:36,935 - 7000: loss 0.083 time 76.14
2024-10-21 20:17:47,065 - 8000: loss 0.079 time 86.27
2024-10-21 20:17:57,247 - 9000: loss 0.078 time 96.46
2024-10-21 20:18:07,486 - 10000: loss 0.073 time 106.69
2024-10-21 20:18:17,616 - 11000: loss 0.071 time 116.82
2024-10-21 20:18:27,752 - 12000: loss 0.071 time 126.96
2024-10-21 20:18:37,847 - 13000: loss 0.072 time 137.06
2024-10-21 20:18:47,923 - 14000: loss 0.067 time 147.13
2024-10-21 20:18:58,035 - 15000: loss 0.068 time 157.24
2024-10-21 20:19:08,156 - 16000: loss 0.068 time 167.36
2024-10-21 20:19:18,257 - 17000: loss 0.065 time 177.47
2024-10-21 20:19:28,259 - 18000: loss 0.064 time 187.47
2024-10-21 20:19:38,416 - 19000: loss 0.066 time 197.62
2024-10-21 20:19:48,506 - 20000: loss 0.063 time 207.71
2024-10-21 20:19:49,285 - m_pred = [0.59293956 0.26211312 0.34171185 0.04313628 0.53677462 0.57621565]
2024-10-21 20:19:49,286 - d = [[ 1.4814678  10.1681795  21.746716   24.874071    0.05899492  0.54789436
   4.5900397  14.810197  ]]
2024-10-21 20:19:49,286 - d_pred = [ 1.39966822  9.6839162  20.16104781 22.87986835  0.04311205  0.41213614
  3.99945606 13.4392934 ]
2024-10-21 20:19:49,286 - diff norm = 0.07902226597070694
2024-10-21 20:20:53,488 - Note: NumExpr detected 40 cores but "NUMEXPR_MAX_THREADS" not set, so enforcing safe limit of 8.
2024-10-21 20:20:53,488 - NumExpr defaulting to 8 threads.
2024-10-21 20:20:55,358 - 0.13126163184642792, 0.07107296586036682
2024-10-21 20:22:28,482 - Unable to initialize backend 'rocm': module 'jaxlib.xla_extension' has no attribute 'GpuAllocatorConfig'
2024-10-21 20:22:28,484 - Unable to initialize backend 'tpu': INTERNAL: Failed to open libtpu.so: libtpu.so: cannot open shared object file: No such file or directory
2024-10-21 20:22:28,503 - gpu
2024-10-21 20:22:50,978 - 1000: loss 0.114 time 15.79
2024-10-21 20:23:01,274 - 2000: loss 0.095 time 26.08
2024-10-21 20:23:11,465 - 3000: loss 0.093 time 36.27
2024-10-21 20:23:21,732 - 4000: loss 0.085 time 46.54
2024-10-21 20:23:32,004 - 5000: loss 0.079 time 56.81
2024-10-21 20:23:42,253 - 6000: loss 0.075 time 67.06
2024-10-21 20:23:52,487 - 7000: loss 0.073 time 77.30
2024-10-21 20:24:02,848 - 8000: loss 0.071 time 87.66
2024-10-21 20:24:12,857 - 9000: loss 0.069 time 97.67
2024-10-21 20:24:22,944 - 10000: loss 0.065 time 107.75
2024-10-21 20:24:32,992 - 11000: loss 0.064 time 117.80
2024-10-21 20:24:43,002 - 12000: loss 0.064 time 127.81
2024-10-21 20:24:53,114 - 13000: loss 0.063 time 137.92
2024-10-21 20:25:03,168 - 14000: loss 0.061 time 147.98
2024-10-21 20:25:13,273 - 15000: loss 0.061 time 158.08
2024-10-21 20:25:23,257 - 16000: loss 0.062 time 168.07
2024-10-21 20:25:33,197 - 17000: loss 0.058 time 178.01
2024-10-21 20:25:43,309 - 18000: loss 0.057 time 188.12
2024-10-21 20:25:53,374 - 19000: loss 0.061 time 198.18
2024-10-21 20:26:03,459 - 20000: loss 0.057 time 208.27
2024-10-21 20:26:04,210 - m_pred = [0.67878998 0.32811388 0.3869516  0.00953881 0.7622336  0.47951733]
2024-10-21 20:26:04,210 - d = [[ 1.4814678  10.1681795  21.746716   24.874071    0.05899492  0.54789436
   4.5900397  14.810197  ]]
2024-10-21 20:26:04,211 - d_pred = [ 2.38943981 15.11640917 26.41466855 28.10574084  0.0926658   0.93549345
  6.06885335 17.642842  ]
2024-10-21 20:26:04,211 - diff norm = 0.21731039881706238
2024-10-21 20:27:08,048 - Note: NumExpr detected 40 cores but "NUMEXPR_MAX_THREADS" not set, so enforcing safe limit of 8.
2024-10-21 20:27:08,048 - NumExpr defaulting to 8 threads.
2024-10-21 20:27:09,872 - 0.1229536160826683, 0.06242506206035614
2024-10-21 20:29:35,012 - Unable to initialize backend 'rocm': module 'jaxlib.xla_extension' has no attribute 'GpuAllocatorConfig'
2024-10-21 20:29:35,016 - Unable to initialize backend 'tpu': INTERNAL: Failed to open libtpu.so: libtpu.so: cannot open shared object file: No such file or directory
2024-10-21 20:29:35,035 - gpu
2024-10-21 20:29:57,185 - 1000: loss 0.115 time 15.58
2024-10-21 20:30:07,382 - 2000: loss 0.096 time 25.78
2024-10-21 20:30:17,655 - 3000: loss 0.094 time 36.05
2024-10-21 20:30:27,568 - 4000: loss 0.085 time 45.96
2024-10-21 20:30:37,776 - 5000: loss 0.078 time 56.17
2024-10-21 20:30:47,859 - 6000: loss 0.073 time 66.26
2024-10-21 20:30:57,950 - 7000: loss 0.072 time 76.35
2024-10-21 20:31:08,050 - 8000: loss 0.073 time 86.45
2024-10-21 20:31:18,038 - 9000: loss 0.068 time 96.43
2024-10-21 20:31:28,130 - 10000: loss 0.068 time 106.53
2024-10-21 20:31:38,309 - 11000: loss 0.066 time 116.71
2024-10-21 20:31:48,221 - 12000: loss 0.064 time 126.62
2024-10-21 20:31:58,198 - 13000: loss 0.063 time 136.59
2024-10-21 20:32:07,674 - 14000: loss 0.061 time 146.07
2024-10-21 20:32:17,850 - 15000: loss 0.065 time 156.25
2024-10-21 20:32:27,897 - 16000: loss 0.060 time 166.29
2024-10-21 20:32:37,985 - 17000: loss 0.060 time 176.38
2024-10-21 20:32:48,202 - 18000: loss 0.060 time 186.60
2024-10-21 20:32:58,305 - 19000: loss 0.058 time 196.70
2024-10-21 20:33:08,438 - 20000: loss 0.058 time 206.84
2024-10-21 20:33:09,186 - m_pred = [0.51688612 0.27647567 0.29395077 0.05363858 0.53709768 0.58996062]
2024-10-21 20:33:09,187 - d = [[ 1.4814678  10.1681795  21.746716   24.874071    0.05899492  0.54789436
   4.5900397  14.810197  ]]
2024-10-21 20:33:09,187 - d_pred = [ 1.22862189  8.45239937 19.86017662 23.73358781  0.02673938  0.23874415
  3.30160547 12.35927996]
2024-10-21 20:33:09,187 - diff norm = 0.10426207631826401
2024-10-21 20:34:12,813 - Note: NumExpr detected 40 cores but "NUMEXPR_MAX_THREADS" not set, so enforcing safe limit of 8.
2024-10-21 20:34:12,814 - NumExpr defaulting to 8 threads.
2024-10-21 20:34:14,556 - 0.19230669736862183, 0.10911040008068085
2024-10-21 20:34:50,093 - Unable to initialize backend 'rocm': module 'jaxlib.xla_extension' has no attribute 'GpuAllocatorConfig'
2024-10-21 20:34:50,095 - Unable to initialize backend 'tpu': INTERNAL: Failed to open libtpu.so: libtpu.so: cannot open shared object file: No such file or directory
2024-10-21 20:34:50,117 - gpu
2024-10-21 20:35:12,737 - 1000: loss 0.110 time 15.89
2024-10-21 20:35:22,911 - 2000: loss 0.090 time 26.06
2024-10-21 20:35:32,977 - 3000: loss 0.086 time 36.13
2024-10-21 20:35:43,086 - 4000: loss 0.081 time 46.24
2024-10-21 20:35:53,052 - 5000: loss 0.076 time 56.20
2024-10-21 20:36:03,018 - 6000: loss 0.072 time 66.17
2024-10-21 20:36:13,031 - 7000: loss 0.071 time 76.18
2024-10-21 20:36:23,047 - 8000: loss 0.066 time 86.20
2024-10-21 20:36:32,987 - 9000: loss 0.064 time 96.14
2024-10-21 20:36:43,155 - 10000: loss 0.089 time 106.30
2024-10-21 20:36:53,291 - 11000: loss 0.073 time 116.44
2024-10-21 20:37:03,487 - 12000: loss 0.068 time 126.64
2024-10-21 20:37:13,572 - 13000: loss 0.065 time 136.72
2024-10-21 20:37:23,611 - 14000: loss 0.062 time 146.76
2024-10-21 20:37:33,469 - 15000: loss 0.063 time 156.62
2024-10-21 20:37:43,694 - 16000: loss 0.063 time 166.84
2024-10-21 20:37:53,726 - 17000: loss 0.057 time 176.88
2024-10-21 20:38:03,681 - 18000: loss 0.059 time 186.83
2024-10-21 20:38:13,731 - 19000: loss 0.058 time 196.88
2024-10-21 20:38:24,189 - 20000: loss 0.055 time 207.34
2024-10-21 20:38:24,926 - m_pred = [0.52815908 0.28225803 0.09345781 0.31573975 0.73898177 0.85101893]
2024-10-21 20:38:24,927 - d = [[ 1.4814678  10.1681795  21.746716   24.874071    0.05899492  0.54789436
   4.5900397  14.810197  ]]
2024-10-21 20:38:24,927 - d_pred = [ 0.99988927  6.44677616 17.25889785 21.87622891  0.04141798  0.32948882
  3.40272848 12.38222136]
2024-10-21 20:38:24,927 - diff norm = 0.18751583993434906
2024-10-21 20:39:28,576 - Note: NumExpr detected 40 cores but "NUMEXPR_MAX_THREADS" not set, so enforcing safe limit of 8.
2024-10-21 20:39:28,576 - NumExpr defaulting to 8 threads.
2024-10-21 20:39:30,383 - 0.2697626054286957, 0.09054240584373474
2024-10-21 20:40:48,245 - Unable to initialize backend 'rocm': module 'jaxlib.xla_extension' has no attribute 'GpuAllocatorConfig'
2024-10-21 20:40:48,248 - Unable to initialize backend 'tpu': INTERNAL: Failed to open libtpu.so: libtpu.so: cannot open shared object file: No such file or directory
2024-10-21 20:40:48,269 - gpu
2024-10-21 20:41:11,289 - 1000: loss 0.112 time 15.90
2024-10-21 20:41:21,597 - 2000: loss 0.098 time 26.21
2024-10-21 20:41:31,869 - 3000: loss 0.105 time 36.48
2024-10-21 20:41:42,016 - 4000: loss 0.084 time 46.63
2024-10-21 20:41:52,096 - 5000: loss 0.079 time 56.71
2024-10-21 20:42:02,302 - 6000: loss 0.080 time 66.91
2024-10-21 20:42:12,294 - 7000: loss 0.078 time 76.91
2024-10-21 20:42:22,394 - 8000: loss 0.070 time 87.01
2024-10-21 20:42:32,499 - 9000: loss 0.067 time 97.11
2024-10-21 20:42:42,676 - 10000: loss 0.067 time 107.29
2024-10-21 20:42:52,604 - 11000: loss 0.067 time 117.22
2024-10-21 20:43:02,680 - 12000: loss 0.065 time 127.29
2024-10-21 20:43:12,747 - 13000: loss 0.063 time 137.36
2024-10-21 20:43:22,880 - 14000: loss 0.062 time 147.49
2024-10-21 20:43:32,927 - 15000: loss 0.063 time 157.54
2024-10-21 20:43:43,193 - 16000: loss 0.060 time 167.80
2024-10-21 20:43:53,398 - 17000: loss 0.060 time 178.01
2024-10-21 20:44:03,602 - 18000: loss 0.060 time 188.21
2024-10-21 20:44:13,436 - 19000: loss 0.060 time 198.05
2024-10-21 20:44:23,611 - 20000: loss 0.058 time 208.22
2024-10-21 20:44:24,350 - m_pred = [0.5279255  0.33229562 0.05312656 0.36998501 0.52017828 0.78459392]
2024-10-21 20:44:24,351 - d = [[ 1.4814678  10.1681795  21.746716   24.874071    0.05899492  0.54789436
   4.5900397  14.810197  ]]
2024-10-21 20:44:24,351 - d_pred = [ 1.83579622 12.31308929 24.25510552 27.18725853  0.10175766  0.97425217
  5.94781748 16.88471603]
2024-10-21 20:44:24,351 - diff norm = 0.1256438046693802
2024-10-21 20:45:31,295 - Note: NumExpr detected 40 cores but "NUMEXPR_MAX_THREADS" not set, so enforcing safe limit of 8.
2024-10-21 20:45:31,295 - NumExpr defaulting to 8 threads.
2024-10-21 20:45:33,004 - 0.14590302109718323, 0.08656445890665054
2024-10-21 20:46:46,660 - Unable to initialize backend 'rocm': module 'jaxlib.xla_extension' has no attribute 'GpuAllocatorConfig'
2024-10-21 20:46:46,666 - Unable to initialize backend 'tpu': INTERNAL: Failed to open libtpu.so: libtpu.so: cannot open shared object file: No such file or directory
2024-10-21 20:46:46,683 - gpu
2024-10-21 20:47:09,520 - 1000: loss 0.112 time 15.84
2024-10-21 20:47:19,583 - 2000: loss 0.100 time 25.90
2024-10-21 20:47:29,627 - 3000: loss 0.092 time 35.95
2024-10-21 20:47:39,643 - 4000: loss 0.082 time 45.96
2024-10-21 20:47:49,648 - 5000: loss 0.079 time 55.97
2024-10-21 20:47:59,635 - 6000: loss 0.075 time 65.95
2024-10-21 20:48:09,689 - 7000: loss 0.073 time 76.01
2024-10-21 20:48:19,507 - 8000: loss 0.072 time 85.83
2024-10-21 20:48:29,485 - 9000: loss 0.069 time 95.80
2024-10-21 20:48:39,533 - 10000: loss 0.067 time 105.85
2024-10-21 20:48:49,377 - 11000: loss 0.066 time 115.70
2024-10-21 20:48:59,258 - 12000: loss 0.064 time 125.58
2024-10-21 20:49:09,014 - 13000: loss 0.063 time 135.33
2024-10-21 20:49:19,061 - 14000: loss 0.063 time 145.38
2024-10-21 20:49:29,103 - 15000: loss 0.062 time 155.42
2024-10-21 20:49:39,009 - 16000: loss 0.062 time 165.33
2024-10-21 20:49:49,112 - 17000: loss 0.060 time 175.43
2024-10-21 20:49:59,109 - 18000: loss 0.059 time 185.43
2024-10-21 20:50:09,108 - 19000: loss 0.062 time 195.43
2024-10-21 20:50:19,185 - 20000: loss 0.059 time 205.50
2024-10-21 20:50:19,918 - m_pred = [0.58139089 0.28010657 0.05947174 0.3489091  0.45521687 0.86921141]
2024-10-21 20:50:19,919 - d = [[ 1.4814678  10.1681795  21.746716   24.874071    0.05899492  0.54789436
   4.5900397  14.810197  ]]
2024-10-21 20:50:19,919 - d_pred = [ 1.68921287 11.4172334  21.95014632 24.06358202  0.06307663  0.62138042
  4.88766972 15.23645825]
2024-10-21 20:50:19,919 - diff norm = 0.04233597591519356
2024-10-21 20:51:25,089 - Note: NumExpr detected 40 cores but "NUMEXPR_MAX_THREADS" not set, so enforcing safe limit of 8.
2024-10-21 20:51:25,089 - NumExpr defaulting to 8 threads.
2024-10-21 20:51:26,828 - 0.1208924874663353, 0.06322014331817627
2024-10-21 20:52:06,322 - Unable to initialize backend 'rocm': module 'jaxlib.xla_extension' has no attribute 'GpuAllocatorConfig'
2024-10-21 20:52:06,326 - Unable to initialize backend 'tpu': INTERNAL: Failed to open libtpu.so: libtpu.so: cannot open shared object file: No such file or directory
2024-10-21 20:52:06,344 - gpu
2024-10-21 20:52:28,181 - 1000: loss 0.111 time 15.57
2024-10-21 20:52:38,275 - 2000: loss 0.094 time 25.66
2024-10-21 20:52:48,491 - 3000: loss 0.090 time 35.88
2024-10-21 20:52:58,658 - 4000: loss 0.082 time 46.04
2024-10-21 20:53:08,573 - 5000: loss 0.081 time 55.96
2024-10-21 20:53:18,609 - 6000: loss 0.074 time 65.99
2024-10-21 20:53:28,608 - 7000: loss 0.070 time 75.99
2024-10-21 20:53:38,552 - 8000: loss 0.069 time 85.94
2024-10-21 20:53:48,415 - 9000: loss 0.070 time 95.80
2024-10-21 20:53:58,310 - 10000: loss 0.065 time 105.70
2024-10-21 20:54:08,311 - 11000: loss 0.065 time 115.70
2024-10-21 20:54:18,191 - 12000: loss 0.064 time 125.58
2024-10-21 20:54:28,066 - 13000: loss 0.062 time 135.45
2024-10-21 20:54:38,106 - 14000: loss 0.062 time 145.49
2024-10-21 20:54:48,096 - 15000: loss 0.059 time 155.48
2024-10-21 20:54:58,032 - 16000: loss 0.060 time 165.42
2024-10-21 20:55:08,018 - 17000: loss 0.059 time 175.40
2024-10-21 20:55:17,765 - 18000: loss 0.058 time 185.15
2024-10-21 20:55:27,739 - 19000: loss 0.058 time 195.12
2024-10-21 20:55:37,778 - 20000: loss 0.060 time 205.16
2024-10-21 20:55:38,513 - m_pred = [0.67328288 0.34853257 0.3134603  0.21115457 0.73739736 0.75142187]
2024-10-21 20:55:38,514 - d = [[ 1.4814678  10.1681795  21.746716   24.874071    0.05899492  0.54789436
   4.5900397  14.810197  ]]
2024-10-21 20:55:38,514 - d_pred = [ 2.6667638  16.08207542 26.09162638 25.78459923  0.16086749  1.60930411
  8.62264123 22.4657081 ]
2024-10-21 20:55:38,514 - diff norm = 0.3030875325202942
2024-10-21 20:56:40,310 - Note: NumExpr detected 40 cores but "NUMEXPR_MAX_THREADS" not set, so enforcing safe limit of 8.
2024-10-21 20:56:40,311 - NumExpr defaulting to 8 threads.
2024-10-21 20:56:42,030 - 0.16531288623809814, 0.08547774702310562
2024-10-21 20:57:34,174 - Unable to initialize backend 'rocm': module 'jaxlib.xla_extension' has no attribute 'GpuAllocatorConfig'
2024-10-21 20:57:34,177 - Unable to initialize backend 'tpu': INTERNAL: Failed to open libtpu.so: libtpu.so: cannot open shared object file: No such file or directory
2024-10-21 20:57:34,195 - gpu
2024-10-21 21:35:45,577 - Unable to initialize backend 'rocm': module 'jaxlib.xla_extension' has no attribute 'GpuAllocatorConfig'
2024-10-21 21:35:45,580 - Unable to initialize backend 'tpu': INTERNAL: Failed to open libtpu.so: libtpu.so: cannot open shared object file: No such file or directory
2024-10-21 21:35:45,598 - gpu
2024-10-21 21:36:08,531 - 1000: loss 0.112 time 15.98
2024-10-21 21:36:18,878 - 2000: loss 0.101 time 26.33
2024-10-21 21:36:29,104 - 3000: loss 0.095 time 36.55
2024-10-21 21:36:39,130 - 4000: loss 0.083 time 46.58
2024-10-21 21:36:49,266 - 5000: loss 0.076 time 56.71
2024-10-21 21:36:59,382 - 6000: loss 0.077 time 66.83
2024-10-21 21:37:09,281 - 7000: loss 0.074 time 76.73
2024-10-21 21:37:19,382 - 8000: loss 0.075 time 86.83
2024-10-21 21:37:29,426 - 9000: loss 0.069 time 96.87
2024-10-21 21:37:39,494 - 10000: loss 0.071 time 106.94
2024-10-21 21:37:49,604 - 11000: loss 0.066 time 117.05
2024-10-21 21:37:59,734 - 12000: loss 0.062 time 127.18
2024-10-21 21:38:09,759 - 13000: loss 0.062 time 137.21
2024-10-21 21:38:19,782 - 14000: loss 0.062 time 147.23
2024-10-21 21:38:29,873 - 15000: loss 0.061 time 157.32
2024-10-21 21:38:39,944 - 16000: loss 0.061 time 167.39
2024-10-21 21:38:50,006 - 17000: loss 0.061 time 177.45
2024-10-21 21:38:59,976 - 18000: loss 0.059 time 187.42
2024-10-21 21:39:10,016 - 19000: loss 0.059 time 197.46
2024-10-21 21:39:19,944 - 20000: loss 0.058 time 207.39
2024-10-21 21:39:20,702 - m_pred = [0.57543412 0.34693282 0.12879361 0.34217132 0.51752283 0.82821463]
2024-10-21 21:39:20,703 - d = [[ 1.4814678  10.1681795  21.746716   24.874071    0.05899492  0.54789436
   4.5900397  14.810197  ]]
2024-10-21 21:39:20,704 - d_pred = [ 2.43812111 15.30419985 26.22911105 27.09857714  0.13433556  1.34037533
  7.55024428 20.35463588]
2024-10-21 21:39:20,704 - diff norm = 0.253590852022171
2024-10-21 21:40:25,220 - Note: NumExpr detected 40 cores but "NUMEXPR_MAX_THREADS" not set, so enforcing safe limit of 8.
2024-10-21 21:40:25,220 - NumExpr defaulting to 8 threads.
2024-10-21 21:40:26,988 - 0.1756180375814438, 0.09413590282201767
2024-10-21 21:41:54,915 - Unable to initialize backend 'rocm': module 'jaxlib.xla_extension' has no attribute 'GpuAllocatorConfig'
2024-10-21 21:41:54,919 - Unable to initialize backend 'tpu': INTERNAL: Failed to open libtpu.so: libtpu.so: cannot open shared object file: No such file or directory
2024-10-21 21:41:54,936 - gpu
2024-10-21 21:42:17,971 - 1000: loss 0.113 time 16.06
2024-10-21 21:42:28,175 - 2000: loss 0.099 time 26.26
2024-10-21 21:42:38,244 - 3000: loss 0.089 time 36.33
2024-10-21 21:42:48,121 - 4000: loss 0.088 time 46.21
2024-10-21 21:42:58,139 - 5000: loss 0.076 time 56.23
2024-10-21 21:43:08,150 - 6000: loss 0.075 time 66.24
2024-10-21 21:43:18,242 - 7000: loss 0.076 time 76.33
2024-10-21 21:43:28,521 - 8000: loss 0.071 time 86.61
2024-10-21 21:43:38,602 - 9000: loss 0.069 time 96.69
2024-10-21 21:43:48,687 - 10000: loss 0.068 time 106.77
2024-10-21 21:43:58,634 - 11000: loss 0.067 time 116.72
2024-10-21 21:44:08,593 - 12000: loss 0.066 time 126.68
2024-10-21 21:44:18,693 - 13000: loss 0.063 time 136.78
2024-10-21 21:44:28,694 - 14000: loss 0.064 time 146.78
2024-10-21 21:44:38,765 - 15000: loss 0.060 time 156.85
2024-10-21 21:44:48,721 - 16000: loss 0.060 time 166.81
2024-10-21 21:44:58,775 - 17000: loss 0.060 time 176.86
2024-10-21 21:45:08,793 - 18000: loss 0.060 time 186.88
2024-10-21 21:45:18,855 - 19000: loss 0.059 time 196.94
2024-10-21 21:45:28,940 - 20000: loss 0.060 time 207.03
2024-10-21 21:45:38,966 - 21000: loss 0.057 time 217.05
2024-10-21 21:45:49,015 - 22000: loss 0.055 time 227.10
2024-10-21 21:45:59,022 - 23000: loss 0.056 time 237.11
2024-10-21 21:46:09,177 - 24000: loss 0.054 time 247.26
2024-10-21 21:46:19,245 - 25000: loss 0.057 time 257.33
2024-10-21 21:46:29,234 - 26000: loss 0.054 time 267.32
2024-10-21 21:46:39,180 - 27000: loss 0.056 time 277.27
2024-10-21 21:46:49,252 - 28000: loss 0.054 time 287.34
2024-10-21 21:46:59,406 - 29000: loss 0.055 time 297.49
2024-10-21 21:47:09,441 - 30000: loss 0.053 time 307.53
2024-10-21 21:47:19,455 - 31000: loss 0.052 time 317.54
2024-10-21 21:47:29,426 - 32000: loss 0.054 time 327.51
2024-10-21 21:47:39,480 - 33000: loss 0.052 time 337.57
2024-10-21 21:47:49,624 - 34000: loss 0.053 time 347.71
2024-10-21 21:47:59,639 - 35000: loss 0.051 time 357.73
2024-10-21 21:48:09,679 - 36000: loss 0.054 time 367.77
2024-10-21 21:48:19,653 - 37000: loss 0.052 time 377.74
2024-10-21 21:48:29,712 - 38000: loss 0.053 time 387.80
2024-10-21 21:48:39,804 - 39000: loss 0.051 time 397.89
2024-10-21 21:48:49,899 - 40000: loss 0.051 time 407.99
2024-10-21 21:48:59,930 - 41000: loss 0.052 time 418.02
2024-10-21 21:49:09,951 - 42000: loss 0.051 time 428.04
2024-10-21 21:49:19,995 - 43000: loss 0.050 time 438.08
2024-10-21 21:49:30,009 - 44000: loss 0.049 time 448.10
2024-10-21 21:49:40,098 - 45000: loss 0.049 time 458.19
2024-10-21 21:49:50,153 - 46000: loss 0.049 time 468.24
2024-10-21 21:50:00,264 - 47000: loss 0.052 time 478.35
2024-10-21 21:50:10,304 - 48000: loss 0.050 time 488.39
2024-10-21 21:50:20,370 - 49000: loss 0.049 time 498.46
2024-10-21 21:50:30,460 - 50000: loss 0.047 time 508.55
2024-10-21 21:50:40,472 - 51000: loss 0.048 time 518.56
2024-10-21 21:50:50,525 - 52000: loss 0.049 time 528.61
2024-10-21 21:51:00,534 - 53000: loss 0.048 time 538.62
2024-10-21 21:51:10,306 - 54000: loss 0.047 time 548.39
2024-10-21 21:51:20,354 - 55000: loss 0.051 time 558.44
2024-10-21 21:51:30,483 - 56000: loss 0.048 time 568.57
2024-10-21 21:51:40,549 - 57000: loss 0.047 time 578.64
2024-10-21 21:51:50,549 - 58000: loss 0.049 time 588.64
2024-10-21 21:52:00,511 - 59000: loss 0.048 time 598.60
2024-10-21 21:52:10,458 - 60000: loss 0.046 time 608.55
2024-10-21 21:52:20,234 - 61000: loss 0.047 time 618.32
2024-10-21 21:52:30,342 - 62000: loss 0.050 time 628.43
2024-10-21 21:52:40,356 - 63000: loss 0.047 time 638.44
2024-10-21 21:52:50,451 - 64000: loss 0.047 time 648.54
2024-10-21 21:53:00,511 - 65000: loss 0.048 time 658.60
2024-10-21 21:53:10,409 - 66000: loss 0.048 time 668.50
2024-10-21 21:53:20,401 - 67000: loss 0.046 time 678.49
2024-10-21 21:53:30,495 - 68000: loss 0.046 time 688.58
2024-10-21 21:53:40,463 - 69000: loss 0.046 time 698.55
2024-10-21 21:53:50,614 - 70000: loss 0.046 time 708.70
2024-10-21 21:54:00,672 - 71000: loss 0.044 time 718.76
2024-10-21 21:54:10,750 - 72000: loss 0.046 time 728.84
2024-10-21 21:54:20,776 - 73000: loss 0.045 time 738.86
2024-10-21 21:54:30,856 - 74000: loss 0.048 time 748.94
2024-10-21 21:54:40,879 - 75000: loss 0.047 time 758.97
2024-10-21 21:54:50,877 - 76000: loss 0.045 time 768.96
2024-10-21 21:55:00,974 - 77000: loss 0.046 time 779.06
2024-10-21 21:55:11,076 - 78000: loss 0.046 time 789.16
2024-10-21 21:55:21,006 - 79000: loss 0.045 time 799.09
2024-10-21 21:55:31,028 - 80000: loss 0.047 time 809.12
2024-10-21 21:55:41,038 - 81000: loss 0.045 time 819.13
2024-10-21 21:55:51,014 - 82000: loss 0.044 time 829.10
2024-10-21 21:56:01,099 - 83000: loss 0.046 time 839.19
2024-10-21 21:56:11,186 - 84000: loss 0.049 time 849.27
2024-10-21 21:56:21,160 - 85000: loss 0.045 time 859.25
2024-10-21 21:56:31,151 - 86000: loss 0.046 time 869.24
2024-10-21 21:56:41,265 - 87000: loss 0.045 time 879.35
2024-10-21 21:56:51,291 - 88000: loss 0.048 time 889.38
2024-10-21 21:57:01,251 - 89000: loss 0.044 time 899.34
2024-10-21 21:57:11,225 - 90000: loss 0.044 time 909.31
2024-10-21 21:57:21,309 - 91000: loss 0.045 time 919.40
2024-10-21 21:57:31,344 - 92000: loss 0.044 time 929.43
2024-10-21 21:57:41,380 - 93000: loss 0.045 time 939.47
2024-10-21 21:57:51,526 - 94000: loss 0.044 time 949.61
2024-10-21 21:58:01,651 - 95000: loss 0.044 time 959.74
2024-10-21 21:58:11,653 - 96000: loss 0.053 time 969.74
2024-10-21 21:58:21,677 - 97000: loss 0.045 time 979.76
2024-10-21 21:58:31,669 - 98000: loss 0.044 time 989.76
2024-10-21 21:58:41,682 - 99000: loss 0.045 time 999.77
2024-10-21 21:58:51,731 - 100000: loss 0.044 time 1009.82
2024-10-21 21:59:01,698 - 101000: loss 0.044 time 1019.79
2024-10-21 21:59:11,712 - 102000: loss 0.045 time 1029.80
2024-10-21 21:59:21,757 - 103000: loss 0.044 time 1039.84
2024-10-21 21:59:31,858 - 104000: loss 0.044 time 1049.95
2024-10-21 21:59:41,957 - 105000: loss 0.043 time 1060.04
2024-10-21 21:59:51,963 - 106000: loss 0.043 time 1070.05
2024-10-21 22:00:01,935 - 107000: loss 0.043 time 1080.02
2024-10-21 22:00:11,904 - 108000: loss 0.044 time 1089.99
2024-10-21 22:00:22,002 - 109000: loss 0.045 time 1100.09
2024-10-21 22:00:31,962 - 110000: loss 0.043 time 1110.05
2024-10-21 22:00:42,012 - 111000: loss 0.044 time 1120.10
2024-10-21 22:00:51,938 - 112000: loss 0.045 time 1130.02
2024-10-21 22:01:02,049 - 113000: loss 0.043 time 1140.14
2024-10-21 22:01:12,117 - 114000: loss 0.043 time 1150.20
2024-10-21 22:01:22,155 - 115000: loss 0.044 time 1160.24
2024-10-21 22:01:32,280 - 116000: loss 0.043 time 1170.37
2024-10-21 22:01:42,236 - 117000: loss 0.042 time 1180.32
2024-10-21 22:01:52,208 - 118000: loss 0.044 time 1190.30
2024-10-21 22:02:02,195 - 119000: loss 0.043 time 1200.28
2024-10-21 22:02:12,306 - 120000: loss 0.043 time 1210.39
2024-10-21 22:02:22,336 - 121000: loss 0.042 time 1220.42
2024-10-21 22:02:32,376 - 122000: loss 0.043 time 1230.46
2024-10-21 22:02:42,469 - 123000: loss 0.043 time 1240.56
2024-10-21 22:02:52,523 - 124000: loss 0.044 time 1250.61
2024-10-21 22:03:02,506 - 125000: loss 0.042 time 1260.59
2024-10-21 22:03:12,557 - 126000: loss 0.044 time 1270.64
2024-10-21 22:03:22,680 - 127000: loss 0.043 time 1280.77
2024-10-21 22:03:32,729 - 128000: loss 0.042 time 1290.82
2024-10-21 22:03:42,757 - 129000: loss 0.043 time 1300.84
2024-10-21 22:03:52,812 - 130000: loss 0.042 time 1310.90
2024-10-21 22:04:02,833 - 131000: loss 0.044 time 1320.92
2024-10-21 22:04:12,891 - 132000: loss 0.040 time 1330.98
2024-10-21 22:04:22,972 - 133000: loss 0.044 time 1341.06
2024-10-21 22:04:32,961 - 134000: loss 0.042 time 1351.05
2024-10-21 22:04:42,969 - 135000: loss 0.043 time 1361.06
2024-10-21 22:04:52,918 - 136000: loss 0.042 time 1371.00
2024-10-21 22:05:02,864 - 137000: loss 0.042 time 1380.95
2024-10-21 22:05:12,949 - 138000: loss 0.042 time 1391.04
2024-10-21 22:05:22,877 - 139000: loss 0.043 time 1400.96
2024-10-21 22:05:32,899 - 140000: loss 0.041 time 1410.99
2024-10-21 22:05:42,943 - 141000: loss 0.042 time 1421.03
2024-10-21 22:05:53,004 - 142000: loss 0.043 time 1431.09
2024-10-21 22:06:03,130 - 143000: loss 0.043 time 1441.22
2024-10-21 22:06:13,239 - 144000: loss 0.043 time 1451.33
2024-10-21 22:06:23,367 - 145000: loss 0.042 time 1461.45
2024-10-21 22:06:33,474 - 146000: loss 0.041 time 1471.56
2024-10-21 22:06:43,483 - 147000: loss 0.042 time 1481.57
2024-10-21 22:06:53,300 - 148000: loss 0.041 time 1491.39
2024-10-21 22:07:03,370 - 149000: loss 0.044 time 1501.46
2024-10-21 22:07:13,516 - 150000: loss 0.042 time 1511.60
2024-10-21 22:07:23,559 - 151000: loss 0.042 time 1521.65
2024-10-21 22:07:33,562 - 152000: loss 0.044 time 1531.65
2024-10-21 22:07:43,631 - 153000: loss 0.042 time 1541.72
2024-10-21 22:07:53,765 - 154000: loss 0.041 time 1551.85
2024-10-21 22:08:03,778 - 155000: loss 0.042 time 1561.86
2024-10-21 22:08:13,816 - 156000: loss 0.042 time 1571.90
2024-10-21 22:08:23,948 - 157000: loss 0.043 time 1582.04
2024-10-21 22:08:33,993 - 158000: loss 0.041 time 1592.08
2024-10-21 22:08:44,006 - 159000: loss 0.040 time 1602.09
2024-10-21 22:08:53,969 - 160000: loss 0.042 time 1612.06
2024-10-21 22:09:04,032 - 161000: loss 0.040 time 1622.12
2024-10-21 22:09:14,008 - 162000: loss 0.041 time 1632.10
2024-10-21 22:09:24,072 - 163000: loss 0.042 time 1642.16
2024-10-21 22:09:34,125 - 164000: loss 0.041 time 1652.21
2024-10-21 22:09:44,180 - 165000: loss 0.042 time 1662.27
2024-10-21 22:09:54,238 - 166000: loss 0.041 time 1672.33
2024-10-21 22:10:04,306 - 167000: loss 0.041 time 1682.39
2024-10-21 22:10:14,379 - 168000: loss 0.042 time 1692.47
2024-10-21 22:10:24,377 - 169000: loss 0.042 time 1702.46
2024-10-21 22:10:34,310 - 170000: loss 0.041 time 1712.40
2024-10-21 22:10:44,447 - 171000: loss 0.043 time 1722.53
2024-10-21 22:10:54,523 - 172000: loss 0.040 time 1732.61
2024-10-21 22:11:04,603 - 173000: loss 0.043 time 1742.69
2024-10-21 22:11:14,600 - 174000: loss 0.040 time 1752.69
2024-10-21 22:11:24,655 - 175000: loss 0.042 time 1762.74
2024-10-21 22:11:34,753 - 176000: loss 0.041 time 1772.84
2024-10-21 22:11:44,886 - 177000: loss 0.045 time 1782.97
2024-10-21 22:11:54,957 - 178000: loss 0.043 time 1793.04
2024-10-21 22:12:04,983 - 179000: loss 0.040 time 1803.07
2024-10-21 22:12:15,046 - 180000: loss 0.043 time 1813.13
2024-10-21 22:12:25,082 - 181000: loss 0.040 time 1823.17
2024-10-21 22:12:35,092 - 182000: loss 0.042 time 1833.18
2024-10-21 22:12:45,179 - 183000: loss 0.041 time 1843.27
2024-10-21 22:12:55,162 - 184000: loss 0.043 time 1853.25
2024-10-21 22:13:05,124 - 185000: loss 0.040 time 1863.21
2024-10-21 22:13:15,224 - 186000: loss 0.042 time 1873.31
2024-10-21 22:13:25,304 - 187000: loss 0.042 time 1883.39
2024-10-21 22:13:35,344 - 188000: loss 0.040 time 1893.43
2024-10-21 22:13:45,403 - 189000: loss 0.041 time 1903.49
2024-10-21 22:13:55,416 - 190000: loss 0.041 time 1913.50
2024-10-21 22:14:05,447 - 191000: loss 0.040 time 1923.53
2024-10-21 22:14:15,582 - 192000: loss 0.041 time 1933.67
2024-10-21 22:14:25,669 - 193000: loss 0.040 time 1943.76
2024-10-21 22:14:35,677 - 194000: loss 0.039 time 1953.76
2024-10-21 22:14:45,636 - 195000: loss 0.041 time 1963.72
2024-10-21 22:14:55,759 - 196000: loss 0.040 time 1973.85
2024-10-21 22:15:05,784 - 197000: loss 0.041 time 1983.87
2024-10-21 22:15:15,853 - 198000: loss 0.041 time 1993.94
2024-10-21 22:15:25,895 - 199000: loss 0.040 time 2003.98
2024-10-21 22:15:35,932 - 200000: loss 0.041 time 2014.02
2024-10-21 22:15:36,726 - m_pred = [0.69142125 0.2908453  0.25431916 0.13604758 0.98633491 0.62502413]
2024-10-21 22:15:36,727 - d = [[ 1.4814678  10.1681795  21.746716   24.874071    0.05899492  0.54789436
   4.5900397  14.810197  ]]
2024-10-21 22:15:36,727 - d_pred = [ 1.4542333   9.99955827 21.39578801 24.62339234  0.05614627  0.52391854
  4.39962166 14.25098496]
2024-10-21 22:15:36,727 - diff norm = 0.01981745846569538
2024-10-21 22:16:56,446 - Note: NumExpr detected 40 cores but "NUMEXPR_MAX_THREADS" not set, so enforcing safe limit of 8.
2024-10-21 22:16:56,446 - NumExpr defaulting to 8 threads.
2024-10-21 22:16:58,147 - 0.03841812163591385, 0.0211054477840662
