2024-10-20 19:35:00,496 - Unable to initialize backend 'rocm': module 'jaxlib.xla_extension' has no attribute 'GpuAllocatorConfig'
2024-10-20 19:35:00,498 - Unable to initialize backend 'tpu': INTERNAL: Failed to open libtpu.so: libtpu.so: cannot open shared object file: No such file or directory
2024-10-20 19:35:00,513 - gpu
2024-10-20 19:35:22,929 - 1000: loss 0.117 time 15.22
2024-10-20 19:35:32,711 - 2000: loss 0.107 time 25.00
2024-10-20 19:35:42,695 - 3000: loss 0.098 time 34.99
2024-10-20 19:35:52,329 - 4000: loss 0.096 time 44.62
2024-10-20 19:36:01,921 - 5000: loss 0.108 time 54.21
2024-10-20 19:36:11,673 - 6000: loss 0.099 time 63.96
2024-10-20 19:36:21,364 - 7000: loss 0.105 time 73.65
2024-10-20 19:36:31,085 - 8000: loss 0.086 time 83.37
2024-10-20 19:36:40,559 - 9000: loss 0.083 time 92.85
2024-10-20 19:36:50,000 - 10000: loss 0.076 time 102.29
2024-10-20 19:36:59,530 - 11000: loss 0.073 time 111.82
2024-10-20 19:37:09,219 - 12000: loss 0.074 time 121.51
2024-10-20 19:37:18,885 - 13000: loss 0.068 time 131.18
2024-10-20 19:37:28,701 - 14000: loss 0.075 time 140.99
2024-10-20 19:37:38,302 - 15000: loss 0.070 time 150.59
2024-10-20 19:37:48,008 - 16000: loss 0.068 time 160.30
2024-10-20 19:37:57,727 - 17000: loss 0.071 time 170.02
2024-10-20 19:38:07,419 - 18000: loss 0.066 time 179.71
2024-10-20 19:38:16,746 - 19000: loss 0.065 time 189.04
2024-10-20 19:38:26,453 - 20000: loss 0.063 time 198.74
2024-10-20 19:38:27,214 - m_pred = [-3.80968413  1.47751057 -0.37794968  0.28889155  1.43201559  0.68365356]
2024-10-20 19:38:27,215 - d = [[ 1.4814678  10.1681795  21.746716   24.874071    0.05899492  0.54789436
   4.5900397  14.810197  ]]
2024-10-20 19:38:27,215 - d_pred = [-0.01476162  0.01593358 -0.01267533  0.01009257 -0.00024576 -0.00037086
 -0.0005778  -0.0004774 ]
2024-10-20 19:38:27,216 - diff norm = 0.9999268651008606
2024-10-20 19:39:34,112 - Note: NumExpr detected 40 cores but "NUMEXPR_MAX_THREADS" not set, so enforcing safe limit of 8.
2024-10-20 19:39:34,112 - NumExpr defaulting to 8 threads.
1.0000308 0.000437598062024-10-20 19:45:38,807 - Unable to initialize backend 'rocm': module 'jaxlib.xla_extension' has no attribute 'GpuAllocatorConfig'
2024-10-20 19:45:38,810 - Unable to initialize backend 'tpu': INTERNAL: Failed to open libtpu.so: libtpu.so: cannot open shared object file: No such file or directory
2024-10-20 19:45:38,827 - gpu
2024-10-20 19:46:01,215 - 1000: loss 0.145 time 15.20
2024-10-20 19:46:10,648 - 2000: loss 0.135 time 24.63
2024-10-20 19:46:20,205 - 3000: loss 0.127 time 34.19
2024-10-20 19:46:29,833 - 4000: loss 0.116 time 43.82
2024-10-20 19:46:39,494 - 5000: loss 0.095 time 53.48
2024-10-20 19:46:48,954 - 6000: loss 0.100 time 62.94
2024-10-20 19:46:58,486 - 7000: loss 0.100 time 72.47
2024-10-20 19:47:08,057 - 8000: loss 0.094 time 82.04
2024-10-20 19:47:17,636 - 9000: loss 0.086 time 91.62
2024-10-20 19:47:27,275 - 10000: loss 0.075 time 101.26
2024-10-20 19:47:37,041 - 11000: loss 0.081 time 111.02
2024-10-20 19:47:46,420 - 12000: loss 0.082 time 120.40
