2024-10-19 01:23:02,123 - Unable to initialize backend 'rocm': module 'jaxlib.xla_extension' has no attribute 'GpuAllocatorConfig'
2024-10-19 01:23:02,125 - Unable to initialize backend 'tpu': INTERNAL: Failed to open libtpu.so: libtpu.so: cannot open shared object file: No such file or directory
2024-10-19 01:23:02,144 - gpu
2024-10-19 01:23:26,235 - 1000: loss 0.391 time 16.11
2024-10-19 01:23:37,186 - 2000: loss 0.064 time 27.06
2024-10-19 01:23:48,204 - 3000: loss 0.056 time 38.08
2024-10-19 01:23:59,125 - 4000: loss 0.022 time 49.00
2024-10-19 01:24:10,109 - 5000: loss 0.189 time 59.98
2024-10-19 01:24:21,190 - 6000: loss 0.039 time 71.06
2024-10-19 01:24:32,109 - 7000: loss 0.074 time 81.98
2024-10-19 01:24:43,158 - 8000: loss 0.033 time 93.03
2024-10-19 01:24:54,011 - 9000: loss 0.037 time 103.88
2024-10-19 01:25:04,902 - 10000: loss 0.018 time 114.77
2024-10-19 01:25:16,003 - 11000: loss 9.697 time 125.88
2024-10-19 01:25:26,951 - 12000: loss 0.012 time 136.82
2024-10-19 01:25:37,855 - 13000: loss 0.008 time 147.73
2024-10-19 01:25:48,751 - 14000: loss 0.014 time 158.62
2024-10-19 01:25:59,854 - 15000: loss 0.008 time 169.73
2024-10-19 01:26:10,898 - 16000: loss 0.018 time 180.77
2024-10-19 01:26:21,816 - 17000: loss 0.017 time 191.69
2024-10-19 01:26:32,687 - 18000: loss 0.007 time 202.56
2024-10-19 01:26:43,661 - 19000: loss 0.010 time 213.53
2024-10-19 01:26:54,696 - 20000: loss 0.010 time 224.57
2024-10-19 01:27:57,469 - errors: 0.2850994989438749, 0.16604017083339137
2024-10-19 01:27:57,470 - m: 0.22159489753830897, 0.32921835159775076
2024-10-19 01:27:57,470 - d err: 0.2588543333192485, 0.15108159310717995
