2024-11-03 23:41:37,141 - Unable to initialize backend 'rocm': module 'jaxlib.xla_extension' has no attribute 'GpuAllocatorConfig'
2024-11-03 23:41:37,143 - Unable to initialize backend 'tpu': INTERNAL: Failed to open libtpu.so: libtpu.so: cannot open shared object file: No such file or directory
2024-11-03 23:41:37,161 - gpu
2024-11-03 23:45:55,726 - 1000: loss 0.379 time 254.80
2024-11-03 23:49:59,618 - 2000: loss 0.376 time 243.89
2024-11-03 23:54:03,183 - 3000: loss 0.373 time 243.56
2024-11-03 23:58:06,864 - 4000: loss 0.375 time 243.68
2024-11-04 00:02:09,876 - 5000: loss 0.370 time 243.01
2024-11-04 00:06:13,297 - 6000: loss 0.370 time 243.42
2024-11-04 00:10:17,534 - 7000: loss 0.369 time 244.24
2024-11-04 00:14:21,710 - 8000: loss 0.369 time 244.18
2024-11-04 00:18:26,345 - 9000: loss 0.368 time 244.63
2024-11-04 00:22:30,658 - 10000: loss 0.365 time 244.31
2024-11-04 00:26:35,018 - 11000: loss 0.364 time 244.36
2024-11-04 00:30:39,239 - 12000: loss 0.363 time 244.22
2024-11-04 00:34:41,888 - 13000: loss 0.365 time 242.65
2024-11-04 00:38:45,732 - 14000: loss 0.365 time 243.84
2024-11-04 00:42:49,710 - 15000: loss 0.364 time 243.98
2024-11-04 00:46:54,372 - 16000: loss 0.363 time 244.66
2024-11-04 00:50:58,008 - 17000: loss 0.363 time 243.64
2024-11-04 00:55:02,890 - 18000: loss 0.363 time 244.88
2024-11-04 00:59:07,340 - 19000: loss 0.364 time 244.45
2024-11-04 01:03:12,333 - 20000: loss 0.363 time 244.99
2024-11-04 01:07:17,591 - 21000: loss 0.361 time 245.26
2024-11-04 01:11:22,747 - 22000: loss 0.363 time 245.16
2024-11-04 01:15:26,947 - 23000: loss 0.359 time 244.20
2024-11-04 01:19:30,636 - 24000: loss 0.360 time 243.69
2024-11-04 01:23:25,551 - 25000: loss 0.363 time 234.91
2024-11-04 01:27:24,791 - 26000: loss 0.361 time 239.24
2024-11-04 01:31:22,923 - 27000: loss 0.360 time 238.13
2024-11-04 01:35:22,676 - 28000: loss 0.361 time 239.75
2024-11-04 01:39:23,191 - 29000: loss 0.362 time 240.52
2024-11-04 01:43:24,032 - 30000: loss 0.361 time 240.84
2024-11-04 01:47:23,941 - 31000: loss 0.361 time 239.91
2024-11-04 01:51:24,800 - 32000: loss 0.361 time 240.86
2024-11-04 01:55:24,263 - 33000: loss 0.359 time 239.46
2024-11-04 01:59:23,692 - 34000: loss 0.360 time 239.43
2024-11-04 02:03:24,670 - 35000: loss 0.360 time 240.98
2024-11-04 02:07:23,977 - 36000: loss 0.360 time 239.31
2024-11-04 02:11:24,190 - 37000: loss 0.360 time 240.21
2024-11-04 02:15:24,617 - 38000: loss 0.359 time 240.43
2024-11-04 02:19:26,540 - 39000: loss 0.361 time 241.92
2024-11-04 02:23:28,257 - 40000: loss 0.361 time 241.72
2024-11-04 02:27:27,598 - 41000: loss 0.360 time 239.34
2024-11-04 02:31:28,343 - 42000: loss 0.360 time 240.74
2024-11-04 02:35:28,925 - 43000: loss 0.360 time 240.58
2024-11-04 02:39:30,416 - 44000: loss 0.359 time 241.49
2024-11-04 02:43:32,235 - 45000: loss 0.360 time 241.82
2024-11-04 02:47:33,263 - 46000: loss 0.359 time 241.03
2024-11-04 02:51:33,855 - 47000: loss 0.358 time 240.59
2024-11-04 02:55:35,377 - 48000: loss 0.359 time 241.52
2024-11-04 02:59:37,398 - 49000: loss 0.359 time 242.02
2024-11-04 03:03:38,579 - 50000: loss 0.358 time 241.18
2024-11-04 03:07:40,907 - 51000: loss 0.357 time 242.33
2024-11-04 03:11:42,469 - 52000: loss 0.358 time 241.56
2024-11-04 03:15:43,829 - 53000: loss 0.359 time 241.36
2024-11-04 03:19:45,245 - 54000: loss 0.359 time 241.42
2024-11-04 03:23:48,554 - 55000: loss 0.361 time 243.31
2024-11-04 03:27:50,267 - 56000: loss 0.360 time 241.71
2024-11-04 03:31:51,701 - 57000: loss 0.358 time 241.43
2024-11-04 03:35:54,105 - 58000: loss 0.359 time 242.40
2024-11-04 03:39:56,246 - 59000: loss 0.358 time 242.14
2024-11-04 03:43:57,382 - 60000: loss 0.358 time 241.14
2024-11-04 03:47:59,437 - 61000: loss 0.359 time 242.06
2024-11-04 03:52:02,537 - 62000: loss 0.358 time 243.10
2024-11-04 03:56:05,678 - 63000: loss 0.358 time 243.14
2024-11-04 04:00:08,420 - 64000: loss 0.359 time 242.74
2024-11-04 04:04:09,881 - 65000: loss 0.359 time 241.46
2024-11-04 04:08:12,321 - 66000: loss 0.359 time 242.44
2024-11-04 04:12:14,825 - 67000: loss 0.359 time 242.50
2024-11-04 04:16:17,912 - 68000: loss 0.358 time 243.09
2024-11-04 04:20:21,387 - 69000: loss 0.359 time 243.48
2024-11-04 04:24:24,881 - 70000: loss 0.361 time 243.49
2024-11-04 04:28:29,089 - 71000: loss 0.358 time 244.21
2024-11-04 04:32:32,617 - 72000: loss 0.359 time 243.53
2024-11-04 04:36:36,678 - 73000: loss 0.357 time 244.06
2024-11-04 04:40:38,772 - 74000: loss 0.359 time 242.09
2024-11-04 04:44:42,713 - 75000: loss 0.357 time 243.94
2024-11-04 04:48:46,321 - 76000: loss 0.359 time 243.61
2024-11-04 04:52:49,381 - 77000: loss 0.357 time 243.06
2024-11-04 04:56:53,673 - 78000: loss 0.359 time 244.29
2024-11-04 05:00:56,775 - 79000: loss 0.358 time 243.10
2024-11-04 05:05:00,469 - 80000: loss 0.357 time 243.69
2024-11-04 05:09:04,341 - 81000: loss 0.358 time 243.87
2024-11-04 05:13:06,057 - 82000: loss 0.358 time 241.72
2024-11-04 05:17:10,452 - 83000: loss 0.357 time 244.40
2024-11-04 05:21:15,265 - 84000: loss 0.357 time 244.81
2024-11-04 05:25:18,824 - 85000: loss 0.357 time 243.56
2024-11-04 05:29:23,042 - 86000: loss 0.360 time 244.22
2024-11-04 05:33:27,777 - 87000: loss 0.358 time 244.73
2024-11-04 05:37:32,724 - 88000: loss 0.358 time 244.95
2024-11-04 05:41:36,771 - 89000: loss 0.358 time 244.05
2024-11-04 05:45:41,753 - 90000: loss 0.358 time 244.98
2024-11-04 05:49:45,971 - 91000: loss 0.358 time 244.22
2024-11-04 05:53:50,611 - 92000: loss 0.359 time 244.64
2024-11-04 05:57:56,705 - 93000: loss 0.359 time 246.09
2024-11-04 06:02:01,794 - 94000: loss 0.358 time 245.09
2024-11-04 06:06:07,444 - 95000: loss 0.357 time 245.65
2024-11-04 06:10:13,917 - 96000: loss 0.357 time 246.47
2024-11-04 06:14:18,788 - 97000: loss 0.357 time 244.87
2024-11-04 06:18:17,766 - 98000: loss 0.357 time 238.98
2024-11-04 06:22:23,572 - 99000: loss 0.356 time 245.81
2024-11-04 06:26:30,108 - 100000: loss 0.358 time 246.54
2024-11-04 06:30:35,693 - 101000: loss 0.358 time 245.58
2024-11-04 06:34:40,545 - 102000: loss 0.356 time 244.85
2024-11-04 06:38:46,114 - 103000: loss 0.357 time 245.57
2024-11-04 06:42:52,506 - 104000: loss 0.358 time 246.39
2024-11-04 06:46:58,571 - 105000: loss 0.358 time 246.06
2024-11-04 06:51:03,786 - 106000: loss 0.359 time 245.22
2024-11-04 06:55:10,608 - 107000: loss 0.357 time 246.82
2024-11-04 06:59:16,891 - 108000: loss 0.357 time 246.28
2024-11-04 07:03:23,610 - 109000: loss 0.358 time 246.72
2024-11-04 07:07:30,634 - 110000: loss 0.358 time 247.02
2024-11-04 07:11:37,111 - 111000: loss 0.356 time 246.48
2024-11-04 07:15:44,425 - 112000: loss 0.358 time 247.31
2024-11-04 07:19:51,522 - 113000: loss 0.357 time 247.10
2024-11-04 07:23:57,246 - 114000: loss 0.357 time 245.72
2024-11-04 07:28:04,677 - 115000: loss 0.357 time 247.43
2024-11-04 07:32:11,706 - 116000: loss 0.359 time 247.03
2024-11-04 07:36:19,049 - 117000: loss 0.357 time 247.34
2024-11-04 07:40:25,298 - 118000: loss 0.358 time 246.25
2024-11-04 07:44:33,365 - 119000: loss 0.358 time 248.07
2024-11-04 07:48:40,403 - 120000: loss 0.356 time 247.04
2024-11-04 07:52:48,975 - 121000: loss 0.357 time 248.57
2024-11-04 07:56:56,704 - 122000: loss 0.358 time 247.73
2024-11-04 08:01:04,827 - 123000: loss 0.358 time 248.12
2024-11-04 08:05:14,065 - 124000: loss 0.358 time 249.24
2024-11-04 08:09:21,452 - 125000: loss 0.358 time 247.39
2024-11-04 08:13:28,451 - 126000: loss 0.359 time 247.00
2024-11-04 08:17:35,517 - 127000: loss 0.358 time 247.07
2024-11-04 08:21:43,778 - 128000: loss 0.358 time 248.26
2024-11-04 08:25:52,123 - 129000: loss 0.356 time 248.34
2024-11-04 08:30:01,664 - 130000: loss 0.358 time 249.54
2024-11-04 08:34:10,755 - 131000: loss 0.358 time 249.09
2024-11-04 08:38:18,651 - 132000: loss 0.358 time 247.90
2024-11-04 08:42:27,157 - 133000: loss 0.357 time 248.51
2024-11-04 08:46:36,479 - 134000: loss 0.357 time 249.32
2024-11-04 08:50:44,291 - 135000: loss 0.356 time 247.81
2024-11-04 08:54:54,568 - 136000: loss 0.357 time 250.28
2024-11-04 08:59:03,922 - 137000: loss 0.356 time 249.35
2024-11-04 09:03:13,064 - 138000: loss 0.356 time 249.14
2024-11-04 09:07:22,904 - 139000: loss 0.359 time 249.84
2024-11-04 09:11:31,943 - 140000: loss 0.358 time 249.04
2024-11-04 09:15:42,316 - 141000: loss 0.356 time 250.37
2024-11-04 09:19:52,061 - 142000: loss 0.358 time 249.74
2024-11-04 09:24:02,432 - 143000: loss 0.358 time 250.37
2024-11-04 09:28:11,812 - 144000: loss 0.358 time 249.38
2024-11-04 09:32:22,612 - 145000: loss 0.358 time 250.80
2024-11-04 09:36:33,270 - 146000: loss 0.357 time 250.66
2024-11-04 09:40:44,821 - 147000: loss 0.359 time 251.55
2024-11-04 09:44:55,200 - 148000: loss 0.358 time 250.38
2024-11-04 09:49:04,122 - 149000: loss 0.357 time 248.92
2024-11-04 09:53:14,369 - 150000: loss 0.356 time 250.25
2024-11-04 09:57:25,707 - 151000: loss 0.357 time 251.34
2024-11-04 10:01:37,231 - 152000: loss 0.356 time 251.52
2024-11-04 10:05:48,927 - 153000: loss 0.358 time 251.70
2024-11-04 10:10:00,402 - 154000: loss 0.358 time 251.47
2024-11-04 10:14:11,246 - 155000: loss 0.357 time 250.84
2024-11-04 10:18:23,627 - 156000: loss 0.356 time 252.38
2024-11-04 10:22:34,992 - 157000: loss 0.358 time 251.36
2024-11-04 10:26:46,219 - 158000: loss 0.358 time 251.23
2024-11-04 10:30:58,780 - 159000: loss 0.356 time 252.56
2024-11-04 10:35:10,624 - 160000: loss 0.357 time 251.84
2024-11-04 10:39:22,512 - 161000: loss 0.357 time 251.89
2024-11-04 10:43:34,629 - 162000: loss 0.357 time 252.12
2024-11-04 10:47:48,051 - 163000: loss 0.358 time 253.42
2024-11-04 10:52:00,690 - 164000: loss 0.356 time 252.64
2024-11-04 10:56:13,195 - 165000: loss 0.356 time 252.51
2024-11-04 11:00:24,936 - 166000: loss 0.357 time 251.74
2024-11-04 11:04:37,155 - 167000: loss 0.357 time 252.22
2024-11-04 11:08:49,841 - 168000: loss 0.357 time 252.69
2024-11-04 11:13:03,841 - 169000: loss 0.357 time 254.00
2024-11-04 11:17:16,626 - 170000: loss 0.357 time 252.78
2024-11-04 11:21:29,437 - 171000: loss 0.357 time 252.81
2024-11-04 11:25:43,007 - 172000: loss 0.358 time 253.57
2024-11-04 11:29:56,356 - 173000: loss 0.357 time 253.35
2024-11-04 11:34:09,543 - 174000: loss 0.355 time 253.19
2024-11-04 11:38:22,776 - 175000: loss 0.356 time 253.23
2024-11-04 11:42:36,276 - 176000: loss 0.355 time 253.50
2024-11-04 11:46:49,675 - 177000: loss 0.357 time 253.40
2024-11-04 11:51:04,249 - 178000: loss 0.356 time 254.57
2024-11-04 11:55:16,383 - 179000: loss 0.356 time 252.13
2024-11-04 11:59:30,136 - 180000: loss 0.355 time 253.75
2024-11-04 12:03:42,982 - 181000: loss 0.358 time 252.85
2024-11-04 12:07:56,181 - 182000: loss 0.358 time 253.20
2024-11-04 12:12:09,681 - 183000: loss 0.356 time 253.50
2024-11-04 12:16:23,069 - 184000: loss 0.358 time 253.39
2024-11-04 12:20:36,556 - 185000: loss 0.356 time 253.49
2024-11-04 12:24:50,587 - 186000: loss 0.360 time 254.03
2024-11-04 12:29:03,889 - 187000: loss 0.357 time 253.30
2024-11-04 12:33:18,998 - 188000: loss 0.358 time 255.11
2024-11-04 12:37:32,398 - 189000: loss 0.357 time 253.40
2024-11-04 12:41:47,178 - 190000: loss 0.357 time 254.78
2024-11-04 12:46:01,270 - 191000: loss 0.356 time 254.09
2024-11-04 12:50:15,903 - 192000: loss 0.359 time 254.63
2024-11-04 12:54:30,235 - 193000: loss 0.357 time 254.33
2024-11-04 12:58:43,756 - 194000: loss 0.356 time 253.52
2024-11-04 13:02:58,115 - 195000: loss 0.357 time 254.36
2024-11-04 13:07:12,795 - 196000: loss 0.359 time 254.68
2024-11-04 13:11:27,775 - 197000: loss 0.356 time 254.98
2024-11-04 13:15:41,472 - 198000: loss 0.357 time 253.70
2024-11-04 13:19:56,356 - 199000: loss 0.357 time 254.88
2024-11-04 13:24:12,090 - 200000: loss 0.357 time 255.73
2024-11-04 13:24:15,925 - m = [-0.8173577474236917, 0.561302291194307, -0.7713595978557511, 1.310811504990884, -0.44028789199734475, -0.552775139064602, -0.18904851647757948, 0.23172970816004038, 0.05122772914804707, 0.6067403141326397, -1.4294262816553984, 0.33560342350882755, 1.0693672367699145, -0.42416420848447367, 0.418291339034565, 0.4565977462577975]
2024-11-04 13:24:19,268 - Note: NumExpr detected 40 cores but "NUMEXPR_MAX_THREADS" not set, so enforcing safe limit of 8.
2024-11-04 13:24:19,268 - NumExpr defaulting to 8 threads.
2024-11-04 13:32:27,492 - 0.01205810159444809, 0.035388797521591187
