2024-11-03 16:28:32,625 - Unable to initialize backend 'rocm': module 'jaxlib.xla_extension' has no attribute 'GpuAllocatorConfig'
2024-11-03 16:28:32,627 - Unable to initialize backend 'tpu': INTERNAL: Failed to open libtpu.so: libtpu.so: cannot open shared object file: No such file or directory
2024-11-03 16:28:32,646 - gpu
2024-11-03 16:29:11,367 - Unable to initialize backend 'rocm': module 'jaxlib.xla_extension' has no attribute 'GpuAllocatorConfig'
2024-11-03 16:29:11,369 - Unable to initialize backend 'tpu': INTERNAL: Failed to open libtpu.so: libtpu.so: cannot open shared object file: No such file or directory
2024-11-03 16:29:11,389 - gpu
2024-11-03 16:33:23,610 - 1000: loss 0.379 time 248.55
2024-11-03 16:37:22,006 - 2000: loss 0.376 time 238.40
2024-11-03 16:41:20,969 - 3000: loss 0.373 time 238.96
2024-11-03 16:45:20,458 - 4000: loss 0.375 time 239.49
2024-11-03 16:49:20,660 - 5000: loss 0.370 time 240.20
2024-11-03 16:53:21,238 - 6000: loss 0.370 time 240.58
2024-11-03 16:57:20,210 - 7000: loss 0.369 time 238.97
2024-11-03 17:01:20,115 - 8000: loss 0.369 time 239.90
2024-11-03 17:05:19,674 - 9000: loss 0.368 time 239.56
2024-11-03 17:09:20,312 - 10000: loss 0.365 time 240.64
2024-11-03 17:13:18,981 - 11000: loss 0.364 time 238.67
2024-11-03 17:17:18,327 - 12000: loss 0.363 time 239.35
2024-11-03 17:21:16,863 - 13000: loss 0.365 time 238.54
2024-11-03 17:25:16,772 - 14000: loss 0.365 time 239.91
2024-11-03 17:29:16,705 - 15000: loss 0.364 time 239.93
2024-11-03 17:33:15,691 - 16000: loss 0.364 time 238.99
2024-11-03 17:37:15,702 - 17000: loss 0.363 time 240.01
2024-11-03 17:41:16,132 - 18000: loss 0.363 time 240.43
2024-11-03 17:45:15,568 - 19000: loss 0.364 time 239.44
2024-11-03 17:49:14,150 - 20000: loss 0.363 time 238.58
2024-11-03 17:49:17,955 - m = [-1.3009875093475236, 0.7576224343311495, 1.209850512592284, -1.1242215173279142, 3.2890038143647424, -1.1723451962864995, 3.5129347589531967, 1.4715066321645742, -0.6007854086905512, 0.09703310198591461, -0.5101751915304577, -0.5763227357136333, -0.19980716135632437, -0.3238480817280109, -3.197395559740914, 2.3959839303716586]
