2024-10-20 18:39:32,682 - Note: NumExpr detected 40 cores but "NUMEXPR_MAX_THREADS" not set, so enforcing safe limit of 8.
2024-10-20 18:39:32,683 - NumExpr defaulting to 8 threads.
2024-10-20 18:40:46,592 - Unable to initialize backend 'rocm': module 'jaxlib.xla_extension' has no attribute 'GpuAllocatorConfig'
2024-10-20 18:40:46,595 - Unable to initialize backend 'tpu': INTERNAL: Failed to open libtpu.so: libtpu.so: cannot open shared object file: No such file or directory
2024-10-20 18:40:46,612 - gpu
2024-10-20 18:41:09,824 - 1000: loss 357.472 time 16.21
2024-10-20 18:41:19,870 - 2000: loss 331.581 time 26.26
2024-10-20 18:41:29,632 - 3000: loss 304.872 time 36.02
2024-10-20 18:41:39,630 - 4000: loss 295.673 time 46.02
2024-10-20 18:41:49,562 - 5000: loss 307.275 time 55.95
2024-10-20 18:41:59,599 - 6000: loss 275.997 time 65.99
2024-10-20 18:42:09,643 - 7000: loss 274.442 time 76.03
2024-10-20 18:42:19,591 - 8000: loss 256.824 time 85.98
2024-10-20 18:42:29,605 - 9000: loss 244.035 time 96.00
2024-10-20 18:42:39,685 - 10000: loss 227.962 time 106.08
2024-10-20 18:42:49,664 - 11000: loss 223.112 time 116.05
2024-10-20 18:42:59,607 - 12000: loss 227.084 time 126.00
2024-10-20 18:43:09,657 - 13000: loss 208.269 time 136.05
2024-10-20 18:43:19,705 - 14000: loss 226.217 time 146.10
2024-10-20 18:43:29,768 - 15000: loss 213.727 time 156.16
2024-10-20 18:43:39,687 - 16000: loss 210.633 time 166.08
2024-10-20 18:43:49,298 - 17000: loss 215.301 time 175.69
2024-10-20 18:43:59,305 - 18000: loss 206.632 time 185.70
2024-10-20 18:44:09,310 - 19000: loss 194.789 time 195.70
2024-10-20 18:44:19,234 - 20000: loss 197.942 time 205.62
2024-10-20 18:44:20,005 - m_pred = [-2.48781499  1.66773117  0.14970103 -0.75395174 -2.42129911  1.28847199]
2024-10-20 18:44:20,006 - d = [[ 1.4814678  10.1681795  21.746716   24.874071    0.05899492  0.54789436
   4.5900397  14.810197  ]]
2024-10-20 18:44:20,006 - d_pred = [ 0.08020425  0.03657885 -0.03281317 -0.03066307 -0.00666056 -0.01207027
 -0.00526013 -0.00609241]
2024-10-20 18:44:20,006 - diff norm = 1.0007729530334473
2024-10-20 18:45:23,683 - Note: NumExpr detected 40 cores but "NUMEXPR_MAX_THREADS" not set, so enforcing safe limit of 8.
2024-10-20 18:45:23,683 - NumExpr defaulting to 8 threads.
