2024-10-21 10:06:36,983 - Unable to initialize backend 'rocm': module 'jaxlib.xla_extension' has no attribute 'GpuAllocatorConfig'
2024-10-21 10:06:36,986 - Unable to initialize backend 'tpu': INTERNAL: Failed to open libtpu.so: libtpu.so: cannot open shared object file: No such file or directory
2024-10-21 10:06:37,004 - gpu
2024-10-21 10:06:59,371 - 1000: loss 0.140 time 15.08
2024-10-21 10:07:09,162 - 2000: loss 0.126 time 24.87
2024-10-21 10:07:18,865 - 3000: loss 0.120 time 34.58
2024-10-21 10:07:28,506 - 4000: loss 0.105 time 44.22
2024-10-21 10:07:38,294 - 5000: loss 0.096 time 54.01
2024-10-21 10:07:47,997 - 6000: loss 0.106 time 63.71
2024-10-21 10:07:57,658 - 7000: loss 0.100 time 73.37
2024-10-21 10:08:07,405 - 8000: loss 0.102 time 83.12
2024-10-21 10:08:17,095 - 9000: loss 0.095 time 92.81
2024-10-21 10:08:26,644 - 10000: loss 0.082 time 102.36
2024-10-21 10:08:36,325 - 11000: loss 0.092 time 112.04
2024-10-21 10:08:45,937 - 12000: loss 0.093 time 121.65
2024-10-21 10:08:55,675 - 13000: loss 0.092 time 131.39
2024-10-21 10:09:05,223 - 14000: loss 0.081 time 140.93
2024-10-21 10:09:14,937 - 15000: loss 0.079 time 150.65
2024-10-21 10:09:24,690 - 16000: loss 0.082 time 160.40
2024-10-21 10:09:34,326 - 17000: loss 0.080 time 170.04
2024-10-21 10:09:43,741 - 18000: loss 0.078 time 179.45
2024-10-21 10:09:53,315 - 19000: loss 0.072 time 189.03
2024-10-21 10:10:02,758 - 20000: loss 0.081 time 198.47
2024-10-21 10:10:12,312 - 21000: loss 0.070 time 208.02
2024-10-21 10:10:22,002 - 22000: loss 0.067 time 217.71
2024-10-21 10:10:31,605 - 23000: loss 0.071 time 227.32
2024-10-21 10:10:41,223 - 24000: loss 0.070 time 236.93
2024-10-21 10:10:50,887 - 25000: loss 0.074 time 246.60
2024-10-21 10:11:00,185 - 26000: loss 0.078 time 255.90
2024-10-21 10:11:09,843 - 27000: loss 0.071 time 265.55
2024-10-21 10:11:19,451 - 28000: loss 0.068 time 275.16
2024-10-21 10:11:28,940 - 29000: loss 0.064 time 284.65
2024-10-21 10:11:38,633 - 30000: loss 0.066 time 294.34
2024-10-21 10:11:47,967 - 31000: loss 0.068 time 303.68
2024-10-21 10:11:57,455 - 32000: loss 0.068 time 313.17
2024-10-21 10:12:07,134 - 33000: loss 0.073 time 322.85
2024-10-21 10:12:16,784 - 34000: loss 0.067 time 332.50
2024-10-21 10:12:26,245 - 35000: loss 0.065 time 341.96
2024-10-21 10:12:35,898 - 36000: loss 0.071 time 351.61
2024-10-21 10:12:45,553 - 37000: loss 0.066 time 361.27
2024-10-21 10:12:55,269 - 38000: loss 0.064 time 370.98
2024-10-21 10:13:04,698 - 39000: loss 0.067 time 380.41
2024-10-21 10:13:14,328 - 40000: loss 0.064 time 390.04
2024-10-21 10:13:23,905 - 41000: loss 0.060 time 399.62
2024-10-21 10:13:33,484 - 42000: loss 0.056 time 409.20
2024-10-21 10:13:42,987 - 43000: loss 0.060 time 418.70
2024-10-21 10:13:52,164 - 44000: loss 0.061 time 427.88
2024-10-21 10:14:01,757 - 45000: loss 0.060 time 437.47
2024-10-21 10:14:11,277 - 46000: loss 0.065 time 446.99
2024-10-21 10:14:20,991 - 47000: loss 0.065 time 456.70
2024-10-21 10:14:30,548 - 48000: loss 0.069 time 466.26
2024-10-21 10:14:40,137 - 49000: loss 0.061 time 475.85
2024-10-21 10:14:49,651 - 50000: loss 0.075 time 485.36
2024-10-21 10:14:59,299 - 51000: loss 0.071 time 495.01
2024-10-21 10:15:08,955 - 52000: loss 0.060 time 504.67
2024-10-21 10:15:18,532 - 53000: loss 0.056 time 514.24
2024-10-21 10:15:28,051 - 54000: loss 0.065 time 523.76
2024-10-21 10:15:37,607 - 55000: loss 0.067 time 533.32
2024-10-21 10:15:47,124 - 56000: loss 0.066 time 542.84
2024-10-21 10:15:56,702 - 57000: loss 0.066 time 552.41
2024-10-21 10:16:06,307 - 58000: loss 0.066 time 562.02
2024-10-21 10:16:15,813 - 59000: loss 0.063 time 571.52
2024-10-21 10:16:25,381 - 60000: loss 0.068 time 581.09
2024-10-21 10:16:34,992 - 61000: loss 0.058 time 590.70
2024-10-21 10:16:44,623 - 62000: loss 0.062 time 600.33
2024-10-21 10:16:54,308 - 63000: loss 0.059 time 610.02
2024-10-21 10:17:03,707 - 64000: loss 0.060 time 619.42
2024-10-21 10:17:13,457 - 65000: loss 0.058 time 629.17
2024-10-21 10:17:23,350 - 66000: loss 0.063 time 639.06
2024-10-21 10:17:33,184 - 67000: loss 0.061 time 648.90
2024-10-21 10:17:42,660 - 68000: loss 0.057 time 658.37
2024-10-21 10:17:52,350 - 69000: loss 0.060 time 668.06
2024-10-21 10:18:02,230 - 70000: loss 0.061 time 677.94
2024-10-21 10:18:12,007 - 71000: loss 0.060 time 687.72
2024-10-21 10:18:21,839 - 72000: loss 0.060 time 697.55
2024-10-21 10:18:31,561 - 73000: loss 0.055 time 707.27
2024-10-21 10:18:41,230 - 74000: loss 0.060 time 716.94
2024-10-21 10:18:51,016 - 75000: loss 0.053 time 726.73
2024-10-21 10:19:00,612 - 76000: loss 0.064 time 736.32
2024-10-21 10:19:10,300 - 77000: loss 0.067 time 746.01
2024-10-21 10:19:20,100 - 78000: loss 0.052 time 755.81
2024-10-21 10:19:29,847 - 79000: loss 0.058 time 765.56
2024-10-21 10:19:39,717 - 80000: loss 0.054 time 775.43
2024-10-21 10:19:49,287 - 81000: loss 0.059 time 785.00
2024-10-21 10:19:58,649 - 82000: loss 0.058 time 794.36
2024-10-21 10:20:08,351 - 83000: loss 0.054 time 804.06
2024-10-21 10:20:18,062 - 84000: loss 0.058 time 813.77
2024-10-21 10:20:27,868 - 85000: loss 0.058 time 823.58
2024-10-21 10:20:37,616 - 86000: loss 0.058 time 833.33
2024-10-21 10:20:47,370 - 87000: loss 0.059 time 843.08
2024-10-21 10:20:57,157 - 88000: loss 0.060 time 852.87
2024-10-21 10:21:06,785 - 89000: loss 0.063 time 862.50
2024-10-21 10:21:16,593 - 90000: loss 0.067 time 872.30
2024-10-21 10:21:26,364 - 91000: loss 0.054 time 882.08
2024-10-21 10:21:36,135 - 92000: loss 0.055 time 891.85
2024-10-21 10:21:46,016 - 93000: loss 0.054 time 901.73
2024-10-21 10:21:55,762 - 94000: loss 0.056 time 911.47
2024-10-21 10:22:05,443 - 95000: loss 0.053 time 921.15
2024-10-21 10:22:14,607 - 96000: loss 0.062 time 930.32
2024-10-21 10:22:23,740 - 97000: loss 0.055 time 939.45
2024-10-21 10:22:32,658 - 98000: loss 0.056 time 948.37
2024-10-21 10:22:41,561 - 99000: loss 0.053 time 957.27
2024-10-21 10:22:50,503 - 100000: loss 0.065 time 966.21
2024-10-21 10:22:59,496 - 101000: loss 0.058 time 975.21
2024-10-21 10:23:08,209 - 102000: loss 0.058 time 983.92
2024-10-21 10:23:17,049 - 103000: loss 0.058 time 992.76
2024-10-21 10:23:25,919 - 104000: loss 0.060 time 1001.63
2024-10-21 10:23:35,031 - 105000: loss 0.051 time 1010.74
2024-10-21 10:23:44,638 - 106000: loss 0.064 time 1020.35
2024-10-21 10:23:54,175 - 107000: loss 0.063 time 1029.89
2024-10-21 10:24:03,809 - 108000: loss 0.055 time 1039.52
2024-10-21 10:24:13,458 - 109000: loss 0.061 time 1049.17
2024-10-21 10:24:23,003 - 110000: loss 0.060 time 1058.71
2024-10-21 10:24:32,395 - 111000: loss 0.064 time 1068.11
2024-10-21 10:24:41,918 - 112000: loss 0.064 time 1077.63
2024-10-21 10:24:51,087 - 113000: loss 0.061 time 1086.80
2024-10-21 10:25:00,712 - 114000: loss 0.055 time 1096.42
2024-10-21 10:25:10,018 - 115000: loss 0.052 time 1105.73
2024-10-21 10:25:19,613 - 116000: loss 0.056 time 1115.33
2024-10-21 10:25:29,213 - 117000: loss 0.050 time 1124.92
2024-10-21 10:25:38,855 - 118000: loss 0.055 time 1134.57
2024-10-21 10:25:48,314 - 119000: loss 0.059 time 1144.03
2024-10-21 10:25:57,784 - 120000: loss 0.057 time 1153.50
2024-10-21 10:26:07,339 - 121000: loss 0.061 time 1163.05
2024-10-21 10:26:17,042 - 122000: loss 0.049 time 1172.75
2024-10-21 10:26:26,616 - 123000: loss 0.057 time 1182.33
2024-10-21 10:26:36,292 - 124000: loss 0.054 time 1192.00
2024-10-21 10:26:45,914 - 125000: loss 0.057 time 1201.63
2024-10-21 10:26:55,590 - 126000: loss 0.052 time 1211.30
2024-10-21 10:27:05,065 - 127000: loss 0.056 time 1220.78
2024-10-21 10:27:14,726 - 128000: loss 0.059 time 1230.44
2024-10-21 10:27:24,397 - 129000: loss 0.052 time 1240.11
2024-10-21 10:27:34,045 - 130000: loss 0.056 time 1249.76
2024-10-21 10:27:43,537 - 131000: loss 0.054 time 1259.25
2024-10-21 10:27:53,149 - 132000: loss 0.054 time 1268.86
2024-10-21 10:28:02,807 - 133000: loss 0.059 time 1278.52
2024-10-21 10:28:12,231 - 134000: loss 0.055 time 1287.94
2024-10-21 10:28:21,757 - 135000: loss 0.054 time 1297.47
2024-10-21 10:28:31,411 - 136000: loss 0.050 time 1307.12
2024-10-21 10:28:40,857 - 137000: loss 0.055 time 1316.57
2024-10-21 10:28:50,207 - 138000: loss 0.053 time 1325.92
2024-10-21 10:28:59,861 - 139000: loss 0.054 time 1335.57
2024-10-21 10:29:09,178 - 140000: loss 0.053 time 1344.89
2024-10-21 10:29:18,787 - 141000: loss 0.057 time 1354.50
2024-10-21 10:29:28,465 - 142000: loss 0.050 time 1364.18
2024-10-21 10:29:37,743 - 143000: loss 0.054 time 1373.45
2024-10-21 10:29:47,334 - 144000: loss 0.051 time 1383.05
2024-10-21 10:29:56,688 - 145000: loss 0.055 time 1392.40
2024-10-21 10:30:06,184 - 146000: loss 0.062 time 1401.90
2024-10-21 10:30:15,665 - 147000: loss 0.059 time 1411.38
2024-10-21 10:30:24,964 - 148000: loss 0.054 time 1420.68
2024-10-21 10:30:34,018 - 149000: loss 0.059 time 1429.73
2024-10-21 10:30:43,579 - 150000: loss 0.059 time 1439.29
2024-10-21 10:30:53,128 - 151000: loss 0.058 time 1448.84
2024-10-21 10:31:02,618 - 152000: loss 0.056 time 1458.33
2024-10-21 10:31:12,165 - 153000: loss 0.054 time 1467.88
2024-10-21 10:31:21,809 - 154000: loss 0.059 time 1477.52
2024-10-21 10:31:31,335 - 155000: loss 0.060 time 1487.05
2024-10-21 10:31:40,829 - 156000: loss 0.054 time 1496.54
2024-10-21 10:31:50,385 - 157000: loss 0.050 time 1506.10
2024-10-21 10:31:59,975 - 158000: loss 0.048 time 1515.69
2024-10-21 10:32:09,373 - 159000: loss 0.061 time 1525.08
2024-10-21 10:32:18,862 - 160000: loss 0.060 time 1534.57
2024-10-21 10:32:28,227 - 161000: loss 0.048 time 1543.94
2024-10-21 10:32:37,714 - 162000: loss 0.056 time 1553.43
2024-10-21 10:32:47,325 - 163000: loss 0.053 time 1563.04
2024-10-21 10:32:56,743 - 164000: loss 0.052 time 1572.45
2024-10-21 10:33:06,271 - 165000: loss 0.059 time 1581.98
2024-10-21 10:33:15,550 - 166000: loss 0.057 time 1591.26
2024-10-21 10:33:25,005 - 167000: loss 0.068 time 1600.72
2024-10-21 10:33:34,549 - 168000: loss 0.063 time 1610.26
2024-10-21 10:33:44,013 - 169000: loss 0.055 time 1619.72
2024-10-21 10:33:53,252 - 170000: loss 0.058 time 1628.96
2024-10-21 10:34:02,570 - 171000: loss 0.055 time 1638.28
2024-10-21 10:34:11,885 - 172000: loss 0.056 time 1647.60
2024-10-21 10:34:21,558 - 173000: loss 0.052 time 1657.27
2024-10-21 10:34:31,112 - 174000: loss 0.056 time 1666.82
2024-10-21 10:34:40,446 - 175000: loss 0.056 time 1676.16
2024-10-21 10:34:50,069 - 176000: loss 0.048 time 1685.78
2024-10-21 10:34:59,752 - 177000: loss 0.052 time 1695.46
2024-10-21 10:35:08,871 - 178000: loss 0.057 time 1704.58
2024-10-21 10:35:18,444 - 179000: loss 0.056 time 1714.16
2024-10-21 10:35:28,090 - 180000: loss 0.058 time 1723.80
2024-10-21 10:35:37,656 - 181000: loss 0.057 time 1733.37
2024-10-21 10:35:47,189 - 182000: loss 0.052 time 1742.90
2024-10-21 10:35:56,735 - 183000: loss 0.051 time 1752.45
2024-10-21 10:36:06,228 - 184000: loss 0.056 time 1761.94
2024-10-21 10:36:15,695 - 185000: loss 0.051 time 1771.41
2024-10-21 10:36:25,351 - 186000: loss 0.046 time 1781.06
2024-10-21 10:36:34,709 - 187000: loss 0.055 time 1790.42
2024-10-21 10:36:43,812 - 188000: loss 0.059 time 1799.52
2024-10-21 10:36:53,368 - 189000: loss 0.047 time 1809.08
2024-10-21 10:37:02,794 - 190000: loss 0.069 time 1818.51
2024-10-21 10:37:12,374 - 191000: loss 0.058 time 1828.09
2024-10-21 10:37:21,713 - 192000: loss 0.055 time 1837.42
2024-10-21 10:37:31,177 - 193000: loss 0.052 time 1846.89
2024-10-21 10:37:40,735 - 194000: loss 0.050 time 1856.45
2024-10-21 10:37:50,167 - 195000: loss 0.053 time 1865.88
2024-10-21 10:37:59,357 - 196000: loss 0.050 time 1875.07
2024-10-21 10:38:08,897 - 197000: loss 0.051 time 1884.61
2024-10-21 10:38:17,976 - 198000: loss 0.050 time 1893.69
2024-10-21 10:38:27,465 - 199000: loss 0.055 time 1903.18
2024-10-21 10:38:36,606 - 200000: loss 0.051 time 1912.32
2024-10-21 10:38:46,203 - 201000: loss 0.049 time 1921.92
2024-10-21 10:38:55,867 - 202000: loss 0.059 time 1931.58
2024-10-21 10:39:05,619 - 203000: loss 0.058 time 1941.33
2024-10-21 10:39:15,336 - 204000: loss 0.052 time 1951.05
2024-10-21 10:39:24,822 - 205000: loss 0.053 time 1960.53
2024-10-21 10:39:34,307 - 206000: loss 0.051 time 1970.02
2024-10-21 10:39:43,715 - 207000: loss 0.052 time 1979.43
2024-10-21 10:39:53,189 - 208000: loss 0.048 time 1988.90
2024-10-21 10:40:02,501 - 209000: loss 0.052 time 1998.21
2024-10-21 10:40:12,213 - 210000: loss 0.051 time 2007.92
2024-10-21 10:40:21,927 - 211000: loss 0.056 time 2017.64
2024-10-21 10:40:31,274 - 212000: loss 0.045 time 2026.99
2024-10-21 10:40:40,782 - 213000: loss 0.050 time 2036.49
2024-10-21 10:40:50,159 - 214000: loss 0.056 time 2045.87
2024-10-21 10:40:59,724 - 215000: loss 0.051 time 2055.44
2024-10-21 10:41:09,274 - 216000: loss 0.046 time 2064.99
2024-10-21 10:41:18,855 - 217000: loss 0.052 time 2074.57
2024-10-21 10:41:28,398 - 218000: loss 0.050 time 2084.11
2024-10-21 10:41:37,746 - 219000: loss 0.056 time 2093.46
2024-10-21 10:41:47,445 - 220000: loss 0.051 time 2103.16
2024-10-21 10:41:57,073 - 221000: loss 0.052 time 2112.78
2024-10-21 10:42:06,805 - 222000: loss 0.054 time 2122.52
2024-10-21 10:42:16,276 - 223000: loss 0.053 time 2131.99
2024-10-21 10:42:25,907 - 224000: loss 0.049 time 2141.62
2024-10-21 10:42:35,487 - 225000: loss 0.046 time 2151.20
2024-10-21 10:42:45,067 - 226000: loss 0.060 time 2160.78
2024-10-21 10:42:54,665 - 227000: loss 0.055 time 2170.38
2024-10-21 10:43:03,895 - 228000: loss 0.055 time 2179.61
2024-10-21 10:43:13,565 - 229000: loss 0.048 time 2189.28
2024-10-21 10:43:23,231 - 230000: loss 0.051 time 2198.94
2024-10-21 10:43:32,640 - 231000: loss 0.050 time 2208.35
2024-10-21 10:43:42,031 - 232000: loss 0.057 time 2217.74
2024-10-21 10:43:51,584 - 233000: loss 0.057 time 2227.30
2024-10-21 10:44:01,262 - 234000: loss 0.052 time 2236.97
2024-10-21 10:44:10,928 - 235000: loss 0.047 time 2246.64
2024-10-21 10:44:20,467 - 236000: loss 0.058 time 2256.18
2024-10-21 10:44:29,763 - 237000: loss 0.056 time 2265.48
2024-10-21 10:44:39,511 - 238000: loss 0.052 time 2275.22
2024-10-21 10:44:49,108 - 239000: loss 0.049 time 2284.82
2024-10-21 10:44:58,536 - 240000: loss 0.050 time 2294.25
2024-10-21 10:45:07,837 - 241000: loss 0.060 time 2303.55
2024-10-21 10:45:17,359 - 242000: loss 0.049 time 2313.07
2024-10-21 10:45:26,992 - 243000: loss 0.054 time 2322.70
2024-10-21 10:45:36,661 - 244000: loss 0.054 time 2332.37
2024-10-21 10:45:46,264 - 245000: loss 0.054 time 2341.98
2024-10-21 10:45:55,778 - 246000: loss 0.057 time 2351.49
2024-10-21 10:46:05,501 - 247000: loss 0.042 time 2361.21
2024-10-21 10:46:15,070 - 248000: loss 0.050 time 2370.78
2024-10-21 10:46:24,737 - 249000: loss 0.052 time 2380.45
2024-10-21 10:46:34,281 - 250000: loss 0.057 time 2389.99
2024-10-21 10:46:43,991 - 251000: loss 0.049 time 2399.70
2024-10-21 10:46:53,418 - 252000: loss 0.056 time 2409.13
2024-10-21 10:47:02,983 - 253000: loss 0.053 time 2418.69
2024-10-21 10:47:12,769 - 254000: loss 0.048 time 2428.48
2024-10-21 10:47:22,261 - 255000: loss 0.055 time 2437.97
2024-10-21 10:47:31,955 - 256000: loss 0.050 time 2447.67
2024-10-21 10:47:41,582 - 257000: loss 0.049 time 2457.29
2024-10-21 10:47:51,253 - 258000: loss 0.050 time 2466.97
2024-10-21 10:48:00,825 - 259000: loss 0.048 time 2476.54
2024-10-21 10:48:10,094 - 260000: loss 0.052 time 2485.81
2024-10-21 10:48:19,446 - 261000: loss 0.061 time 2495.16
2024-10-21 10:48:29,059 - 262000: loss 0.051 time 2504.77
2024-10-21 10:48:38,568 - 263000: loss 0.052 time 2514.28
2024-10-21 10:48:48,108 - 264000: loss 0.055 time 2523.82
2024-10-21 10:48:57,713 - 265000: loss 0.048 time 2533.42
2024-10-21 10:49:07,272 - 266000: loss 0.048 time 2542.98
2024-10-21 10:49:16,385 - 267000: loss 0.054 time 2552.10
2024-10-21 10:49:26,026 - 268000: loss 0.049 time 2561.74
2024-10-21 10:49:35,495 - 269000: loss 0.045 time 2571.21
2024-10-21 10:49:44,618 - 270000: loss 0.049 time 2580.33
2024-10-21 10:49:54,328 - 271000: loss 0.051 time 2590.04
2024-10-21 10:50:03,828 - 272000: loss 0.055 time 2599.54
2024-10-21 10:50:13,334 - 273000: loss 0.054 time 2609.05
2024-10-21 10:50:22,573 - 274000: loss 0.047 time 2618.29
2024-10-21 10:50:32,009 - 275000: loss 0.043 time 2627.72
2024-10-21 10:50:41,653 - 276000: loss 0.055 time 2637.36
2024-10-21 10:50:51,277 - 277000: loss 0.049 time 2646.99
2024-10-21 10:51:00,742 - 278000: loss 0.044 time 2656.45
2024-10-21 10:51:10,131 - 279000: loss 0.049 time 2665.84
2024-10-21 10:51:19,615 - 280000: loss 0.042 time 2675.33
2024-10-21 10:51:29,039 - 281000: loss 0.060 time 2684.75
2024-10-21 10:51:38,490 - 282000: loss 0.051 time 2694.20
2024-10-21 10:51:48,126 - 283000: loss 0.051 time 2703.84
2024-10-21 10:51:57,752 - 284000: loss 0.055 time 2713.46
2024-10-21 10:52:07,426 - 285000: loss 0.052 time 2723.14
2024-10-21 10:52:17,005 - 286000: loss 0.048 time 2732.72
2024-10-21 10:52:26,375 - 287000: loss 0.054 time 2742.09
2024-10-21 10:52:35,711 - 288000: loss 0.053 time 2751.42
2024-10-21 10:52:45,047 - 289000: loss 0.052 time 2760.76
2024-10-21 10:52:54,399 - 290000: loss 0.049 time 2770.11
2024-10-21 10:53:03,630 - 291000: loss 0.050 time 2779.34
2024-10-21 10:53:12,960 - 292000: loss 0.062 time 2788.67
2024-10-21 10:53:22,481 - 293000: loss 0.048 time 2798.19
2024-10-21 10:53:31,801 - 294000: loss 0.049 time 2807.51
2024-10-21 10:53:41,377 - 295000: loss 0.049 time 2817.09
2024-10-21 10:53:51,012 - 296000: loss 0.046 time 2826.72
2024-10-21 10:54:00,404 - 297000: loss 0.057 time 2836.12
2024-10-21 10:54:10,106 - 298000: loss 0.048 time 2845.82
2024-10-21 10:54:19,718 - 299000: loss 0.056 time 2855.43
2024-10-21 10:54:29,084 - 300000: loss 0.051 time 2864.80
2024-10-21 10:54:38,245 - 301000: loss 0.049 time 2873.96
2024-10-21 10:54:47,896 - 302000: loss 0.051 time 2883.61
2024-10-21 10:54:57,443 - 303000: loss 0.053 time 2893.15
2024-10-21 10:55:06,707 - 304000: loss 0.045 time 2902.42
2024-10-21 10:55:16,100 - 305000: loss 0.056 time 2911.81
2024-10-21 10:55:25,594 - 306000: loss 0.049 time 2921.31
2024-10-21 10:55:35,005 - 307000: loss 0.056 time 2930.72
2024-10-21 10:55:44,595 - 308000: loss 0.044 time 2940.31
2024-10-21 10:55:54,256 - 309000: loss 0.053 time 2949.97
2024-10-21 10:56:03,766 - 310000: loss 0.046 time 2959.48
2024-10-21 10:56:13,400 - 311000: loss 0.050 time 2969.11
2024-10-21 10:56:23,112 - 312000: loss 0.049 time 2978.82
2024-10-21 10:56:32,712 - 313000: loss 0.051 time 2988.42
2024-10-21 10:56:42,196 - 314000: loss 0.052 time 2997.91
2024-10-21 10:56:51,745 - 315000: loss 0.047 time 3007.46
2024-10-21 10:57:01,235 - 316000: loss 0.050 time 3016.95
2024-10-21 10:57:10,309 - 317000: loss 0.044 time 3026.02
2024-10-21 10:57:19,869 - 318000: loss 0.051 time 3035.58
2024-10-21 10:57:29,422 - 319000: loss 0.054 time 3045.13
2024-10-21 10:57:38,777 - 320000: loss 0.049 time 3054.49
2024-10-21 10:57:48,129 - 321000: loss 0.051 time 3063.84
2024-10-21 10:57:57,695 - 322000: loss 0.051 time 3073.41
2024-10-21 10:58:07,166 - 323000: loss 0.050 time 3082.88
2024-10-21 10:58:16,429 - 324000: loss 0.054 time 3092.14
2024-10-21 10:58:25,844 - 325000: loss 0.056 time 3101.56
2024-10-21 10:58:35,449 - 326000: loss 0.044 time 3111.16
2024-10-21 10:58:45,062 - 327000: loss 0.045 time 3120.77
2024-10-21 10:58:54,745 - 328000: loss 0.049 time 3130.46
2024-10-21 10:59:03,967 - 329000: loss 0.050 time 3139.68
2024-10-21 10:59:13,610 - 330000: loss 0.053 time 3149.32
2024-10-21 10:59:23,089 - 331000: loss 0.043 time 3158.80
2024-10-21 10:59:32,765 - 332000: loss 0.051 time 3168.48
2024-10-21 10:59:41,849 - 333000: loss 0.052 time 3177.56
2024-10-21 10:59:51,486 - 334000: loss 0.047 time 3187.20
2024-10-21 11:00:01,048 - 335000: loss 0.050 time 3196.76
2024-10-21 11:00:10,610 - 336000: loss 0.050 time 3206.32
2024-10-21 11:00:20,165 - 337000: loss 0.051 time 3215.88
2024-10-21 11:00:29,836 - 338000: loss 0.054 time 3225.55
2024-10-21 11:00:39,440 - 339000: loss 0.051 time 3235.15
2024-10-21 11:00:48,720 - 340000: loss 0.052 time 3244.43
2024-10-21 11:00:58,309 - 341000: loss 0.049 time 3254.02
2024-10-21 11:01:07,799 - 342000: loss 0.046 time 3263.51
2024-10-21 11:01:17,376 - 343000: loss 0.048 time 3273.09
2024-10-21 11:01:26,992 - 344000: loss 0.048 time 3282.70
2024-10-21 11:01:36,391 - 345000: loss 0.055 time 3292.10
2024-10-21 11:01:45,596 - 346000: loss 0.050 time 3301.31
2024-10-21 11:01:55,069 - 347000: loss 0.046 time 3310.78
2024-10-21 11:02:04,529 - 348000: loss 0.047 time 3320.24
2024-10-21 11:02:13,955 - 349000: loss 0.052 time 3329.67
2024-10-21 11:02:23,449 - 350000: loss 0.050 time 3339.16
2024-10-21 11:02:33,083 - 351000: loss 0.048 time 3348.79
2024-10-21 11:02:42,612 - 352000: loss 0.049 time 3358.32
2024-10-21 11:02:51,799 - 353000: loss 0.050 time 3367.51
2024-10-21 11:03:01,156 - 354000: loss 0.056 time 3376.87
2024-10-21 11:03:10,646 - 355000: loss 0.045 time 3386.36
2024-10-21 11:03:20,267 - 356000: loss 0.045 time 3395.98
2024-10-21 11:03:29,835 - 357000: loss 0.047 time 3405.55
2024-10-21 11:03:39,105 - 358000: loss 0.054 time 3414.82
2024-10-21 11:03:48,553 - 359000: loss 0.053 time 3424.27
2024-10-21 11:03:57,718 - 360000: loss 0.050 time 3433.43
2024-10-21 11:04:07,265 - 361000: loss 0.048 time 3442.98
2024-10-21 11:04:16,839 - 362000: loss 0.044 time 3452.55
2024-10-21 11:04:26,050 - 363000: loss 0.052 time 3461.76
2024-10-21 11:04:35,634 - 364000: loss 0.056 time 3471.35
2024-10-21 11:04:44,797 - 365000: loss 0.052 time 3480.51
2024-10-21 11:04:54,196 - 366000: loss 0.045 time 3489.91
2024-10-21 11:05:03,640 - 367000: loss 0.048 time 3499.35
2024-10-21 11:05:13,131 - 368000: loss 0.052 time 3508.84
2024-10-21 11:05:22,587 - 369000: loss 0.048 time 3518.30
2024-10-21 11:05:31,959 - 370000: loss 0.046 time 3527.67
2024-10-21 11:05:41,593 - 371000: loss 0.041 time 3537.30
2024-10-21 11:05:51,141 - 372000: loss 0.049 time 3546.85
2024-10-21 11:06:00,663 - 373000: loss 0.054 time 3556.37
2024-10-21 11:06:10,199 - 374000: loss 0.058 time 3565.91
2024-10-21 11:06:19,750 - 375000: loss 0.050 time 3575.46
2024-10-21 11:06:28,993 - 376000: loss 0.053 time 3584.70
2024-10-21 11:06:38,574 - 377000: loss 0.052 time 3594.29
2024-10-21 11:06:47,785 - 378000: loss 0.051 time 3603.50
2024-10-21 11:06:57,117 - 379000: loss 0.048 time 3612.83
2024-10-21 11:07:06,853 - 380000: loss 0.044 time 3622.56
2024-10-21 11:07:15,965 - 381000: loss 0.050 time 3631.68
2024-10-21 11:07:25,460 - 382000: loss 0.046 time 3641.17
2024-10-21 11:07:35,010 - 383000: loss 0.057 time 3650.72
2024-10-21 11:07:44,794 - 384000: loss 0.042 time 3660.51
2024-10-21 11:07:54,423 - 385000: loss 0.050 time 3670.13
2024-10-21 11:08:04,072 - 386000: loss 0.051 time 3679.78
2024-10-21 11:08:13,841 - 387000: loss 0.043 time 3689.55
2024-10-21 11:08:23,537 - 388000: loss 0.046 time 3699.25
2024-10-21 11:08:33,224 - 389000: loss 0.047 time 3708.94
2024-10-21 11:08:42,946 - 390000: loss 0.056 time 3718.66
2024-10-21 11:08:52,418 - 391000: loss 0.059 time 3728.13
2024-10-21 11:09:01,871 - 392000: loss 0.051 time 3737.58
2024-10-21 11:09:11,560 - 393000: loss 0.049 time 3747.27
2024-10-21 11:09:21,201 - 394000: loss 0.051 time 3756.91
2024-10-21 11:09:30,674 - 395000: loss 0.055 time 3766.39
2024-10-21 11:09:40,196 - 396000: loss 0.050 time 3775.91
2024-10-21 11:09:49,870 - 397000: loss 0.049 time 3785.58
2024-10-21 11:09:59,002 - 398000: loss 0.047 time 3794.71
2024-10-21 11:10:08,538 - 399000: loss 0.052 time 3804.25
2024-10-21 11:10:18,133 - 400000: loss 0.050 time 3813.84
2024-10-21 11:10:27,701 - 401000: loss 0.058 time 3823.41
2024-10-21 11:10:36,827 - 402000: loss 0.052 time 3832.54
2024-10-21 11:10:46,265 - 403000: loss 0.054 time 3841.98
2024-10-21 11:10:55,975 - 404000: loss 0.050 time 3851.69
2024-10-21 11:11:05,582 - 405000: loss 0.054 time 3861.29
2024-10-21 11:11:15,073 - 406000: loss 0.052 time 3870.79
2024-10-21 11:11:24,746 - 407000: loss 0.048 time 3880.46
2024-10-21 11:11:34,358 - 408000: loss 0.059 time 3890.07
2024-10-21 11:11:43,615 - 409000: loss 0.052 time 3899.33
2024-10-21 11:11:53,114 - 410000: loss 0.051 time 3908.83
2024-10-21 11:12:02,715 - 411000: loss 0.043 time 3918.43
2024-10-21 11:12:12,310 - 412000: loss 0.046 time 3928.02
2024-10-21 11:12:21,856 - 413000: loss 0.052 time 3937.57
2024-10-21 11:12:31,371 - 414000: loss 0.049 time 3947.08
2024-10-21 11:12:40,724 - 415000: loss 0.048 time 3956.44
2024-10-21 11:12:50,000 - 416000: loss 0.046 time 3965.71
2024-10-21 11:12:59,204 - 417000: loss 0.044 time 3974.92
2024-10-21 11:13:08,733 - 418000: loss 0.048 time 3984.44
2024-10-21 11:13:18,374 - 419000: loss 0.049 time 3994.09
2024-10-21 11:13:28,284 - 420000: loss 0.049 time 4004.00
2024-10-21 11:13:38,052 - 421000: loss 0.049 time 4013.76
2024-10-21 11:13:47,600 - 422000: loss 0.048 time 4023.31
2024-10-21 11:13:56,229 - 423000: loss 0.057 time 4031.94
2024-10-21 11:14:05,735 - 424000: loss 0.051 time 4041.45
2024-10-21 11:14:15,457 - 425000: loss 0.053 time 4051.17
2024-10-21 11:14:24,889 - 426000: loss 0.048 time 4060.60
2024-10-21 11:14:33,983 - 427000: loss 0.050 time 4069.69
2024-10-21 11:14:43,374 - 428000: loss 0.055 time 4079.09
2024-10-21 11:14:52,800 - 429000: loss 0.051 time 4088.51
2024-10-21 11:15:02,364 - 430000: loss 0.046 time 4098.08
2024-10-21 11:15:11,938 - 431000: loss 0.053 time 4107.65
2024-10-21 11:15:21,558 - 432000: loss 0.050 time 4117.27
2024-10-21 11:15:31,141 - 433000: loss 0.046 time 4126.85
2024-10-21 11:15:40,671 - 434000: loss 0.045 time 4136.38
2024-10-21 11:15:50,197 - 435000: loss 0.043 time 4145.91
2024-10-21 11:15:59,682 - 436000: loss 0.055 time 4155.39
2024-10-21 11:16:08,946 - 437000: loss 0.046 time 4164.66
2024-10-21 11:16:18,693 - 438000: loss 0.047 time 4174.40
2024-10-21 11:16:28,372 - 439000: loss 0.046 time 4184.08
2024-10-21 11:16:37,983 - 440000: loss 0.055 time 4193.69
2024-10-21 11:16:47,565 - 441000: loss 0.048 time 4203.28
2024-10-21 11:16:57,249 - 442000: loss 0.048 time 4212.96
2024-10-21 11:17:06,879 - 443000: loss 0.046 time 4222.59
2024-10-21 11:17:16,229 - 444000: loss 0.043 time 4231.94
2024-10-21 11:17:25,874 - 445000: loss 0.046 time 4241.59
2024-10-21 11:17:35,460 - 446000: loss 0.048 time 4251.17
2024-10-21 11:17:44,963 - 447000: loss 0.049 time 4260.67
2024-10-21 11:17:54,351 - 448000: loss 0.045 time 4270.06
2024-10-21 11:18:03,627 - 449000: loss 0.050 time 4279.34
2024-10-21 11:18:13,248 - 450000: loss 0.047 time 4288.96
2024-10-21 11:18:22,897 - 451000: loss 0.052 time 4298.61
2024-10-21 11:18:31,753 - 452000: loss 0.052 time 4307.46
2024-10-21 11:18:41,304 - 453000: loss 0.051 time 4317.02
2024-10-21 11:18:50,974 - 454000: loss 0.053 time 4326.69
2024-10-21 11:19:00,543 - 455000: loss 0.052 time 4336.25
2024-10-21 11:19:09,956 - 456000: loss 0.049 time 4345.67
2024-10-21 11:19:19,292 - 457000: loss 0.044 time 4355.00
2024-10-21 11:19:28,875 - 458000: loss 0.046 time 4364.59
2024-10-21 11:19:38,264 - 459000: loss 0.046 time 4373.98
2024-10-21 11:19:47,773 - 460000: loss 0.044 time 4383.49
2024-10-21 11:19:57,236 - 461000: loss 0.049 time 4392.95
2024-10-21 11:20:06,836 - 462000: loss 0.052 time 4402.55
2024-10-21 11:20:16,189 - 463000: loss 0.042 time 4411.90
2024-10-21 11:20:25,615 - 464000: loss 0.045 time 4421.33
2024-10-21 11:20:34,845 - 465000: loss 0.047 time 4430.56
2024-10-21 11:20:43,746 - 466000: loss 0.038 time 4439.46
2024-10-21 11:20:53,331 - 467000: loss 0.047 time 4449.04
2024-10-21 11:21:02,787 - 468000: loss 0.050 time 4458.50
2024-10-21 11:21:12,270 - 469000: loss 0.045 time 4467.98
2024-10-21 11:21:21,540 - 470000: loss 0.043 time 4477.25
2024-10-21 11:21:31,127 - 471000: loss 0.053 time 4486.84
2024-10-21 11:21:40,877 - 472000: loss 0.048 time 4496.59
2024-10-21 11:21:50,597 - 473000: loss 0.051 time 4506.31
2024-10-21 11:22:00,393 - 474000: loss 0.048 time 4516.10
2024-10-21 11:22:10,121 - 475000: loss 0.049 time 4525.83
2024-10-21 11:22:19,810 - 476000: loss 0.053 time 4535.52
2024-10-21 11:22:29,490 - 477000: loss 0.052 time 4545.20
2024-10-21 11:22:39,348 - 478000: loss 0.046 time 4555.06
2024-10-21 11:22:49,167 - 479000: loss 0.045 time 4564.88
2024-10-21 11:22:58,895 - 480000: loss 0.047 time 4574.61
2024-10-21 11:23:08,627 - 481000: loss 0.049 time 4584.34
2024-10-21 11:23:18,488 - 482000: loss 0.051 time 4594.20
2024-10-21 11:23:28,219 - 483000: loss 0.051 time 4603.93
2024-10-21 11:23:38,013 - 484000: loss 0.050 time 4613.72
2024-10-21 11:23:47,791 - 485000: loss 0.044 time 4623.50
2024-10-21 11:23:57,569 - 486000: loss 0.049 time 4633.28
2024-10-21 11:24:07,317 - 487000: loss 0.047 time 4643.03
2024-10-21 11:24:17,036 - 488000: loss 0.045 time 4652.75
2024-10-21 11:24:26,636 - 489000: loss 0.050 time 4662.35
2024-10-21 11:24:36,340 - 490000: loss 0.050 time 4672.05
2024-10-21 11:24:46,047 - 491000: loss 0.049 time 4681.76
2024-10-21 11:24:55,835 - 492000: loss 0.048 time 4691.55
2024-10-21 11:25:05,022 - 493000: loss 0.049 time 4700.73
2024-10-21 11:25:14,668 - 494000: loss 0.054 time 4710.38
2024-10-21 11:25:24,154 - 495000: loss 0.041 time 4719.87
2024-10-21 11:25:33,748 - 496000: loss 0.049 time 4729.46
2024-10-21 11:25:43,272 - 497000: loss 0.046 time 4738.98
2024-10-21 11:25:52,622 - 498000: loss 0.050 time 4748.33
2024-10-21 11:26:02,122 - 499000: loss 0.048 time 4757.83
2024-10-21 11:26:11,389 - 500000: loss 0.048 time 4767.10
2024-10-21 11:26:20,988 - 501000: loss 0.055 time 4776.70
2024-10-21 11:26:30,614 - 502000: loss 0.042 time 4786.33
2024-10-21 11:26:40,007 - 503000: loss 0.044 time 4795.72
2024-10-21 11:26:49,634 - 504000: loss 0.048 time 4805.35
2024-10-21 11:26:59,065 - 505000: loss 0.041 time 4814.78
2024-10-21 11:27:08,632 - 506000: loss 0.045 time 4824.34
2024-10-21 11:27:18,299 - 507000: loss 0.050 time 4834.01
2024-10-21 11:27:27,894 - 508000: loss 0.048 time 4843.61
2024-10-21 11:27:37,533 - 509000: loss 0.052 time 4853.24
2024-10-21 11:27:47,091 - 510000: loss 0.049 time 4862.80
2024-10-21 11:27:56,670 - 511000: loss 0.047 time 4872.38
2024-10-21 11:28:06,328 - 512000: loss 0.046 time 4882.04
2024-10-21 11:28:15,891 - 513000: loss 0.051 time 4891.60
2024-10-21 11:28:25,620 - 514000: loss 0.049 time 4901.33
2024-10-21 11:28:35,081 - 515000: loss 0.052 time 4910.79
2024-10-21 11:28:44,373 - 516000: loss 0.045 time 4920.08
2024-10-21 11:28:54,067 - 517000: loss 0.049 time 4929.78
2024-10-21 11:29:03,217 - 518000: loss 0.044 time 4938.93
2024-10-21 11:29:12,842 - 519000: loss 0.045 time 4948.55
2024-10-21 11:29:22,164 - 520000: loss 0.048 time 4957.88
2024-10-21 11:29:31,889 - 521000: loss 0.047 time 4967.60
2024-10-21 11:29:41,300 - 522000: loss 0.053 time 4977.01
2024-10-21 11:29:50,800 - 523000: loss 0.048 time 4986.51
2024-10-21 11:30:00,176 - 524000: loss 0.050 time 4995.89
2024-10-21 11:30:09,551 - 525000: loss 0.044 time 5005.26
2024-10-21 11:30:19,298 - 526000: loss 0.042 time 5015.01
2024-10-21 11:30:29,142 - 527000: loss 0.049 time 5024.85
2024-10-21 11:30:38,794 - 528000: loss 0.049 time 5034.51
2024-10-21 11:30:48,519 - 529000: loss 0.044 time 5044.23
2024-10-21 11:30:58,284 - 530000: loss 0.053 time 5054.00
2024-10-21 11:31:08,041 - 531000: loss 0.047 time 5063.75
2024-10-21 11:31:17,789 - 532000: loss 0.044 time 5073.50
2024-10-21 11:31:27,689 - 533000: loss 0.050 time 5083.40
2024-10-21 11:31:37,102 - 534000: loss 0.056 time 5092.81
2024-10-21 11:31:46,760 - 535000: loss 0.047 time 5102.47
2024-10-21 11:31:56,226 - 536000: loss 0.053 time 5111.94
2024-10-21 11:32:05,902 - 537000: loss 0.044 time 5121.61
2024-10-21 11:32:15,598 - 538000: loss 0.048 time 5131.31
2024-10-21 11:32:25,380 - 539000: loss 0.053 time 5141.09
2024-10-21 11:32:35,206 - 540000: loss 0.050 time 5150.92
2024-10-21 11:32:44,947 - 541000: loss 0.044 time 5160.66
2024-10-21 11:32:54,719 - 542000: loss 0.050 time 5170.43
2024-10-21 11:33:04,367 - 543000: loss 0.045 time 5180.08
2024-10-21 11:33:13,771 - 544000: loss 0.045 time 5189.48
2024-10-21 11:33:23,491 - 545000: loss 0.046 time 5199.20
2024-10-21 11:33:33,320 - 546000: loss 0.042 time 5209.03
2024-10-21 11:33:43,033 - 547000: loss 0.046 time 5218.74
2024-10-21 11:33:52,630 - 548000: loss 0.047 time 5228.34
2024-10-21 11:34:02,311 - 549000: loss 0.049 time 5238.02
2024-10-21 11:34:11,938 - 550000: loss 0.046 time 5247.65
2024-10-21 11:34:21,667 - 551000: loss 0.044 time 5257.38
2024-10-21 11:34:31,307 - 552000: loss 0.050 time 5267.02
2024-10-21 11:34:40,774 - 553000: loss 0.052 time 5276.49
2024-10-21 11:34:50,273 - 554000: loss 0.053 time 5285.98
2024-10-21 11:34:59,794 - 555000: loss 0.055 time 5295.51
2024-10-21 11:35:09,588 - 556000: loss 0.050 time 5305.30
2024-10-21 11:35:19,433 - 557000: loss 0.046 time 5315.14
2024-10-21 11:35:29,264 - 558000: loss 0.040 time 5324.98
2024-10-21 11:35:39,112 - 559000: loss 0.053 time 5334.82
2024-10-21 11:35:48,941 - 560000: loss 0.052 time 5344.65
2024-10-21 11:35:58,723 - 561000: loss 0.043 time 5354.44
2024-10-21 11:36:08,500 - 562000: loss 0.046 time 5364.21
2024-10-21 11:36:18,277 - 563000: loss 0.048 time 5373.99
2024-10-21 11:36:27,966 - 564000: loss 0.051 time 5383.68
2024-10-21 11:36:37,505 - 565000: loss 0.048 time 5393.22
2024-10-21 11:36:46,872 - 566000: loss 0.048 time 5402.58
2024-10-21 11:36:56,167 - 567000: loss 0.059 time 5411.88
2024-10-21 11:37:05,461 - 568000: loss 0.051 time 5421.17
2024-10-21 11:37:15,000 - 569000: loss 0.051 time 5430.71
2024-10-21 11:37:24,447 - 570000: loss 0.048 time 5440.16
2024-10-21 11:37:34,030 - 571000: loss 0.053 time 5449.74
2024-10-21 11:37:43,442 - 572000: loss 0.047 time 5459.15
2024-10-21 11:37:53,118 - 573000: loss 0.047 time 5468.83
2024-10-21 11:38:02,741 - 574000: loss 0.046 time 5478.45
2024-10-21 11:38:12,353 - 575000: loss 0.047 time 5488.07
2024-10-21 11:38:21,635 - 576000: loss 0.043 time 5497.35
2024-10-21 11:38:31,336 - 577000: loss 0.048 time 5507.05
2024-10-21 11:38:40,907 - 578000: loss 0.049 time 5516.62
2024-10-21 11:38:50,512 - 579000: loss 0.041 time 5526.22
2024-10-21 11:39:00,055 - 580000: loss 0.041 time 5535.77
2024-10-21 11:39:09,741 - 581000: loss 0.046 time 5545.45
2024-10-21 11:39:19,239 - 582000: loss 0.044 time 5554.95
2024-10-21 11:39:28,749 - 583000: loss 0.047 time 5564.46
2024-10-21 11:39:38,381 - 584000: loss 0.056 time 5574.09
2024-10-21 11:39:47,995 - 585000: loss 0.051 time 5583.71
2024-10-21 11:39:57,467 - 586000: loss 0.044 time 5593.18
2024-10-21 11:40:06,793 - 587000: loss 0.045 time 5602.51
2024-10-21 11:40:16,179 - 588000: loss 0.046 time 5611.89
2024-10-21 11:40:25,670 - 589000: loss 0.049 time 5621.38
2024-10-21 11:40:35,268 - 590000: loss 0.051 time 5630.98
2024-10-21 11:40:44,865 - 591000: loss 0.049 time 5640.58
2024-10-21 11:40:54,535 - 592000: loss 0.045 time 5650.25
2024-10-21 11:41:04,298 - 593000: loss 0.046 time 5660.01
2024-10-21 11:41:14,113 - 594000: loss 0.045 time 5669.83
2024-10-21 11:41:23,927 - 595000: loss 0.049 time 5679.64
2024-10-21 11:41:33,110 - 596000: loss 0.048 time 5688.82
2024-10-21 11:41:42,852 - 597000: loss 0.051 time 5698.56
2024-10-21 11:41:52,538 - 598000: loss 0.049 time 5708.25
2024-10-21 11:42:02,256 - 599000: loss 0.042 time 5717.97
2024-10-21 11:42:11,396 - 600000: loss 0.046 time 5727.11
2024-10-21 11:42:20,590 - 601000: loss 0.047 time 5736.30
2024-10-21 11:42:30,019 - 602000: loss 0.050 time 5745.73
2024-10-21 11:42:39,652 - 603000: loss 0.044 time 5755.36
2024-10-21 11:42:49,172 - 604000: loss 0.051 time 5764.88
2024-10-21 11:42:58,500 - 605000: loss 0.052 time 5774.21
2024-10-21 11:43:07,795 - 606000: loss 0.050 time 5783.51
2024-10-21 11:43:17,203 - 607000: loss 0.051 time 5792.91
2024-10-21 11:43:26,990 - 608000: loss 0.047 time 5802.70
2024-10-21 11:43:36,105 - 609000: loss 0.052 time 5811.82
2024-10-21 11:43:45,417 - 610000: loss 0.046 time 5821.13
2024-10-21 11:43:55,084 - 611000: loss 0.048 time 5830.80
2024-10-21 11:44:04,756 - 612000: loss 0.042 time 5840.47
2024-10-21 11:44:14,283 - 613000: loss 0.050 time 5849.99
2024-10-21 11:44:23,911 - 614000: loss 0.049 time 5859.62
2024-10-21 11:44:33,551 - 615000: loss 0.048 time 5869.26
2024-10-21 11:44:43,212 - 616000: loss 0.046 time 5878.92
2024-10-21 11:44:52,402 - 617000: loss 0.046 time 5888.11
2024-10-21 11:45:01,962 - 618000: loss 0.049 time 5897.67
2024-10-21 11:45:11,558 - 619000: loss 0.048 time 5907.27
2024-10-21 11:45:21,211 - 620000: loss 0.049 time 5916.92
2024-10-21 11:45:30,698 - 621000: loss 0.050 time 5926.41
2024-10-21 11:45:40,251 - 622000: loss 0.049 time 5935.96
2024-10-21 11:45:49,418 - 623000: loss 0.052 time 5945.13
2024-10-21 11:45:58,996 - 624000: loss 0.054 time 5954.71
2024-10-21 11:46:08,677 - 625000: loss 0.051 time 5964.39
2024-10-21 11:46:18,271 - 626000: loss 0.045 time 5973.98
2024-10-21 11:46:27,830 - 627000: loss 0.050 time 5983.54
2024-10-21 11:46:37,426 - 628000: loss 0.051 time 5993.14
2024-10-21 11:46:47,037 - 629000: loss 0.044 time 6002.75
2024-10-21 11:46:56,566 - 630000: loss 0.049 time 6012.28
2024-10-21 11:47:05,899 - 631000: loss 0.050 time 6021.61
2024-10-21 11:47:15,221 - 632000: loss 0.049 time 6030.93
2024-10-21 11:47:24,734 - 633000: loss 0.051 time 6040.45
2024-10-21 11:47:34,414 - 634000: loss 0.055 time 6050.13
2024-10-21 11:47:44,001 - 635000: loss 0.046 time 6059.71
2024-10-21 11:47:53,616 - 636000: loss 0.051 time 6069.33
2024-10-21 11:48:03,162 - 637000: loss 0.048 time 6078.87
2024-10-21 11:48:11,870 - 638000: loss 0.055 time 6087.58
2024-10-21 11:48:21,443 - 639000: loss 0.046 time 6097.15
2024-10-21 11:48:31,056 - 640000: loss 0.053 time 6106.77
2024-10-21 11:48:40,686 - 641000: loss 0.050 time 6116.40
2024-10-21 11:48:50,187 - 642000: loss 0.048 time 6125.90
2024-10-21 11:48:59,806 - 643000: loss 0.049 time 6135.52
2024-10-21 11:49:09,411 - 644000: loss 0.053 time 6145.12
2024-10-21 11:49:18,894 - 645000: loss 0.051 time 6154.61
2024-10-21 11:49:28,574 - 646000: loss 0.056 time 6164.29
2024-10-21 11:49:38,161 - 647000: loss 0.051 time 6173.87
2024-10-21 11:49:47,697 - 648000: loss 0.045 time 6183.41
2024-10-21 11:49:57,347 - 649000: loss 0.046 time 6193.06
2024-10-21 11:50:06,964 - 650000: loss 0.050 time 6202.68
2024-10-21 11:50:16,315 - 651000: loss 0.049 time 6212.03
2024-10-21 11:50:25,965 - 652000: loss 0.055 time 6221.68
2024-10-21 11:50:35,831 - 653000: loss 0.046 time 6231.54
2024-10-21 11:50:45,636 - 654000: loss 0.047 time 6241.35
2024-10-21 11:50:55,380 - 655000: loss 0.047 time 6251.09
2024-10-21 11:51:04,948 - 656000: loss 0.052 time 6260.66
2024-10-21 11:51:14,579 - 657000: loss 0.054 time 6270.29
2024-10-21 11:51:24,182 - 658000: loss 0.042 time 6279.89
2024-10-21 11:51:33,869 - 659000: loss 0.049 time 6289.58
2024-10-21 11:51:43,387 - 660000: loss 0.052 time 6299.10
2024-10-21 11:51:53,093 - 661000: loss 0.043 time 6308.81
2024-10-21 11:52:02,706 - 662000: loss 0.054 time 6318.42
2024-10-21 11:52:12,311 - 663000: loss 0.050 time 6328.02
2024-10-21 11:52:21,738 - 664000: loss 0.051 time 6337.45
2024-10-21 11:52:31,303 - 665000: loss 0.048 time 6347.01
2024-10-21 11:52:40,951 - 666000: loss 0.049 time 6356.66
2024-10-21 11:52:50,448 - 667000: loss 0.047 time 6366.16
2024-10-21 11:52:59,967 - 668000: loss 0.050 time 6375.68
2024-10-21 11:53:09,632 - 669000: loss 0.045 time 6385.34
2024-10-21 11:53:18,992 - 670000: loss 0.039 time 6394.70
2024-10-21 11:53:28,519 - 671000: loss 0.050 time 6404.23
2024-10-21 11:53:37,992 - 672000: loss 0.047 time 6413.70
2024-10-21 11:53:47,661 - 673000: loss 0.048 time 6423.37
2024-10-21 11:53:57,064 - 674000: loss 0.052 time 6432.78
2024-10-21 11:54:06,517 - 675000: loss 0.047 time 6442.23
2024-10-21 11:54:16,020 - 676000: loss 0.043 time 6451.73
2024-10-21 11:54:25,719 - 677000: loss 0.047 time 6461.43
2024-10-21 11:54:35,207 - 678000: loss 0.049 time 6470.92
2024-10-21 11:54:44,775 - 679000: loss 0.046 time 6480.49
2024-10-21 11:54:54,443 - 680000: loss 0.043 time 6490.15
2024-10-21 11:55:04,004 - 681000: loss 0.051 time 6499.72
2024-10-21 11:55:13,386 - 682000: loss 0.048 time 6509.10
2024-10-21 11:55:22,996 - 683000: loss 0.044 time 6518.71
2024-10-21 11:55:32,701 - 684000: loss 0.045 time 6528.41
2024-10-21 11:55:42,253 - 685000: loss 0.043 time 6537.96
2024-10-21 11:55:51,617 - 686000: loss 0.049 time 6547.33
2024-10-21 11:56:01,193 - 687000: loss 0.053 time 6556.91
2024-10-21 11:56:10,791 - 688000: loss 0.049 time 6566.50
2024-10-21 11:56:20,128 - 689000: loss 0.049 time 6575.84
2024-10-21 11:56:29,803 - 690000: loss 0.053 time 6585.51
2024-10-21 11:56:38,953 - 691000: loss 0.045 time 6594.66
2024-10-21 11:56:48,632 - 692000: loss 0.046 time 6604.34
2024-10-21 11:56:58,254 - 693000: loss 0.042 time 6613.97
2024-10-21 11:57:07,954 - 694000: loss 0.050 time 6623.67
2024-10-21 11:57:17,375 - 695000: loss 0.045 time 6633.09
2024-10-21 11:57:27,006 - 696000: loss 0.049 time 6642.72
2024-10-21 11:57:36,578 - 697000: loss 0.050 time 6652.29
2024-10-21 11:57:46,190 - 698000: loss 0.049 time 6661.90
2024-10-21 11:57:55,671 - 699000: loss 0.044 time 6671.38
2024-10-21 11:58:05,259 - 700000: loss 0.045 time 6680.97
2024-10-21 11:58:14,523 - 701000: loss 0.046 time 6690.23
2024-10-21 11:58:23,964 - 702000: loss 0.046 time 6699.68
2024-10-21 11:58:33,383 - 703000: loss 0.048 time 6709.09
2024-10-21 11:58:42,955 - 704000: loss 0.048 time 6718.67
2024-10-21 11:58:52,464 - 705000: loss 0.048 time 6728.18
2024-10-21 11:59:01,957 - 706000: loss 0.042 time 6737.67
2024-10-21 11:59:11,575 - 707000: loss 0.047 time 6747.29
2024-10-21 11:59:20,941 - 708000: loss 0.045 time 6756.65
2024-10-21 11:59:30,525 - 709000: loss 0.046 time 6766.24
2024-10-21 11:59:40,060 - 710000: loss 0.050 time 6775.77
2024-10-21 11:59:49,890 - 711000: loss 0.045 time 6785.60
2024-10-21 11:59:59,673 - 712000: loss 0.043 time 6795.39
2024-10-21 12:00:09,430 - 713000: loss 0.050 time 6805.14
2024-10-21 12:00:19,131 - 714000: loss 0.049 time 6814.84
2024-10-21 12:00:28,722 - 715000: loss 0.046 time 6824.43
2024-10-21 12:00:38,331 - 716000: loss 0.043 time 6834.04
2024-10-21 12:00:47,764 - 717000: loss 0.048 time 6843.48
2024-10-21 12:00:57,319 - 718000: loss 0.043 time 6853.03
2024-10-21 12:01:07,040 - 719000: loss 0.043 time 6862.75
2024-10-21 12:01:16,661 - 720000: loss 0.048 time 6872.37
2024-10-21 12:01:26,206 - 721000: loss 0.055 time 6881.92
2024-10-21 12:01:35,806 - 722000: loss 0.047 time 6891.52
2024-10-21 12:01:45,325 - 723000: loss 0.044 time 6901.04
2024-10-21 12:01:55,043 - 724000: loss 0.045 time 6910.75
2024-10-21 12:02:04,819 - 725000: loss 0.047 time 6920.53
2024-10-21 12:02:14,447 - 726000: loss 0.045 time 6930.16
2024-10-21 12:02:23,715 - 727000: loss 0.053 time 6939.43
2024-10-21 12:02:33,094 - 728000: loss 0.040 time 6948.81
2024-10-21 12:02:42,677 - 729000: loss 0.042 time 6958.39
2024-10-21 12:02:52,309 - 730000: loss 0.041 time 6968.02
2024-10-21 12:03:01,586 - 731000: loss 0.051 time 6977.30
2024-10-21 12:03:11,191 - 732000: loss 0.051 time 6986.90
2024-10-21 12:03:20,895 - 733000: loss 0.052 time 6996.61
2024-10-21 12:03:30,431 - 734000: loss 0.048 time 7006.14
2024-10-21 12:03:39,926 - 735000: loss 0.045 time 7015.64
2024-10-21 12:03:49,487 - 736000: loss 0.044 time 7025.20
2024-10-21 12:03:59,013 - 737000: loss 0.049 time 7034.72
2024-10-21 12:04:08,571 - 738000: loss 0.043 time 7044.28
2024-10-21 12:04:18,059 - 739000: loss 0.049 time 7053.77
2024-10-21 12:04:27,453 - 740000: loss 0.049 time 7063.16
2024-10-21 12:04:37,066 - 741000: loss 0.051 time 7072.78
2024-10-21 12:04:46,644 - 742000: loss 0.049 time 7082.36
2024-10-21 12:04:56,197 - 743000: loss 0.049 time 7091.91
2024-10-21 12:05:05,756 - 744000: loss 0.051 time 7101.47
2024-10-21 12:05:15,354 - 745000: loss 0.049 time 7111.07
2024-10-21 12:05:24,902 - 746000: loss 0.046 time 7120.61
2024-10-21 12:05:34,453 - 747000: loss 0.051 time 7130.16
2024-10-21 12:05:43,996 - 748000: loss 0.049 time 7139.71
2024-10-21 12:05:53,539 - 749000: loss 0.045 time 7149.25
2024-10-21 12:06:03,108 - 750000: loss 0.043 time 7158.82
2024-10-21 12:06:12,617 - 751000: loss 0.047 time 7168.33
2024-10-21 12:06:22,283 - 752000: loss 0.049 time 7178.00
2024-10-21 12:06:31,842 - 753000: loss 0.053 time 7187.55
2024-10-21 12:06:41,391 - 754000: loss 0.052 time 7197.10
2024-10-21 12:06:51,015 - 755000: loss 0.045 time 7206.73
2024-10-21 12:07:00,535 - 756000: loss 0.050 time 7216.25
2024-10-21 12:07:10,014 - 757000: loss 0.050 time 7225.73
2024-10-21 12:07:19,477 - 758000: loss 0.040 time 7235.19
2024-10-21 12:07:29,034 - 759000: loss 0.051 time 7244.75
2024-10-21 12:07:38,702 - 760000: loss 0.045 time 7254.41
2024-10-21 12:07:48,101 - 761000: loss 0.042 time 7263.81
2024-10-21 12:07:57,465 - 762000: loss 0.048 time 7273.18
2024-10-21 12:08:07,053 - 763000: loss 0.050 time 7282.77
2024-10-21 12:08:16,744 - 764000: loss 0.044 time 7292.46
2024-10-21 12:08:25,989 - 765000: loss 0.051 time 7301.70
2024-10-21 12:08:35,482 - 766000: loss 0.048 time 7311.19
2024-10-21 12:08:45,169 - 767000: loss 0.047 time 7320.88
2024-10-21 12:08:54,871 - 768000: loss 0.049 time 7330.58
2024-10-21 12:09:04,360 - 769000: loss 0.053 time 7340.07
2024-10-21 12:09:14,123 - 770000: loss 0.052 time 7349.83
2024-10-21 12:09:23,259 - 771000: loss 0.047 time 7358.97
2024-10-21 12:09:32,872 - 772000: loss 0.043 time 7368.58
2024-10-21 12:09:42,466 - 773000: loss 0.047 time 7378.18
2024-10-21 12:09:52,096 - 774000: loss 0.048 time 7387.81
2024-10-21 12:10:01,671 - 775000: loss 0.050 time 7397.38
2024-10-21 12:10:11,202 - 776000: loss 0.046 time 7406.91
2024-10-21 12:10:20,790 - 777000: loss 0.050 time 7416.50
2024-10-21 12:10:30,338 - 778000: loss 0.045 time 7426.05
2024-10-21 12:10:39,887 - 779000: loss 0.049 time 7435.60
2024-10-21 12:10:49,307 - 780000: loss 0.048 time 7445.02
2024-10-21 12:10:58,550 - 781000: loss 0.043 time 7454.26
2024-10-21 12:11:08,312 - 782000: loss 0.047 time 7464.02
2024-10-21 12:11:17,814 - 783000: loss 0.050 time 7473.53
2024-10-21 12:11:27,543 - 784000: loss 0.051 time 7483.25
2024-10-21 12:11:37,104 - 785000: loss 0.049 time 7492.82
2024-10-21 12:11:46,748 - 786000: loss 0.052 time 7502.46
2024-10-21 12:11:56,082 - 787000: loss 0.044 time 7511.79
2024-10-21 12:12:05,648 - 788000: loss 0.041 time 7521.36
2024-10-21 12:12:14,963 - 789000: loss 0.043 time 7530.68
2024-10-21 12:12:24,554 - 790000: loss 0.045 time 7540.27
2024-10-21 12:12:34,179 - 791000: loss 0.048 time 7549.89
2024-10-21 12:12:43,261 - 792000: loss 0.055 time 7558.97
2024-10-21 12:12:52,743 - 793000: loss 0.051 time 7568.45
2024-10-21 12:13:02,335 - 794000: loss 0.049 time 7578.05
2024-10-21 12:13:11,989 - 795000: loss 0.049 time 7587.70
2024-10-21 12:13:21,649 - 796000: loss 0.052 time 7597.36
2024-10-21 12:13:31,089 - 797000: loss 0.042 time 7606.80
2024-10-21 12:13:40,506 - 798000: loss 0.041 time 7616.22
2024-10-21 12:13:50,022 - 799000: loss 0.047 time 7625.73
2024-10-21 12:13:59,602 - 800000: loss 0.052 time 7635.31
2024-10-21 12:14:09,166 - 801000: loss 0.048 time 7644.88
2024-10-21 12:14:18,764 - 802000: loss 0.051 time 7654.48
2024-10-21 12:14:28,147 - 803000: loss 0.049 time 7663.86
2024-10-21 12:14:37,291 - 804000: loss 0.046 time 7673.00
2024-10-21 12:14:46,971 - 805000: loss 0.047 time 7682.68
2024-10-21 12:14:56,480 - 806000: loss 0.046 time 7692.19
2024-10-21 12:15:06,050 - 807000: loss 0.051 time 7701.76
2024-10-21 12:15:15,688 - 808000: loss 0.053 time 7711.40
2024-10-21 12:15:25,313 - 809000: loss 0.048 time 7721.02
2024-10-21 12:15:34,668 - 810000: loss 0.044 time 7730.38
2024-10-21 12:15:44,179 - 811000: loss 0.048 time 7739.89
2024-10-21 12:15:53,604 - 812000: loss 0.044 time 7749.32
2024-10-21 12:16:03,213 - 813000: loss 0.050 time 7758.92
2024-10-21 12:16:12,230 - 814000: loss 0.052 time 7767.94
2024-10-21 12:16:21,383 - 815000: loss 0.052 time 7777.09
2024-10-21 12:16:30,831 - 816000: loss 0.047 time 7786.54
2024-10-21 12:16:40,320 - 817000: loss 0.044 time 7796.03
2024-10-21 12:16:50,032 - 818000: loss 0.043 time 7805.74
2024-10-21 12:16:59,599 - 819000: loss 0.048 time 7815.31
2024-10-21 12:17:08,954 - 820000: loss 0.049 time 7824.67
2024-10-21 12:17:18,348 - 821000: loss 0.044 time 7834.06
2024-10-21 12:17:27,936 - 822000: loss 0.048 time 7843.65
2024-10-21 12:17:37,272 - 823000: loss 0.053 time 7852.98
2024-10-21 12:17:46,892 - 824000: loss 0.047 time 7862.60
2024-10-21 12:17:56,225 - 825000: loss 0.045 time 7871.94
2024-10-21 12:18:05,875 - 826000: loss 0.044 time 7881.59
2024-10-21 12:18:15,320 - 827000: loss 0.046 time 7891.03
2024-10-21 12:18:24,871 - 828000: loss 0.047 time 7900.58
2024-10-21 12:18:34,492 - 829000: loss 0.045 time 7910.20
2024-10-21 12:18:43,953 - 830000: loss 0.045 time 7919.66
2024-10-21 12:18:53,689 - 831000: loss 0.051 time 7929.40
2024-10-21 12:19:03,293 - 832000: loss 0.043 time 7939.00
2024-10-21 12:19:12,841 - 833000: loss 0.045 time 7948.55
2024-10-21 12:19:22,168 - 834000: loss 0.047 time 7957.88
2024-10-21 12:19:31,823 - 835000: loss 0.045 time 7967.53
2024-10-21 12:19:41,495 - 836000: loss 0.053 time 7977.21
2024-10-21 12:19:50,761 - 837000: loss 0.046 time 7986.47
2024-10-21 12:20:00,183 - 838000: loss 0.043 time 7995.90
2024-10-21 12:20:09,764 - 839000: loss 0.046 time 8005.48
2024-10-21 12:20:19,333 - 840000: loss 0.043 time 8015.04
2024-10-21 12:20:28,933 - 841000: loss 0.046 time 8024.64
2024-10-21 12:20:38,466 - 842000: loss 0.045 time 8034.18
2024-10-21 12:20:47,714 - 843000: loss 0.048 time 8043.43
2024-10-21 12:20:57,164 - 844000: loss 0.040 time 8052.88
2024-10-21 12:21:06,488 - 845000: loss 0.043 time 8062.20
2024-10-21 12:21:16,031 - 846000: loss 0.050 time 8071.74
2024-10-21 12:21:25,514 - 847000: loss 0.048 time 8081.23
2024-10-21 12:21:35,021 - 848000: loss 0.053 time 8090.73
2024-10-21 12:21:44,686 - 849000: loss 0.046 time 8100.40
2024-10-21 12:21:54,078 - 850000: loss 0.046 time 8109.79
2024-10-21 12:22:03,359 - 851000: loss 0.055 time 8119.07
2024-10-21 12:22:12,642 - 852000: loss 0.043 time 8128.35
2024-10-21 12:22:21,625 - 853000: loss 0.047 time 8137.34
2024-10-21 12:22:31,224 - 854000: loss 0.044 time 8146.94
2024-10-21 12:22:40,604 - 855000: loss 0.044 time 8156.32
2024-10-21 12:22:50,239 - 856000: loss 0.050 time 8165.95
2024-10-21 12:22:59,704 - 857000: loss 0.044 time 8175.42
2024-10-21 12:23:09,315 - 858000: loss 0.046 time 8185.03
2024-10-21 12:23:18,884 - 859000: loss 0.049 time 8194.60
2024-10-21 12:23:28,238 - 860000: loss 0.042 time 8203.95
2024-10-21 12:23:37,664 - 861000: loss 0.048 time 8213.38
2024-10-21 12:23:47,028 - 862000: loss 0.053 time 8222.74
2024-10-21 12:23:56,461 - 863000: loss 0.044 time 8232.17
2024-10-21 12:24:05,890 - 864000: loss 0.052 time 8241.60
2024-10-21 12:24:15,355 - 865000: loss 0.047 time 8251.07
2024-10-21 12:24:25,153 - 866000: loss 0.043 time 8260.86
2024-10-21 12:24:34,870 - 867000: loss 0.043 time 8270.58
2024-10-21 12:24:44,776 - 868000: loss 0.045 time 8280.49
2024-10-21 12:24:54,221 - 869000: loss 0.044 time 8289.93
2024-10-21 12:25:03,459 - 870000: loss 0.046 time 8299.17
2024-10-21 12:25:12,880 - 871000: loss 0.053 time 8308.59
2024-10-21 12:25:22,638 - 872000: loss 0.044 time 8318.35
2024-10-21 12:25:32,408 - 873000: loss 0.043 time 8328.12
2024-10-21 12:25:41,999 - 874000: loss 0.048 time 8337.71
2024-10-21 12:25:51,662 - 875000: loss 0.047 time 8347.37
2024-10-21 12:26:01,169 - 876000: loss 0.042 time 8356.88
2024-10-21 12:26:10,892 - 877000: loss 0.050 time 8366.60
2024-10-21 12:26:20,376 - 878000: loss 0.052 time 8376.09
2024-10-21 12:26:30,087 - 879000: loss 0.047 time 8385.80
2024-10-21 12:26:39,686 - 880000: loss 0.047 time 8395.40
2024-10-21 12:26:49,291 - 881000: loss 0.053 time 8405.00
2024-10-21 12:26:58,411 - 882000: loss 0.047 time 8414.12
2024-10-21 12:27:07,851 - 883000: loss 0.048 time 8423.56
2024-10-21 12:27:17,484 - 884000: loss 0.048 time 8433.20
2024-10-21 12:27:26,981 - 885000: loss 0.045 time 8442.69
2024-10-21 12:27:36,547 - 886000: loss 0.044 time 8452.26
2024-10-21 12:27:45,953 - 887000: loss 0.046 time 8461.66
2024-10-21 12:27:55,317 - 888000: loss 0.056 time 8471.03
2024-10-21 12:28:04,879 - 889000: loss 0.052 time 8480.59
2024-10-21 12:28:14,302 - 890000: loss 0.046 time 8490.01
2024-10-21 12:28:23,908 - 891000: loss 0.042 time 8499.62
2024-10-21 12:28:33,306 - 892000: loss 0.043 time 8509.02
2024-10-21 12:28:42,980 - 893000: loss 0.046 time 8518.69
2024-10-21 12:28:52,575 - 894000: loss 0.043 time 8528.29
2024-10-21 12:29:02,122 - 895000: loss 0.050 time 8537.83
2024-10-21 12:29:11,634 - 896000: loss 0.051 time 8547.35
2024-10-21 12:29:21,280 - 897000: loss 0.046 time 8556.99
2024-10-21 12:29:30,921 - 898000: loss 0.045 time 8566.63
2024-10-21 12:29:40,518 - 899000: loss 0.053 time 8576.23
2024-10-21 12:29:50,020 - 900000: loss 0.049 time 8585.73
2024-10-21 12:29:59,374 - 901000: loss 0.050 time 8595.09
2024-10-21 12:30:08,806 - 902000: loss 0.045 time 8604.52
2024-10-21 12:30:18,246 - 903000: loss 0.051 time 8613.96
2024-10-21 12:30:27,689 - 904000: loss 0.049 time 8623.40
2024-10-21 12:30:37,092 - 905000: loss 0.050 time 8632.80
2024-10-21 12:30:46,743 - 906000: loss 0.049 time 8642.46
2024-10-21 12:30:56,346 - 907000: loss 0.041 time 8652.06
2024-10-21 12:31:05,993 - 908000: loss 0.045 time 8661.70
2024-10-21 12:31:15,574 - 909000: loss 0.048 time 8671.29
2024-10-21 12:31:24,966 - 910000: loss 0.047 time 8680.68
2024-10-21 12:31:34,271 - 911000: loss 0.049 time 8689.98
2024-10-21 12:31:43,990 - 912000: loss 0.044 time 8699.70
2024-10-21 12:31:53,595 - 913000: loss 0.043 time 8709.31
2024-10-21 12:32:03,293 - 914000: loss 0.050 time 8719.00
2024-10-21 12:32:12,832 - 915000: loss 0.046 time 8728.54
2024-10-21 12:32:21,873 - 916000: loss 0.047 time 8737.59
2024-10-21 12:32:31,483 - 917000: loss 0.044 time 8747.20
2024-10-21 12:32:40,974 - 918000: loss 0.048 time 8756.69
2024-10-21 12:32:50,300 - 919000: loss 0.045 time 8766.01
2024-10-21 12:32:59,180 - 920000: loss 0.050 time 8774.89
2024-10-21 12:33:08,617 - 921000: loss 0.046 time 8784.33
2024-10-21 12:33:18,163 - 922000: loss 0.051 time 8793.87
2024-10-21 12:33:27,615 - 923000: loss 0.052 time 8803.33
2024-10-21 12:33:37,221 - 924000: loss 0.049 time 8812.93
2024-10-21 12:33:46,774 - 925000: loss 0.046 time 8822.49
2024-10-21 12:33:56,375 - 926000: loss 0.049 time 8832.09
2024-10-21 12:34:06,031 - 927000: loss 0.040 time 8841.74
2024-10-21 12:34:15,483 - 928000: loss 0.046 time 8851.19
2024-10-21 12:34:25,036 - 929000: loss 0.043 time 8860.75
2024-10-21 12:34:34,667 - 930000: loss 0.046 time 8870.38
2024-10-21 12:34:44,348 - 931000: loss 0.051 time 8880.06
2024-10-21 12:34:53,942 - 932000: loss 0.048 time 8889.65
2024-10-21 12:35:03,362 - 933000: loss 0.054 time 8899.07
2024-10-21 12:35:12,915 - 934000: loss 0.046 time 8908.63
2024-10-21 12:35:22,591 - 935000: loss 0.053 time 8918.30
2024-10-21 12:35:32,059 - 936000: loss 0.044 time 8927.77
2024-10-21 12:35:41,427 - 937000: loss 0.044 time 8937.14
2024-10-21 12:35:50,339 - 938000: loss 0.050 time 8946.05
2024-10-21 12:35:59,579 - 939000: loss 0.044 time 8955.29
2024-10-21 12:36:09,289 - 940000: loss 0.048 time 8965.00
2024-10-21 12:36:18,719 - 941000: loss 0.054 time 8974.43
2024-10-21 12:36:28,181 - 942000: loss 0.043 time 8983.89
2024-10-21 12:36:37,608 - 943000: loss 0.046 time 8993.32
2024-10-21 12:36:46,909 - 944000: loss 0.049 time 9002.62
2024-10-21 12:36:56,393 - 945000: loss 0.049 time 9012.10
2024-10-21 12:37:05,990 - 946000: loss 0.046 time 9021.70
2024-10-21 12:37:15,438 - 947000: loss 0.053 time 9031.15
2024-10-21 12:37:24,913 - 948000: loss 0.044 time 9040.62
2024-10-21 12:37:34,452 - 949000: loss 0.056 time 9050.16
2024-10-21 12:37:43,544 - 950000: loss 0.051 time 9059.26
2024-10-21 12:37:52,899 - 951000: loss 0.045 time 9068.61
2024-10-21 12:38:02,453 - 952000: loss 0.045 time 9078.17
2024-10-21 12:38:12,117 - 953000: loss 0.050 time 9087.83
2024-10-21 12:38:21,398 - 954000: loss 0.044 time 9097.11
2024-10-21 12:38:30,716 - 955000: loss 0.047 time 9106.43
2024-10-21 12:38:40,211 - 956000: loss 0.048 time 9115.92
2024-10-21 12:38:49,919 - 957000: loss 0.050 time 9125.63
2024-10-21 12:38:59,308 - 958000: loss 0.051 time 9135.02
2024-10-21 12:39:08,711 - 959000: loss 0.044 time 9144.42
2024-10-21 12:39:18,075 - 960000: loss 0.043 time 9153.79
2024-10-21 12:39:27,666 - 961000: loss 0.045 time 9163.38
2024-10-21 12:39:37,232 - 962000: loss 0.045 time 9172.94
2024-10-21 12:39:46,691 - 963000: loss 0.044 time 9182.40
2024-10-21 12:39:56,063 - 964000: loss 0.049 time 9191.77
2024-10-21 12:40:05,466 - 965000: loss 0.048 time 9201.18
2024-10-21 12:40:14,814 - 966000: loss 0.044 time 9210.53
2024-10-21 12:40:24,343 - 967000: loss 0.048 time 9220.05
2024-10-21 12:40:34,002 - 968000: loss 0.046 time 9229.71
2024-10-21 12:40:43,612 - 969000: loss 0.049 time 9239.32
2024-10-21 12:40:52,913 - 970000: loss 0.044 time 9248.63
2024-10-21 12:41:02,405 - 971000: loss 0.049 time 9258.12
2024-10-21 12:41:11,594 - 972000: loss 0.048 time 9267.31
2024-10-21 12:41:21,064 - 973000: loss 0.045 time 9276.78
2024-10-21 12:41:30,753 - 974000: loss 0.045 time 9286.47
2024-10-21 12:41:40,280 - 975000: loss 0.039 time 9295.99
2024-10-21 12:41:49,815 - 976000: loss 0.045 time 9305.53
2024-10-21 12:41:59,126 - 977000: loss 0.049 time 9314.84
2024-10-21 12:42:08,426 - 978000: loss 0.046 time 9324.14
2024-10-21 12:42:17,966 - 979000: loss 0.046 time 9333.68
2024-10-21 12:42:27,482 - 980000: loss 0.041 time 9343.19
2024-10-21 12:42:37,107 - 981000: loss 0.048 time 9352.82
2024-10-21 12:42:46,667 - 982000: loss 0.049 time 9362.38
2024-10-21 12:42:56,192 - 983000: loss 0.045 time 9371.90
2024-10-21 12:43:05,577 - 984000: loss 0.051 time 9381.29
2024-10-21 12:43:15,182 - 985000: loss 0.047 time 9390.89
2024-10-21 12:43:24,649 - 986000: loss 0.047 time 9400.36
2024-10-21 12:43:34,336 - 987000: loss 0.040 time 9410.05
2024-10-21 12:43:43,923 - 988000: loss 0.046 time 9419.63
2024-10-21 12:43:53,230 - 989000: loss 0.051 time 9428.94
2024-10-21 12:44:02,878 - 990000: loss 0.043 time 9438.59
2024-10-21 12:44:12,452 - 991000: loss 0.038 time 9448.16
2024-10-21 12:44:21,725 - 992000: loss 0.047 time 9457.44
2024-10-21 12:44:31,221 - 993000: loss 0.044 time 9466.93
2024-10-21 12:44:40,878 - 994000: loss 0.044 time 9476.59
2024-10-21 12:44:50,242 - 995000: loss 0.044 time 9485.95
2024-10-21 12:44:59,909 - 996000: loss 0.042 time 9495.62
2024-10-21 12:45:09,364 - 997000: loss 0.048 time 9505.08
2024-10-21 12:45:18,755 - 998000: loss 0.062 time 9514.47
2024-10-21 12:45:28,408 - 999000: loss 0.044 time 9524.12
2024-10-21 12:45:37,994 - 1000000: loss 0.046 time 9533.71
2024-10-21 12:45:38,852 - m_pred = [ 0.45990727  0.33006197 -0.00273986  0.37480776  0.38251512  0.89979673]
2024-10-21 12:45:38,853 - d = [[ 1.4814678  10.1681795  21.746716   24.874071    0.05899492  0.54789436
   4.5900397  14.810197  ]]
2024-10-21 12:45:38,853 - d_pred = [ 1.74002265 11.94313432 24.57430573 27.42305797  0.04972841  0.47258945
  4.70493898 15.8238112 ]
2024-10-21 12:45:38,854 - diff norm = 0.11420972645282745
2024-10-21 12:46:48,739 - Note: NumExpr detected 40 cores but "NUMEXPR_MAX_THREADS" not set, so enforcing safe limit of 8.
2024-10-21 12:46:48,739 - NumExpr defaulting to 8 threads.
2024-10-21 12:46:50,555 - 0.07408896833658218, 0.0396018885076046
