2024-10-19 11:05:30,247 - Unable to initialize backend 'rocm': module 'jaxlib.xla_extension' has no attribute 'GpuAllocatorConfig'
2024-10-19 11:05:30,249 - Unable to initialize backend 'tpu': INTERNAL: Failed to open libtpu.so: libtpu.so: cannot open shared object file: No such file or directory
2024-10-19 11:05:30,268 - gpu
2024-10-19 11:06:36,613 - Unable to initialize backend 'rocm': module 'jaxlib.xla_extension' has no attribute 'GpuAllocatorConfig'
2024-10-19 11:06:36,616 - Unable to initialize backend 'tpu': INTERNAL: Failed to open libtpu.so: libtpu.so: cannot open shared object file: No such file or directory
2024-10-19 11:06:36,636 - gpu
2024-10-19 11:07:06,814 - Unable to initialize backend 'rocm': module 'jaxlib.xla_extension' has no attribute 'GpuAllocatorConfig'
2024-10-19 11:07:06,816 - Unable to initialize backend 'tpu': INTERNAL: Failed to open libtpu.so: libtpu.so: cannot open shared object file: No such file or directory
2024-10-19 11:07:06,834 - gpu
2024-10-19 11:07:40,329 - Unable to initialize backend 'rocm': module 'jaxlib.xla_extension' has no attribute 'GpuAllocatorConfig'
2024-10-19 11:07:40,331 - Unable to initialize backend 'tpu': INTERNAL: Failed to open libtpu.so: libtpu.so: cannot open shared object file: No such file or directory
2024-10-19 11:07:40,348 - gpu
2024-10-19 11:11:55,651 - Unable to initialize backend 'rocm': module 'jaxlib.xla_extension' has no attribute 'GpuAllocatorConfig'
2024-10-19 11:11:55,653 - Unable to initialize backend 'tpu': INTERNAL: Failed to open libtpu.so: libtpu.so: cannot open shared object file: No such file or directory
2024-10-19 11:11:55,670 - gpu
2024-10-19 11:12:43,669 - Unable to initialize backend 'rocm': module 'jaxlib.xla_extension' has no attribute 'GpuAllocatorConfig'
2024-10-19 11:12:43,671 - Unable to initialize backend 'tpu': INTERNAL: Failed to open libtpu.so: libtpu.so: cannot open shared object file: No such file or directory
2024-10-19 11:12:43,686 - gpu
2024-10-19 11:14:57,175 - Unable to initialize backend 'rocm': module 'jaxlib.xla_extension' has no attribute 'GpuAllocatorConfig'
2024-10-19 11:14:57,177 - Unable to initialize backend 'tpu': INTERNAL: Failed to open libtpu.so: libtpu.so: cannot open shared object file: No such file or directory
2024-10-19 11:14:57,194 - gpu
2024-10-19 11:15:19,364 - Unable to initialize backend 'rocm': module 'jaxlib.xla_extension' has no attribute 'GpuAllocatorConfig'
2024-10-19 11:15:19,366 - Unable to initialize backend 'tpu': INTERNAL: Failed to open libtpu.so: libtpu.so: cannot open shared object file: No such file or directory
2024-10-19 11:15:19,384 - gpu
2024-10-19 11:17:23,293 - Unable to initialize backend 'rocm': module 'jaxlib.xla_extension' has no attribute 'GpuAllocatorConfig'
2024-10-19 11:17:23,297 - Unable to initialize backend 'tpu': INTERNAL: Failed to open libtpu.so: libtpu.so: cannot open shared object file: No such file or directory
2024-10-19 11:17:23,313 - gpu
2024-10-19 11:17:40,083 - 1000: loss 0.012 time 13.08
2024-10-19 11:17:48,870 - 2000: loss 0.009 time 21.87
2024-10-19 11:17:57,639 - 3000: loss 0.011 time 30.64
2024-10-19 11:18:06,425 - 4000: loss 0.011 time 39.43
2024-10-19 11:18:15,341 - 5000: loss 0.007 time 48.34
2024-10-19 11:18:24,090 - 6000: loss 0.005 time 57.09
2024-10-19 11:18:32,902 - 7000: loss 0.006 time 65.90
2024-10-19 11:18:41,616 - 8000: loss 0.006 time 74.62
2024-10-19 11:18:50,566 - 9000: loss 0.005 time 83.57
2024-10-19 11:18:59,349 - 10000: loss 0.006 time 92.35
2024-10-19 11:19:08,285 - 11000: loss 0.005 time 101.29
2024-10-19 11:19:16,576 - 12000: loss 0.006 time 109.58
2024-10-19 11:19:25,370 - 13000: loss 0.005 time 118.37
2024-10-19 11:19:34,186 - 14000: loss 0.003 time 127.19
2024-10-19 11:19:42,780 - 15000: loss 0.004 time 135.78
2024-10-19 11:19:51,584 - 16000: loss 0.003 time 144.59
2024-10-19 11:20:00,316 - 17000: loss 0.003 time 153.32
2024-10-19 11:20:08,976 - 18000: loss 0.005 time 161.98
2024-10-19 11:20:17,752 - 19000: loss 0.003 time 170.75
2024-10-19 11:20:26,542 - 20000: loss 0.006 time 179.54
2024-10-19 11:21:50,817 - Unable to initialize backend 'rocm': module 'jaxlib.xla_extension' has no attribute 'GpuAllocatorConfig'
2024-10-19 11:21:50,821 - Unable to initialize backend 'tpu': INTERNAL: Failed to open libtpu.so: libtpu.so: cannot open shared object file: No such file or directory
2024-10-19 11:21:50,838 - gpu
2024-10-19 11:22:07,987 - 1000: loss 0.012 time 13.47
2024-10-19 11:22:16,830 - 2000: loss 0.009 time 22.31
2024-10-19 11:22:25,520 - 3000: loss 0.011 time 31.00
2024-10-19 11:22:34,256 - 4000: loss 0.011 time 39.74
2024-10-19 11:22:42,627 - 5000: loss 0.007 time 48.11
2024-10-19 11:22:51,539 - 6000: loss 0.005 time 57.02
2024-10-19 11:23:00,505 - 7000: loss 0.006 time 65.99
2024-10-19 11:23:09,307 - 8000: loss 0.006 time 74.79
2024-10-19 11:23:18,311 - 9000: loss 0.005 time 83.79
2024-10-19 11:23:27,221 - 10000: loss 0.006 time 92.70
2024-10-19 11:23:36,131 - 11000: loss 0.005 time 101.61
2024-10-19 11:23:44,959 - 12000: loss 0.006 time 110.44
2024-10-19 11:23:53,842 - 13000: loss 0.005 time 119.32
2024-10-19 11:24:02,570 - 14000: loss 0.003 time 128.05
2024-10-19 11:24:11,425 - 15000: loss 0.004 time 136.91
2024-10-19 11:24:20,172 - 16000: loss 0.003 time 145.65
2024-10-19 11:24:28,959 - 17000: loss 0.003 time 154.44
2024-10-19 11:24:37,560 - 18000: loss 0.005 time 163.04
2024-10-19 11:24:46,176 - 19000: loss 0.003 time 171.66
2024-10-19 11:24:55,037 - 20000: loss 0.006 time 180.52
2024-10-19 11:25:03,696 - 21000: loss 0.002 time 189.18
2024-10-19 11:25:12,493 - 22000: loss 0.002 time 197.98
2024-10-19 11:25:21,478 - 23000: loss 0.004 time 206.96
2024-10-19 11:25:30,325 - 24000: loss 0.003 time 215.81
2024-10-19 11:25:39,035 - 25000: loss 0.003 time 224.52
2024-10-19 11:25:47,878 - 26000: loss 0.002 time 233.36
2024-10-19 11:25:56,681 - 27000: loss 0.002 time 242.16
2024-10-19 11:26:05,316 - 28000: loss 0.003 time 250.80
2024-10-19 11:26:14,173 - 29000: loss 0.003 time 259.65
2024-10-19 11:26:23,169 - 30000: loss 0.002 time 268.65
2024-10-19 11:26:31,942 - 31000: loss 0.003 time 277.42
2024-10-19 11:26:40,766 - 32000: loss 0.002 time 286.25
2024-10-19 11:26:49,709 - 33000: loss 0.003 time 295.19
2024-10-19 11:26:58,511 - 34000: loss 0.004 time 303.99
2024-10-19 11:27:07,228 - 35000: loss 0.002 time 312.71
2024-10-19 11:27:15,999 - 36000: loss 0.002 time 321.48
2024-10-19 11:27:24,856 - 37000: loss 0.002 time 330.34
2024-10-19 11:27:33,610 - 38000: loss 0.001 time 339.09
2024-10-19 11:27:42,479 - 39000: loss 0.003 time 347.96
2024-10-19 11:27:51,342 - 40000: loss 0.002 time 356.82
2024-10-19 11:28:00,117 - 41000: loss 0.002 time 365.60
2024-10-19 11:28:09,075 - 42000: loss 0.001 time 374.56
2024-10-19 11:28:17,822 - 43000: loss 0.002 time 383.30
2024-10-19 11:28:26,668 - 44000: loss 0.003 time 392.15
2024-10-19 11:28:35,484 - 45000: loss 0.001 time 400.97
2024-10-19 11:28:44,352 - 46000: loss 0.002 time 409.83
2024-10-19 11:28:53,166 - 47000: loss 0.002 time 418.65
2024-10-19 11:29:01,974 - 48000: loss 0.002 time 427.46
2024-10-19 11:29:10,771 - 49000: loss 0.002 time 436.25
2024-10-19 11:29:19,457 - 50000: loss 0.002 time 444.94
2024-10-19 11:29:28,289 - 51000: loss 0.003 time 453.77
2024-10-19 11:29:37,130 - 52000: loss 0.007 time 462.61
2024-10-19 11:29:45,949 - 53000: loss 0.001 time 471.43
2024-10-19 11:29:54,850 - 54000: loss 0.002 time 480.33
2024-10-19 11:30:03,656 - 55000: loss 0.001 time 489.14
2024-10-19 11:30:12,497 - 56000: loss 0.001 time 497.98
2024-10-19 11:30:21,355 - 57000: loss 0.001 time 506.84
2024-10-19 11:30:30,359 - 58000: loss 0.003 time 515.84
2024-10-19 11:30:39,124 - 59000: loss 0.002 time 524.61
2024-10-19 11:30:48,069 - 60000: loss 0.002 time 533.55
2024-10-19 11:30:56,657 - 61000: loss 0.001 time 542.14
2024-10-19 11:31:05,246 - 62000: loss 0.001 time 550.73
2024-10-19 11:31:13,831 - 63000: loss 0.004 time 559.31
2024-10-19 11:31:22,374 - 64000: loss 0.001 time 567.86
2024-10-19 11:31:30,919 - 65000: loss 0.001 time 576.40
2024-10-19 11:31:39,340 - 66000: loss 0.003 time 584.82
2024-10-19 11:31:47,750 - 67000: loss 0.002 time 593.23
2024-10-19 11:31:56,193 - 68000: loss 0.003 time 601.68
2024-10-19 11:32:04,999 - 69000: loss 0.002 time 610.48
2024-10-19 11:32:13,515 - 70000: loss 0.001 time 619.00
2024-10-19 11:32:21,971 - 71000: loss 0.001 time 627.45
2024-10-19 11:32:30,729 - 72000: loss 0.004 time 636.21
2024-10-19 11:32:39,308 - 73000: loss 0.002 time 644.79
2024-10-19 11:32:47,824 - 74000: loss 0.001 time 653.31
2024-10-19 11:32:56,468 - 75000: loss 0.001 time 661.95
2024-10-19 11:33:05,138 - 76000: loss 0.002 time 670.62
2024-10-19 11:33:13,528 - 77000: loss 0.002 time 679.01
2024-10-19 11:33:22,082 - 78000: loss 0.001 time 687.56
2024-10-19 11:33:30,745 - 79000: loss 0.001 time 696.23
2024-10-19 11:33:38,930 - 80000: loss 0.001 time 704.41
2024-10-19 11:33:47,303 - 81000: loss 0.001 time 712.79
2024-10-19 11:33:55,782 - 82000: loss 0.000 time 721.26
2024-10-19 11:34:04,347 - 83000: loss 0.002 time 729.83
2024-10-19 11:34:12,824 - 84000: loss 0.001 time 738.31
2024-10-19 11:34:21,467 - 85000: loss 0.001 time 746.95
2024-10-19 11:34:29,927 - 86000: loss 0.001 time 755.41
2024-10-19 11:34:38,224 - 87000: loss 0.002 time 763.71
2024-10-19 11:34:46,686 - 88000: loss 0.004 time 772.17
2024-10-19 11:34:55,359 - 89000: loss 0.002 time 780.84
2024-10-19 11:35:03,920 - 90000: loss 0.002 time 789.40
2024-10-19 11:35:12,288 - 91000: loss 0.002 time 797.77
2024-10-19 11:35:20,682 - 92000: loss 0.002 time 806.16
2024-10-19 11:35:28,944 - 93000: loss 0.002 time 814.43
2024-10-19 11:35:37,309 - 94000: loss 0.001 time 822.79
2024-10-19 11:35:45,760 - 95000: loss 0.000 time 831.24
2024-10-19 11:35:54,463 - 96000: loss 0.000 time 839.95
2024-10-19 11:36:02,988 - 97000: loss 0.001 time 848.47
2024-10-19 11:36:11,516 - 98000: loss 0.001 time 857.00
2024-10-19 11:36:20,078 - 99000: loss 0.001 time 865.56
2024-10-19 11:36:28,892 - 100000: loss 0.001 time 874.37
2024-10-19 11:36:37,442 - 101000: loss 0.002 time 882.92
2024-10-19 11:36:45,964 - 102000: loss 0.004 time 891.45
2024-10-19 11:36:54,260 - 103000: loss 0.001 time 899.74
2024-10-19 11:37:02,557 - 104000: loss 0.001 time 908.04
2024-10-19 11:37:11,221 - 105000: loss 0.001 time 916.70
2024-10-19 11:37:19,771 - 106000: loss 0.001 time 925.25
2024-10-19 11:37:28,270 - 107000: loss 0.002 time 933.75
2024-10-19 11:37:36,955 - 108000: loss 0.001 time 942.44
2024-10-19 11:37:45,779 - 109000: loss 0.001 time 951.26
2024-10-19 11:37:54,659 - 110000: loss 0.002 time 960.14
2024-10-19 11:38:03,401 - 111000: loss 0.001 time 968.88
2024-10-19 11:38:12,232 - 112000: loss 0.001 time 977.71
2024-10-19 11:38:20,919 - 113000: loss 0.000 time 986.40
2024-10-19 11:38:29,698 - 114000: loss 0.001 time 995.18
2024-10-19 11:38:38,506 - 115000: loss 0.001 time 1003.99
2024-10-19 11:38:47,304 - 116000: loss 0.001 time 1012.79
2024-10-19 11:38:55,986 - 117000: loss 0.002 time 1021.47
2024-10-19 11:39:04,772 - 118000: loss 0.002 time 1030.25
2024-10-19 11:39:13,762 - 119000: loss 0.001 time 1039.24
2024-10-19 11:39:22,545 - 120000: loss 0.001 time 1048.03
2024-10-19 11:39:31,422 - 121000: loss 0.001 time 1056.90
2024-10-19 11:39:40,117 - 122000: loss 0.001 time 1065.60
2024-10-19 11:39:48,997 - 123000: loss 0.001 time 1074.48
2024-10-19 11:39:57,933 - 124000: loss 0.001 time 1083.41
2024-10-19 11:40:06,803 - 125000: loss 0.001 time 1092.29
2024-10-19 11:40:15,578 - 126000: loss 0.001 time 1101.06
2024-10-19 11:40:24,154 - 127000: loss 0.001 time 1109.64
2024-10-19 11:40:32,756 - 128000: loss 0.000 time 1118.24
2024-10-19 11:40:41,203 - 129000: loss 0.001 time 1126.68
2024-10-19 11:40:49,789 - 130000: loss 0.001 time 1135.27
2024-10-19 11:40:58,477 - 131000: loss 0.001 time 1143.96
2024-10-19 11:41:06,992 - 132000: loss 0.001 time 1152.47
2024-10-19 11:41:15,591 - 133000: loss 0.001 time 1161.07
2024-10-19 11:41:24,253 - 134000: loss 0.001 time 1169.73
2024-10-19 11:41:32,851 - 135000: loss 0.001 time 1178.33
2024-10-19 11:41:41,252 - 136000: loss 0.002 time 1186.73
2024-10-19 11:41:49,722 - 137000: loss 0.002 time 1195.20
2024-10-19 11:41:58,300 - 138000: loss 0.001 time 1203.78
2024-10-19 11:42:06,670 - 139000: loss 0.000 time 1212.15
2024-10-19 11:42:15,270 - 140000: loss 0.001 time 1220.75
2024-10-19 11:42:23,821 - 141000: loss 0.001 time 1229.30
2024-10-19 11:42:32,473 - 142000: loss 0.002 time 1237.96
2024-10-19 11:42:40,846 - 143000: loss 0.002 time 1246.33
2024-10-19 11:42:49,549 - 144000: loss 0.002 time 1255.03
2024-10-19 11:42:57,777 - 145000: loss 0.001 time 1263.26
2024-10-19 11:43:06,458 - 146000: loss 0.001 time 1271.94
2024-10-19 11:43:14,764 - 147000: loss 0.001 time 1280.25
2024-10-19 11:43:23,316 - 148000: loss 0.002 time 1288.80
2024-10-19 11:43:32,035 - 149000: loss 0.001 time 1297.52
2024-10-19 11:43:40,658 - 150000: loss 0.001 time 1306.14
2024-10-19 11:43:49,146 - 151000: loss 0.001 time 1314.63
2024-10-19 11:43:57,588 - 152000: loss 0.000 time 1323.07
2024-10-19 11:44:06,151 - 153000: loss 0.002 time 1331.63
2024-10-19 11:44:14,665 - 154000: loss 0.001 time 1340.15
2024-10-19 11:44:22,860 - 155000: loss 0.004 time 1348.34
2024-10-19 11:44:31,514 - 156000: loss 0.001 time 1357.00
2024-10-19 11:44:39,991 - 157000: loss 0.001 time 1365.47
2024-10-19 11:44:48,486 - 158000: loss 0.003 time 1373.97
2024-10-19 11:44:57,086 - 159000: loss 0.001 time 1382.57
2024-10-19 11:45:05,647 - 160000: loss 0.001 time 1391.13
2024-10-19 11:45:14,104 - 161000: loss 0.001 time 1399.59
2024-10-19 11:45:22,335 - 162000: loss 0.001 time 1407.82
2024-10-19 11:45:30,819 - 163000: loss 0.001 time 1416.30
2024-10-19 11:45:39,644 - 164000: loss 0.001 time 1425.13
2024-10-19 11:45:48,454 - 165000: loss 0.001 time 1433.94
2024-10-19 11:45:57,265 - 166000: loss 0.001 time 1442.75
2024-10-19 11:46:06,091 - 167000: loss 0.001 time 1451.57
2024-10-19 11:46:14,912 - 168000: loss 0.003 time 1460.39
2024-10-19 11:46:23,498 - 169000: loss 0.002 time 1468.98
2024-10-19 11:46:32,353 - 170000: loss 0.001 time 1477.84
2024-10-19 11:46:41,186 - 171000: loss 0.001 time 1486.67
2024-10-19 11:46:50,147 - 172000: loss 0.001 time 1495.63
2024-10-19 11:46:58,913 - 173000: loss 0.002 time 1504.39
2024-10-19 11:47:07,713 - 174000: loss 0.000 time 1513.20
2024-10-19 11:47:16,434 - 175000: loss 0.000 time 1521.92
2024-10-19 11:47:25,103 - 176000: loss 0.002 time 1530.59
2024-10-19 11:47:33,959 - 177000: loss 0.000 time 1539.44
2024-10-19 11:47:42,737 - 178000: loss 0.001 time 1548.22
2024-10-19 11:47:51,439 - 179000: loss 0.001 time 1556.92
2024-10-19 11:48:00,217 - 180000: loss 0.001 time 1565.70
2024-10-19 11:48:08,907 - 181000: loss 0.003 time 1574.39
2024-10-19 11:48:17,678 - 182000: loss 0.000 time 1583.16
2024-10-19 11:48:26,475 - 183000: loss 0.000 time 1591.96
2024-10-19 11:48:35,265 - 184000: loss 0.001 time 1600.75
2024-10-19 11:48:44,123 - 185000: loss 0.001 time 1609.60
2024-10-19 11:48:52,986 - 186000: loss 0.000 time 1618.47
2024-10-19 11:49:01,905 - 187000: loss 0.001 time 1627.39
2024-10-19 11:49:10,626 - 188000: loss 0.002 time 1636.11
2024-10-19 11:49:19,577 - 189000: loss 0.001 time 1645.06
2024-10-19 11:49:28,335 - 190000: loss 0.000 time 1653.82
2024-10-19 11:49:37,276 - 191000: loss 0.002 time 1662.76
2024-10-19 11:49:46,064 - 192000: loss 0.001 time 1671.55
2024-10-19 11:49:54,871 - 193000: loss 0.001 time 1680.35
2024-10-19 11:50:03,598 - 194000: loss 0.000 time 1689.08
2024-10-19 11:50:12,313 - 195000: loss 0.001 time 1697.79
2024-10-19 11:50:21,185 - 196000: loss 0.000 time 1706.67
2024-10-19 11:50:30,026 - 197000: loss 0.001 time 1715.51
2024-10-19 11:50:38,943 - 198000: loss 0.001 time 1724.43
2024-10-19 11:50:47,714 - 199000: loss 0.003 time 1733.20
2024-10-19 11:50:56,479 - 200000: loss 0.000 time 1741.96
2024-10-19 11:51:55,814 - errors: 0.022643576464540037, 0.0015846331688488763
2024-10-19 11:51:55,815 - m: 0.22264357646454006, 0.0015846331688488763
2024-10-19 11:51:55,815 - d err: 0.020524707175834673, 0.0014368992771034933
