2024-11-04 23:06:04,016 - Unable to initialize backend 'rocm': module 'jaxlib.xla_extension' has no attribute 'GpuAllocatorConfig'
2024-11-04 23:06:04,018 - Unable to initialize backend 'tpu': INTERNAL: Failed to open libtpu.so: libtpu.so: cannot open shared object file: No such file or directory
2024-11-04 23:06:04,036 - gpu
2024-11-04 23:08:25,255 - 1000: loss 0.379 time 137.51
2024-11-04 23:10:32,529 - 2000: loss 0.377 time 127.27
2024-11-04 23:12:39,738 - 3000: loss 0.376 time 127.21
2024-11-04 23:14:46,808 - 4000: loss 0.376 time 127.07
2024-11-04 23:16:53,883 - 5000: loss 0.373 time 127.08
2024-11-04 23:19:00,845 - 6000: loss 0.373 time 126.96
2024-11-04 23:21:07,702 - 7000: loss 0.372 time 126.86
2024-11-04 23:23:15,082 - 8000: loss 0.371 time 127.38
2024-11-04 23:25:22,331 - 9000: loss 0.370 time 127.25
2024-11-04 23:27:29,708 - 10000: loss 0.371 time 127.38
2024-11-04 23:29:36,756 - 11000: loss 0.371 time 127.05
2024-11-04 23:31:44,432 - 12000: loss 0.371 time 127.68
2024-11-04 23:33:52,146 - 13000: loss 0.368 time 127.71
2024-11-04 23:35:59,624 - 14000: loss 0.367 time 127.48
2024-11-04 23:38:06,949 - 15000: loss 0.368 time 127.33
2024-11-04 23:40:13,975 - 16000: loss 0.366 time 127.03
2024-11-04 23:42:21,585 - 17000: loss 0.367 time 127.61
2024-11-04 23:44:29,736 - 18000: loss 0.363 time 128.15
2024-11-04 23:46:38,012 - 19000: loss 0.365 time 128.28
2024-11-04 23:48:46,448 - 20000: loss 0.366 time 128.44
2024-11-04 23:50:54,427 - 21000: loss 0.364 time 127.98
2024-11-04 23:53:02,285 - 22000: loss 0.365 time 127.86
2024-11-04 23:55:10,584 - 23000: loss 0.365 time 128.30
2024-11-04 23:57:19,280 - 24000: loss 0.364 time 128.70
2024-11-04 23:59:28,000 - 25000: loss 0.362 time 128.72
2024-11-05 00:01:36,821 - 26000: loss 0.363 time 128.82
2024-11-05 00:03:44,967 - 27000: loss 0.362 time 128.15
2024-11-05 00:05:53,936 - 28000: loss 0.362 time 128.97
2024-11-05 00:08:02,646 - 29000: loss 0.364 time 128.71
2024-11-05 00:10:11,198 - 30000: loss 0.363 time 128.55
2024-11-05 00:12:19,965 - 31000: loss 0.362 time 128.77
2024-11-05 00:14:28,630 - 32000: loss 0.363 time 128.67
2024-11-05 00:16:37,477 - 33000: loss 0.363 time 128.85
2024-11-05 00:18:47,022 - 34000: loss 0.362 time 129.54
2024-11-05 00:20:56,424 - 35000: loss 0.363 time 129.40
2024-11-05 00:23:05,881 - 36000: loss 0.360 time 129.46
2024-11-05 00:25:15,530 - 37000: loss 0.363 time 129.65
2024-11-05 00:27:25,373 - 38000: loss 0.362 time 129.84
2024-11-05 00:29:34,636 - 39000: loss 0.361 time 129.26
2024-11-05 00:31:44,275 - 40000: loss 0.360 time 129.64
2024-11-05 00:33:54,249 - 41000: loss 0.362 time 129.97
2024-11-05 00:36:04,066 - 42000: loss 0.361 time 129.82
2024-11-05 00:38:14,725 - 43000: loss 0.362 time 130.66
2024-11-05 00:40:24,757 - 44000: loss 0.364 time 130.03
2024-11-05 00:42:34,878 - 45000: loss 0.359 time 130.12
2024-11-05 00:44:45,510 - 46000: loss 0.360 time 130.63
2024-11-05 00:46:56,019 - 47000: loss 0.359 time 130.51
2024-11-05 00:49:06,705 - 48000: loss 0.360 time 130.69
2024-11-05 00:51:17,369 - 49000: loss 0.360 time 130.66
2024-11-05 00:53:27,771 - 50000: loss 0.360 time 130.40
2024-11-05 00:55:38,580 - 51000: loss 0.361 time 130.81
2024-11-05 00:57:49,701 - 52000: loss 0.358 time 131.12
2024-11-05 01:00:00,426 - 53000: loss 0.361 time 130.73
2024-11-05 01:02:11,265 - 54000: loss 0.360 time 130.84
2024-11-05 01:04:21,845 - 55000: loss 0.360 time 130.58
2024-11-05 01:06:32,533 - 56000: loss 0.359 time 130.69
2024-11-05 01:08:43,559 - 57000: loss 0.362 time 131.03
2024-11-05 01:10:54,909 - 58000: loss 0.360 time 131.35
2024-11-05 01:13:06,458 - 59000: loss 0.359 time 131.55
2024-11-05 01:15:17,496 - 60000: loss 0.359 time 131.04
2024-11-05 01:17:28,774 - 61000: loss 0.359 time 131.28
2024-11-05 01:19:39,880 - 62000: loss 0.360 time 131.11
2024-11-05 01:21:51,360 - 63000: loss 0.361 time 131.48
2024-11-05 01:24:03,140 - 64000: loss 0.360 time 131.78
2024-11-05 01:26:14,610 - 65000: loss 0.361 time 131.47
2024-11-05 01:28:26,663 - 66000: loss 0.361 time 132.05
2024-11-05 01:30:38,743 - 67000: loss 0.359 time 132.08
2024-11-05 01:32:50,699 - 68000: loss 0.363 time 131.96
2024-11-05 01:35:03,062 - 69000: loss 0.359 time 132.36
2024-11-05 01:37:14,991 - 70000: loss 0.358 time 131.93
2024-11-05 01:39:27,308 - 71000: loss 0.359 time 132.32
2024-11-05 01:41:39,803 - 72000: loss 0.359 time 132.50
2024-11-05 01:43:52,368 - 73000: loss 0.357 time 132.56
2024-11-05 01:46:04,886 - 74000: loss 0.358 time 132.52
2024-11-05 01:48:17,546 - 75000: loss 0.359 time 132.66
2024-11-05 01:50:30,633 - 76000: loss 0.359 time 133.09
2024-11-05 01:52:43,512 - 77000: loss 0.358 time 132.88
2024-11-05 01:54:56,359 - 78000: loss 0.359 time 132.85
2024-11-05 01:57:09,417 - 79000: loss 0.358 time 133.06
2024-11-05 01:59:21,620 - 80000: loss 0.361 time 132.20
2024-11-05 02:01:34,510 - 81000: loss 0.361 time 132.89
2024-11-05 02:03:47,478 - 82000: loss 0.358 time 132.97
2024-11-05 02:06:00,139 - 83000: loss 0.360 time 132.66
2024-11-05 02:08:13,496 - 84000: loss 0.358 time 133.36
2024-11-05 02:10:26,819 - 85000: loss 0.360 time 133.32
2024-11-05 02:12:40,270 - 86000: loss 0.360 time 133.45
2024-11-05 02:14:53,374 - 87000: loss 0.359 time 133.10
2024-11-05 02:17:06,995 - 88000: loss 0.358 time 133.62
2024-11-05 02:19:20,815 - 89000: loss 0.359 time 133.82
2024-11-05 02:21:34,306 - 90000: loss 0.358 time 133.49
2024-11-05 02:23:48,200 - 91000: loss 0.359 time 133.89
2024-11-05 02:26:02,135 - 92000: loss 0.362 time 133.94
2024-11-05 02:28:16,278 - 93000: loss 0.360 time 134.14
2024-11-05 02:30:30,333 - 94000: loss 0.357 time 134.06
2024-11-05 02:32:44,622 - 95000: loss 0.358 time 134.29
2024-11-05 02:34:58,670 - 96000: loss 0.359 time 134.05
2024-11-05 02:37:13,485 - 97000: loss 0.358 time 134.81
2024-11-05 02:39:28,283 - 98000: loss 0.359 time 134.80
2024-11-05 02:41:42,206 - 99000: loss 0.360 time 133.92
2024-11-05 02:43:57,188 - 100000: loss 0.358 time 134.98
2024-11-05 02:46:11,686 - 101000: loss 0.358 time 134.50
2024-11-05 02:48:26,986 - 102000: loss 0.358 time 135.30
2024-11-05 02:50:42,172 - 103000: loss 0.359 time 135.19
2024-11-05 02:52:57,139 - 104000: loss 0.358 time 134.97
2024-11-05 02:55:12,620 - 105000: loss 0.358 time 135.48
2024-11-05 02:57:27,728 - 106000: loss 0.359 time 135.11
2024-11-05 02:59:42,045 - 107000: loss 0.359 time 134.32
2024-11-05 03:01:57,147 - 108000: loss 0.358 time 135.10
2024-11-05 03:04:12,966 - 109000: loss 0.357 time 135.82
2024-11-05 03:06:28,425 - 110000: loss 0.358 time 135.46
2024-11-05 03:08:43,163 - 111000: loss 0.357 time 134.74
2024-11-05 03:10:59,615 - 112000: loss 0.359 time 136.45
2024-11-05 03:13:15,920 - 113000: loss 0.357 time 136.31
2024-11-05 03:15:32,222 - 114000: loss 0.359 time 136.30
2024-11-05 03:17:48,710 - 115000: loss 0.358 time 136.49
2024-11-05 03:20:04,639 - 116000: loss 0.358 time 135.93
2024-11-05 03:22:20,583 - 117000: loss 0.358 time 135.94
2024-11-05 03:24:37,268 - 118000: loss 0.358 time 136.68
2024-11-05 03:26:53,876 - 119000: loss 0.359 time 136.61
2024-11-05 03:29:10,348 - 120000: loss 0.359 time 136.47
2024-11-05 03:31:27,278 - 121000: loss 0.359 time 136.93
2024-11-05 03:33:43,740 - 122000: loss 0.356 time 136.46
2024-11-05 03:36:00,499 - 123000: loss 0.358 time 136.76
2024-11-05 03:38:17,279 - 124000: loss 0.359 time 136.78
2024-11-05 03:40:33,826 - 125000: loss 0.358 time 136.55
2024-11-05 03:42:50,424 - 126000: loss 0.358 time 136.60
2024-11-05 03:45:07,301 - 127000: loss 0.357 time 136.88
2024-11-05 03:47:25,113 - 128000: loss 0.358 time 137.81
2024-11-05 03:49:42,130 - 129000: loss 0.358 time 137.02
2024-11-05 03:51:58,720 - 130000: loss 0.358 time 136.59
2024-11-05 03:54:16,040 - 131000: loss 0.359 time 137.32
2024-11-05 03:56:33,636 - 132000: loss 0.359 time 137.60
2024-11-05 03:58:50,959 - 133000: loss 0.359 time 137.32
2024-11-05 04:01:08,528 - 134000: loss 0.358 time 137.57
2024-11-05 04:03:26,262 - 135000: loss 0.358 time 137.73
2024-11-05 04:05:44,280 - 136000: loss 0.358 time 138.02
2024-11-05 04:08:02,115 - 137000: loss 0.358 time 137.84
2024-11-05 04:10:20,362 - 138000: loss 0.357 time 138.25
2024-11-05 04:12:38,498 - 139000: loss 0.358 time 138.14
2024-11-05 04:14:56,433 - 140000: loss 0.356 time 137.93
2024-11-05 04:17:15,176 - 141000: loss 0.356 time 138.74
2024-11-05 04:19:32,893 - 142000: loss 0.357 time 137.72
2024-11-05 04:21:50,936 - 143000: loss 0.357 time 138.04
2024-11-05 04:24:08,134 - 144000: loss 0.359 time 137.20
2024-11-05 04:26:27,057 - 145000: loss 0.359 time 138.92
2024-11-05 04:28:45,102 - 146000: loss 0.358 time 138.04
2024-11-05 04:31:03,576 - 147000: loss 0.358 time 138.47
2024-11-05 04:33:22,473 - 148000: loss 0.360 time 138.90
2024-11-05 04:35:41,631 - 149000: loss 0.358 time 139.16
2024-11-05 04:38:00,610 - 150000: loss 0.359 time 138.98
2024-11-05 04:40:19,398 - 151000: loss 0.359 time 138.79
2024-11-05 04:42:39,064 - 152000: loss 0.359 time 139.67
2024-11-05 04:44:57,512 - 153000: loss 0.356 time 138.45
2024-11-05 04:47:17,365 - 154000: loss 0.359 time 139.85
2024-11-05 04:49:36,346 - 155000: loss 0.358 time 138.98
2024-11-05 04:51:55,691 - 156000: loss 0.358 time 139.35
2024-11-05 04:54:15,043 - 157000: loss 0.357 time 139.35
2024-11-05 04:56:34,716 - 158000: loss 0.357 time 139.67
2024-11-05 04:58:54,437 - 159000: loss 0.359 time 139.72
2024-11-05 05:01:14,366 - 160000: loss 0.359 time 139.93
2024-11-05 05:03:34,750 - 161000: loss 0.356 time 140.38
2024-11-05 05:05:54,705 - 162000: loss 0.357 time 139.96
2024-11-05 05:08:15,193 - 163000: loss 0.357 time 140.49
2024-11-05 05:10:35,196 - 164000: loss 0.357 time 140.00
2024-11-05 05:12:55,404 - 165000: loss 0.359 time 140.21
2024-11-05 05:15:15,746 - 166000: loss 0.358 time 140.34
2024-11-05 05:17:36,748 - 167000: loss 0.357 time 141.00
2024-11-05 05:19:57,789 - 168000: loss 0.358 time 141.04
2024-11-05 05:22:18,762 - 169000: loss 0.358 time 140.97
2024-11-05 05:24:40,219 - 170000: loss 0.357 time 141.46
2024-11-05 05:27:01,406 - 171000: loss 0.359 time 141.19
2024-11-05 05:29:23,418 - 172000: loss 0.358 time 142.01
2024-11-05 05:31:44,008 - 173000: loss 0.359 time 140.59
2024-11-05 05:34:05,205 - 174000: loss 0.357 time 141.20
2024-11-05 05:36:26,514 - 175000: loss 0.359 time 141.31
2024-11-05 05:38:47,916 - 176000: loss 0.359 time 141.40
2024-11-05 05:41:08,543 - 177000: loss 0.360 time 140.63
2024-11-05 05:43:30,108 - 178000: loss 0.356 time 141.56
2024-11-05 05:45:52,335 - 179000: loss 0.359 time 142.23
2024-11-05 05:48:13,489 - 180000: loss 0.357 time 141.15
2024-11-05 05:50:35,685 - 181000: loss 0.360 time 142.20
2024-11-05 05:52:56,713 - 182000: loss 0.357 time 141.03
2024-11-05 05:55:18,305 - 183000: loss 0.357 time 141.59
2024-11-05 05:57:40,453 - 184000: loss 0.357 time 142.15
2024-11-05 06:00:02,329 - 185000: loss 0.357 time 141.88
2024-11-05 06:02:24,627 - 186000: loss 0.357 time 142.30
2024-11-05 06:04:46,752 - 187000: loss 0.356 time 142.12
2024-11-05 06:07:09,326 - 188000: loss 0.357 time 142.57
2024-11-05 06:09:31,755 - 189000: loss 0.357 time 142.43
2024-11-05 06:11:54,940 - 190000: loss 0.359 time 143.18
2024-11-05 06:14:18,053 - 191000: loss 0.356 time 143.11
2024-11-05 06:16:41,028 - 192000: loss 0.357 time 142.97
2024-11-05 06:19:04,704 - 193000: loss 0.359 time 143.68
2024-11-05 06:21:28,035 - 194000: loss 0.355 time 143.33
2024-11-05 06:23:51,329 - 195000: loss 0.359 time 143.29
2024-11-05 06:26:14,705 - 196000: loss 0.357 time 143.38
2024-11-05 06:28:38,012 - 197000: loss 0.357 time 143.31
2024-11-05 06:31:03,002 - 198000: loss 0.359 time 144.99
2024-11-05 06:33:26,544 - 199000: loss 0.359 time 143.54
2024-11-05 06:35:50,886 - 200000: loss 0.358 time 144.34
2024-11-05 06:35:55,528 - m = [1.5481830747498535, -0.9280630530049849, -0.7778448077301469, -0.001241094256474869, -0.11115546070540462, 0.2112241486954387, 0.7108041007899649, -0.8527682588412399, 2.300039924353104, -0.5563910803992381, -1.2879772880303493, 2.192947935370464, -0.8813413103711158, 0.4906625050844381, -1.3396011631847329, -0.7721461604938012]
2024-11-05 06:35:58,863 - Note: NumExpr detected 40 cores but "NUMEXPR_MAX_THREADS" not set, so enforcing safe limit of 8.
2024-11-05 06:35:58,863 - NumExpr defaulting to 8 threads.
2024-11-05 06:50:26,043 - 0.01925796829164028, 0.037799347192049026
2024-11-05 12:21:59,630 - Unable to initialize backend 'rocm': module 'jaxlib.xla_extension' has no attribute 'GpuAllocatorConfig'
2024-11-05 12:21:59,632 - Unable to initialize backend 'tpu': INTERNAL: Failed to open libtpu.so: libtpu.so: cannot open shared object file: No such file or directory
2024-11-05 12:21:59,651 - gpu
2024-11-05 12:23:34,912 - Unable to initialize backend 'rocm': module 'jaxlib.xla_extension' has no attribute 'GpuAllocatorConfig'
2024-11-05 12:23:34,915 - Unable to initialize backend 'tpu': INTERNAL: Failed to open libtpu.so: libtpu.so: cannot open shared object file: No such file or directory
2024-11-05 12:23:34,933 - gpu
2024-11-05 12:25:21,026 - Unable to initialize backend 'rocm': module 'jaxlib.xla_extension' has no attribute 'GpuAllocatorConfig'
2024-11-05 12:25:21,028 - Unable to initialize backend 'tpu': INTERNAL: Failed to open libtpu.so: libtpu.so: cannot open shared object file: No such file or directory
2024-11-05 12:25:21,047 - gpu
2024-11-05 12:29:35,919 - 1000: loss 0.381 time 251.12
