2024-10-21 18:10:13,423 - Unable to initialize backend 'rocm': module 'jaxlib.xla_extension' has no attribute 'GpuAllocatorConfig'
2024-10-21 18:10:13,427 - Unable to initialize backend 'tpu': INTERNAL: Failed to open libtpu.so: libtpu.so: cannot open shared object file: No such file or directory
2024-10-21 18:10:13,444 - gpu
2024-10-21 18:10:34,959 - 1000: loss 0.133 time 14.70
2024-10-21 18:10:44,854 - 2000: loss 0.121 time 24.59
2024-10-21 18:10:54,793 - 3000: loss 0.119 time 34.53
2024-10-21 18:11:04,511 - 4000: loss 0.106 time 44.25
2024-10-21 18:11:14,261 - 5000: loss 0.099 time 54.00
2024-10-21 18:11:24,154 - 6000: loss 0.107 time 63.89
2024-10-21 18:11:33,808 - 7000: loss 0.096 time 73.54
2024-10-21 18:11:43,485 - 8000: loss 0.100 time 83.22
2024-10-21 18:11:53,070 - 9000: loss 0.089 time 92.81
2024-10-21 18:12:02,588 - 10000: loss 0.091 time 102.32
2024-10-21 18:12:12,210 - 11000: loss 0.085 time 111.95
2024-10-21 18:12:21,869 - 12000: loss 0.089 time 121.61
2024-10-21 18:12:31,487 - 13000: loss 0.080 time 131.22
2024-10-21 18:12:41,124 - 14000: loss 0.084 time 140.86
2024-10-21 18:12:50,794 - 15000: loss 0.083 time 150.53
2024-10-21 18:13:00,416 - 16000: loss 0.074 time 160.15
2024-10-21 18:13:10,163 - 17000: loss 0.081 time 169.90
2024-10-21 18:13:19,760 - 18000: loss 0.075 time 179.50
2024-10-21 18:13:29,389 - 19000: loss 0.073 time 189.12
2024-10-21 18:13:38,677 - 20000: loss 0.066 time 198.41
2024-10-21 18:13:39,368 - m_pred = [0.426266   0.40949217 0.44981981 0.11204656 0.3805961  0.51643878]
2024-10-21 18:13:39,369 - d = [[ 1.4814678  10.1681795  21.746716   24.874071    0.05899492  0.54789436
   4.5900397  14.810197  ]]
2024-10-21 18:13:39,369 - d_pred = [ 2.15590147 14.00251601 26.22276113 27.69866392  0.20047319  1.87425901
  9.33725905 23.25563907]
2024-10-21 18:13:39,369 - diff norm = 0.310700386762619
2024-10-21 18:14:35,255 - Note: NumExpr detected 40 cores but "NUMEXPR_MAX_THREADS" not set, so enforcing safe limit of 8.
2024-10-21 18:14:35,255 - NumExpr defaulting to 8 threads.
2024-10-21 18:14:37,172 - 0.21838605403900146, 0.12359096854925156
